ARM GAS  C:\Users\PYBL\AppData\Local\Temp\ccpSi4Ix.s 			page 1


   1              		.syntax unified
   2              		.cpu cortex-m3
   3              		.fpu softvfp
   4              		.eabi_attribute 20, 1
   5              		.eabi_attribute 21, 1
   6              		.eabi_attribute 23, 3
   7              		.eabi_attribute 24, 1
   8              		.eabi_attribute 25, 1
   9              		.eabi_attribute 26, 1
  10              		.eabi_attribute 30, 1
  11              		.eabi_attribute 34, 1
  12              		.eabi_attribute 18, 4
  13              		.thumb
  14              		.syntax unified
  15              		.file	"LXD.c"
  16              		.text
  17              	.Ltext0:
  18              		.cfi_sections	.debug_frame
  19              		.section	.text.LXD_WriteByte,"ax",%progbits
  20              		.align	2
  21              		.global	LXD_WriteByte
  22              		.thumb
  23              		.thumb_func
  24              		.type	LXD_WriteByte, %function
  25              	LXD_WriteByte:
  26              	.LFB67:
  27              		.file 1 "LXD.c"
   1:LXD.c         **** 
   2:LXD.c         **** #include "project.h"
   3:LXD.c         **** #include <stdint.h>
   4:LXD.c         **** #include <stdbool.h>
   5:LXD.c         **** #include <cytypes.h>
   6:LXD.c         **** #include <cyfitter.h>
   7:LXD.c         **** #include <string.h>
   8:LXD.c         **** #include "LXD.h"
   9:LXD.c         **** 
  10:LXD.c         **** /*Init*/
  11:LXD.c         **** void LXD_Start(uint8 devAddr)
  12:LXD.c         **** {
  13:LXD.c         ****     LXD_config.addr = devAddr;
  14:LXD.c         ****     LXD_config.cols = 20;
  15:LXD.c         ****     LXD_config.rows = 4;
  16:LXD.c         ****     LXD_config.charsize = 0;
  17:LXD.c         ****     LXD_config.backlightval = LCD_BACKLIGHT;
  18:LXD.c         **** 	LXD_config.displayfunction = LCD_4BITMODE | LCD_1LINE | LCD_5x8DOTS;
  19:LXD.c         **** 	if (LXD_config.rows > 1) {
  20:LXD.c         **** 		LXD_config.displayfunction |= LCD_2LINE;
  21:LXD.c         **** 	}
  22:LXD.c         **** 	if ((LXD_config.charsize != 0) && (LXD_config.rows == 1)) {
  23:LXD.c         **** 		LXD_config.displayfunction |= LCD_5x10DOTS;
  24:LXD.c         **** 	}
  25:LXD.c         **** 	CyDelay(50);
  26:LXD.c         ****     LXD_WriteLong(LXD_config.backlightval);
  27:LXD.c         **** 	CyDelay(1000);
  28:LXD.c         **** 	LXD_WriteShort(0x03 << 4);
  29:LXD.c         **** 	CyDelayUs(4500);
  30:LXD.c         **** 	LXD_WriteShort(0x03 << 4);
ARM GAS  C:\Users\PYBL\AppData\Local\Temp\ccpSi4Ix.s 			page 2


  31:LXD.c         **** 	CyDelayUs(4500); 
  32:LXD.c         **** 	LXD_WriteShort(0x03 << 4); 
  33:LXD.c         **** 	CyDelayUs(150);
  34:LXD.c         **** 	LXD_WriteShort(0x02 << 4); 
  35:LXD.c         **** 	LXD_Trans((LCD_FUNCTIONSET | LXD_config.displayfunction),0);
  36:LXD.c         **** 	LXD_config.displaycontrol = LCD_DISPLAYON | LCD_CURSOROFF | LCD_BLINKOFF;
  37:LXD.c         **** 	LXD_display();
  38:LXD.c         **** 	LXD_clear();
  39:LXD.c         **** 	LXD_config.displaymode = LCD_ENTRYLEFT | LCD_ENTRYSHIFTDECREMENT;
  40:LXD.c         **** 	LXD_Trans((LCD_ENTRYMODESET | LXD_config.displaymode),0);
  41:LXD.c         **** 	LXD_home();
  42:LXD.c         **** }
  43:LXD.c         **** 
  44:LXD.c         **** //Cadena de comando
  45:LXD.c         **** void LXD_Trans(uint8_t value, const uint8_t mode)
  46:LXD.c         **** {
  47:LXD.c         **** 	uint8_t highnib = value & 0xf0;
  48:LXD.c         **** 	uint8_t lownib = (value << 4) & 0xf0;
  49:LXD.c         **** 	LXD_WriteShort(highnib | mode);
  50:LXD.c         **** 	LXD_WriteShort(lownib | mode);
  51:LXD.c         **** }
  52:LXD.c         **** void LXD_WriteShort(const uint8_t data)
  53:LXD.c         **** {    
  54:LXD.c         **** 	LXD_WriteLong(data);
  55:LXD.c         ****     //enable antes
  56:LXD.c         ****     LXD_WriteLong(data | EN);
  57:LXD.c         ****     // enable pulse must be >450ns
  58:LXD.c         **** 	CyDelayUs(1);
  59:LXD.c         ****     // En low
  60:LXD.c         **** 	LXD_WriteLong(data & ~EN);
  61:LXD.c         ****     // commands need > 37us to settle
  62:LXD.c         **** 	CyDelayUs(50);
  63:LXD.c         **** }
  64:LXD.c         **** void LXD_WriteLong(uint8_t data)
  65:LXD.c         **** {
  66:LXD.c         **** 	LXD_WriteByte(LXD_config.addr, data | LXD_config.backlightval);
  67:LXD.c         **** }
  68:LXD.c         **** void LXD_WriteByte(const uint8_t addr, const uint8_t data)
  69:LXD.c         **** {
  28              		.loc 1 69 0
  29              		.cfi_startproc
  30              		@ args = 0, pretend = 0, frame = 0
  31              		@ frame_needed = 0, uses_anonymous_args = 0
  32              	.LVL0:
  33 0000 10B5     		push	{r4, lr}
  34              		.cfi_def_cfa_offset 8
  35              		.cfi_offset 4, -8
  36              		.cfi_offset 14, -4
  37 0002 0C46     		mov	r4, r1
  70:LXD.c         **** 
  71:LXD.c         ****     I2C_MasterSendStart(addr, 0);
  38              		.loc 1 71 0
  39 0004 0021     		movs	r1, #0
  40              	.LVL1:
  41 0006 FFF7FEFF 		bl	I2C_MasterSendStart
  42              	.LVL2:
  72:LXD.c         ****     I2C_MasterWriteByte(data);
ARM GAS  C:\Users\PYBL\AppData\Local\Temp\ccpSi4Ix.s 			page 3


  43              		.loc 1 72 0
  44 000a 2046     		mov	r0, r4
  45 000c FFF7FEFF 		bl	I2C_MasterWriteByte
  46              	.LVL3:
  73:LXD.c         ****     I2C_MasterSendStop();
  47              		.loc 1 73 0
  48 0010 FFF7FEFF 		bl	I2C_MasterSendStop
  49              	.LVL4:
  50 0014 10BD     		pop	{r4, pc}
  51              		.cfi_endproc
  52              	.LFE67:
  53              		.size	LXD_WriteByte, .-LXD_WriteByte
  54 0016 00BF     		.section	.text.LXD_WriteLong,"ax",%progbits
  55              		.align	2
  56              		.global	LXD_WriteLong
  57              		.thumb
  58              		.thumb_func
  59              		.type	LXD_WriteLong, %function
  60              	LXD_WriteLong:
  61              	.LFB66:
  65:LXD.c         **** 	LXD_WriteByte(LXD_config.addr, data | LXD_config.backlightval);
  62              		.loc 1 65 0
  63              		.cfi_startproc
  64              		@ args = 0, pretend = 0, frame = 0
  65              		@ frame_needed = 0, uses_anonymous_args = 0
  66              	.LVL5:
  67 0000 08B5     		push	{r3, lr}
  68              		.cfi_def_cfa_offset 8
  69              		.cfi_offset 3, -8
  70              		.cfi_offset 14, -4
  66:LXD.c         **** }
  71              		.loc 1 66 0
  72 0002 034B     		ldr	r3, .L5
  73 0004 D979     		ldrb	r1, [r3, #7]	@ zero_extendqisi2
  74 0006 0143     		orrs	r1, r1, r0
  75 0008 1878     		ldrb	r0, [r3]	@ zero_extendqisi2
  76              	.LVL6:
  77 000a FFF7FEFF 		bl	LXD_WriteByte
  78              	.LVL7:
  79 000e 08BD     		pop	{r3, pc}
  80              	.L6:
  81              		.align	2
  82              	.L5:
  83 0010 00000000 		.word	LXD_config
  84              		.cfi_endproc
  85              	.LFE66:
  86              		.size	LXD_WriteLong, .-LXD_WriteLong
  87              		.section	.text.LXD_WriteShort,"ax",%progbits
  88              		.align	2
  89              		.global	LXD_WriteShort
  90              		.thumb
  91              		.thumb_func
  92              		.type	LXD_WriteShort, %function
  93              	LXD_WriteShort:
  94              	.LFB65:
  53:LXD.c         **** 	LXD_WriteLong(data);
  95              		.loc 1 53 0
ARM GAS  C:\Users\PYBL\AppData\Local\Temp\ccpSi4Ix.s 			page 4


  96              		.cfi_startproc
  97              		@ args = 0, pretend = 0, frame = 0
  98              		@ frame_needed = 0, uses_anonymous_args = 0
  99              	.LVL8:
 100 0000 10B5     		push	{r4, lr}
 101              		.cfi_def_cfa_offset 8
 102              		.cfi_offset 4, -8
 103              		.cfi_offset 14, -4
 104 0002 0446     		mov	r4, r0
  54:LXD.c         ****     //enable antes
 105              		.loc 1 54 0
 106 0004 FFF7FEFF 		bl	LXD_WriteLong
 107              	.LVL9:
  56:LXD.c         ****     // enable pulse must be >450ns
 108              		.loc 1 56 0
 109 0008 44F00400 		orr	r0, r4, #4
 110 000c FFF7FEFF 		bl	LXD_WriteLong
 111              	.LVL10:
  58:LXD.c         ****     // En low
 112              		.loc 1 58 0
 113 0010 0120     		movs	r0, #1
 114 0012 FFF7FEFF 		bl	CyDelayUs
 115              	.LVL11:
  60:LXD.c         ****     // commands need > 37us to settle
 116              		.loc 1 60 0
 117 0016 04F0FB00 		and	r0, r4, #251
 118 001a FFF7FEFF 		bl	LXD_WriteLong
 119              	.LVL12:
  62:LXD.c         **** }
 120              		.loc 1 62 0
 121 001e 3220     		movs	r0, #50
 122 0020 FFF7FEFF 		bl	CyDelayUs
 123              	.LVL13:
 124 0024 10BD     		pop	{r4, pc}
 125              		.cfi_endproc
 126              	.LFE65:
 127              		.size	LXD_WriteShort, .-LXD_WriteShort
 128 0026 00BF     		.section	.text.LXD_Trans,"ax",%progbits
 129              		.align	2
 130              		.global	LXD_Trans
 131              		.thumb
 132              		.thumb_func
 133              		.type	LXD_Trans, %function
 134              	LXD_Trans:
 135              	.LFB64:
  46:LXD.c         **** 	uint8_t highnib = value & 0xf0;
 136              		.loc 1 46 0
 137              		.cfi_startproc
 138              		@ args = 0, pretend = 0, frame = 0
 139              		@ frame_needed = 0, uses_anonymous_args = 0
 140              	.LVL14:
 141 0000 38B5     		push	{r3, r4, r5, lr}
 142              		.cfi_def_cfa_offset 16
 143              		.cfi_offset 3, -16
 144              		.cfi_offset 4, -12
 145              		.cfi_offset 5, -8
 146              		.cfi_offset 14, -4
ARM GAS  C:\Users\PYBL\AppData\Local\Temp\ccpSi4Ix.s 			page 5


 147 0002 0D46     		mov	r5, r1
  47:LXD.c         **** 	uint8_t lownib = (value << 4) & 0xf0;
 148              		.loc 1 47 0
 149 0004 00F0F003 		and	r3, r0, #240
 150              	.LVL15:
  48:LXD.c         **** 	LXD_WriteShort(highnib | mode);
 151              		.loc 1 48 0
 152 0008 0401     		lsls	r4, r0, #4
 153 000a E4B2     		uxtb	r4, r4
 154              	.LVL16:
  49:LXD.c         **** 	LXD_WriteShort(lownib | mode);
 155              		.loc 1 49 0
 156 000c 43EA0100 		orr	r0, r3, r1
 157              	.LVL17:
 158 0010 FFF7FEFF 		bl	LXD_WriteShort
 159              	.LVL18:
  50:LXD.c         **** }
 160              		.loc 1 50 0
 161 0014 44EA0500 		orr	r0, r4, r5
 162 0018 FFF7FEFF 		bl	LXD_WriteShort
 163              	.LVL19:
 164 001c 38BD     		pop	{r3, r4, r5, pc}
 165              		.cfi_endproc
 166              	.LFE64:
 167              		.size	LXD_Trans, .-LXD_Trans
 168 001e 00BF     		.section	.text.LXD_display,"ax",%progbits
 169              		.align	2
 170              		.global	LXD_display
 171              		.thumb
 172              		.thumb_func
 173              		.type	LXD_display, %function
 174              	LXD_display:
 175              	.LFB68:
  74:LXD.c         **** }
  75:LXD.c         **** 
  76:LXD.c         **** 
  77:LXD.c         **** 
  78:LXD.c         **** //Command
  79:LXD.c         **** void LXD_display(void)
  80:LXD.c         **** {
 176              		.loc 1 80 0
 177              		.cfi_startproc
 178              		@ args = 0, pretend = 0, frame = 0
 179              		@ frame_needed = 0, uses_anonymous_args = 0
 180 0000 08B5     		push	{r3, lr}
 181              		.cfi_def_cfa_offset 8
 182              		.cfi_offset 3, -8
 183              		.cfi_offset 14, -4
  81:LXD.c         **** 	LXD_config.displaycontrol |= LCD_DISPLAYON;
 184              		.loc 1 81 0
 185 0002 054B     		ldr	r3, .L13
 186 0004 9878     		ldrb	r0, [r3, #2]	@ zero_extendqisi2
 187 0006 40F00400 		orr	r0, r0, #4
 188 000a 9870     		strb	r0, [r3, #2]
  82:LXD.c         **** 	
  83:LXD.c         ****     LXD_Trans(LCD_DISPLAYCONTROL | LXD_config.displaycontrol,0);
 189              		.loc 1 83 0
ARM GAS  C:\Users\PYBL\AppData\Local\Temp\ccpSi4Ix.s 			page 6


 190 000c 0021     		movs	r1, #0
 191 000e 40F00800 		orr	r0, r0, #8
 192 0012 FFF7FEFF 		bl	LXD_Trans
 193              	.LVL20:
 194 0016 08BD     		pop	{r3, pc}
 195              	.L14:
 196              		.align	2
 197              	.L13:
 198 0018 00000000 		.word	LXD_config
 199              		.cfi_endproc
 200              	.LFE68:
 201              		.size	LXD_display, .-LXD_display
 202              		.section	.text.LXD_clear,"ax",%progbits
 203              		.align	2
 204              		.global	LXD_clear
 205              		.thumb
 206              		.thumb_func
 207              		.type	LXD_clear, %function
 208              	LXD_clear:
 209              	.LFB69:
  84:LXD.c         **** }
  85:LXD.c         **** void LXD_clear(void)
  86:LXD.c         **** {
 210              		.loc 1 86 0
 211              		.cfi_startproc
 212              		@ args = 0, pretend = 0, frame = 0
 213              		@ frame_needed = 0, uses_anonymous_args = 0
 214 0000 08B5     		push	{r3, lr}
 215              		.cfi_def_cfa_offset 8
 216              		.cfi_offset 3, -8
 217              		.cfi_offset 14, -4
  87:LXD.c         **** 	
  88:LXD.c         ****     LXD_Trans(LCD_CLEARDISPLAY,0);
 218              		.loc 1 88 0
 219 0002 0021     		movs	r1, #0
 220 0004 0120     		movs	r0, #1
 221 0006 FFF7FEFF 		bl	LXD_Trans
 222              	.LVL21:
  89:LXD.c         **** 	CyDelay(2);  // this command takes a long time!
 223              		.loc 1 89 0
 224 000a 0220     		movs	r0, #2
 225 000c FFF7FEFF 		bl	CyDelay
 226              	.LVL22:
 227 0010 08BD     		pop	{r3, pc}
 228              		.cfi_endproc
 229              	.LFE69:
 230              		.size	LXD_clear, .-LXD_clear
 231 0012 00BF     		.section	.text.LXD_home,"ax",%progbits
 232              		.align	2
 233              		.global	LXD_home
 234              		.thumb
 235              		.thumb_func
 236              		.type	LXD_home, %function
 237              	LXD_home:
 238              	.LFB70:
  90:LXD.c         **** }
  91:LXD.c         **** void LXD_home(void)
ARM GAS  C:\Users\PYBL\AppData\Local\Temp\ccpSi4Ix.s 			page 7


  92:LXD.c         **** {
 239              		.loc 1 92 0
 240              		.cfi_startproc
 241              		@ args = 0, pretend = 0, frame = 0
 242              		@ frame_needed = 0, uses_anonymous_args = 0
 243 0000 08B5     		push	{r3, lr}
 244              		.cfi_def_cfa_offset 8
 245              		.cfi_offset 3, -8
 246              		.cfi_offset 14, -4
  93:LXD.c         ****     LXD_Trans(LCD_RETURNHOME,0);
 247              		.loc 1 93 0
 248 0002 0021     		movs	r1, #0
 249 0004 0220     		movs	r0, #2
 250 0006 FFF7FEFF 		bl	LXD_Trans
 251              	.LVL23:
  94:LXD.c         ****     
  95:LXD.c         **** 	CyDelay(2);  // this command takes a long time!
 252              		.loc 1 95 0
 253 000a 0220     		movs	r0, #2
 254 000c FFF7FEFF 		bl	CyDelay
 255              	.LVL24:
 256 0010 08BD     		pop	{r3, pc}
 257              		.cfi_endproc
 258              	.LFE70:
 259              		.size	LXD_home, .-LXD_home
 260 0012 00BF     		.section	.text.LXD_Start,"ax",%progbits
 261              		.align	2
 262              		.global	LXD_Start
 263              		.thumb
 264              		.thumb_func
 265              		.type	LXD_Start, %function
 266              	LXD_Start:
 267              	.LFB63:
  12:LXD.c         ****     LXD_config.addr = devAddr;
 268              		.loc 1 12 0
 269              		.cfi_startproc
 270              		@ args = 0, pretend = 0, frame = 0
 271              		@ frame_needed = 0, uses_anonymous_args = 0
 272              	.LVL25:
 273 0000 70B5     		push	{r4, r5, r6, lr}
 274              		.cfi_def_cfa_offset 16
 275              		.cfi_offset 4, -16
 276              		.cfi_offset 5, -12
 277              		.cfi_offset 6, -8
 278              		.cfi_offset 14, -4
  13:LXD.c         ****     LXD_config.cols = 20;
 279              		.loc 1 13 0
 280 0002 204C     		ldr	r4, .L21
 281 0004 2070     		strb	r0, [r4]
  14:LXD.c         ****     LXD_config.rows = 4;
 282              		.loc 1 14 0
 283 0006 1423     		movs	r3, #20
 284 0008 2371     		strb	r3, [r4, #4]
  15:LXD.c         ****     LXD_config.charsize = 0;
 285              		.loc 1 15 0
 286 000a 0426     		movs	r6, #4
 287 000c 6671     		strb	r6, [r4, #5]
ARM GAS  C:\Users\PYBL\AppData\Local\Temp\ccpSi4Ix.s 			page 8


  16:LXD.c         ****     LXD_config.backlightval = LCD_BACKLIGHT;
 288              		.loc 1 16 0
 289 000e 0025     		movs	r5, #0
 290 0010 A571     		strb	r5, [r4, #6]
  17:LXD.c         **** 	LXD_config.displayfunction = LCD_4BITMODE | LCD_1LINE | LCD_5x8DOTS;
 291              		.loc 1 17 0
 292 0012 0823     		movs	r3, #8
 293 0014 E371     		strb	r3, [r4, #7]
  20:LXD.c         **** 	}
 294              		.loc 1 20 0
 295 0016 6370     		strb	r3, [r4, #1]
  25:LXD.c         ****     LXD_WriteLong(LXD_config.backlightval);
 296              		.loc 1 25 0
 297 0018 3220     		movs	r0, #50
 298              	.LVL26:
 299 001a FFF7FEFF 		bl	CyDelay
 300              	.LVL27:
  26:LXD.c         **** 	CyDelay(1000);
 301              		.loc 1 26 0
 302 001e E079     		ldrb	r0, [r4, #7]	@ zero_extendqisi2
 303 0020 FFF7FEFF 		bl	LXD_WriteLong
 304              	.LVL28:
  27:LXD.c         **** 	LXD_WriteShort(0x03 << 4);
 305              		.loc 1 27 0
 306 0024 4FF47A70 		mov	r0, #1000
 307 0028 FFF7FEFF 		bl	CyDelay
 308              	.LVL29:
  28:LXD.c         **** 	CyDelayUs(4500);
 309              		.loc 1 28 0
 310 002c 3020     		movs	r0, #48
 311 002e FFF7FEFF 		bl	LXD_WriteShort
 312              	.LVL30:
  29:LXD.c         **** 	LXD_WriteShort(0x03 << 4);
 313              		.loc 1 29 0
 314 0032 41F29410 		movw	r0, #4500
 315 0036 FFF7FEFF 		bl	CyDelayUs
 316              	.LVL31:
  30:LXD.c         **** 	CyDelayUs(4500); 
 317              		.loc 1 30 0
 318 003a 3020     		movs	r0, #48
 319 003c FFF7FEFF 		bl	LXD_WriteShort
 320              	.LVL32:
  31:LXD.c         **** 	LXD_WriteShort(0x03 << 4); 
 321              		.loc 1 31 0
 322 0040 41F29410 		movw	r0, #4500
 323 0044 FFF7FEFF 		bl	CyDelayUs
 324              	.LVL33:
  32:LXD.c         **** 	CyDelayUs(150);
 325              		.loc 1 32 0
 326 0048 3020     		movs	r0, #48
 327 004a FFF7FEFF 		bl	LXD_WriteShort
 328              	.LVL34:
  33:LXD.c         **** 	LXD_WriteShort(0x02 << 4); 
 329              		.loc 1 33 0
 330 004e 9620     		movs	r0, #150
 331 0050 FFF7FEFF 		bl	CyDelayUs
 332              	.LVL35:
ARM GAS  C:\Users\PYBL\AppData\Local\Temp\ccpSi4Ix.s 			page 9


  34:LXD.c         **** 	LXD_Trans((LCD_FUNCTIONSET | LXD_config.displayfunction),0);
 333              		.loc 1 34 0
 334 0054 2020     		movs	r0, #32
 335 0056 FFF7FEFF 		bl	LXD_WriteShort
 336              	.LVL36:
  35:LXD.c         **** 	LXD_config.displaycontrol = LCD_DISPLAYON | LCD_CURSOROFF | LCD_BLINKOFF;
 337              		.loc 1 35 0
 338 005a 6078     		ldrb	r0, [r4, #1]	@ zero_extendqisi2
 339 005c 2946     		mov	r1, r5
 340 005e 40F02000 		orr	r0, r0, #32
 341 0062 FFF7FEFF 		bl	LXD_Trans
 342              	.LVL37:
  36:LXD.c         **** 	LXD_display();
 343              		.loc 1 36 0
 344 0066 A670     		strb	r6, [r4, #2]
  37:LXD.c         **** 	LXD_clear();
 345              		.loc 1 37 0
 346 0068 FFF7FEFF 		bl	LXD_display
 347              	.LVL38:
  38:LXD.c         **** 	LXD_config.displaymode = LCD_ENTRYLEFT | LCD_ENTRYSHIFTDECREMENT;
 348              		.loc 1 38 0
 349 006c FFF7FEFF 		bl	LXD_clear
 350              	.LVL39:
  39:LXD.c         **** 	LXD_Trans((LCD_ENTRYMODESET | LXD_config.displaymode),0);
 351              		.loc 1 39 0
 352 0070 0223     		movs	r3, #2
 353 0072 E370     		strb	r3, [r4, #3]
  40:LXD.c         **** 	LXD_home();
 354              		.loc 1 40 0
 355 0074 2946     		mov	r1, r5
 356 0076 0620     		movs	r0, #6
 357 0078 FFF7FEFF 		bl	LXD_Trans
 358              	.LVL40:
  41:LXD.c         **** }
 359              		.loc 1 41 0
 360 007c FFF7FEFF 		bl	LXD_home
 361              	.LVL41:
 362 0080 70BD     		pop	{r4, r5, r6, pc}
 363              	.L22:
 364 0082 00BF     		.align	2
 365              	.L21:
 366 0084 00000000 		.word	LXD_config
 367              		.cfi_endproc
 368              	.LFE63:
 369              		.size	LXD_Start, .-LXD_Start
 370              		.section	.text.LXD_String,"ax",%progbits
 371              		.align	2
 372              		.global	LXD_String
 373              		.thumb
 374              		.thumb_func
 375              		.type	LXD_String, %function
 376              	LXD_String:
 377              	.LFB71:
  96:LXD.c         **** }
  97:LXD.c         **** 
  98:LXD.c         **** /*Print a string in LCD*/
  99:LXD.c         **** void LXD_String(const char *word)  //Corregida
ARM GAS  C:\Users\PYBL\AppData\Local\Temp\ccpSi4Ix.s 			page 10


 100:LXD.c         **** {
 378              		.loc 1 100 0
 379              		.cfi_startproc
 380              		@ args = 0, pretend = 0, frame = 0
 381              		@ frame_needed = 0, uses_anonymous_args = 0
 382              	.LVL42:
 383 0000 38B5     		push	{r3, r4, r5, lr}
 384              		.cfi_def_cfa_offset 16
 385              		.cfi_offset 3, -16
 386              		.cfi_offset 4, -12
 387              		.cfi_offset 5, -8
 388              		.cfi_offset 14, -4
 389 0002 0546     		mov	r5, r0
 390              	.LVL43:
 391              	.LBB2:
 101:LXD.c         ****     for (uint32_t i = 0; word[i] != '\0'; ++i) {
 392              		.loc 1 101 0
 393 0004 0024     		movs	r4, #0
 394 0006 03E0     		b	.L24
 395              	.LVL44:
 396              	.L25:
 102:LXD.c         ****         LXD_Trans(word[i], RS);
 397              		.loc 1 102 0 discriminator 3
 398 0008 0121     		movs	r1, #1
 399 000a FFF7FEFF 		bl	LXD_Trans
 400              	.LVL45:
 101:LXD.c         ****     for (uint32_t i = 0; word[i] != '\0'; ++i) {
 401              		.loc 1 101 0 discriminator 3
 402 000e 0134     		adds	r4, r4, #1
 403              	.LVL46:
 404              	.L24:
 101:LXD.c         ****     for (uint32_t i = 0; word[i] != '\0'; ++i) {
 405              		.loc 1 101 0 is_stmt 0 discriminator 1
 406 0010 285D     		ldrb	r0, [r5, r4]	@ zero_extendqisi2
 407 0012 0028     		cmp	r0, #0
 408 0014 F8D1     		bne	.L25
 409              	.LBE2:
 103:LXD.c         ****     }
 104:LXD.c         **** }
 410              		.loc 1 104 0 is_stmt 1
 411 0016 38BD     		pop	{r3, r4, r5, pc}
 412              		.cfi_endproc
 413              	.LFE71:
 414              		.size	LXD_String, .-LXD_String
 415              		.section	.text.LXD_Char,"ax",%progbits
 416              		.align	2
 417              		.global	LXD_Char
 418              		.thumb
 419              		.thumb_func
 420              		.type	LXD_Char, %function
 421              	LXD_Char:
 422              	.LFB72:
 105:LXD.c         **** /*Put a char in LCD*/
 106:LXD.c         **** void LXD_Char(const char word)  //Corregida
 107:LXD.c         **** {
 423              		.loc 1 107 0
 424              		.cfi_startproc
ARM GAS  C:\Users\PYBL\AppData\Local\Temp\ccpSi4Ix.s 			page 11


 425              		@ args = 0, pretend = 0, frame = 0
 426              		@ frame_needed = 0, uses_anonymous_args = 0
 427              	.LVL47:
 428 0000 08B5     		push	{r3, lr}
 429              		.cfi_def_cfa_offset 8
 430              		.cfi_offset 3, -8
 431              		.cfi_offset 14, -4
 108:LXD.c         ****     LXD_Trans(word, RS);
 432              		.loc 1 108 0
 433 0002 0121     		movs	r1, #1
 434 0004 FFF7FEFF 		bl	LXD_Trans
 435              	.LVL48:
 436 0008 08BD     		pop	{r3, pc}
 437              		.cfi_endproc
 438              	.LFE72:
 439              		.size	LXD_Char, .-LXD_Char
 440 000a 00BF     		.section	.text.LXD_Position,"ax",%progbits
 441              		.align	2
 442              		.global	LXD_Position
 443              		.thumb
 444              		.thumb_func
 445              		.type	LXD_Position, %function
 446              	LXD_Position:
 447              	.LFB73:
 109:LXD.c         **** }
 110:LXD.c         **** /*Set Position in LCD*/
 111:LXD.c         **** void LXD_Position(uint8_t row,uint8_t col)
 112:LXD.c         **** {
 448              		.loc 1 112 0
 449              		.cfi_startproc
 450              		@ args = 0, pretend = 0, frame = 8
 451              		@ frame_needed = 0, uses_anonymous_args = 0
 452              	.LVL49:
 453 0000 00B5     		push	{lr}
 454              		.cfi_def_cfa_offset 4
 455              		.cfi_offset 14, -4
 456 0002 83B0     		sub	sp, sp, #12
 457              		.cfi_def_cfa_offset 16
 458 0004 0346     		mov	r3, r0
 113:LXD.c         **** 	const uint8_t row_offsets[4] = { 0x00, 0x40, 0x14, 0x54 };
 459              		.loc 1 113 0
 460 0006 0B4A     		ldr	r2, .L32
 461 0008 1068     		ldr	r0, [r2]	@ unaligned
 462              	.LVL50:
 463 000a 0190     		str	r0, [sp, #4]	@ unaligned
 114:LXD.c         **** 	if (row > LXD_config.rows) {
 464              		.loc 1 114 0
 465 000c 0A4A     		ldr	r2, .L32+4
 466 000e 5279     		ldrb	r2, [r2, #5]	@ zero_extendqisi2
 467 0010 9A42     		cmp	r2, r3
 468 0012 01D2     		bcs	.L30
 115:LXD.c         **** 		row = LXD_config.rows - 1;    // we count rows starting w/0
 469              		.loc 1 115 0
 470 0014 531E     		subs	r3, r2, #1
 471 0016 DBB2     		uxtb	r3, r3
 472              	.LVL51:
 473              	.L30:
ARM GAS  C:\Users\PYBL\AppData\Local\Temp\ccpSi4Ix.s 			page 12


 116:LXD.c         **** 	}
 117:LXD.c         **** 	
 118:LXD.c         ****     LXD_Trans(LCD_SETDDRAMADDR | (col + row_offsets[row]),0);
 474              		.loc 1 118 0
 475 0018 02AA     		add	r2, sp, #8
 476 001a 1344     		add	r3, r3, r2
 477              	.LVL52:
 478 001c 13F8040C 		ldrb	r0, [r3, #-4]	@ zero_extendqisi2
 479 0020 0844     		add	r0, r0, r1
 480 0022 60F07F00 		orn	r0, r0, #127
 481 0026 0021     		movs	r1, #0
 482              	.LVL53:
 483 0028 C0B2     		uxtb	r0, r0
 484 002a FFF7FEFF 		bl	LXD_Trans
 485              	.LVL54:
 119:LXD.c         **** }
 486              		.loc 1 119 0
 487 002e 03B0     		add	sp, sp, #12
 488              		.cfi_def_cfa_offset 4
 489              		@ sp needed
 490 0030 5DF804FB 		ldr	pc, [sp], #4
 491              	.L33:
 492              		.align	2
 493              	.L32:
 494 0034 00000000 		.word	.LANCHOR0
 495 0038 00000000 		.word	LXD_config
 496              		.cfi_endproc
 497              	.LFE73:
 498              		.size	LXD_Position, .-LXD_Position
 499              		.comm	LXD_config,8,4
 500              		.section	.rodata
 501              		.align	2
 502              		.set	.LANCHOR0,. + 0
 503              	.LC0:
 504 0000 00       		.byte	0
 505 0001 40       		.byte	64
 506 0002 14       		.byte	20
 507 0003 54       		.byte	84
 508              		.text
 509              	.Letext0:
 510              		.file 2 "c:\\program files (x86)\\cypress\\psoc creator\\4.4\\psoc creator\\import\\gnu\\arm\\5.4.
 511              		.file 3 "c:\\program files (x86)\\cypress\\psoc creator\\4.4\\psoc creator\\import\\gnu\\arm\\5.4.
 512              		.file 4 "Generated_Source\\PSoC5/cytypes.h"
 513              		.file 5 "LXD.h"
 514              		.file 6 "Generated_Source\\PSoC5/core_cm3.h"
 515              		.file 7 "Generated_Source\\PSoC5/I2C.h"
 516              		.file 8 "Generated_Source\\PSoC5/CyLib.h"
 517              		.section	.debug_info,"",%progbits
 518              	.Ldebug_info0:
 519 0000 E7050000 		.4byte	0x5e7
 520 0004 0400     		.2byte	0x4
 521 0006 00000000 		.4byte	.Ldebug_abbrev0
 522 000a 04       		.byte	0x4
 523 000b 01       		.uleb128 0x1
 524 000c E4010000 		.4byte	.LASF55
 525 0010 0C       		.byte	0xc
 526 0011 96020000 		.4byte	.LASF56
ARM GAS  C:\Users\PYBL\AppData\Local\Temp\ccpSi4Ix.s 			page 13


 527 0015 EE000000 		.4byte	.LASF57
 528 0019 00000000 		.4byte	.Ldebug_ranges0+0
 529 001d 00000000 		.4byte	0
 530 0021 00000000 		.4byte	.Ldebug_line0
 531 0025 02       		.uleb128 0x2
 532 0026 01       		.byte	0x1
 533 0027 06       		.byte	0x6
 534 0028 08030000 		.4byte	.LASF0
 535 002c 03       		.uleb128 0x3
 536 002d 1F000000 		.4byte	.LASF4
 537 0031 02       		.byte	0x2
 538 0032 1D       		.byte	0x1d
 539 0033 37000000 		.4byte	0x37
 540 0037 02       		.uleb128 0x2
 541 0038 01       		.byte	0x1
 542 0039 08       		.byte	0x8
 543 003a C2000000 		.4byte	.LASF1
 544 003e 02       		.uleb128 0x2
 545 003f 02       		.byte	0x2
 546 0040 05       		.byte	0x5
 547 0041 C6020000 		.4byte	.LASF2
 548 0045 02       		.uleb128 0x2
 549 0046 02       		.byte	0x2
 550 0047 07       		.byte	0x7
 551 0048 81000000 		.4byte	.LASF3
 552 004c 03       		.uleb128 0x3
 553 004d 56000000 		.4byte	.LASF5
 554 0051 02       		.byte	0x2
 555 0052 3F       		.byte	0x3f
 556 0053 57000000 		.4byte	0x57
 557 0057 02       		.uleb128 0x2
 558 0058 04       		.byte	0x4
 559 0059 05       		.byte	0x5
 560 005a EC020000 		.4byte	.LASF6
 561 005e 03       		.uleb128 0x3
 562 005f 7F010000 		.4byte	.LASF7
 563 0063 02       		.byte	0x2
 564 0064 41       		.byte	0x41
 565 0065 69000000 		.4byte	0x69
 566 0069 02       		.uleb128 0x2
 567 006a 04       		.byte	0x4
 568 006b 07       		.byte	0x7
 569 006c DC000000 		.4byte	.LASF8
 570 0070 02       		.uleb128 0x2
 571 0071 08       		.byte	0x8
 572 0072 05       		.byte	0x5
 573 0073 88020000 		.4byte	.LASF9
 574 0077 02       		.uleb128 0x2
 575 0078 08       		.byte	0x8
 576 0079 07       		.byte	0x7
 577 007a B5010000 		.4byte	.LASF10
 578 007e 04       		.uleb128 0x4
 579 007f 04       		.byte	0x4
 580 0080 05       		.byte	0x5
 581 0081 696E7400 		.ascii	"int\000"
 582 0085 02       		.uleb128 0x2
 583 0086 04       		.byte	0x4
ARM GAS  C:\Users\PYBL\AppData\Local\Temp\ccpSi4Ix.s 			page 14


 584 0087 07       		.byte	0x7
 585 0088 A8010000 		.4byte	.LASF11
 586 008c 03       		.uleb128 0x3
 587 008d CC010000 		.4byte	.LASF12
 588 0091 03       		.byte	0x3
 589 0092 18       		.byte	0x18
 590 0093 2C000000 		.4byte	0x2c
 591 0097 03       		.uleb128 0x3
 592 0098 72020000 		.4byte	.LASF13
 593 009c 03       		.byte	0x3
 594 009d 2C       		.byte	0x2c
 595 009e 4C000000 		.4byte	0x4c
 596 00a2 03       		.uleb128 0x3
 597 00a3 E3020000 		.4byte	.LASF14
 598 00a7 03       		.byte	0x3
 599 00a8 30       		.byte	0x30
 600 00a9 5E000000 		.4byte	0x5e
 601 00ad 05       		.uleb128 0x5
 602 00ae D8020000 		.4byte	.LASF15
 603 00b2 04       		.byte	0x4
 604 00b3 E801     		.2byte	0x1e8
 605 00b5 37000000 		.4byte	0x37
 606 00b9 02       		.uleb128 0x2
 607 00ba 04       		.byte	0x4
 608 00bb 04       		.byte	0x4
 609 00bc B7000000 		.4byte	.LASF16
 610 00c0 02       		.uleb128 0x2
 611 00c1 08       		.byte	0x8
 612 00c2 04       		.byte	0x4
 613 00c3 6A010000 		.4byte	.LASF17
 614 00c7 02       		.uleb128 0x2
 615 00c8 01       		.byte	0x1
 616 00c9 08       		.byte	0x8
 617 00ca 9C020000 		.4byte	.LASF18
 618 00ce 02       		.uleb128 0x2
 619 00cf 08       		.byte	0x8
 620 00d0 04       		.byte	0x4
 621 00d1 FC020000 		.4byte	.LASF19
 622 00d5 02       		.uleb128 0x2
 623 00d6 04       		.byte	0x4
 624 00d7 07       		.byte	0x7
 625 00d8 7A020000 		.4byte	.LASF20
 626 00dc 06       		.uleb128 0x6
 627 00dd 04       		.byte	0x4
 628 00de E2000000 		.4byte	0xe2
 629 00e2 07       		.uleb128 0x7
 630 00e3 C7000000 		.4byte	0xc7
 631 00e7 08       		.uleb128 0x8
 632 00e8 D9010000 		.4byte	.LASF58
 633 00ec 08       		.byte	0x8
 634 00ed 05       		.byte	0x5
 635 00ee 3E       		.byte	0x3e
 636 00ef 54010000 		.4byte	0x154
 637 00f3 09       		.uleb128 0x9
 638 00f4 A8000000 		.4byte	.LASF21
 639 00f8 05       		.byte	0x5
 640 00f9 3F       		.byte	0x3f
ARM GAS  C:\Users\PYBL\AppData\Local\Temp\ccpSi4Ix.s 			page 15


 641 00fa 8C000000 		.4byte	0x8c
 642 00fe 00       		.byte	0
 643 00ff 09       		.uleb128 0x9
 644 0100 A1020000 		.4byte	.LASF22
 645 0104 05       		.byte	0x5
 646 0105 40       		.byte	0x40
 647 0106 8C000000 		.4byte	0x8c
 648 010a 01       		.byte	0x1
 649 010b 09       		.uleb128 0x9
 650 010c 94000000 		.4byte	.LASF23
 651 0110 05       		.byte	0x5
 652 0111 41       		.byte	0x41
 653 0112 8C000000 		.4byte	0x8c
 654 0116 02       		.byte	0x2
 655 0117 09       		.uleb128 0x9
 656 0118 3C000000 		.4byte	.LASF24
 657 011c 05       		.byte	0x5
 658 011d 42       		.byte	0x42
 659 011e 8C000000 		.4byte	0x8c
 660 0122 03       		.byte	0x3
 661 0123 09       		.uleb128 0x9
 662 0124 DE020000 		.4byte	.LASF25
 663 0128 05       		.byte	0x5
 664 0129 43       		.byte	0x43
 665 012a 8C000000 		.4byte	0x8c
 666 012e 04       		.byte	0x4
 667 012f 09       		.uleb128 0x9
 668 0130 83020000 		.4byte	.LASF26
 669 0134 05       		.byte	0x5
 670 0135 44       		.byte	0x44
 671 0136 8C000000 		.4byte	0x8c
 672 013a 05       		.byte	0x5
 673 013b 09       		.uleb128 0x9
 674 013c 00000000 		.4byte	.LASF27
 675 0140 05       		.byte	0x5
 676 0141 45       		.byte	0x45
 677 0142 8C000000 		.4byte	0x8c
 678 0146 06       		.byte	0x6
 679 0147 09       		.uleb128 0x9
 680 0148 60000000 		.4byte	.LASF28
 681 014c 05       		.byte	0x5
 682 014d 46       		.byte	0x46
 683 014e 8C000000 		.4byte	0x8c
 684 0152 07       		.byte	0x7
 685 0153 00       		.byte	0
 686 0154 0A       		.uleb128 0xa
 687 0155 71010000 		.4byte	.LASF30
 688 0159 01       		.byte	0x1
 689 015a 44       		.byte	0x44
 690 015b 00000000 		.4byte	.LFB67
 691 015f 16000000 		.4byte	.LFE67-.LFB67
 692 0163 01       		.uleb128 0x1
 693 0164 9C       		.byte	0x9c
 694 0165 B8010000 		.4byte	0x1b8
 695 0169 0B       		.uleb128 0xb
 696 016a A8000000 		.4byte	.LASF21
 697 016e 01       		.byte	0x1
ARM GAS  C:\Users\PYBL\AppData\Local\Temp\ccpSi4Ix.s 			page 16


 698 016f 44       		.byte	0x44
 699 0170 B8010000 		.4byte	0x1b8
 700 0174 00000000 		.4byte	.LLST0
 701 0178 0B       		.uleb128 0xb
 702 0179 BD000000 		.4byte	.LASF29
 703 017d 01       		.byte	0x1
 704 017e 44       		.byte	0x44
 705 017f B8010000 		.4byte	0x1b8
 706 0183 21000000 		.4byte	.LLST1
 707 0187 0C       		.uleb128 0xc
 708 0188 0A000000 		.4byte	.LVL2
 709 018c B3050000 		.4byte	0x5b3
 710 0190 9A010000 		.4byte	0x19a
 711 0194 0D       		.uleb128 0xd
 712 0195 01       		.uleb128 0x1
 713 0196 51       		.byte	0x51
 714 0197 01       		.uleb128 0x1
 715 0198 30       		.byte	0x30
 716 0199 00       		.byte	0
 717 019a 0C       		.uleb128 0xc
 718 019b 10000000 		.4byte	.LVL3
 719 019f BE050000 		.4byte	0x5be
 720 01a3 AE010000 		.4byte	0x1ae
 721 01a7 0D       		.uleb128 0xd
 722 01a8 01       		.uleb128 0x1
 723 01a9 50       		.byte	0x50
 724 01aa 02       		.uleb128 0x2
 725 01ab 74       		.byte	0x74
 726 01ac 00       		.sleb128 0
 727 01ad 00       		.byte	0
 728 01ae 0E       		.uleb128 0xe
 729 01af 14000000 		.4byte	.LVL4
 730 01b3 C9050000 		.4byte	0x5c9
 731 01b7 00       		.byte	0
 732 01b8 07       		.uleb128 0x7
 733 01b9 8C000000 		.4byte	0x8c
 734 01bd 0A       		.uleb128 0xa
 735 01be 26030000 		.4byte	.LASF31
 736 01c2 01       		.byte	0x1
 737 01c3 40       		.byte	0x40
 738 01c4 00000000 		.4byte	.LFB66
 739 01c8 14000000 		.4byte	.LFE66-.LFB66
 740 01cc 01       		.uleb128 0x1
 741 01cd 9C       		.byte	0x9c
 742 01ce EB010000 		.4byte	0x1eb
 743 01d2 0B       		.uleb128 0xb
 744 01d3 BD000000 		.4byte	.LASF29
 745 01d7 01       		.byte	0x1
 746 01d8 40       		.byte	0x40
 747 01d9 8C000000 		.4byte	0x8c
 748 01dd 42000000 		.4byte	.LLST2
 749 01e1 0E       		.uleb128 0xe
 750 01e2 0E000000 		.4byte	.LVL7
 751 01e6 54010000 		.4byte	0x154
 752 01ea 00       		.byte	0
 753 01eb 0A       		.uleb128 0xa
 754 01ec 5B010000 		.4byte	.LASF32
ARM GAS  C:\Users\PYBL\AppData\Local\Temp\ccpSi4Ix.s 			page 17


 755 01f0 01       		.byte	0x1
 756 01f1 34       		.byte	0x34
 757 01f2 00000000 		.4byte	.LFB65
 758 01f6 26000000 		.4byte	.LFE65-.LFB65
 759 01fa 01       		.uleb128 0x1
 760 01fb 9C       		.byte	0x9c
 761 01fc 74020000 		.4byte	0x274
 762 0200 0B       		.uleb128 0xb
 763 0201 BD000000 		.4byte	.LASF29
 764 0205 01       		.byte	0x1
 765 0206 34       		.byte	0x34
 766 0207 B8010000 		.4byte	0x1b8
 767 020b 63000000 		.4byte	.LLST3
 768 020f 0C       		.uleb128 0xc
 769 0210 08000000 		.4byte	.LVL9
 770 0214 BD010000 		.4byte	0x1bd
 771 0218 23020000 		.4byte	0x223
 772 021c 0D       		.uleb128 0xd
 773 021d 01       		.uleb128 0x1
 774 021e 50       		.byte	0x50
 775 021f 02       		.uleb128 0x2
 776 0220 74       		.byte	0x74
 777 0221 00       		.sleb128 0
 778 0222 00       		.byte	0
 779 0223 0C       		.uleb128 0xc
 780 0224 10000000 		.4byte	.LVL10
 781 0228 BD010000 		.4byte	0x1bd
 782 022c 39020000 		.4byte	0x239
 783 0230 0D       		.uleb128 0xd
 784 0231 01       		.uleb128 0x1
 785 0232 50       		.byte	0x50
 786 0233 04       		.uleb128 0x4
 787 0234 74       		.byte	0x74
 788 0235 00       		.sleb128 0
 789 0236 34       		.byte	0x34
 790 0237 21       		.byte	0x21
 791 0238 00       		.byte	0
 792 0239 0C       		.uleb128 0xc
 793 023a 16000000 		.4byte	.LVL11
 794 023e D4050000 		.4byte	0x5d4
 795 0242 4C020000 		.4byte	0x24c
 796 0246 0D       		.uleb128 0xd
 797 0247 01       		.uleb128 0x1
 798 0248 50       		.byte	0x50
 799 0249 01       		.uleb128 0x1
 800 024a 31       		.byte	0x31
 801 024b 00       		.byte	0
 802 024c 0C       		.uleb128 0xc
 803 024d 1E000000 		.4byte	.LVL12
 804 0251 BD010000 		.4byte	0x1bd
 805 0255 63020000 		.4byte	0x263
 806 0259 0D       		.uleb128 0xd
 807 025a 01       		.uleb128 0x1
 808 025b 50       		.byte	0x50
 809 025c 05       		.uleb128 0x5
 810 025d 74       		.byte	0x74
 811 025e 00       		.sleb128 0
ARM GAS  C:\Users\PYBL\AppData\Local\Temp\ccpSi4Ix.s 			page 18


 812 025f 08       		.byte	0x8
 813 0260 FB       		.byte	0xfb
 814 0261 1A       		.byte	0x1a
 815 0262 00       		.byte	0
 816 0263 0F       		.uleb128 0xf
 817 0264 24000000 		.4byte	.LVL13
 818 0268 D4050000 		.4byte	0x5d4
 819 026c 0D       		.uleb128 0xd
 820 026d 01       		.uleb128 0x1
 821 026e 50       		.byte	0x50
 822 026f 02       		.uleb128 0x2
 823 0270 08       		.byte	0x8
 824 0271 32       		.byte	0x32
 825 0272 00       		.byte	0
 826 0273 00       		.byte	0
 827 0274 0A       		.uleb128 0xa
 828 0275 14030000 		.4byte	.LASF33
 829 0279 01       		.byte	0x1
 830 027a 2D       		.byte	0x2d
 831 027b 00000000 		.4byte	.LFB64
 832 027f 1E000000 		.4byte	.LFE64-.LFB64
 833 0283 01       		.uleb128 0x1
 834 0284 9C       		.byte	0x9c
 835 0285 E0020000 		.4byte	0x2e0
 836 0289 0B       		.uleb128 0xb
 837 028a 50000000 		.4byte	.LASF34
 838 028e 01       		.byte	0x1
 839 028f 2D       		.byte	0x2d
 840 0290 8C000000 		.4byte	0x8c
 841 0294 84000000 		.4byte	.LLST4
 842 0298 0B       		.uleb128 0xb
 843 0299 D4010000 		.4byte	.LASF35
 844 029d 01       		.byte	0x1
 845 029e 2D       		.byte	0x2d
 846 029f B8010000 		.4byte	0x1b8
 847 02a3 A5000000 		.4byte	.LLST5
 848 02a7 10       		.uleb128 0x10
 849 02a8 48000000 		.4byte	.LASF36
 850 02ac 01       		.byte	0x1
 851 02ad 2F       		.byte	0x2f
 852 02ae 8C000000 		.4byte	0x8c
 853 02b2 C6000000 		.4byte	.LLST6
 854 02b6 11       		.uleb128 0x11
 855 02b7 F5020000 		.4byte	.LASF37
 856 02bb 01       		.byte	0x1
 857 02bc 30       		.byte	0x30
 858 02bd 8C000000 		.4byte	0x8c
 859 02c1 01       		.uleb128 0x1
 860 02c2 54       		.byte	0x54
 861 02c3 0E       		.uleb128 0xe
 862 02c4 14000000 		.4byte	.LVL18
 863 02c8 EB010000 		.4byte	0x1eb
 864 02cc 0F       		.uleb128 0xf
 865 02cd 1C000000 		.4byte	.LVL19
 866 02d1 EB010000 		.4byte	0x1eb
 867 02d5 0D       		.uleb128 0xd
 868 02d6 01       		.uleb128 0x1
ARM GAS  C:\Users\PYBL\AppData\Local\Temp\ccpSi4Ix.s 			page 19


 869 02d7 50       		.byte	0x50
 870 02d8 05       		.uleb128 0x5
 871 02d9 74       		.byte	0x74
 872 02da 00       		.sleb128 0
 873 02db 75       		.byte	0x75
 874 02dc 00       		.sleb128 0
 875 02dd 21       		.byte	0x21
 876 02de 00       		.byte	0
 877 02df 00       		.byte	0
 878 02e0 0A       		.uleb128 0xa
 879 02e1 42010000 		.4byte	.LASF38
 880 02e5 01       		.byte	0x1
 881 02e6 4F       		.byte	0x4f
 882 02e7 00000000 		.4byte	.LFB68
 883 02eb 1C000000 		.4byte	.LFE68-.LFB68
 884 02ef 01       		.uleb128 0x1
 885 02f0 9C       		.byte	0x9c
 886 02f1 05030000 		.4byte	0x305
 887 02f5 0F       		.uleb128 0xf
 888 02f6 16000000 		.4byte	.LVL20
 889 02fa 74020000 		.4byte	0x274
 890 02fe 0D       		.uleb128 0xd
 891 02ff 01       		.uleb128 0x1
 892 0300 51       		.byte	0x51
 893 0301 01       		.uleb128 0x1
 894 0302 30       		.byte	0x30
 895 0303 00       		.byte	0
 896 0304 00       		.byte	0
 897 0305 0A       		.uleb128 0xa
 898 0306 B1020000 		.4byte	.LASF39
 899 030a 01       		.byte	0x1
 900 030b 55       		.byte	0x55
 901 030c 00000000 		.4byte	.LFB69
 902 0310 12000000 		.4byte	.LFE69-.LFB69
 903 0314 01       		.uleb128 0x1
 904 0315 9C       		.byte	0x9c
 905 0316 42030000 		.4byte	0x342
 906 031a 0C       		.uleb128 0xc
 907 031b 0A000000 		.4byte	.LVL21
 908 031f 74020000 		.4byte	0x274
 909 0323 32030000 		.4byte	0x332
 910 0327 0D       		.uleb128 0xd
 911 0328 01       		.uleb128 0x1
 912 0329 50       		.byte	0x50
 913 032a 01       		.uleb128 0x1
 914 032b 31       		.byte	0x31
 915 032c 0D       		.uleb128 0xd
 916 032d 01       		.uleb128 0x1
 917 032e 51       		.byte	0x51
 918 032f 01       		.uleb128 0x1
 919 0330 30       		.byte	0x30
 920 0331 00       		.byte	0
 921 0332 0F       		.uleb128 0xf
 922 0333 10000000 		.4byte	.LVL22
 923 0337 DF050000 		.4byte	0x5df
 924 033b 0D       		.uleb128 0xd
 925 033c 01       		.uleb128 0x1
ARM GAS  C:\Users\PYBL\AppData\Local\Temp\ccpSi4Ix.s 			page 20


 926 033d 50       		.byte	0x50
 927 033e 01       		.uleb128 0x1
 928 033f 32       		.byte	0x32
 929 0340 00       		.byte	0
 930 0341 00       		.byte	0
 931 0342 0A       		.uleb128 0xa
 932 0343 9F010000 		.4byte	.LASF40
 933 0347 01       		.byte	0x1
 934 0348 5B       		.byte	0x5b
 935 0349 00000000 		.4byte	.LFB70
 936 034d 12000000 		.4byte	.LFE70-.LFB70
 937 0351 01       		.uleb128 0x1
 938 0352 9C       		.byte	0x9c
 939 0353 7F030000 		.4byte	0x37f
 940 0357 0C       		.uleb128 0xc
 941 0358 0A000000 		.4byte	.LVL23
 942 035c 74020000 		.4byte	0x274
 943 0360 6F030000 		.4byte	0x36f
 944 0364 0D       		.uleb128 0xd
 945 0365 01       		.uleb128 0x1
 946 0366 50       		.byte	0x50
 947 0367 01       		.uleb128 0x1
 948 0368 32       		.byte	0x32
 949 0369 0D       		.uleb128 0xd
 950 036a 01       		.uleb128 0x1
 951 036b 51       		.byte	0x51
 952 036c 01       		.uleb128 0x1
 953 036d 30       		.byte	0x30
 954 036e 00       		.byte	0
 955 036f 0F       		.uleb128 0xf
 956 0370 10000000 		.4byte	.LVL24
 957 0374 DF050000 		.4byte	0x5df
 958 0378 0D       		.uleb128 0xd
 959 0379 01       		.uleb128 0x1
 960 037a 50       		.byte	0x50
 961 037b 01       		.uleb128 0x1
 962 037c 32       		.byte	0x32
 963 037d 00       		.byte	0
 964 037e 00       		.byte	0
 965 037f 0A       		.uleb128 0xa
 966 0380 AD000000 		.4byte	.LASF41
 967 0384 01       		.byte	0x1
 968 0385 0B       		.byte	0xb
 969 0386 00000000 		.4byte	.LFB63
 970 038a 88000000 		.4byte	.LFE63-.LFB63
 971 038e 01       		.uleb128 0x1
 972 038f 9C       		.byte	0x9c
 973 0390 AC040000 		.4byte	0x4ac
 974 0394 0B       		.uleb128 0xb
 975 0395 D0020000 		.4byte	.LASF42
 976 0399 01       		.byte	0x1
 977 039a 0B       		.byte	0xb
 978 039b AD000000 		.4byte	0xad
 979 039f D9000000 		.4byte	.LLST7
 980 03a3 0C       		.uleb128 0xc
 981 03a4 1E000000 		.4byte	.LVL27
 982 03a8 DF050000 		.4byte	0x5df
ARM GAS  C:\Users\PYBL\AppData\Local\Temp\ccpSi4Ix.s 			page 21


 983 03ac B7030000 		.4byte	0x3b7
 984 03b0 0D       		.uleb128 0xd
 985 03b1 01       		.uleb128 0x1
 986 03b2 50       		.byte	0x50
 987 03b3 02       		.uleb128 0x2
 988 03b4 08       		.byte	0x8
 989 03b5 32       		.byte	0x32
 990 03b6 00       		.byte	0
 991 03b7 0E       		.uleb128 0xe
 992 03b8 24000000 		.4byte	.LVL28
 993 03bc BD010000 		.4byte	0x1bd
 994 03c0 0C       		.uleb128 0xc
 995 03c1 2C000000 		.4byte	.LVL29
 996 03c5 DF050000 		.4byte	0x5df
 997 03c9 D5030000 		.4byte	0x3d5
 998 03cd 0D       		.uleb128 0xd
 999 03ce 01       		.uleb128 0x1
 1000 03cf 50       		.byte	0x50
 1001 03d0 03       		.uleb128 0x3
 1002 03d1 0A       		.byte	0xa
 1003 03d2 E803     		.2byte	0x3e8
 1004 03d4 00       		.byte	0
 1005 03d5 0C       		.uleb128 0xc
 1006 03d6 32000000 		.4byte	.LVL30
 1007 03da EB010000 		.4byte	0x1eb
 1008 03de E9030000 		.4byte	0x3e9
 1009 03e2 0D       		.uleb128 0xd
 1010 03e3 01       		.uleb128 0x1
 1011 03e4 50       		.byte	0x50
 1012 03e5 02       		.uleb128 0x2
 1013 03e6 08       		.byte	0x8
 1014 03e7 30       		.byte	0x30
 1015 03e8 00       		.byte	0
 1016 03e9 0C       		.uleb128 0xc
 1017 03ea 3A000000 		.4byte	.LVL31
 1018 03ee D4050000 		.4byte	0x5d4
 1019 03f2 FE030000 		.4byte	0x3fe
 1020 03f6 0D       		.uleb128 0xd
 1021 03f7 01       		.uleb128 0x1
 1022 03f8 50       		.byte	0x50
 1023 03f9 03       		.uleb128 0x3
 1024 03fa 0A       		.byte	0xa
 1025 03fb 9411     		.2byte	0x1194
 1026 03fd 00       		.byte	0
 1027 03fe 0C       		.uleb128 0xc
 1028 03ff 40000000 		.4byte	.LVL32
 1029 0403 EB010000 		.4byte	0x1eb
 1030 0407 12040000 		.4byte	0x412
 1031 040b 0D       		.uleb128 0xd
 1032 040c 01       		.uleb128 0x1
 1033 040d 50       		.byte	0x50
 1034 040e 02       		.uleb128 0x2
 1035 040f 08       		.byte	0x8
 1036 0410 30       		.byte	0x30
 1037 0411 00       		.byte	0
 1038 0412 0C       		.uleb128 0xc
 1039 0413 48000000 		.4byte	.LVL33
ARM GAS  C:\Users\PYBL\AppData\Local\Temp\ccpSi4Ix.s 			page 22


 1040 0417 D4050000 		.4byte	0x5d4
 1041 041b 27040000 		.4byte	0x427
 1042 041f 0D       		.uleb128 0xd
 1043 0420 01       		.uleb128 0x1
 1044 0421 50       		.byte	0x50
 1045 0422 03       		.uleb128 0x3
 1046 0423 0A       		.byte	0xa
 1047 0424 9411     		.2byte	0x1194
 1048 0426 00       		.byte	0
 1049 0427 0C       		.uleb128 0xc
 1050 0428 4E000000 		.4byte	.LVL34
 1051 042c EB010000 		.4byte	0x1eb
 1052 0430 3B040000 		.4byte	0x43b
 1053 0434 0D       		.uleb128 0xd
 1054 0435 01       		.uleb128 0x1
 1055 0436 50       		.byte	0x50
 1056 0437 02       		.uleb128 0x2
 1057 0438 08       		.byte	0x8
 1058 0439 30       		.byte	0x30
 1059 043a 00       		.byte	0
 1060 043b 0C       		.uleb128 0xc
 1061 043c 54000000 		.4byte	.LVL35
 1062 0440 D4050000 		.4byte	0x5d4
 1063 0444 4F040000 		.4byte	0x44f
 1064 0448 0D       		.uleb128 0xd
 1065 0449 01       		.uleb128 0x1
 1066 044a 50       		.byte	0x50
 1067 044b 02       		.uleb128 0x2
 1068 044c 08       		.byte	0x8
 1069 044d 96       		.byte	0x96
 1070 044e 00       		.byte	0
 1071 044f 0C       		.uleb128 0xc
 1072 0450 5A000000 		.4byte	.LVL36
 1073 0454 EB010000 		.4byte	0x1eb
 1074 0458 63040000 		.4byte	0x463
 1075 045c 0D       		.uleb128 0xd
 1076 045d 01       		.uleb128 0x1
 1077 045e 50       		.byte	0x50
 1078 045f 02       		.uleb128 0x2
 1079 0460 08       		.byte	0x8
 1080 0461 20       		.byte	0x20
 1081 0462 00       		.byte	0
 1082 0463 0C       		.uleb128 0xc
 1083 0464 66000000 		.4byte	.LVL37
 1084 0468 74020000 		.4byte	0x274
 1085 046c 77040000 		.4byte	0x477
 1086 0470 0D       		.uleb128 0xd
 1087 0471 01       		.uleb128 0x1
 1088 0472 51       		.byte	0x51
 1089 0473 02       		.uleb128 0x2
 1090 0474 75       		.byte	0x75
 1091 0475 00       		.sleb128 0
 1092 0476 00       		.byte	0
 1093 0477 0E       		.uleb128 0xe
 1094 0478 6C000000 		.4byte	.LVL38
 1095 047c E0020000 		.4byte	0x2e0
 1096 0480 0E       		.uleb128 0xe
ARM GAS  C:\Users\PYBL\AppData\Local\Temp\ccpSi4Ix.s 			page 23


 1097 0481 70000000 		.4byte	.LVL39
 1098 0485 05030000 		.4byte	0x305
 1099 0489 0C       		.uleb128 0xc
 1100 048a 7C000000 		.4byte	.LVL40
 1101 048e 74020000 		.4byte	0x274
 1102 0492 A2040000 		.4byte	0x4a2
 1103 0496 0D       		.uleb128 0xd
 1104 0497 01       		.uleb128 0x1
 1105 0498 50       		.byte	0x50
 1106 0499 01       		.uleb128 0x1
 1107 049a 36       		.byte	0x36
 1108 049b 0D       		.uleb128 0xd
 1109 049c 01       		.uleb128 0x1
 1110 049d 51       		.byte	0x51
 1111 049e 02       		.uleb128 0x2
 1112 049f 75       		.byte	0x75
 1113 04a0 00       		.sleb128 0
 1114 04a1 00       		.byte	0
 1115 04a2 0E       		.uleb128 0xe
 1116 04a3 80000000 		.4byte	.LVL41
 1117 04a7 42030000 		.4byte	0x342
 1118 04ab 00       		.byte	0
 1119 04ac 0A       		.uleb128 0xa
 1120 04ad 8A010000 		.4byte	.LASF43
 1121 04b1 01       		.byte	0x1
 1122 04b2 63       		.byte	0x63
 1123 04b3 00000000 		.4byte	.LFB71
 1124 04b7 18000000 		.4byte	.LFE71-.LFB71
 1125 04bb 01       		.uleb128 0x1
 1126 04bc 9C       		.byte	0x9c
 1127 04bd F7040000 		.4byte	0x4f7
 1128 04c1 0B       		.uleb128 0xb
 1129 04c2 A3000000 		.4byte	.LASF44
 1130 04c6 01       		.byte	0x1
 1131 04c7 63       		.byte	0x63
 1132 04c8 DC000000 		.4byte	0xdc
 1133 04cc 09010000 		.4byte	.LLST8
 1134 04d0 12       		.uleb128 0x12
 1135 04d1 04000000 		.4byte	.LBB2
 1136 04d5 12000000 		.4byte	.LBE2-.LBB2
 1137 04d9 13       		.uleb128 0x13
 1138 04da 6900     		.ascii	"i\000"
 1139 04dc 01       		.byte	0x1
 1140 04dd 65       		.byte	0x65
 1141 04de A2000000 		.4byte	0xa2
 1142 04e2 27010000 		.4byte	.LLST9
 1143 04e6 0F       		.uleb128 0xf
 1144 04e7 0E000000 		.4byte	.LVL45
 1145 04eb 74020000 		.4byte	0x274
 1146 04ef 0D       		.uleb128 0xd
 1147 04f0 01       		.uleb128 0x1
 1148 04f1 51       		.byte	0x51
 1149 04f2 01       		.uleb128 0x1
 1150 04f3 31       		.byte	0x31
 1151 04f4 00       		.byte	0
 1152 04f5 00       		.byte	0
 1153 04f6 00       		.byte	0
ARM GAS  C:\Users\PYBL\AppData\Local\Temp\ccpSi4Ix.s 			page 24


 1154 04f7 0A       		.uleb128 0xa
 1155 04f8 16000000 		.4byte	.LASF45
 1156 04fc 01       		.byte	0x1
 1157 04fd 6A       		.byte	0x6a
 1158 04fe 00000000 		.4byte	.LFB72
 1159 0502 0A000000 		.4byte	.LFE72-.LFB72
 1160 0506 01       		.uleb128 0x1
 1161 0507 9C       		.byte	0x9c
 1162 0508 2B050000 		.4byte	0x52b
 1163 050c 0B       		.uleb128 0xb
 1164 050d A3000000 		.4byte	.LASF44
 1165 0511 01       		.byte	0x1
 1166 0512 6A       		.byte	0x6a
 1167 0513 E2000000 		.4byte	0xe2
 1168 0517 46010000 		.4byte	.LLST10
 1169 051b 0F       		.uleb128 0xf
 1170 051c 08000000 		.4byte	.LVL48
 1171 0520 74020000 		.4byte	0x274
 1172 0524 0D       		.uleb128 0xd
 1173 0525 01       		.uleb128 0x1
 1174 0526 51       		.byte	0x51
 1175 0527 01       		.uleb128 0x1
 1176 0528 31       		.byte	0x31
 1177 0529 00       		.byte	0
 1178 052a 00       		.byte	0
 1179 052b 0A       		.uleb128 0xa
 1180 052c 09000000 		.4byte	.LASF46
 1181 0530 01       		.byte	0x1
 1182 0531 6F       		.byte	0x6f
 1183 0532 00000000 		.4byte	.LFB73
 1184 0536 3C000000 		.4byte	.LFE73-.LFB73
 1185 053a 01       		.uleb128 0x1
 1186 053b 9C       		.byte	0x9c
 1187 053c 7C050000 		.4byte	0x57c
 1188 0540 14       		.uleb128 0x14
 1189 0541 726F7700 		.ascii	"row\000"
 1190 0545 01       		.byte	0x1
 1191 0546 6F       		.byte	0x6f
 1192 0547 8C000000 		.4byte	0x8c
 1193 054b 67010000 		.4byte	.LLST11
 1194 054f 14       		.uleb128 0x14
 1195 0550 636F6C00 		.ascii	"col\000"
 1196 0554 01       		.byte	0x1
 1197 0555 6F       		.byte	0x6f
 1198 0556 8C000000 		.4byte	0x8c
 1199 055a 93010000 		.4byte	.LLST12
 1200 055e 11       		.uleb128 0x11
 1201 055f D0000000 		.4byte	.LASF47
 1202 0563 01       		.byte	0x1
 1203 0564 71       		.byte	0x71
 1204 0565 8C050000 		.4byte	0x58c
 1205 0569 02       		.uleb128 0x2
 1206 056a 91       		.byte	0x91
 1207 056b 74       		.sleb128 -12
 1208 056c 0F       		.uleb128 0xf
 1209 056d 2E000000 		.4byte	.LVL54
 1210 0571 74020000 		.4byte	0x274
ARM GAS  C:\Users\PYBL\AppData\Local\Temp\ccpSi4Ix.s 			page 25


 1211 0575 0D       		.uleb128 0xd
 1212 0576 01       		.uleb128 0x1
 1213 0577 51       		.byte	0x51
 1214 0578 01       		.uleb128 0x1
 1215 0579 30       		.byte	0x30
 1216 057a 00       		.byte	0
 1217 057b 00       		.byte	0
 1218 057c 15       		.uleb128 0x15
 1219 057d B8010000 		.4byte	0x1b8
 1220 0581 8C050000 		.4byte	0x58c
 1221 0585 16       		.uleb128 0x16
 1222 0586 D5000000 		.4byte	0xd5
 1223 058a 03       		.byte	0x3
 1224 058b 00       		.byte	0
 1225 058c 07       		.uleb128 0x7
 1226 058d 7C050000 		.4byte	0x57c
 1227 0591 17       		.uleb128 0x17
 1228 0592 4E010000 		.4byte	.LASF48
 1229 0596 06       		.byte	0x6
 1230 0597 1207     		.2byte	0x712
 1231 0599 9D050000 		.4byte	0x59d
 1232 059d 18       		.uleb128 0x18
 1233 059e 97000000 		.4byte	0x97
 1234 05a2 19       		.uleb128 0x19
 1235 05a3 BB020000 		.4byte	.LASF49
 1236 05a7 05       		.byte	0x5
 1237 05a8 49       		.byte	0x49
 1238 05a9 E7000000 		.4byte	0xe7
 1239 05ad 05       		.uleb128 0x5
 1240 05ae 03       		.byte	0x3
 1241 05af 00000000 		.4byte	LXD_config
 1242 05b3 1A       		.uleb128 0x1a
 1243 05b4 2E010000 		.4byte	.LASF50
 1244 05b8 2E010000 		.4byte	.LASF50
 1245 05bc 07       		.byte	0x7
 1246 05bd B1       		.byte	0xb1
 1247 05be 1A       		.uleb128 0x1a
 1248 05bf 6D000000 		.4byte	.LASF51
 1249 05c3 6D000000 		.4byte	.LASF51
 1250 05c7 07       		.byte	0x7
 1251 05c8 B6       		.byte	0xb6
 1252 05c9 1A       		.uleb128 0x1a
 1253 05ca 29000000 		.4byte	.LASF52
 1254 05ce 29000000 		.4byte	.LASF52
 1255 05d2 07       		.byte	0x7
 1256 05d3 B5       		.byte	0xb5
 1257 05d4 1A       		.uleb128 0x1a
 1258 05d5 95010000 		.4byte	.LASF53
 1259 05d9 95010000 		.4byte	.LASF53
 1260 05dd 08       		.byte	0x8
 1261 05de 77       		.byte	0x77
 1262 05df 1A       		.uleb128 0x1a
 1263 05e0 1E030000 		.4byte	.LASF54
 1264 05e4 1E030000 		.4byte	.LASF54
 1265 05e8 08       		.byte	0x8
 1266 05e9 76       		.byte	0x76
 1267 05ea 00       		.byte	0
ARM GAS  C:\Users\PYBL\AppData\Local\Temp\ccpSi4Ix.s 			page 26


 1268              		.section	.debug_abbrev,"",%progbits
 1269              	.Ldebug_abbrev0:
 1270 0000 01       		.uleb128 0x1
 1271 0001 11       		.uleb128 0x11
 1272 0002 01       		.byte	0x1
 1273 0003 25       		.uleb128 0x25
 1274 0004 0E       		.uleb128 0xe
 1275 0005 13       		.uleb128 0x13
 1276 0006 0B       		.uleb128 0xb
 1277 0007 03       		.uleb128 0x3
 1278 0008 0E       		.uleb128 0xe
 1279 0009 1B       		.uleb128 0x1b
 1280 000a 0E       		.uleb128 0xe
 1281 000b 55       		.uleb128 0x55
 1282 000c 17       		.uleb128 0x17
 1283 000d 11       		.uleb128 0x11
 1284 000e 01       		.uleb128 0x1
 1285 000f 10       		.uleb128 0x10
 1286 0010 17       		.uleb128 0x17
 1287 0011 00       		.byte	0
 1288 0012 00       		.byte	0
 1289 0013 02       		.uleb128 0x2
 1290 0014 24       		.uleb128 0x24
 1291 0015 00       		.byte	0
 1292 0016 0B       		.uleb128 0xb
 1293 0017 0B       		.uleb128 0xb
 1294 0018 3E       		.uleb128 0x3e
 1295 0019 0B       		.uleb128 0xb
 1296 001a 03       		.uleb128 0x3
 1297 001b 0E       		.uleb128 0xe
 1298 001c 00       		.byte	0
 1299 001d 00       		.byte	0
 1300 001e 03       		.uleb128 0x3
 1301 001f 16       		.uleb128 0x16
 1302 0020 00       		.byte	0
 1303 0021 03       		.uleb128 0x3
 1304 0022 0E       		.uleb128 0xe
 1305 0023 3A       		.uleb128 0x3a
 1306 0024 0B       		.uleb128 0xb
 1307 0025 3B       		.uleb128 0x3b
 1308 0026 0B       		.uleb128 0xb
 1309 0027 49       		.uleb128 0x49
 1310 0028 13       		.uleb128 0x13
 1311 0029 00       		.byte	0
 1312 002a 00       		.byte	0
 1313 002b 04       		.uleb128 0x4
 1314 002c 24       		.uleb128 0x24
 1315 002d 00       		.byte	0
 1316 002e 0B       		.uleb128 0xb
 1317 002f 0B       		.uleb128 0xb
 1318 0030 3E       		.uleb128 0x3e
 1319 0031 0B       		.uleb128 0xb
 1320 0032 03       		.uleb128 0x3
 1321 0033 08       		.uleb128 0x8
 1322 0034 00       		.byte	0
 1323 0035 00       		.byte	0
 1324 0036 05       		.uleb128 0x5
ARM GAS  C:\Users\PYBL\AppData\Local\Temp\ccpSi4Ix.s 			page 27


 1325 0037 16       		.uleb128 0x16
 1326 0038 00       		.byte	0
 1327 0039 03       		.uleb128 0x3
 1328 003a 0E       		.uleb128 0xe
 1329 003b 3A       		.uleb128 0x3a
 1330 003c 0B       		.uleb128 0xb
 1331 003d 3B       		.uleb128 0x3b
 1332 003e 05       		.uleb128 0x5
 1333 003f 49       		.uleb128 0x49
 1334 0040 13       		.uleb128 0x13
 1335 0041 00       		.byte	0
 1336 0042 00       		.byte	0
 1337 0043 06       		.uleb128 0x6
 1338 0044 0F       		.uleb128 0xf
 1339 0045 00       		.byte	0
 1340 0046 0B       		.uleb128 0xb
 1341 0047 0B       		.uleb128 0xb
 1342 0048 49       		.uleb128 0x49
 1343 0049 13       		.uleb128 0x13
 1344 004a 00       		.byte	0
 1345 004b 00       		.byte	0
 1346 004c 07       		.uleb128 0x7
 1347 004d 26       		.uleb128 0x26
 1348 004e 00       		.byte	0
 1349 004f 49       		.uleb128 0x49
 1350 0050 13       		.uleb128 0x13
 1351 0051 00       		.byte	0
 1352 0052 00       		.byte	0
 1353 0053 08       		.uleb128 0x8
 1354 0054 13       		.uleb128 0x13
 1355 0055 01       		.byte	0x1
 1356 0056 03       		.uleb128 0x3
 1357 0057 0E       		.uleb128 0xe
 1358 0058 0B       		.uleb128 0xb
 1359 0059 0B       		.uleb128 0xb
 1360 005a 3A       		.uleb128 0x3a
 1361 005b 0B       		.uleb128 0xb
 1362 005c 3B       		.uleb128 0x3b
 1363 005d 0B       		.uleb128 0xb
 1364 005e 01       		.uleb128 0x1
 1365 005f 13       		.uleb128 0x13
 1366 0060 00       		.byte	0
 1367 0061 00       		.byte	0
 1368 0062 09       		.uleb128 0x9
 1369 0063 0D       		.uleb128 0xd
 1370 0064 00       		.byte	0
 1371 0065 03       		.uleb128 0x3
 1372 0066 0E       		.uleb128 0xe
 1373 0067 3A       		.uleb128 0x3a
 1374 0068 0B       		.uleb128 0xb
 1375 0069 3B       		.uleb128 0x3b
 1376 006a 0B       		.uleb128 0xb
 1377 006b 49       		.uleb128 0x49
 1378 006c 13       		.uleb128 0x13
 1379 006d 38       		.uleb128 0x38
 1380 006e 0B       		.uleb128 0xb
 1381 006f 00       		.byte	0
ARM GAS  C:\Users\PYBL\AppData\Local\Temp\ccpSi4Ix.s 			page 28


 1382 0070 00       		.byte	0
 1383 0071 0A       		.uleb128 0xa
 1384 0072 2E       		.uleb128 0x2e
 1385 0073 01       		.byte	0x1
 1386 0074 3F       		.uleb128 0x3f
 1387 0075 19       		.uleb128 0x19
 1388 0076 03       		.uleb128 0x3
 1389 0077 0E       		.uleb128 0xe
 1390 0078 3A       		.uleb128 0x3a
 1391 0079 0B       		.uleb128 0xb
 1392 007a 3B       		.uleb128 0x3b
 1393 007b 0B       		.uleb128 0xb
 1394 007c 27       		.uleb128 0x27
 1395 007d 19       		.uleb128 0x19
 1396 007e 11       		.uleb128 0x11
 1397 007f 01       		.uleb128 0x1
 1398 0080 12       		.uleb128 0x12
 1399 0081 06       		.uleb128 0x6
 1400 0082 40       		.uleb128 0x40
 1401 0083 18       		.uleb128 0x18
 1402 0084 9742     		.uleb128 0x2117
 1403 0086 19       		.uleb128 0x19
 1404 0087 01       		.uleb128 0x1
 1405 0088 13       		.uleb128 0x13
 1406 0089 00       		.byte	0
 1407 008a 00       		.byte	0
 1408 008b 0B       		.uleb128 0xb
 1409 008c 05       		.uleb128 0x5
 1410 008d 00       		.byte	0
 1411 008e 03       		.uleb128 0x3
 1412 008f 0E       		.uleb128 0xe
 1413 0090 3A       		.uleb128 0x3a
 1414 0091 0B       		.uleb128 0xb
 1415 0092 3B       		.uleb128 0x3b
 1416 0093 0B       		.uleb128 0xb
 1417 0094 49       		.uleb128 0x49
 1418 0095 13       		.uleb128 0x13
 1419 0096 02       		.uleb128 0x2
 1420 0097 17       		.uleb128 0x17
 1421 0098 00       		.byte	0
 1422 0099 00       		.byte	0
 1423 009a 0C       		.uleb128 0xc
 1424 009b 898201   		.uleb128 0x4109
 1425 009e 01       		.byte	0x1
 1426 009f 11       		.uleb128 0x11
 1427 00a0 01       		.uleb128 0x1
 1428 00a1 31       		.uleb128 0x31
 1429 00a2 13       		.uleb128 0x13
 1430 00a3 01       		.uleb128 0x1
 1431 00a4 13       		.uleb128 0x13
 1432 00a5 00       		.byte	0
 1433 00a6 00       		.byte	0
 1434 00a7 0D       		.uleb128 0xd
 1435 00a8 8A8201   		.uleb128 0x410a
 1436 00ab 00       		.byte	0
 1437 00ac 02       		.uleb128 0x2
 1438 00ad 18       		.uleb128 0x18
ARM GAS  C:\Users\PYBL\AppData\Local\Temp\ccpSi4Ix.s 			page 29


 1439 00ae 9142     		.uleb128 0x2111
 1440 00b0 18       		.uleb128 0x18
 1441 00b1 00       		.byte	0
 1442 00b2 00       		.byte	0
 1443 00b3 0E       		.uleb128 0xe
 1444 00b4 898201   		.uleb128 0x4109
 1445 00b7 00       		.byte	0
 1446 00b8 11       		.uleb128 0x11
 1447 00b9 01       		.uleb128 0x1
 1448 00ba 31       		.uleb128 0x31
 1449 00bb 13       		.uleb128 0x13
 1450 00bc 00       		.byte	0
 1451 00bd 00       		.byte	0
 1452 00be 0F       		.uleb128 0xf
 1453 00bf 898201   		.uleb128 0x4109
 1454 00c2 01       		.byte	0x1
 1455 00c3 11       		.uleb128 0x11
 1456 00c4 01       		.uleb128 0x1
 1457 00c5 31       		.uleb128 0x31
 1458 00c6 13       		.uleb128 0x13
 1459 00c7 00       		.byte	0
 1460 00c8 00       		.byte	0
 1461 00c9 10       		.uleb128 0x10
 1462 00ca 34       		.uleb128 0x34
 1463 00cb 00       		.byte	0
 1464 00cc 03       		.uleb128 0x3
 1465 00cd 0E       		.uleb128 0xe
 1466 00ce 3A       		.uleb128 0x3a
 1467 00cf 0B       		.uleb128 0xb
 1468 00d0 3B       		.uleb128 0x3b
 1469 00d1 0B       		.uleb128 0xb
 1470 00d2 49       		.uleb128 0x49
 1471 00d3 13       		.uleb128 0x13
 1472 00d4 02       		.uleb128 0x2
 1473 00d5 17       		.uleb128 0x17
 1474 00d6 00       		.byte	0
 1475 00d7 00       		.byte	0
 1476 00d8 11       		.uleb128 0x11
 1477 00d9 34       		.uleb128 0x34
 1478 00da 00       		.byte	0
 1479 00db 03       		.uleb128 0x3
 1480 00dc 0E       		.uleb128 0xe
 1481 00dd 3A       		.uleb128 0x3a
 1482 00de 0B       		.uleb128 0xb
 1483 00df 3B       		.uleb128 0x3b
 1484 00e0 0B       		.uleb128 0xb
 1485 00e1 49       		.uleb128 0x49
 1486 00e2 13       		.uleb128 0x13
 1487 00e3 02       		.uleb128 0x2
 1488 00e4 18       		.uleb128 0x18
 1489 00e5 00       		.byte	0
 1490 00e6 00       		.byte	0
 1491 00e7 12       		.uleb128 0x12
 1492 00e8 0B       		.uleb128 0xb
 1493 00e9 01       		.byte	0x1
 1494 00ea 11       		.uleb128 0x11
 1495 00eb 01       		.uleb128 0x1
ARM GAS  C:\Users\PYBL\AppData\Local\Temp\ccpSi4Ix.s 			page 30


 1496 00ec 12       		.uleb128 0x12
 1497 00ed 06       		.uleb128 0x6
 1498 00ee 00       		.byte	0
 1499 00ef 00       		.byte	0
 1500 00f0 13       		.uleb128 0x13
 1501 00f1 34       		.uleb128 0x34
 1502 00f2 00       		.byte	0
 1503 00f3 03       		.uleb128 0x3
 1504 00f4 08       		.uleb128 0x8
 1505 00f5 3A       		.uleb128 0x3a
 1506 00f6 0B       		.uleb128 0xb
 1507 00f7 3B       		.uleb128 0x3b
 1508 00f8 0B       		.uleb128 0xb
 1509 00f9 49       		.uleb128 0x49
 1510 00fa 13       		.uleb128 0x13
 1511 00fb 02       		.uleb128 0x2
 1512 00fc 17       		.uleb128 0x17
 1513 00fd 00       		.byte	0
 1514 00fe 00       		.byte	0
 1515 00ff 14       		.uleb128 0x14
 1516 0100 05       		.uleb128 0x5
 1517 0101 00       		.byte	0
 1518 0102 03       		.uleb128 0x3
 1519 0103 08       		.uleb128 0x8
 1520 0104 3A       		.uleb128 0x3a
 1521 0105 0B       		.uleb128 0xb
 1522 0106 3B       		.uleb128 0x3b
 1523 0107 0B       		.uleb128 0xb
 1524 0108 49       		.uleb128 0x49
 1525 0109 13       		.uleb128 0x13
 1526 010a 02       		.uleb128 0x2
 1527 010b 17       		.uleb128 0x17
 1528 010c 00       		.byte	0
 1529 010d 00       		.byte	0
 1530 010e 15       		.uleb128 0x15
 1531 010f 01       		.uleb128 0x1
 1532 0110 01       		.byte	0x1
 1533 0111 49       		.uleb128 0x49
 1534 0112 13       		.uleb128 0x13
 1535 0113 01       		.uleb128 0x1
 1536 0114 13       		.uleb128 0x13
 1537 0115 00       		.byte	0
 1538 0116 00       		.byte	0
 1539 0117 16       		.uleb128 0x16
 1540 0118 21       		.uleb128 0x21
 1541 0119 00       		.byte	0
 1542 011a 49       		.uleb128 0x49
 1543 011b 13       		.uleb128 0x13
 1544 011c 2F       		.uleb128 0x2f
 1545 011d 0B       		.uleb128 0xb
 1546 011e 00       		.byte	0
 1547 011f 00       		.byte	0
 1548 0120 17       		.uleb128 0x17
 1549 0121 34       		.uleb128 0x34
 1550 0122 00       		.byte	0
 1551 0123 03       		.uleb128 0x3
 1552 0124 0E       		.uleb128 0xe
ARM GAS  C:\Users\PYBL\AppData\Local\Temp\ccpSi4Ix.s 			page 31


 1553 0125 3A       		.uleb128 0x3a
 1554 0126 0B       		.uleb128 0xb
 1555 0127 3B       		.uleb128 0x3b
 1556 0128 05       		.uleb128 0x5
 1557 0129 49       		.uleb128 0x49
 1558 012a 13       		.uleb128 0x13
 1559 012b 3F       		.uleb128 0x3f
 1560 012c 19       		.uleb128 0x19
 1561 012d 3C       		.uleb128 0x3c
 1562 012e 19       		.uleb128 0x19
 1563 012f 00       		.byte	0
 1564 0130 00       		.byte	0
 1565 0131 18       		.uleb128 0x18
 1566 0132 35       		.uleb128 0x35
 1567 0133 00       		.byte	0
 1568 0134 49       		.uleb128 0x49
 1569 0135 13       		.uleb128 0x13
 1570 0136 00       		.byte	0
 1571 0137 00       		.byte	0
 1572 0138 19       		.uleb128 0x19
 1573 0139 34       		.uleb128 0x34
 1574 013a 00       		.byte	0
 1575 013b 03       		.uleb128 0x3
 1576 013c 0E       		.uleb128 0xe
 1577 013d 3A       		.uleb128 0x3a
 1578 013e 0B       		.uleb128 0xb
 1579 013f 3B       		.uleb128 0x3b
 1580 0140 0B       		.uleb128 0xb
 1581 0141 49       		.uleb128 0x49
 1582 0142 13       		.uleb128 0x13
 1583 0143 3F       		.uleb128 0x3f
 1584 0144 19       		.uleb128 0x19
 1585 0145 02       		.uleb128 0x2
 1586 0146 18       		.uleb128 0x18
 1587 0147 00       		.byte	0
 1588 0148 00       		.byte	0
 1589 0149 1A       		.uleb128 0x1a
 1590 014a 2E       		.uleb128 0x2e
 1591 014b 00       		.byte	0
 1592 014c 3F       		.uleb128 0x3f
 1593 014d 19       		.uleb128 0x19
 1594 014e 3C       		.uleb128 0x3c
 1595 014f 19       		.uleb128 0x19
 1596 0150 6E       		.uleb128 0x6e
 1597 0151 0E       		.uleb128 0xe
 1598 0152 03       		.uleb128 0x3
 1599 0153 0E       		.uleb128 0xe
 1600 0154 3A       		.uleb128 0x3a
 1601 0155 0B       		.uleb128 0xb
 1602 0156 3B       		.uleb128 0x3b
 1603 0157 0B       		.uleb128 0xb
 1604 0158 00       		.byte	0
 1605 0159 00       		.byte	0
 1606 015a 00       		.byte	0
 1607              		.section	.debug_loc,"",%progbits
 1608              	.Ldebug_loc0:
 1609              	.LLST0:
ARM GAS  C:\Users\PYBL\AppData\Local\Temp\ccpSi4Ix.s 			page 32


 1610 0000 00000000 		.4byte	.LVL0
 1611 0004 09000000 		.4byte	.LVL2-1
 1612 0008 0100     		.2byte	0x1
 1613 000a 50       		.byte	0x50
 1614 000b 09000000 		.4byte	.LVL2-1
 1615 000f 16000000 		.4byte	.LFE67
 1616 0013 0400     		.2byte	0x4
 1617 0015 F3       		.byte	0xf3
 1618 0016 01       		.uleb128 0x1
 1619 0017 50       		.byte	0x50
 1620 0018 9F       		.byte	0x9f
 1621 0019 00000000 		.4byte	0
 1622 001d 00000000 		.4byte	0
 1623              	.LLST1:
 1624 0021 00000000 		.4byte	.LVL0
 1625 0025 06000000 		.4byte	.LVL1
 1626 0029 0100     		.2byte	0x1
 1627 002b 51       		.byte	0x51
 1628 002c 06000000 		.4byte	.LVL1
 1629 0030 16000000 		.4byte	.LFE67
 1630 0034 0400     		.2byte	0x4
 1631 0036 F3       		.byte	0xf3
 1632 0037 01       		.uleb128 0x1
 1633 0038 51       		.byte	0x51
 1634 0039 9F       		.byte	0x9f
 1635 003a 00000000 		.4byte	0
 1636 003e 00000000 		.4byte	0
 1637              	.LLST2:
 1638 0042 00000000 		.4byte	.LVL5
 1639 0046 0A000000 		.4byte	.LVL6
 1640 004a 0100     		.2byte	0x1
 1641 004c 50       		.byte	0x50
 1642 004d 0A000000 		.4byte	.LVL6
 1643 0051 14000000 		.4byte	.LFE66
 1644 0055 0400     		.2byte	0x4
 1645 0057 F3       		.byte	0xf3
 1646 0058 01       		.uleb128 0x1
 1647 0059 50       		.byte	0x50
 1648 005a 9F       		.byte	0x9f
 1649 005b 00000000 		.4byte	0
 1650 005f 00000000 		.4byte	0
 1651              	.LLST3:
 1652 0063 00000000 		.4byte	.LVL8
 1653 0067 07000000 		.4byte	.LVL9-1
 1654 006b 0100     		.2byte	0x1
 1655 006d 50       		.byte	0x50
 1656 006e 07000000 		.4byte	.LVL9-1
 1657 0072 26000000 		.4byte	.LFE65
 1658 0076 0400     		.2byte	0x4
 1659 0078 F3       		.byte	0xf3
 1660 0079 01       		.uleb128 0x1
 1661 007a 50       		.byte	0x50
 1662 007b 9F       		.byte	0x9f
 1663 007c 00000000 		.4byte	0
 1664 0080 00000000 		.4byte	0
 1665              	.LLST4:
 1666 0084 00000000 		.4byte	.LVL14
ARM GAS  C:\Users\PYBL\AppData\Local\Temp\ccpSi4Ix.s 			page 33


 1667 0088 10000000 		.4byte	.LVL17
 1668 008c 0100     		.2byte	0x1
 1669 008e 50       		.byte	0x50
 1670 008f 10000000 		.4byte	.LVL17
 1671 0093 1E000000 		.4byte	.LFE64
 1672 0097 0400     		.2byte	0x4
 1673 0099 F3       		.byte	0xf3
 1674 009a 01       		.uleb128 0x1
 1675 009b 50       		.byte	0x50
 1676 009c 9F       		.byte	0x9f
 1677 009d 00000000 		.4byte	0
 1678 00a1 00000000 		.4byte	0
 1679              	.LLST5:
 1680 00a5 00000000 		.4byte	.LVL14
 1681 00a9 13000000 		.4byte	.LVL18-1
 1682 00ad 0100     		.2byte	0x1
 1683 00af 51       		.byte	0x51
 1684 00b0 13000000 		.4byte	.LVL18-1
 1685 00b4 1E000000 		.4byte	.LFE64
 1686 00b8 0400     		.2byte	0x4
 1687 00ba F3       		.byte	0xf3
 1688 00bb 01       		.uleb128 0x1
 1689 00bc 51       		.byte	0x51
 1690 00bd 9F       		.byte	0x9f
 1691 00be 00000000 		.4byte	0
 1692 00c2 00000000 		.4byte	0
 1693              	.LLST6:
 1694 00c6 08000000 		.4byte	.LVL15
 1695 00ca 13000000 		.4byte	.LVL18-1
 1696 00ce 0100     		.2byte	0x1
 1697 00d0 53       		.byte	0x53
 1698 00d1 00000000 		.4byte	0
 1699 00d5 00000000 		.4byte	0
 1700              	.LLST7:
 1701 00d9 00000000 		.4byte	.LVL25
 1702 00dd 1A000000 		.4byte	.LVL26
 1703 00e1 0100     		.2byte	0x1
 1704 00e3 50       		.byte	0x50
 1705 00e4 1A000000 		.4byte	.LVL26
 1706 00e8 1D000000 		.4byte	.LVL27-1
 1707 00ec 0500     		.2byte	0x5
 1708 00ee 03       		.byte	0x3
 1709 00ef 00000000 		.4byte	LXD_config
 1710 00f3 1D000000 		.4byte	.LVL27-1
 1711 00f7 88000000 		.4byte	.LFE63
 1712 00fb 0400     		.2byte	0x4
 1713 00fd F3       		.byte	0xf3
 1714 00fe 01       		.uleb128 0x1
 1715 00ff 50       		.byte	0x50
 1716 0100 9F       		.byte	0x9f
 1717 0101 00000000 		.4byte	0
 1718 0105 00000000 		.4byte	0
 1719              	.LLST8:
 1720 0109 00000000 		.4byte	.LVL42
 1721 010d 08000000 		.4byte	.LVL44
 1722 0111 0100     		.2byte	0x1
 1723 0113 50       		.byte	0x50
ARM GAS  C:\Users\PYBL\AppData\Local\Temp\ccpSi4Ix.s 			page 34


 1724 0114 08000000 		.4byte	.LVL44
 1725 0118 18000000 		.4byte	.LFE71
 1726 011c 0100     		.2byte	0x1
 1727 011e 55       		.byte	0x55
 1728 011f 00000000 		.4byte	0
 1729 0123 00000000 		.4byte	0
 1730              	.LLST9:
 1731 0127 04000000 		.4byte	.LVL43
 1732 012b 08000000 		.4byte	.LVL44
 1733 012f 0200     		.2byte	0x2
 1734 0131 30       		.byte	0x30
 1735 0132 9F       		.byte	0x9f
 1736 0133 08000000 		.4byte	.LVL44
 1737 0137 18000000 		.4byte	.LFE71
 1738 013b 0100     		.2byte	0x1
 1739 013d 54       		.byte	0x54
 1740 013e 00000000 		.4byte	0
 1741 0142 00000000 		.4byte	0
 1742              	.LLST10:
 1743 0146 00000000 		.4byte	.LVL47
 1744 014a 07000000 		.4byte	.LVL48-1
 1745 014e 0100     		.2byte	0x1
 1746 0150 50       		.byte	0x50
 1747 0151 07000000 		.4byte	.LVL48-1
 1748 0155 0A000000 		.4byte	.LFE72
 1749 0159 0400     		.2byte	0x4
 1750 015b F3       		.byte	0xf3
 1751 015c 01       		.uleb128 0x1
 1752 015d 50       		.byte	0x50
 1753 015e 9F       		.byte	0x9f
 1754 015f 00000000 		.4byte	0
 1755 0163 00000000 		.4byte	0
 1756              	.LLST11:
 1757 0167 00000000 		.4byte	.LVL49
 1758 016b 0A000000 		.4byte	.LVL50
 1759 016f 0100     		.2byte	0x1
 1760 0171 50       		.byte	0x50
 1761 0172 0A000000 		.4byte	.LVL50
 1762 0176 18000000 		.4byte	.LVL51
 1763 017a 0400     		.2byte	0x4
 1764 017c F3       		.byte	0xf3
 1765 017d 01       		.uleb128 0x1
 1766 017e 50       		.byte	0x50
 1767 017f 9F       		.byte	0x9f
 1768 0180 18000000 		.4byte	.LVL51
 1769 0184 1C000000 		.4byte	.LVL52
 1770 0188 0100     		.2byte	0x1
 1771 018a 53       		.byte	0x53
 1772 018b 00000000 		.4byte	0
 1773 018f 00000000 		.4byte	0
 1774              	.LLST12:
 1775 0193 00000000 		.4byte	.LVL49
 1776 0197 28000000 		.4byte	.LVL53
 1777 019b 0100     		.2byte	0x1
 1778 019d 51       		.byte	0x51
 1779 019e 28000000 		.4byte	.LVL53
 1780 01a2 3C000000 		.4byte	.LFE73
ARM GAS  C:\Users\PYBL\AppData\Local\Temp\ccpSi4Ix.s 			page 35


 1781 01a6 0400     		.2byte	0x4
 1782 01a8 F3       		.byte	0xf3
 1783 01a9 01       		.uleb128 0x1
 1784 01aa 51       		.byte	0x51
 1785 01ab 9F       		.byte	0x9f
 1786 01ac 00000000 		.4byte	0
 1787 01b0 00000000 		.4byte	0
 1788              		.section	.debug_aranges,"",%progbits
 1789 0000 6C000000 		.4byte	0x6c
 1790 0004 0200     		.2byte	0x2
 1791 0006 00000000 		.4byte	.Ldebug_info0
 1792 000a 04       		.byte	0x4
 1793 000b 00       		.byte	0
 1794 000c 0000     		.2byte	0
 1795 000e 0000     		.2byte	0
 1796 0010 00000000 		.4byte	.LFB67
 1797 0014 16000000 		.4byte	.LFE67-.LFB67
 1798 0018 00000000 		.4byte	.LFB66
 1799 001c 14000000 		.4byte	.LFE66-.LFB66
 1800 0020 00000000 		.4byte	.LFB65
 1801 0024 26000000 		.4byte	.LFE65-.LFB65
 1802 0028 00000000 		.4byte	.LFB64
 1803 002c 1E000000 		.4byte	.LFE64-.LFB64
 1804 0030 00000000 		.4byte	.LFB68
 1805 0034 1C000000 		.4byte	.LFE68-.LFB68
 1806 0038 00000000 		.4byte	.LFB69
 1807 003c 12000000 		.4byte	.LFE69-.LFB69
 1808 0040 00000000 		.4byte	.LFB70
 1809 0044 12000000 		.4byte	.LFE70-.LFB70
 1810 0048 00000000 		.4byte	.LFB63
 1811 004c 88000000 		.4byte	.LFE63-.LFB63
 1812 0050 00000000 		.4byte	.LFB71
 1813 0054 18000000 		.4byte	.LFE71-.LFB71
 1814 0058 00000000 		.4byte	.LFB72
 1815 005c 0A000000 		.4byte	.LFE72-.LFB72
 1816 0060 00000000 		.4byte	.LFB73
 1817 0064 3C000000 		.4byte	.LFE73-.LFB73
 1818 0068 00000000 		.4byte	0
 1819 006c 00000000 		.4byte	0
 1820              		.section	.debug_ranges,"",%progbits
 1821              	.Ldebug_ranges0:
 1822 0000 00000000 		.4byte	.LFB67
 1823 0004 16000000 		.4byte	.LFE67
 1824 0008 00000000 		.4byte	.LFB66
 1825 000c 14000000 		.4byte	.LFE66
 1826 0010 00000000 		.4byte	.LFB65
 1827 0014 26000000 		.4byte	.LFE65
 1828 0018 00000000 		.4byte	.LFB64
 1829 001c 1E000000 		.4byte	.LFE64
 1830 0020 00000000 		.4byte	.LFB68
 1831 0024 1C000000 		.4byte	.LFE68
 1832 0028 00000000 		.4byte	.LFB69
 1833 002c 12000000 		.4byte	.LFE69
 1834 0030 00000000 		.4byte	.LFB70
 1835 0034 12000000 		.4byte	.LFE70
 1836 0038 00000000 		.4byte	.LFB63
 1837 003c 88000000 		.4byte	.LFE63
ARM GAS  C:\Users\PYBL\AppData\Local\Temp\ccpSi4Ix.s 			page 36


 1838 0040 00000000 		.4byte	.LFB71
 1839 0044 18000000 		.4byte	.LFE71
 1840 0048 00000000 		.4byte	.LFB72
 1841 004c 0A000000 		.4byte	.LFE72
 1842 0050 00000000 		.4byte	.LFB73
 1843 0054 3C000000 		.4byte	.LFE73
 1844 0058 00000000 		.4byte	0
 1845 005c 00000000 		.4byte	0
 1846              		.section	.debug_line,"",%progbits
 1847              	.Ldebug_line0:
 1848 0000 5E020000 		.section	.debug_str,"MS",%progbits,1
 1848      02006801 
 1848      00000201 
 1848      FB0E0D00 
 1848      01010101 
 1849              	.LASF27:
 1850 0000 63686172 		.ascii	"charsize\000"
 1850      73697A65 
 1850      00
 1851              	.LASF46:
 1852 0009 4C58445F 		.ascii	"LXD_Position\000"
 1852      506F7369 
 1852      74696F6E 
 1852      00
 1853              	.LASF45:
 1854 0016 4C58445F 		.ascii	"LXD_Char\000"
 1854      43686172 
 1854      00
 1855              	.LASF4:
 1856 001f 5F5F7569 		.ascii	"__uint8_t\000"
 1856      6E74385F 
 1856      7400
 1857              	.LASF52:
 1858 0029 4932435F 		.ascii	"I2C_MasterSendStop\000"
 1858      4D617374 
 1858      65725365 
 1858      6E645374 
 1858      6F7000
 1859              	.LASF24:
 1860 003c 64697370 		.ascii	"displaymode\000"
 1860      6C61796D 
 1860      6F646500 
 1861              	.LASF36:
 1862 0048 68696768 		.ascii	"highnib\000"
 1862      6E696200 
 1863              	.LASF34:
 1864 0050 76616C75 		.ascii	"value\000"
 1864      6500
 1865              	.LASF5:
 1866 0056 5F5F696E 		.ascii	"__int32_t\000"
 1866      7433325F 
 1866      7400
 1867              	.LASF28:
 1868 0060 6261636B 		.ascii	"backlightval\000"
 1868      6C696768 
 1868      7476616C 
 1868      00
ARM GAS  C:\Users\PYBL\AppData\Local\Temp\ccpSi4Ix.s 			page 37


 1869              	.LASF51:
 1870 006d 4932435F 		.ascii	"I2C_MasterWriteByte\000"
 1870      4D617374 
 1870      65725772 
 1870      69746542 
 1870      79746500 
 1871              	.LASF3:
 1872 0081 73686F72 		.ascii	"short unsigned int\000"
 1872      7420756E 
 1872      7369676E 
 1872      65642069 
 1872      6E7400
 1873              	.LASF23:
 1874 0094 64697370 		.ascii	"displaycontrol\000"
 1874      6C617963 
 1874      6F6E7472 
 1874      6F6C00
 1875              	.LASF44:
 1876 00a3 776F7264 		.ascii	"word\000"
 1876      00
 1877              	.LASF21:
 1878 00a8 61646472 		.ascii	"addr\000"
 1878      00
 1879              	.LASF41:
 1880 00ad 4C58445F 		.ascii	"LXD_Start\000"
 1880      53746172 
 1880      7400
 1881              	.LASF16:
 1882 00b7 666C6F61 		.ascii	"float\000"
 1882      7400
 1883              	.LASF29:
 1884 00bd 64617461 		.ascii	"data\000"
 1884      00
 1885              	.LASF1:
 1886 00c2 756E7369 		.ascii	"unsigned char\000"
 1886      676E6564 
 1886      20636861 
 1886      7200
 1887              	.LASF47:
 1888 00d0 726F775F 		.ascii	"row_offsets\000"
 1888      6F666673 
 1888      65747300 
 1889              	.LASF8:
 1890 00dc 6C6F6E67 		.ascii	"long unsigned int\000"
 1890      20756E73 
 1890      69676E65 
 1890      6420696E 
 1890      7400
 1891              	.LASF57:
 1892 00ee 433A5C55 		.ascii	"C:\\Users\\PYBL\\Documents\\PSoC Creator\\Entregas_"
 1892      73657273 
 1892      5C505942 
 1892      4C5C446F 
 1892      63756D65 
 1893 011c 4932435C 		.ascii	"I2C\\LCD_I2C.cydsn\000"
 1893      4C43445F 
 1893      4932432E 
ARM GAS  C:\Users\PYBL\AppData\Local\Temp\ccpSi4Ix.s 			page 38


 1893      63796473 
 1893      6E00
 1894              	.LASF50:
 1895 012e 4932435F 		.ascii	"I2C_MasterSendStart\000"
 1895      4D617374 
 1895      65725365 
 1895      6E645374 
 1895      61727400 
 1896              	.LASF38:
 1897 0142 4C58445F 		.ascii	"LXD_display\000"
 1897      64697370 
 1897      6C617900 
 1898              	.LASF48:
 1899 014e 49544D5F 		.ascii	"ITM_RxBuffer\000"
 1899      52784275 
 1899      66666572 
 1899      00
 1900              	.LASF32:
 1901 015b 4C58445F 		.ascii	"LXD_WriteShort\000"
 1901      57726974 
 1901      6553686F 
 1901      727400
 1902              	.LASF17:
 1903 016a 646F7562 		.ascii	"double\000"
 1903      6C6500
 1904              	.LASF30:
 1905 0171 4C58445F 		.ascii	"LXD_WriteByte\000"
 1905      57726974 
 1905      65427974 
 1905      6500
 1906              	.LASF7:
 1907 017f 5F5F7569 		.ascii	"__uint32_t\000"
 1907      6E743332 
 1907      5F7400
 1908              	.LASF43:
 1909 018a 4C58445F 		.ascii	"LXD_String\000"
 1909      53747269 
 1909      6E6700
 1910              	.LASF53:
 1911 0195 43794465 		.ascii	"CyDelayUs\000"
 1911      6C617955 
 1911      7300
 1912              	.LASF40:
 1913 019f 4C58445F 		.ascii	"LXD_home\000"
 1913      686F6D65 
 1913      00
 1914              	.LASF11:
 1915 01a8 756E7369 		.ascii	"unsigned int\000"
 1915      676E6564 
 1915      20696E74 
 1915      00
 1916              	.LASF10:
 1917 01b5 6C6F6E67 		.ascii	"long long unsigned int\000"
 1917      206C6F6E 
 1917      6720756E 
 1917      7369676E 
 1917      65642069 
ARM GAS  C:\Users\PYBL\AppData\Local\Temp\ccpSi4Ix.s 			page 39


 1918              	.LASF12:
 1919 01cc 75696E74 		.ascii	"uint8_t\000"
 1919      385F7400 
 1920              	.LASF35:
 1921 01d4 6D6F6465 		.ascii	"mode\000"
 1921      00
 1922              	.LASF58:
 1923 01d9 4C58445F 		.ascii	"LXD_Config\000"
 1923      436F6E66 
 1923      696700
 1924              	.LASF55:
 1925 01e4 474E5520 		.ascii	"GNU C11 5.4.1 20160609 (release) [ARM/embedded-5-br"
 1925      43313120 
 1925      352E342E 
 1925      31203230 
 1925      31363036 
 1926 0217 616E6368 		.ascii	"anch revision 237715] -mcpu=cortex-m3 -mthumb -g -O"
 1926      20726576 
 1926      6973696F 
 1926      6E203233 
 1926      37373135 
 1927 024a 67202D66 		.ascii	"g -ffunction-sections -ffat-lto-objects\000"
 1927      66756E63 
 1927      74696F6E 
 1927      2D736563 
 1927      74696F6E 
 1928              	.LASF13:
 1929 0272 696E7433 		.ascii	"int32_t\000"
 1929      325F7400 
 1930              	.LASF20:
 1931 027a 73697A65 		.ascii	"sizetype\000"
 1931      74797065 
 1931      00
 1932              	.LASF26:
 1933 0283 726F7773 		.ascii	"rows\000"
 1933      00
 1934              	.LASF9:
 1935 0288 6C6F6E67 		.ascii	"long long int\000"
 1935      206C6F6E 
 1935      6720696E 
 1935      7400
 1936              	.LASF56:
 1937 0296 4C58442E 		.ascii	"LXD.c\000"
 1937      6300
 1938              	.LASF18:
 1939 029c 63686172 		.ascii	"char\000"
 1939      00
 1940              	.LASF22:
 1941 02a1 64697370 		.ascii	"displayfunction\000"
 1941      6C617966 
 1941      756E6374 
 1941      696F6E00 
 1942              	.LASF39:
 1943 02b1 4C58445F 		.ascii	"LXD_clear\000"
 1943      636C6561 
 1943      7200
 1944              	.LASF49:
ARM GAS  C:\Users\PYBL\AppData\Local\Temp\ccpSi4Ix.s 			page 40


 1945 02bb 4C58445F 		.ascii	"LXD_config\000"
 1945      636F6E66 
 1945      696700
 1946              	.LASF2:
 1947 02c6 73686F72 		.ascii	"short int\000"
 1947      7420696E 
 1947      7400
 1948              	.LASF42:
 1949 02d0 64657641 		.ascii	"devAddr\000"
 1949      64647200 
 1950              	.LASF15:
 1951 02d8 75696E74 		.ascii	"uint8\000"
 1951      3800
 1952              	.LASF25:
 1953 02de 636F6C73 		.ascii	"cols\000"
 1953      00
 1954              	.LASF14:
 1955 02e3 75696E74 		.ascii	"uint32_t\000"
 1955      33325F74 
 1955      00
 1956              	.LASF6:
 1957 02ec 6C6F6E67 		.ascii	"long int\000"
 1957      20696E74 
 1957      00
 1958              	.LASF37:
 1959 02f5 6C6F776E 		.ascii	"lownib\000"
 1959      696200
 1960              	.LASF19:
 1961 02fc 6C6F6E67 		.ascii	"long double\000"
 1961      20646F75 
 1961      626C6500 
 1962              	.LASF0:
 1963 0308 7369676E 		.ascii	"signed char\000"
 1963      65642063 
 1963      68617200 
 1964              	.LASF33:
 1965 0314 4C58445F 		.ascii	"LXD_Trans\000"
 1965      5472616E 
 1965      7300
 1966              	.LASF54:
 1967 031e 43794465 		.ascii	"CyDelay\000"
 1967      6C617900 
 1968              	.LASF31:
 1969 0326 4C58445F 		.ascii	"LXD_WriteLong\000"
 1969      57726974 
 1969      654C6F6E 
 1969      6700
 1970              		.ident	"GCC: (GNU Tools for ARM Embedded Processors) 5.4.1 20160609 (release) [ARM/embedded-5-bran
