ARM GAS  C:\Users\PYBL\AppData\Local\Temp\ccIzn6EP.s 			page 1


   1              		.syntax unified
   2              		.cpu cortex-m3
   3              		.fpu softvfp
   4              		.eabi_attribute 20, 1
   5              		.eabi_attribute 21, 1
   6              		.eabi_attribute 23, 3
   7              		.eabi_attribute 24, 1
   8              		.eabi_attribute 25, 1
   9              		.eabi_attribute 26, 1
  10              		.eabi_attribute 30, 1
  11              		.eabi_attribute 34, 1
  12              		.eabi_attribute 18, 4
  13              		.thumb
  14              		.syntax unified
  15              		.file	"main.c"
  16              		.text
  17              	.Ltext0:
  18              		.cfi_sections	.debug_frame
  19              		.section	.text.main,"ax",%progbits
  20              		.align	2
  21              		.global	main
  22              		.thumb
  23              		.thumb_func
  24              		.type	main, %function
  25              	main:
  26              	.LFB64:
  27              		.file 1 "main.c"
   1:main.c        **** 
   2:main.c        **** #include "project.h"
   3:main.c        **** #include "stdio.h"
   4:main.c        **** 
   5:main.c        **** #include "LXD.h"
   6:main.c        **** char buff[20];
   7:main.c        **** int main(void)
   8:main.c        **** {
  28              		.loc 1 8 0
  29              		.cfi_startproc
  30              		@ args = 0, pretend = 0, frame = 0
  31              		@ frame_needed = 0, uses_anonymous_args = 0
  32 0000 38B5     		push	{r3, r4, r5, lr}
  33              		.cfi_def_cfa_offset 16
  34              		.cfi_offset 3, -16
  35              		.cfi_offset 4, -12
  36              		.cfi_offset 5, -8
  37              		.cfi_offset 14, -4
   9:main.c        ****     CyGlobalIntEnable; 
  38              		.loc 1 9 0
  39              		.syntax unified
  40              	@ 9 "main.c" 1
  41 0002 62B6     		CPSIE   i
  42              	@ 0 "" 2
  10:main.c        ****     I2C_Start();
  43              		.loc 1 10 0
  44              		.thumb
  45              		.syntax unified
  46 0004 FFF7FEFF 		bl	I2C_Start
  47              	.LVL0:
ARM GAS  C:\Users\PYBL\AppData\Local\Temp\ccIzn6EP.s 			page 2


  11:main.c        ****     LXD_Start(0x27);
  48              		.loc 1 11 0
  49 0008 2720     		movs	r0, #39
  50 000a FFF7FEFF 		bl	LXD_Start
  51              	.LVL1:
  12:main.c        ****     LXD_Position(0,0);
  52              		.loc 1 12 0
  53 000e 0021     		movs	r1, #0
  54 0010 0846     		mov	r0, r1
  55 0012 FFF7FEFF 		bl	LXD_Position
  56              	.LVL2:
  13:main.c        ****     sprintf(buff, "Prueba I2C LCD");
  57              		.loc 1 13 0
  58 0016 1A4C     		ldr	r4, .L4
  59 0018 1A4B     		ldr	r3, .L4+4
  60 001a 07CB     		ldmia	r3!, {r0, r1, r2}
  61 001c 2060     		str	r0, [r4]	@ unaligned
  62 001e 6160     		str	r1, [r4, #4]	@ unaligned
  63 0020 A260     		str	r2, [r4, #8]	@ unaligned
  64 0022 1A88     		ldrh	r2, [r3]	@ unaligned
  65 0024 9B78     		ldrb	r3, [r3, #2]	@ zero_extendqisi2
  66 0026 A281     		strh	r2, [r4, #12]	@ unaligned
  67 0028 A373     		strb	r3, [r4, #14]
  14:main.c        ****     LXD_String(buff);
  68              		.loc 1 14 0
  69 002a 2046     		mov	r0, r4
  70 002c FFF7FEFF 		bl	LXD_String
  71              	.LVL3:
  15:main.c        ****     uint8 Cont=0;
  72              		.loc 1 15 0
  73 0030 0024     		movs	r4, #0
  74              	.LVL4:
  75              	.L2:
  16:main.c        ****     for(;;)
  17:main.c        ****     {
  18:main.c        ****         Cont++;
  76              		.loc 1 18 0 discriminator 1
  77 0032 0134     		adds	r4, r4, #1
  78              	.LVL5:
  79 0034 E4B2     		uxtb	r4, r4
  80              	.LVL6:
  19:main.c        ****         LXD_Position(1,0);
  81              		.loc 1 19 0 discriminator 1
  82 0036 0021     		movs	r1, #0
  83 0038 0120     		movs	r0, #1
  84 003a FFF7FEFF 		bl	LXD_Position
  85              	.LVL7:
  20:main.c        ****         sprintf(buff, "Segundos: %d",Cont);
  86              		.loc 1 20 0 discriminator 1
  87 003e 104D     		ldr	r5, .L4
  88 0040 2246     		mov	r2, r4
  89 0042 1149     		ldr	r1, .L4+8
  90 0044 2846     		mov	r0, r5
  91 0046 FFF7FEFF 		bl	sprintf
  92              	.LVL8:
  21:main.c        ****         LXD_String(buff);
  93              		.loc 1 21 0 discriminator 1
ARM GAS  C:\Users\PYBL\AppData\Local\Temp\ccIzn6EP.s 			page 3


  94 004a 2846     		mov	r0, r5
  95 004c FFF7FEFF 		bl	LXD_String
  96              	.LVL9:
  22:main.c        ****         
  23:main.c        ****         LXD_Position(2,0);
  97              		.loc 1 23 0 discriminator 1
  98 0050 0021     		movs	r1, #0
  99 0052 0220     		movs	r0, #2
 100 0054 FFF7FEFF 		bl	LXD_Position
 101              	.LVL10:
  24:main.c        ****         
  25:main.c        ****         LXD_Char('C');
 102              		.loc 1 25 0 discriminator 1
 103 0058 4320     		movs	r0, #67
 104 005a FFF7FEFF 		bl	LXD_Char
 105              	.LVL11:
  26:main.c        ****         LXD_Char('H');
 106              		.loc 1 26 0 discriminator 1
 107 005e 4820     		movs	r0, #72
 108 0060 FFF7FEFF 		bl	LXD_Char
 109              	.LVL12:
  27:main.c        ****         LXD_Char('A');
 110              		.loc 1 27 0 discriminator 1
 111 0064 4120     		movs	r0, #65
 112 0066 FFF7FEFF 		bl	LXD_Char
 113              	.LVL13:
  28:main.c        ****         LXD_Char('R');
 114              		.loc 1 28 0 discriminator 1
 115 006a 5220     		movs	r0, #82
 116 006c FFF7FEFF 		bl	LXD_Char
 117              	.LVL14:
  29:main.c        ****         LXD_Char(0XFF);
 118              		.loc 1 29 0 discriminator 1
 119 0070 FF20     		movs	r0, #255
 120 0072 FFF7FEFF 		bl	LXD_Char
 121              	.LVL15:
  30:main.c        ****         CyDelay(1000);
 122              		.loc 1 30 0 discriminator 1
 123 0076 4FF47A70 		mov	r0, #1000
 124 007a FFF7FEFF 		bl	CyDelay
 125              	.LVL16:
 126 007e D8E7     		b	.L2
 127              	.L5:
 128              		.align	2
 129              	.L4:
 130 0080 00000000 		.word	buff
 131 0084 00000000 		.word	.LC0
 132 0088 10000000 		.word	.LC1
 133              		.cfi_endproc
 134              	.LFE64:
 135              		.size	main, .-main
 136              		.comm	buff,20,4
 137              		.comm	LXD_config,8,4
 138              		.section	.rodata.str1.4,"aMS",%progbits,1
 139              		.align	2
 140              	.LC0:
 141 0000 50727565 		.ascii	"Prueba I2C LCD\000"
ARM GAS  C:\Users\PYBL\AppData\Local\Temp\ccIzn6EP.s 			page 4


 141      62612049 
 141      3243204C 
 141      434400
 142 000f 00       		.space	1
 143              	.LC1:
 144 0010 53656775 		.ascii	"Segundos: %d\000"
 144      6E646F73 
 144      3A202564 
 144      00
 145              		.text
 146              	.Letext0:
 147              		.file 2 "c:\\program files (x86)\\cypress\\psoc creator\\4.4\\psoc creator\\import\\gnu\\arm\\5.4.
 148              		.file 3 "c:\\program files (x86)\\cypress\\psoc creator\\4.4\\psoc creator\\import\\gnu\\arm\\5.4.
 149              		.file 4 "Generated_Source\\PSoC5/cytypes.h"
 150              		.file 5 "LXD.h"
 151              		.file 6 "Generated_Source\\PSoC5/core_cm3.h"
 152              		.file 7 "Generated_Source\\PSoC5/I2C.h"
 153              		.file 8 "c:\\program files (x86)\\cypress\\psoc creator\\4.4\\psoc creator\\import\\gnu\\arm\\5.4.
 154              		.file 9 "Generated_Source\\PSoC5/CyLib.h"
 155              		.section	.debug_info,"",%progbits
 156              	.Ldebug_info0:
 157 0000 0E030000 		.4byte	0x30e
 158 0004 0400     		.2byte	0x4
 159 0006 00000000 		.4byte	.Ldebug_abbrev0
 160 000a 04       		.byte	0x4
 161 000b 01       		.uleb128 0x1
 162 000c 83000000 		.4byte	.LASF37
 163 0010 0C       		.byte	0xc
 164 0011 05020000 		.4byte	.LASF38
 165 0015 6A010000 		.4byte	.LASF39
 166 0019 00000000 		.4byte	.Ldebug_ranges0+0
 167 001d 00000000 		.4byte	0
 168 0021 00000000 		.4byte	.Ldebug_line0
 169 0025 02       		.uleb128 0x2
 170 0026 01       		.byte	0x1
 171 0027 06       		.byte	0x6
 172 0028 55020000 		.4byte	.LASF0
 173 002c 03       		.uleb128 0x3
 174 002d 16000000 		.4byte	.LASF4
 175 0031 02       		.byte	0x2
 176 0032 1D       		.byte	0x1d
 177 0033 37000000 		.4byte	0x37
 178 0037 02       		.uleb128 0x2
 179 0038 01       		.byte	0x1
 180 0039 08       		.byte	0x8
 181 003a 75000000 		.4byte	.LASF1
 182 003e 02       		.uleb128 0x2
 183 003f 02       		.byte	0x2
 184 0040 05       		.byte	0x5
 185 0041 1C020000 		.4byte	.LASF2
 186 0045 02       		.uleb128 0x2
 187 0046 02       		.byte	0x2
 188 0047 07       		.byte	0x7
 189 0048 48000000 		.4byte	.LASF3
 190 004c 03       		.uleb128 0x3
 191 004d 31000000 		.4byte	.LASF5
 192 0051 02       		.byte	0x2
ARM GAS  C:\Users\PYBL\AppData\Local\Temp\ccIzn6EP.s 			page 5


 193 0052 3F       		.byte	0x3f
 194 0053 57000000 		.4byte	0x57
 195 0057 02       		.uleb128 0x2
 196 0058 04       		.byte	0x4
 197 0059 05       		.byte	0x5
 198 005a 40020000 		.4byte	.LASF6
 199 005e 02       		.uleb128 0x2
 200 005f 04       		.byte	0x4
 201 0060 07       		.byte	0x7
 202 0061 11010000 		.4byte	.LASF7
 203 0065 02       		.uleb128 0x2
 204 0066 08       		.byte	0x8
 205 0067 05       		.byte	0x5
 206 0068 F7010000 		.4byte	.LASF8
 207 006c 02       		.uleb128 0x2
 208 006d 08       		.byte	0x8
 209 006e 07       		.byte	0x7
 210 006f B7010000 		.4byte	.LASF9
 211 0073 04       		.uleb128 0x4
 212 0074 04       		.byte	0x4
 213 0075 05       		.byte	0x5
 214 0076 696E7400 		.ascii	"int\000"
 215 007a 02       		.uleb128 0x2
 216 007b 04       		.byte	0x4
 217 007c 07       		.byte	0x7
 218 007d AA010000 		.4byte	.LASF10
 219 0081 03       		.uleb128 0x3
 220 0082 CE010000 		.4byte	.LASF11
 221 0086 03       		.byte	0x3
 222 0087 18       		.byte	0x18
 223 0088 2C000000 		.4byte	0x2c
 224 008c 03       		.uleb128 0x3
 225 008d E1010000 		.4byte	.LASF12
 226 0091 03       		.byte	0x3
 227 0092 2C       		.byte	0x2c
 228 0093 4C000000 		.4byte	0x4c
 229 0097 05       		.uleb128 0x5
 230 0098 35020000 		.4byte	.LASF13
 231 009c 04       		.byte	0x4
 232 009d E801     		.2byte	0x1e8
 233 009f 37000000 		.4byte	0x37
 234 00a3 02       		.uleb128 0x2
 235 00a4 04       		.byte	0x4
 236 00a5 04       		.byte	0x4
 237 00a6 6F000000 		.4byte	.LASF14
 238 00aa 02       		.uleb128 0x2
 239 00ab 08       		.byte	0x8
 240 00ac 04       		.byte	0x4
 241 00ad 4A010000 		.4byte	.LASF15
 242 00b1 02       		.uleb128 0x2
 243 00b2 01       		.byte	0x1
 244 00b3 08       		.byte	0x8
 245 00b4 0C020000 		.4byte	.LASF16
 246 00b8 02       		.uleb128 0x2
 247 00b9 08       		.byte	0x8
 248 00ba 04       		.byte	0x4
 249 00bb 49020000 		.4byte	.LASF17
ARM GAS  C:\Users\PYBL\AppData\Local\Temp\ccIzn6EP.s 			page 6


 250 00bf 02       		.uleb128 0x2
 251 00c0 04       		.byte	0x4
 252 00c1 07       		.byte	0x7
 253 00c2 E9010000 		.4byte	.LASF18
 254 00c6 06       		.uleb128 0x6
 255 00c7 D6010000 		.4byte	.LASF40
 256 00cb 08       		.byte	0x8
 257 00cc 05       		.byte	0x5
 258 00cd 3E       		.byte	0x3e
 259 00ce 33010000 		.4byte	0x133
 260 00d2 07       		.uleb128 0x7
 261 00d3 23010000 		.4byte	.LASF19
 262 00d7 05       		.byte	0x5
 263 00d8 3F       		.byte	0x3f
 264 00d9 81000000 		.4byte	0x81
 265 00dd 00       		.byte	0
 266 00de 07       		.uleb128 0x7
 267 00df 28010000 		.4byte	.LASF20
 268 00e3 05       		.byte	0x5
 269 00e4 40       		.byte	0x40
 270 00e5 81000000 		.4byte	0x81
 271 00e9 01       		.byte	0x1
 272 00ea 07       		.uleb128 0x7
 273 00eb 26020000 		.4byte	.LASF21
 274 00ef 05       		.byte	0x5
 275 00f0 41       		.byte	0x41
 276 00f1 81000000 		.4byte	0x81
 277 00f5 02       		.byte	0x2
 278 00f6 07       		.uleb128 0x7
 279 00f7 20000000 		.4byte	.LASF22
 280 00fb 05       		.byte	0x5
 281 00fc 42       		.byte	0x42
 282 00fd 81000000 		.4byte	0x81
 283 0101 03       		.byte	0x3
 284 0102 07       		.uleb128 0x7
 285 0103 3B020000 		.4byte	.LASF23
 286 0107 05       		.byte	0x5
 287 0108 43       		.byte	0x43
 288 0109 81000000 		.4byte	0x81
 289 010d 04       		.byte	0x4
 290 010e 07       		.uleb128 0x7
 291 010f F2010000 		.4byte	.LASF24
 292 0113 05       		.byte	0x5
 293 0114 44       		.byte	0x44
 294 0115 81000000 		.4byte	0x81
 295 0119 05       		.byte	0x5
 296 011a 07       		.uleb128 0x7
 297 011b 51010000 		.4byte	.LASF25
 298 011f 05       		.byte	0x5
 299 0120 45       		.byte	0x45
 300 0121 81000000 		.4byte	0x81
 301 0125 06       		.byte	0x6
 302 0126 07       		.uleb128 0x7
 303 0127 3B000000 		.4byte	.LASF26
 304 012b 05       		.byte	0x5
 305 012c 46       		.byte	0x46
 306 012d 81000000 		.4byte	0x81
ARM GAS  C:\Users\PYBL\AppData\Local\Temp\ccIzn6EP.s 			page 7


 307 0131 07       		.byte	0x7
 308 0132 00       		.byte	0
 309 0133 08       		.uleb128 0x8
 310 0134 5A010000 		.4byte	.LASF41
 311 0138 01       		.byte	0x1
 312 0139 07       		.byte	0x7
 313 013a 73000000 		.4byte	0x73
 314 013e 00000000 		.4byte	.LFB64
 315 0142 8C000000 		.4byte	.LFE64-.LFB64
 316 0146 01       		.uleb128 0x1
 317 0147 9C       		.byte	0x9c
 318 0148 81020000 		.4byte	0x281
 319 014c 09       		.uleb128 0x9
 320 014d 2C000000 		.4byte	.LASF42
 321 0151 01       		.byte	0x1
 322 0152 0F       		.byte	0xf
 323 0153 97000000 		.4byte	0x97
 324 0157 00000000 		.4byte	.LLST0
 325 015b 0A       		.uleb128 0xa
 326 015c 08000000 		.4byte	.LVL0
 327 0160 C4020000 		.4byte	0x2c4
 328 0164 0B       		.uleb128 0xb
 329 0165 0E000000 		.4byte	.LVL1
 330 0169 CF020000 		.4byte	0x2cf
 331 016d 78010000 		.4byte	0x178
 332 0171 0C       		.uleb128 0xc
 333 0172 01       		.uleb128 0x1
 334 0173 50       		.byte	0x50
 335 0174 02       		.uleb128 0x2
 336 0175 08       		.byte	0x8
 337 0176 27       		.byte	0x27
 338 0177 00       		.byte	0
 339 0178 0B       		.uleb128 0xb
 340 0179 16000000 		.4byte	.LVL2
 341 017d DA020000 		.4byte	0x2da
 342 0181 90010000 		.4byte	0x190
 343 0185 0C       		.uleb128 0xc
 344 0186 01       		.uleb128 0x1
 345 0187 50       		.byte	0x50
 346 0188 01       		.uleb128 0x1
 347 0189 30       		.byte	0x30
 348 018a 0C       		.uleb128 0xc
 349 018b 01       		.uleb128 0x1
 350 018c 51       		.byte	0x51
 351 018d 01       		.uleb128 0x1
 352 018e 30       		.byte	0x30
 353 018f 00       		.byte	0
 354 0190 0B       		.uleb128 0xb
 355 0191 30000000 		.4byte	.LVL3
 356 0195 E5020000 		.4byte	0x2e5
 357 0199 A4010000 		.4byte	0x1a4
 358 019d 0C       		.uleb128 0xc
 359 019e 01       		.uleb128 0x1
 360 019f 50       		.byte	0x50
 361 01a0 02       		.uleb128 0x2
 362 01a1 74       		.byte	0x74
 363 01a2 00       		.sleb128 0
ARM GAS  C:\Users\PYBL\AppData\Local\Temp\ccIzn6EP.s 			page 8


 364 01a3 00       		.byte	0
 365 01a4 0B       		.uleb128 0xb
 366 01a5 3E000000 		.4byte	.LVL7
 367 01a9 DA020000 		.4byte	0x2da
 368 01ad BC010000 		.4byte	0x1bc
 369 01b1 0C       		.uleb128 0xc
 370 01b2 01       		.uleb128 0x1
 371 01b3 50       		.byte	0x50
 372 01b4 01       		.uleb128 0x1
 373 01b5 31       		.byte	0x31
 374 01b6 0C       		.uleb128 0xc
 375 01b7 01       		.uleb128 0x1
 376 01b8 51       		.byte	0x51
 377 01b9 01       		.uleb128 0x1
 378 01ba 30       		.byte	0x30
 379 01bb 00       		.byte	0
 380 01bc 0B       		.uleb128 0xb
 381 01bd 4A000000 		.4byte	.LVL8
 382 01c1 F0020000 		.4byte	0x2f0
 383 01c5 DF010000 		.4byte	0x1df
 384 01c9 0C       		.uleb128 0xc
 385 01ca 01       		.uleb128 0x1
 386 01cb 50       		.byte	0x50
 387 01cc 02       		.uleb128 0x2
 388 01cd 75       		.byte	0x75
 389 01ce 00       		.sleb128 0
 390 01cf 0C       		.uleb128 0xc
 391 01d0 01       		.uleb128 0x1
 392 01d1 51       		.byte	0x51
 393 01d2 05       		.uleb128 0x5
 394 01d3 03       		.byte	0x3
 395 01d4 10000000 		.4byte	.LC1
 396 01d8 0C       		.uleb128 0xc
 397 01d9 01       		.uleb128 0x1
 398 01da 52       		.byte	0x52
 399 01db 02       		.uleb128 0x2
 400 01dc 74       		.byte	0x74
 401 01dd 00       		.sleb128 0
 402 01de 00       		.byte	0
 403 01df 0B       		.uleb128 0xb
 404 01e0 50000000 		.4byte	.LVL9
 405 01e4 E5020000 		.4byte	0x2e5
 406 01e8 F3010000 		.4byte	0x1f3
 407 01ec 0C       		.uleb128 0xc
 408 01ed 01       		.uleb128 0x1
 409 01ee 50       		.byte	0x50
 410 01ef 02       		.uleb128 0x2
 411 01f0 75       		.byte	0x75
 412 01f1 00       		.sleb128 0
 413 01f2 00       		.byte	0
 414 01f3 0B       		.uleb128 0xb
 415 01f4 58000000 		.4byte	.LVL10
 416 01f8 DA020000 		.4byte	0x2da
 417 01fc 0B020000 		.4byte	0x20b
 418 0200 0C       		.uleb128 0xc
 419 0201 01       		.uleb128 0x1
 420 0202 50       		.byte	0x50
ARM GAS  C:\Users\PYBL\AppData\Local\Temp\ccIzn6EP.s 			page 9


 421 0203 01       		.uleb128 0x1
 422 0204 32       		.byte	0x32
 423 0205 0C       		.uleb128 0xc
 424 0206 01       		.uleb128 0x1
 425 0207 51       		.byte	0x51
 426 0208 01       		.uleb128 0x1
 427 0209 30       		.byte	0x30
 428 020a 00       		.byte	0
 429 020b 0B       		.uleb128 0xb
 430 020c 5E000000 		.4byte	.LVL11
 431 0210 FB020000 		.4byte	0x2fb
 432 0214 1F020000 		.4byte	0x21f
 433 0218 0C       		.uleb128 0xc
 434 0219 01       		.uleb128 0x1
 435 021a 50       		.byte	0x50
 436 021b 02       		.uleb128 0x2
 437 021c 08       		.byte	0x8
 438 021d 43       		.byte	0x43
 439 021e 00       		.byte	0
 440 021f 0B       		.uleb128 0xb
 441 0220 64000000 		.4byte	.LVL12
 442 0224 FB020000 		.4byte	0x2fb
 443 0228 33020000 		.4byte	0x233
 444 022c 0C       		.uleb128 0xc
 445 022d 01       		.uleb128 0x1
 446 022e 50       		.byte	0x50
 447 022f 02       		.uleb128 0x2
 448 0230 08       		.byte	0x8
 449 0231 48       		.byte	0x48
 450 0232 00       		.byte	0
 451 0233 0B       		.uleb128 0xb
 452 0234 6A000000 		.4byte	.LVL13
 453 0238 FB020000 		.4byte	0x2fb
 454 023c 47020000 		.4byte	0x247
 455 0240 0C       		.uleb128 0xc
 456 0241 01       		.uleb128 0x1
 457 0242 50       		.byte	0x50
 458 0243 02       		.uleb128 0x2
 459 0244 08       		.byte	0x8
 460 0245 41       		.byte	0x41
 461 0246 00       		.byte	0
 462 0247 0B       		.uleb128 0xb
 463 0248 70000000 		.4byte	.LVL14
 464 024c FB020000 		.4byte	0x2fb
 465 0250 5B020000 		.4byte	0x25b
 466 0254 0C       		.uleb128 0xc
 467 0255 01       		.uleb128 0x1
 468 0256 50       		.byte	0x50
 469 0257 02       		.uleb128 0x2
 470 0258 08       		.byte	0x8
 471 0259 52       		.byte	0x52
 472 025a 00       		.byte	0
 473 025b 0B       		.uleb128 0xb
 474 025c 76000000 		.4byte	.LVL15
 475 0260 FB020000 		.4byte	0x2fb
 476 0264 6F020000 		.4byte	0x26f
 477 0268 0C       		.uleb128 0xc
ARM GAS  C:\Users\PYBL\AppData\Local\Temp\ccIzn6EP.s 			page 10


 478 0269 01       		.uleb128 0x1
 479 026a 50       		.byte	0x50
 480 026b 02       		.uleb128 0x2
 481 026c 09       		.byte	0x9
 482 026d FF       		.byte	0xff
 483 026e 00       		.byte	0
 484 026f 0D       		.uleb128 0xd
 485 0270 7E000000 		.4byte	.LVL16
 486 0274 06030000 		.4byte	0x306
 487 0278 0C       		.uleb128 0xc
 488 0279 01       		.uleb128 0x1
 489 027a 50       		.byte	0x50
 490 027b 03       		.uleb128 0x3
 491 027c 0A       		.byte	0xa
 492 027d E803     		.2byte	0x3e8
 493 027f 00       		.byte	0
 494 0280 00       		.byte	0
 495 0281 0E       		.uleb128 0xe
 496 0282 38010000 		.4byte	.LASF27
 497 0286 06       		.byte	0x6
 498 0287 1207     		.2byte	0x712
 499 0289 8D020000 		.4byte	0x28d
 500 028d 0F       		.uleb128 0xf
 501 028e 8C000000 		.4byte	0x8c
 502 0292 10       		.uleb128 0x10
 503 0293 11020000 		.4byte	.LASF28
 504 0297 05       		.byte	0x5
 505 0298 49       		.byte	0x49
 506 0299 C6000000 		.4byte	0xc6
 507 029d 05       		.uleb128 0x5
 508 029e 03       		.byte	0x3
 509 029f 00000000 		.4byte	LXD_config
 510 02a3 11       		.uleb128 0x11
 511 02a4 B1000000 		.4byte	0xb1
 512 02a8 B3020000 		.4byte	0x2b3
 513 02ac 12       		.uleb128 0x12
 514 02ad BF000000 		.4byte	0xbf
 515 02b1 13       		.byte	0x13
 516 02b2 00       		.byte	0
 517 02b3 10       		.uleb128 0x10
 518 02b4 45010000 		.4byte	.LASF29
 519 02b8 01       		.byte	0x1
 520 02b9 06       		.byte	0x6
 521 02ba A3020000 		.4byte	0x2a3
 522 02be 05       		.uleb128 0x5
 523 02bf 03       		.byte	0x3
 524 02c0 00000000 		.4byte	buff
 525 02c4 13       		.uleb128 0x13
 526 02c5 5B000000 		.4byte	.LASF30
 527 02c9 5B000000 		.4byte	.LASF30
 528 02cd 07       		.byte	0x7
 529 02ce 93       		.byte	0x93
 530 02cf 13       		.uleb128 0x13
 531 02d0 65000000 		.4byte	.LASF31
 532 02d4 65000000 		.4byte	.LASF31
 533 02d8 05       		.byte	0x5
 534 02d9 4A       		.byte	0x4a
ARM GAS  C:\Users\PYBL\AppData\Local\Temp\ccIzn6EP.s 			page 11


 535 02da 13       		.uleb128 0x13
 536 02db 00000000 		.4byte	.LASF32
 537 02df 00000000 		.4byte	.LASF32
 538 02e3 05       		.byte	0x5
 539 02e4 56       		.byte	0x56
 540 02e5 13       		.uleb128 0x13
 541 02e6 5F010000 		.4byte	.LASF33
 542 02ea 5F010000 		.4byte	.LASF33
 543 02ee 05       		.byte	0x5
 544 02ef 55       		.byte	0x55
 545 02f0 13       		.uleb128 0x13
 546 02f1 61020000 		.4byte	.LASF34
 547 02f5 61020000 		.4byte	.LASF34
 548 02f9 08       		.byte	0x8
 549 02fa E7       		.byte	0xe7
 550 02fb 13       		.uleb128 0x13
 551 02fc 0D000000 		.4byte	.LASF35
 552 0300 0D000000 		.4byte	.LASF35
 553 0304 05       		.byte	0x5
 554 0305 57       		.byte	0x57
 555 0306 13       		.uleb128 0x13
 556 0307 69020000 		.4byte	.LASF36
 557 030b 69020000 		.4byte	.LASF36
 558 030f 09       		.byte	0x9
 559 0310 76       		.byte	0x76
 560 0311 00       		.byte	0
 561              		.section	.debug_abbrev,"",%progbits
 562              	.Ldebug_abbrev0:
 563 0000 01       		.uleb128 0x1
 564 0001 11       		.uleb128 0x11
 565 0002 01       		.byte	0x1
 566 0003 25       		.uleb128 0x25
 567 0004 0E       		.uleb128 0xe
 568 0005 13       		.uleb128 0x13
 569 0006 0B       		.uleb128 0xb
 570 0007 03       		.uleb128 0x3
 571 0008 0E       		.uleb128 0xe
 572 0009 1B       		.uleb128 0x1b
 573 000a 0E       		.uleb128 0xe
 574 000b 55       		.uleb128 0x55
 575 000c 17       		.uleb128 0x17
 576 000d 11       		.uleb128 0x11
 577 000e 01       		.uleb128 0x1
 578 000f 10       		.uleb128 0x10
 579 0010 17       		.uleb128 0x17
 580 0011 00       		.byte	0
 581 0012 00       		.byte	0
 582 0013 02       		.uleb128 0x2
 583 0014 24       		.uleb128 0x24
 584 0015 00       		.byte	0
 585 0016 0B       		.uleb128 0xb
 586 0017 0B       		.uleb128 0xb
 587 0018 3E       		.uleb128 0x3e
 588 0019 0B       		.uleb128 0xb
 589 001a 03       		.uleb128 0x3
 590 001b 0E       		.uleb128 0xe
 591 001c 00       		.byte	0
ARM GAS  C:\Users\PYBL\AppData\Local\Temp\ccIzn6EP.s 			page 12


 592 001d 00       		.byte	0
 593 001e 03       		.uleb128 0x3
 594 001f 16       		.uleb128 0x16
 595 0020 00       		.byte	0
 596 0021 03       		.uleb128 0x3
 597 0022 0E       		.uleb128 0xe
 598 0023 3A       		.uleb128 0x3a
 599 0024 0B       		.uleb128 0xb
 600 0025 3B       		.uleb128 0x3b
 601 0026 0B       		.uleb128 0xb
 602 0027 49       		.uleb128 0x49
 603 0028 13       		.uleb128 0x13
 604 0029 00       		.byte	0
 605 002a 00       		.byte	0
 606 002b 04       		.uleb128 0x4
 607 002c 24       		.uleb128 0x24
 608 002d 00       		.byte	0
 609 002e 0B       		.uleb128 0xb
 610 002f 0B       		.uleb128 0xb
 611 0030 3E       		.uleb128 0x3e
 612 0031 0B       		.uleb128 0xb
 613 0032 03       		.uleb128 0x3
 614 0033 08       		.uleb128 0x8
 615 0034 00       		.byte	0
 616 0035 00       		.byte	0
 617 0036 05       		.uleb128 0x5
 618 0037 16       		.uleb128 0x16
 619 0038 00       		.byte	0
 620 0039 03       		.uleb128 0x3
 621 003a 0E       		.uleb128 0xe
 622 003b 3A       		.uleb128 0x3a
 623 003c 0B       		.uleb128 0xb
 624 003d 3B       		.uleb128 0x3b
 625 003e 05       		.uleb128 0x5
 626 003f 49       		.uleb128 0x49
 627 0040 13       		.uleb128 0x13
 628 0041 00       		.byte	0
 629 0042 00       		.byte	0
 630 0043 06       		.uleb128 0x6
 631 0044 13       		.uleb128 0x13
 632 0045 01       		.byte	0x1
 633 0046 03       		.uleb128 0x3
 634 0047 0E       		.uleb128 0xe
 635 0048 0B       		.uleb128 0xb
 636 0049 0B       		.uleb128 0xb
 637 004a 3A       		.uleb128 0x3a
 638 004b 0B       		.uleb128 0xb
 639 004c 3B       		.uleb128 0x3b
 640 004d 0B       		.uleb128 0xb
 641 004e 01       		.uleb128 0x1
 642 004f 13       		.uleb128 0x13
 643 0050 00       		.byte	0
 644 0051 00       		.byte	0
 645 0052 07       		.uleb128 0x7
 646 0053 0D       		.uleb128 0xd
 647 0054 00       		.byte	0
 648 0055 03       		.uleb128 0x3
ARM GAS  C:\Users\PYBL\AppData\Local\Temp\ccIzn6EP.s 			page 13


 649 0056 0E       		.uleb128 0xe
 650 0057 3A       		.uleb128 0x3a
 651 0058 0B       		.uleb128 0xb
 652 0059 3B       		.uleb128 0x3b
 653 005a 0B       		.uleb128 0xb
 654 005b 49       		.uleb128 0x49
 655 005c 13       		.uleb128 0x13
 656 005d 38       		.uleb128 0x38
 657 005e 0B       		.uleb128 0xb
 658 005f 00       		.byte	0
 659 0060 00       		.byte	0
 660 0061 08       		.uleb128 0x8
 661 0062 2E       		.uleb128 0x2e
 662 0063 01       		.byte	0x1
 663 0064 3F       		.uleb128 0x3f
 664 0065 19       		.uleb128 0x19
 665 0066 03       		.uleb128 0x3
 666 0067 0E       		.uleb128 0xe
 667 0068 3A       		.uleb128 0x3a
 668 0069 0B       		.uleb128 0xb
 669 006a 3B       		.uleb128 0x3b
 670 006b 0B       		.uleb128 0xb
 671 006c 27       		.uleb128 0x27
 672 006d 19       		.uleb128 0x19
 673 006e 49       		.uleb128 0x49
 674 006f 13       		.uleb128 0x13
 675 0070 8701     		.uleb128 0x87
 676 0072 19       		.uleb128 0x19
 677 0073 11       		.uleb128 0x11
 678 0074 01       		.uleb128 0x1
 679 0075 12       		.uleb128 0x12
 680 0076 06       		.uleb128 0x6
 681 0077 40       		.uleb128 0x40
 682 0078 18       		.uleb128 0x18
 683 0079 9742     		.uleb128 0x2117
 684 007b 19       		.uleb128 0x19
 685 007c 01       		.uleb128 0x1
 686 007d 13       		.uleb128 0x13
 687 007e 00       		.byte	0
 688 007f 00       		.byte	0
 689 0080 09       		.uleb128 0x9
 690 0081 34       		.uleb128 0x34
 691 0082 00       		.byte	0
 692 0083 03       		.uleb128 0x3
 693 0084 0E       		.uleb128 0xe
 694 0085 3A       		.uleb128 0x3a
 695 0086 0B       		.uleb128 0xb
 696 0087 3B       		.uleb128 0x3b
 697 0088 0B       		.uleb128 0xb
 698 0089 49       		.uleb128 0x49
 699 008a 13       		.uleb128 0x13
 700 008b 02       		.uleb128 0x2
 701 008c 17       		.uleb128 0x17
 702 008d 00       		.byte	0
 703 008e 00       		.byte	0
 704 008f 0A       		.uleb128 0xa
 705 0090 898201   		.uleb128 0x4109
ARM GAS  C:\Users\PYBL\AppData\Local\Temp\ccIzn6EP.s 			page 14


 706 0093 00       		.byte	0
 707 0094 11       		.uleb128 0x11
 708 0095 01       		.uleb128 0x1
 709 0096 31       		.uleb128 0x31
 710 0097 13       		.uleb128 0x13
 711 0098 00       		.byte	0
 712 0099 00       		.byte	0
 713 009a 0B       		.uleb128 0xb
 714 009b 898201   		.uleb128 0x4109
 715 009e 01       		.byte	0x1
 716 009f 11       		.uleb128 0x11
 717 00a0 01       		.uleb128 0x1
 718 00a1 31       		.uleb128 0x31
 719 00a2 13       		.uleb128 0x13
 720 00a3 01       		.uleb128 0x1
 721 00a4 13       		.uleb128 0x13
 722 00a5 00       		.byte	0
 723 00a6 00       		.byte	0
 724 00a7 0C       		.uleb128 0xc
 725 00a8 8A8201   		.uleb128 0x410a
 726 00ab 00       		.byte	0
 727 00ac 02       		.uleb128 0x2
 728 00ad 18       		.uleb128 0x18
 729 00ae 9142     		.uleb128 0x2111
 730 00b0 18       		.uleb128 0x18
 731 00b1 00       		.byte	0
 732 00b2 00       		.byte	0
 733 00b3 0D       		.uleb128 0xd
 734 00b4 898201   		.uleb128 0x4109
 735 00b7 01       		.byte	0x1
 736 00b8 11       		.uleb128 0x11
 737 00b9 01       		.uleb128 0x1
 738 00ba 31       		.uleb128 0x31
 739 00bb 13       		.uleb128 0x13
 740 00bc 00       		.byte	0
 741 00bd 00       		.byte	0
 742 00be 0E       		.uleb128 0xe
 743 00bf 34       		.uleb128 0x34
 744 00c0 00       		.byte	0
 745 00c1 03       		.uleb128 0x3
 746 00c2 0E       		.uleb128 0xe
 747 00c3 3A       		.uleb128 0x3a
 748 00c4 0B       		.uleb128 0xb
 749 00c5 3B       		.uleb128 0x3b
 750 00c6 05       		.uleb128 0x5
 751 00c7 49       		.uleb128 0x49
 752 00c8 13       		.uleb128 0x13
 753 00c9 3F       		.uleb128 0x3f
 754 00ca 19       		.uleb128 0x19
 755 00cb 3C       		.uleb128 0x3c
 756 00cc 19       		.uleb128 0x19
 757 00cd 00       		.byte	0
 758 00ce 00       		.byte	0
 759 00cf 0F       		.uleb128 0xf
 760 00d0 35       		.uleb128 0x35
 761 00d1 00       		.byte	0
 762 00d2 49       		.uleb128 0x49
ARM GAS  C:\Users\PYBL\AppData\Local\Temp\ccIzn6EP.s 			page 15


 763 00d3 13       		.uleb128 0x13
 764 00d4 00       		.byte	0
 765 00d5 00       		.byte	0
 766 00d6 10       		.uleb128 0x10
 767 00d7 34       		.uleb128 0x34
 768 00d8 00       		.byte	0
 769 00d9 03       		.uleb128 0x3
 770 00da 0E       		.uleb128 0xe
 771 00db 3A       		.uleb128 0x3a
 772 00dc 0B       		.uleb128 0xb
 773 00dd 3B       		.uleb128 0x3b
 774 00de 0B       		.uleb128 0xb
 775 00df 49       		.uleb128 0x49
 776 00e0 13       		.uleb128 0x13
 777 00e1 3F       		.uleb128 0x3f
 778 00e2 19       		.uleb128 0x19
 779 00e3 02       		.uleb128 0x2
 780 00e4 18       		.uleb128 0x18
 781 00e5 00       		.byte	0
 782 00e6 00       		.byte	0
 783 00e7 11       		.uleb128 0x11
 784 00e8 01       		.uleb128 0x1
 785 00e9 01       		.byte	0x1
 786 00ea 49       		.uleb128 0x49
 787 00eb 13       		.uleb128 0x13
 788 00ec 01       		.uleb128 0x1
 789 00ed 13       		.uleb128 0x13
 790 00ee 00       		.byte	0
 791 00ef 00       		.byte	0
 792 00f0 12       		.uleb128 0x12
 793 00f1 21       		.uleb128 0x21
 794 00f2 00       		.byte	0
 795 00f3 49       		.uleb128 0x49
 796 00f4 13       		.uleb128 0x13
 797 00f5 2F       		.uleb128 0x2f
 798 00f6 0B       		.uleb128 0xb
 799 00f7 00       		.byte	0
 800 00f8 00       		.byte	0
 801 00f9 13       		.uleb128 0x13
 802 00fa 2E       		.uleb128 0x2e
 803 00fb 00       		.byte	0
 804 00fc 3F       		.uleb128 0x3f
 805 00fd 19       		.uleb128 0x19
 806 00fe 3C       		.uleb128 0x3c
 807 00ff 19       		.uleb128 0x19
 808 0100 6E       		.uleb128 0x6e
 809 0101 0E       		.uleb128 0xe
 810 0102 03       		.uleb128 0x3
 811 0103 0E       		.uleb128 0xe
 812 0104 3A       		.uleb128 0x3a
 813 0105 0B       		.uleb128 0xb
 814 0106 3B       		.uleb128 0x3b
 815 0107 0B       		.uleb128 0xb
 816 0108 00       		.byte	0
 817 0109 00       		.byte	0
 818 010a 00       		.byte	0
 819              		.section	.debug_loc,"",%progbits
ARM GAS  C:\Users\PYBL\AppData\Local\Temp\ccIzn6EP.s 			page 16


 820              	.Ldebug_loc0:
 821              	.LLST0:
 822 0000 30000000 		.4byte	.LVL3
 823 0004 32000000 		.4byte	.LVL4
 824 0008 0200     		.2byte	0x2
 825 000a 30       		.byte	0x30
 826 000b 9F       		.byte	0x9f
 827 000c 32000000 		.4byte	.LVL4
 828 0010 34000000 		.4byte	.LVL5
 829 0014 0100     		.2byte	0x1
 830 0016 54       		.byte	0x54
 831 0017 36000000 		.4byte	.LVL6
 832 001b 8C000000 		.4byte	.LFE64
 833 001f 0100     		.2byte	0x1
 834 0021 54       		.byte	0x54
 835 0022 00000000 		.4byte	0
 836 0026 00000000 		.4byte	0
 837              		.section	.debug_aranges,"",%progbits
 838 0000 1C000000 		.4byte	0x1c
 839 0004 0200     		.2byte	0x2
 840 0006 00000000 		.4byte	.Ldebug_info0
 841 000a 04       		.byte	0x4
 842 000b 00       		.byte	0
 843 000c 0000     		.2byte	0
 844 000e 0000     		.2byte	0
 845 0010 00000000 		.4byte	.LFB64
 846 0014 8C000000 		.4byte	.LFE64-.LFB64
 847 0018 00000000 		.4byte	0
 848 001c 00000000 		.4byte	0
 849              		.section	.debug_ranges,"",%progbits
 850              	.Ldebug_ranges0:
 851 0000 00000000 		.4byte	.LFB64
 852 0004 8C000000 		.4byte	.LFE64
 853 0008 00000000 		.4byte	0
 854 000c 00000000 		.4byte	0
 855              		.section	.debug_line,"",%progbits
 856              	.Ldebug_line0:
 857 0000 2D020000 		.section	.debug_str,"MS",%progbits,1
 857      0200DC01 
 857      00000201 
 857      FB0E0D00 
 857      01010101 
 858              	.LASF32:
 859 0000 4C58445F 		.ascii	"LXD_Position\000"
 859      506F7369 
 859      74696F6E 
 859      00
 860              	.LASF35:
 861 000d 4C58445F 		.ascii	"LXD_Char\000"
 861      43686172 
 861      00
 862              	.LASF4:
 863 0016 5F5F7569 		.ascii	"__uint8_t\000"
 863      6E74385F 
 863      7400
 864              	.LASF22:
 865 0020 64697370 		.ascii	"displaymode\000"
ARM GAS  C:\Users\PYBL\AppData\Local\Temp\ccIzn6EP.s 			page 17


 865      6C61796D 
 865      6F646500 
 866              	.LASF42:
 867 002c 436F6E74 		.ascii	"Cont\000"
 867      00
 868              	.LASF5:
 869 0031 5F5F696E 		.ascii	"__int32_t\000"
 869      7433325F 
 869      7400
 870              	.LASF26:
 871 003b 6261636B 		.ascii	"backlightval\000"
 871      6C696768 
 871      7476616C 
 871      00
 872              	.LASF3:
 873 0048 73686F72 		.ascii	"short unsigned int\000"
 873      7420756E 
 873      7369676E 
 873      65642069 
 873      6E7400
 874              	.LASF30:
 875 005b 4932435F 		.ascii	"I2C_Start\000"
 875      53746172 
 875      7400
 876              	.LASF31:
 877 0065 4C58445F 		.ascii	"LXD_Start\000"
 877      53746172 
 877      7400
 878              	.LASF14:
 879 006f 666C6F61 		.ascii	"float\000"
 879      7400
 880              	.LASF1:
 881 0075 756E7369 		.ascii	"unsigned char\000"
 881      676E6564 
 881      20636861 
 881      7200
 882              	.LASF37:
 883 0083 474E5520 		.ascii	"GNU C11 5.4.1 20160609 (release) [ARM/embedded-5-br"
 883      43313120 
 883      352E342E 
 883      31203230 
 883      31363036 
 884 00b6 616E6368 		.ascii	"anch revision 237715] -mcpu=cortex-m3 -mthumb -g -O"
 884      20726576 
 884      6973696F 
 884      6E203233 
 884      37373135 
 885 00e9 67202D66 		.ascii	"g -ffunction-sections -ffat-lto-objects\000"
 885      66756E63 
 885      74696F6E 
 885      2D736563 
 885      74696F6E 
 886              	.LASF7:
 887 0111 6C6F6E67 		.ascii	"long unsigned int\000"
 887      20756E73 
 887      69676E65 
 887      6420696E 
ARM GAS  C:\Users\PYBL\AppData\Local\Temp\ccIzn6EP.s 			page 18


 887      7400
 888              	.LASF19:
 889 0123 61646472 		.ascii	"addr\000"
 889      00
 890              	.LASF20:
 891 0128 64697370 		.ascii	"displayfunction\000"
 891      6C617966 
 891      756E6374 
 891      696F6E00 
 892              	.LASF27:
 893 0138 49544D5F 		.ascii	"ITM_RxBuffer\000"
 893      52784275 
 893      66666572 
 893      00
 894              	.LASF29:
 895 0145 62756666 		.ascii	"buff\000"
 895      00
 896              	.LASF15:
 897 014a 646F7562 		.ascii	"double\000"
 897      6C6500
 898              	.LASF25:
 899 0151 63686172 		.ascii	"charsize\000"
 899      73697A65 
 899      00
 900              	.LASF41:
 901 015a 6D61696E 		.ascii	"main\000"
 901      00
 902              	.LASF33:
 903 015f 4C58445F 		.ascii	"LXD_String\000"
 903      53747269 
 903      6E6700
 904              	.LASF39:
 905 016a 433A5C55 		.ascii	"C:\\Users\\PYBL\\Documents\\PSoC Creator\\Entregas_"
 905      73657273 
 905      5C505942 
 905      4C5C446F 
 905      63756D65 
 906 0198 4932435C 		.ascii	"I2C\\LCD_I2C.cydsn\000"
 906      4C43445F 
 906      4932432E 
 906      63796473 
 906      6E00
 907              	.LASF10:
 908 01aa 756E7369 		.ascii	"unsigned int\000"
 908      676E6564 
 908      20696E74 
 908      00
 909              	.LASF9:
 910 01b7 6C6F6E67 		.ascii	"long long unsigned int\000"
 910      206C6F6E 
 910      6720756E 
 910      7369676E 
 910      65642069 
 911              	.LASF11:
 912 01ce 75696E74 		.ascii	"uint8_t\000"
 912      385F7400 
 913              	.LASF40:
ARM GAS  C:\Users\PYBL\AppData\Local\Temp\ccIzn6EP.s 			page 19


 914 01d6 4C58445F 		.ascii	"LXD_Config\000"
 914      436F6E66 
 914      696700
 915              	.LASF12:
 916 01e1 696E7433 		.ascii	"int32_t\000"
 916      325F7400 
 917              	.LASF18:
 918 01e9 73697A65 		.ascii	"sizetype\000"
 918      74797065 
 918      00
 919              	.LASF24:
 920 01f2 726F7773 		.ascii	"rows\000"
 920      00
 921              	.LASF8:
 922 01f7 6C6F6E67 		.ascii	"long long int\000"
 922      206C6F6E 
 922      6720696E 
 922      7400
 923              	.LASF38:
 924 0205 6D61696E 		.ascii	"main.c\000"
 924      2E6300
 925              	.LASF16:
 926 020c 63686172 		.ascii	"char\000"
 926      00
 927              	.LASF28:
 928 0211 4C58445F 		.ascii	"LXD_config\000"
 928      636F6E66 
 928      696700
 929              	.LASF2:
 930 021c 73686F72 		.ascii	"short int\000"
 930      7420696E 
 930      7400
 931              	.LASF21:
 932 0226 64697370 		.ascii	"displaycontrol\000"
 932      6C617963 
 932      6F6E7472 
 932      6F6C00
 933              	.LASF13:
 934 0235 75696E74 		.ascii	"uint8\000"
 934      3800
 935              	.LASF23:
 936 023b 636F6C73 		.ascii	"cols\000"
 936      00
 937              	.LASF6:
 938 0240 6C6F6E67 		.ascii	"long int\000"
 938      20696E74 
 938      00
 939              	.LASF17:
 940 0249 6C6F6E67 		.ascii	"long double\000"
 940      20646F75 
 940      626C6500 
 941              	.LASF0:
 942 0255 7369676E 		.ascii	"signed char\000"
 942      65642063 
 942      68617200 
 943              	.LASF34:
 944 0261 73707269 		.ascii	"sprintf\000"
ARM GAS  C:\Users\PYBL\AppData\Local\Temp\ccIzn6EP.s 			page 20


 944      6E746600 
 945              	.LASF36:
 946 0269 43794465 		.ascii	"CyDelay\000"
 946      6C617900 
 947              		.ident	"GCC: (GNU Tools for ARM Embedded Processors) 5.4.1 20160609 (release) [ARM/embedded-5-bran
