ARM GAS  C:\Users\PYBL\AppData\Local\Temp\ccoYiyT9.s 			page 1


   1              		.syntax unified
   2              		.cpu cortex-m3
   3              		.fpu softvfp
   4              		.eabi_attribute 20, 1
   5              		.eabi_attribute 21, 1
   6              		.eabi_attribute 23, 3
   7              		.eabi_attribute 24, 1
   8              		.eabi_attribute 25, 1
   9              		.eabi_attribute 26, 1
  10              		.eabi_attribute 30, 1
  11              		.eabi_attribute 34, 1
  12              		.eabi_attribute 18, 4
  13              		.thumb
  14              		.syntax unified
  15              		.file	"cymetadata.c"
  16              		.text
  17              	.Ltext0:
  18              		.cfi_sections	.debug_frame
  19              		.global	cy_metadata
  20              		.global	cy_meta_flashprotect
  21              		.global	cy_meta_wonvl
  22              		.global	cy_meta_custnvl
  23              		.global	cy_meta_configecc
  24              		.section	.cyconfigecc,"a",%progbits
  25              		.align	2
  26              		.type	cy_meta_configecc, %object
  27              		.size	cy_meta_configecc, 1384
  28              	cy_meta_configecc:
  29 0000 02       		.byte	2
  30 0001 52       		.byte	82
  31 0002 00       		.byte	0
  32 0003 40       		.byte	64
  33 0004 04       		.byte	4
  34 0005 64       		.byte	100
  35 0006 00       		.byte	0
  36 0007 40       		.byte	64
  37 0008 5E       		.byte	94
  38 0009 00       		.byte	0
  39 000a 01       		.byte	1
  40 000b 40       		.byte	64
  41 000c 2D       		.byte	45
  42 000d 01       		.byte	1
  43 000e 01       		.byte	1
  44 000f 40       		.byte	64
  45 0010 1E       		.byte	30
  46 0011 02       		.byte	2
  47 0012 01       		.byte	1
  48 0013 40       		.byte	64
  49 0014 45       		.byte	69
  50 0015 03       		.byte	3
  51 0016 01       		.byte	1
  52 0017 40       		.byte	64
  53 0018 52       		.byte	82
  54 0019 04       		.byte	4
  55 001a 01       		.byte	1
  56 001b 40       		.byte	64
  57 001c 49       		.byte	73
ARM GAS  C:\Users\PYBL\AppData\Local\Temp\ccoYiyT9.s 			page 2


  58 001d 05       		.byte	5
  59 001e 01       		.byte	1
  60 001f 40       		.byte	64
  61 0020 4E       		.byte	78
  62 0021 06       		.byte	6
  63 0022 01       		.byte	1
  64 0023 40       		.byte	64
  65 0024 43       		.byte	67
  66 0025 07       		.byte	7
  67 0026 01       		.byte	1
  68 0027 40       		.byte	64
  69 0028 01       		.byte	1
  70 0029 0B       		.byte	11
  71 002a 01       		.byte	1
  72 002b 40       		.byte	64
  73 002c 04       		.byte	4
  74 002d 17       		.byte	23
  75 002e 01       		.byte	1
  76 002f 40       		.byte	64
  77 0030 02       		.byte	2
  78 0031 40       		.byte	64
  79 0032 01       		.byte	1
  80 0033 40       		.byte	64
  81 0034 07       		.byte	7
  82 0035 41       		.byte	65
  83 0036 01       		.byte	1
  84 0037 40       		.byte	64
  85 0038 03       		.byte	3
  86 0039 42       		.byte	66
  87 003a 01       		.byte	1
  88 003b 40       		.byte	64
  89 003c 03       		.byte	3
  90 003d 43       		.byte	67
  91 003e 01       		.byte	1
  92 003f 40       		.byte	64
  93 0040 02       		.byte	2
  94 0041 46       		.byte	70
  95 0042 01       		.byte	1
  96 0043 40       		.byte	64
  97 0044 01       		.byte	1
  98 0045 47       		.byte	71
  99 0046 01       		.byte	1
 100 0047 40       		.byte	64
 101 0048 03       		.byte	3
 102 0049 4C       		.byte	76
 103 004a 01       		.byte	1
 104 004b 40       		.byte	64
 105 004c 05       		.byte	5
 106 004d 50       		.byte	80
 107 004e 01       		.byte	1
 108 004f 40       		.byte	64
 109 0050 01       		.byte	1
 110 0051 51       		.byte	81
 111 0052 01       		.byte	1
 112 0053 40       		.byte	64
 113 0054 00       		.byte	0
 114 0055 02       		.byte	2
ARM GAS  C:\Users\PYBL\AppData\Local\Temp\ccoYiyT9.s 			page 3


 115 0056 01       		.byte	1
 116 0057 02       		.byte	2
 117 0058 80       		.byte	-128
 118 0059 38       		.byte	56
 119 005a 84       		.byte	-124
 120 005b 72       		.byte	114
 121 005c 86       		.byte	-122
 122 005d 0F       		.byte	15
 123 005e 87       		.byte	-121
 124 005f 0F       		.byte	15
 125 0060 01       		.byte	1
 126 0061 08       		.byte	8
 127 0062 03       		.byte	3
 128 0063 10       		.byte	16
 129 0064 05       		.byte	5
 130 0065 06       		.byte	6
 131 0066 06       		.byte	6
 132 0067 02       		.byte	2
 133 0068 07       		.byte	7
 134 0069 01       		.byte	1
 135 006a 08       		.byte	8
 136 006b 01       		.byte	1
 137 006c 09       		.byte	9
 138 006d 06       		.byte	6
 139 006e 0C       		.byte	12
 140 006f 01       		.byte	1
 141 0070 0D       		.byte	13
 142 0071 10       		.byte	16
 143 0072 0F       		.byte	15
 144 0073 08       		.byte	8
 145 0074 11       		.byte	17
 146 0075 02       		.byte	2
 147 0076 12       		.byte	18
 148 0077 08       		.byte	8
 149 0078 14       		.byte	20
 150 0079 01       		.byte	1
 151 007a 15       		.byte	21
 152 007b 18       		.byte	24
 153 007c 19       		.byte	25
 154 007d 18       		.byte	24
 155 007e 1A       		.byte	26
 156 007f 04       		.byte	4
 157 0080 1D       		.byte	29
 158 0081 04       		.byte	4
 159 0082 1E       		.byte	30
 160 0083 04       		.byte	4
 161 0084 21       		.byte	33
 162 0085 01       		.byte	1
 163 0086 23       		.byte	35
 164 0087 06       		.byte	6
 165 0088 26       		.byte	38
 166 0089 02       		.byte	2
 167 008a 27       		.byte	39
 168 008b 01       		.byte	1
 169 008c 28       		.byte	40
 170 008d 01       		.byte	1
 171 008e 29       		.byte	41
ARM GAS  C:\Users\PYBL\AppData\Local\Temp\ccoYiyT9.s 			page 4


 172 008f 07       		.byte	7
 173 0090 2D       		.byte	45
 174 0091 07       		.byte	7
 175 0092 30       		.byte	48
 176 0093 04       		.byte	4
 177 0094 31       		.byte	49
 178 0095 18       		.byte	24
 179 0096 32       		.byte	50
 180 0097 01       		.byte	1
 181 0098 33       		.byte	51
 182 0099 07       		.byte	7
 183 009a 34       		.byte	52
 184 009b 02       		.byte	2
 185 009c 36       		.byte	54
 186 009d 08       		.byte	8
 187 009e 3E       		.byte	62
 188 009f 15       		.byte	21
 189 00a0 40       		.byte	64
 190 00a1 12       		.byte	18
 191 00a2 42       		.byte	66
 192 00a3 03       		.byte	3
 193 00a4 49       		.byte	73
 194 00a5 FF       		.byte	-1
 195 00a6 4A       		.byte	74
 196 00a7 FF       		.byte	-1
 197 00a8 4B       		.byte	75
 198 00a9 FF       		.byte	-1
 199 00aa 4F       		.byte	79
 200 00ab 01       		.byte	1
 201 00ac 50       		.byte	80
 202 00ad 18       		.byte	24
 203 00ae 54       		.byte	84
 204 00af 18       		.byte	24
 205 00b0 58       		.byte	88
 206 00b1 04       		.byte	4
 207 00b2 59       		.byte	89
 208 00b3 04       		.byte	4
 209 00b4 5A       		.byte	90
 210 00b5 04       		.byte	4
 211 00b6 5B       		.byte	91
 212 00b7 04       		.byte	4
 213 00b8 5C       		.byte	92
 214 00b9 12       		.byte	18
 215 00ba 5D       		.byte	93
 216 00bb 10       		.byte	16
 217 00bc 5F       		.byte	95
 218 00bd 01       		.byte	1
 219 00be 60       		.byte	96
 220 00bf 40       		.byte	64
 221 00c0 62       		.byte	98
 222 00c1 40       		.byte	64
 223 00c2 64       		.byte	100
 224 00c3 40       		.byte	64
 225 00c4 65       		.byte	101
 226 00c5 40       		.byte	64
 227 00c6 66       		.byte	102
 228 00c7 80       		.byte	-128
ARM GAS  C:\Users\PYBL\AppData\Local\Temp\ccoYiyT9.s 			page 5


 229 00c8 68       		.byte	104
 230 00c9 80       		.byte	-128
 231 00ca 6A       		.byte	106
 232 00cb 80       		.byte	-128
 233 00cc 6C       		.byte	108
 234 00cd 80       		.byte	-128
 235 00ce 6E       		.byte	110
 236 00cf 80       		.byte	-128
 237 00d0 82       		.byte	-126
 238 00d1 03       		.byte	3
 239 00d2 8F       		.byte	-113
 240 00d3 09       		.byte	9
 241 00d4 98       		.byte	-104
 242 00d5 02       		.byte	2
 243 00d6 9A       		.byte	-102
 244 00d7 01       		.byte	1
 245 00d8 9B       		.byte	-101
 246 00d9 0F       		.byte	15
 247 00da 9C       		.byte	-100
 248 00db 01       		.byte	1
 249 00dc 9E       		.byte	-98
 250 00dd 06       		.byte	6
 251 00de 9F       		.byte	-97
 252 00df 0E       		.byte	14
 253 00e0 AB       		.byte	-85
 254 00e1 03       		.byte	3
 255 00e2 AD       		.byte	-83
 256 00e3 05       		.byte	5
 257 00e4 B0       		.byte	-80
 258 00e5 03       		.byte	3
 259 00e6 B2       		.byte	-78
 260 00e7 03       		.byte	3
 261 00e8 B4       		.byte	-76
 262 00e9 04       		.byte	4
 263 00ea B7       		.byte	-73
 264 00eb 0F       		.byte	15
 265 00ec BB       		.byte	-69
 266 00ed 80       		.byte	-128
 267 00ee BE       		.byte	-66
 268 00ef 05       		.byte	5
 269 00f0 C0       		.byte	-64
 270 00f1 12       		.byte	18
 271 00f2 C2       		.byte	-62
 272 00f3 03       		.byte	3
 273 00f4 C9       		.byte	-55
 274 00f5 FF       		.byte	-1
 275 00f6 CA       		.byte	-54
 276 00f7 FF       		.byte	-1
 277 00f8 CB       		.byte	-53
 278 00f9 FF       		.byte	-1
 279 00fa CD       		.byte	-51
 280 00fb 83       		.byte	-125
 281 00fc CE       		.byte	-50
 282 00fd 03       		.byte	3
 283 00fe CF       		.byte	-49
 284 00ff 01       		.byte	1
 285 0100 D0       		.byte	-48
ARM GAS  C:\Users\PYBL\AppData\Local\Temp\ccoYiyT9.s 			page 6


 286 0101 18       		.byte	24
 287 0102 D8       		.byte	-40
 288 0103 04       		.byte	4
 289 0104 D9       		.byte	-39
 290 0105 04       		.byte	4
 291 0106 DA       		.byte	-38
 292 0107 04       		.byte	4
 293 0108 DF       		.byte	-33
 294 0109 01       		.byte	1
 295 010a E0       		.byte	-32
 296 010b 40       		.byte	64
 297 010c E2       		.byte	-30
 298 010d 40       		.byte	64
 299 010e E4       		.byte	-28
 300 010f 40       		.byte	64
 301 0110 E5       		.byte	-27
 302 0111 40       		.byte	64
 303 0112 E6       		.byte	-26
 304 0113 80       		.byte	-128
 305 0114 E8       		.byte	-24
 306 0115 80       		.byte	-128
 307 0116 EA       		.byte	-22
 308 0117 80       		.byte	-128
 309 0118 EC       		.byte	-20
 310 0119 80       		.byte	-128
 311 011a EE       		.byte	-18
 312 011b 80       		.byte	-128
 313 011c 01       		.byte	1
 314 011d A8       		.byte	-88
 315 011e 07       		.byte	7
 316 011f 40       		.byte	64
 317 0120 08       		.byte	8
 318 0121 01       		.byte	1
 319 0122 0A       		.byte	10
 320 0123 28       		.byte	40
 321 0124 0B       		.byte	11
 322 0125 02       		.byte	2
 323 0126 0E       		.byte	14
 324 0127 09       		.byte	9
 325 0128 12       		.byte	18
 326 0129 0C       		.byte	12
 327 012a 13       		.byte	19
 328 012b 08       		.byte	8
 329 012c 18       		.byte	24
 330 012d 04       		.byte	4
 331 012e 19       		.byte	25
 332 012f 04       		.byte	4
 333 0130 1A       		.byte	26
 334 0131 01       		.byte	1
 335 0132 1B       		.byte	27
 336 0133 01       		.byte	1
 337 0134 1D       		.byte	29
 338 0135 08       		.byte	8
 339 0136 1E       		.byte	30
 340 0137 A8       		.byte	-88
 341 0138 21       		.byte	33
 342 0139 05       		.byte	5
ARM GAS  C:\Users\PYBL\AppData\Local\Temp\ccoYiyT9.s 			page 7


 343 013a 22       		.byte	34
 344 013b 04       		.byte	4
 345 013c 25       		.byte	37
 346 013d 40       		.byte	64
 347 013e 29       		.byte	41
 348 013f A0       		.byte	-96
 349 0140 2A       		.byte	42
 350 0141 0A       		.byte	10
 351 0142 2F       		.byte	47
 352 0143 0A       		.byte	10
 353 0144 31       		.byte	49
 354 0145 80       		.byte	-128
 355 0146 32       		.byte	50
 356 0147 02       		.byte	2
 357 0148 33       		.byte	51
 358 0149 14       		.byte	20
 359 014a 35       		.byte	53
 360 014b 40       		.byte	64
 361 014c 36       		.byte	54
 362 014d 10       		.byte	16
 363 014e 39       		.byte	57
 364 014f 02       		.byte	2
 365 0150 3A       		.byte	58
 366 0151 44       		.byte	68
 367 0152 3B       		.byte	59
 368 0153 10       		.byte	16
 369 0154 3D       		.byte	61
 370 0155 80       		.byte	-128
 371 0156 41       		.byte	65
 372 0157 08       		.byte	8
 373 0158 43       		.byte	67
 374 0159 60       		.byte	96
 375 015a 45       		.byte	69
 376 015b 18       		.byte	24
 377 015c 47       		.byte	71
 378 015d 40       		.byte	64
 379 015e 59       		.byte	89
 380 015f 01       		.byte	1
 381 0160 60       		.byte	96
 382 0161 04       		.byte	4
 383 0162 63       		.byte	99
 384 0163 02       		.byte	2
 385 0164 C0       		.byte	-64
 386 0165 17       		.byte	23
 387 0166 C2       		.byte	-62
 388 0167 CF       		.byte	-49
 389 0168 C4       		.byte	-60
 390 0169 06       		.byte	6
 391 016a CA       		.byte	-54
 392 016b 3F       		.byte	63
 393 016c CC       		.byte	-52
 394 016d 3F       		.byte	63
 395 016e CE       		.byte	-50
 396 016f 1F       		.byte	31
 397 0170 D0       		.byte	-48
 398 0171 7E       		.byte	126
 399 0172 D6       		.byte	-42
ARM GAS  C:\Users\PYBL\AppData\Local\Temp\ccoYiyT9.s 			page 8


 400 0173 01       		.byte	1
 401 0174 D8       		.byte	-40
 402 0175 0C       		.byte	12
 403 0176 19       		.byte	25
 404 0177 01       		.byte	1
 405 0178 33       		.byte	51
 406 0179 01       		.byte	1
 407 017a 3F       		.byte	63
 408 017b 04       		.byte	4
 409 017c 40       		.byte	64
 410 017d 12       		.byte	18
 411 017e 42       		.byte	66
 412 017f 03       		.byte	3
 413 0180 45       		.byte	69
 414 0181 EC       		.byte	-20
 415 0182 46       		.byte	70
 416 0183 20       		.byte	32
 417 0184 48       		.byte	72
 418 0185 0B       		.byte	11
 419 0186 49       		.byte	73
 420 0187 FF       		.byte	-1
 421 0188 4A       		.byte	74
 422 0189 FF       		.byte	-1
 423 018a 4B       		.byte	75
 424 018b FF       		.byte	-1
 425 018c 4D       		.byte	77
 426 018d 83       		.byte	-125
 427 018e 4E       		.byte	78
 428 018f 03       		.byte	3
 429 0190 4F       		.byte	79
 430 0191 01       		.byte	1
 431 0192 50       		.byte	80
 432 0193 18       		.byte	24
 433 0194 56       		.byte	86
 434 0195 08       		.byte	8
 435 0196 59       		.byte	89
 436 0197 04       		.byte	4
 437 0198 5A       		.byte	90
 438 0199 04       		.byte	4
 439 019a 5B       		.byte	91
 440 019b 04       		.byte	4
 441 019c 5D       		.byte	93
 442 019d 90       		.byte	-112
 443 019e 5F       		.byte	95
 444 019f 01       		.byte	1
 445 01a0 60       		.byte	96
 446 01a1 40       		.byte	64
 447 01a2 62       		.byte	98
 448 01a3 40       		.byte	64
 449 01a4 64       		.byte	100
 450 01a5 40       		.byte	64
 451 01a6 65       		.byte	101
 452 01a7 40       		.byte	64
 453 01a8 66       		.byte	102
 454 01a9 80       		.byte	-128
 455 01aa 68       		.byte	104
 456 01ab 80       		.byte	-128
ARM GAS  C:\Users\PYBL\AppData\Local\Temp\ccoYiyT9.s 			page 9


 457 01ac 6A       		.byte	106
 458 01ad 80       		.byte	-128
 459 01ae 6C       		.byte	108
 460 01af 80       		.byte	-128
 461 01b0 6E       		.byte	110
 462 01b1 80       		.byte	-128
 463 01b2 00       		.byte	0
 464 01b3 14       		.byte	20
 465 01b4 02       		.byte	2
 466 01b5 01       		.byte	1
 467 01b6 03       		.byte	3
 468 01b7 80       		.byte	-128
 469 01b8 09       		.byte	9
 470 01b9 80       		.byte	-128
 471 01ba 0A       		.byte	10
 472 01bb 04       		.byte	4
 473 01bc 0B       		.byte	11
 474 01bd 90       		.byte	-112
 475 01be 10       		.byte	16
 476 01bf 22       		.byte	34
 477 01c0 11       		.byte	17
 478 01c1 04       		.byte	4
 479 01c2 12       		.byte	18
 480 01c3 48       		.byte	72
 481 01c4 18       		.byte	24
 482 01c5 10       		.byte	16
 483 01c6 19       		.byte	25
 484 01c7 B1       		.byte	-79
 485 01c8 1A       		.byte	26
 486 01c9 04       		.byte	4
 487 01ca 1B       		.byte	27
 488 01cb 80       		.byte	-128
 489 01cc 20       		.byte	32
 490 01cd 44       		.byte	68
 491 01ce 22       		.byte	34
 492 01cf 14       		.byte	20
 493 01d0 27       		.byte	39
 494 01d1 20       		.byte	32
 495 01d2 28       		.byte	40
 496 01d3 02       		.byte	2
 497 01d4 29       		.byte	41
 498 01d5 10       		.byte	16
 499 01d6 2A       		.byte	42
 500 01d7 04       		.byte	4
 501 01d8 2B       		.byte	43
 502 01d9 80       		.byte	-128
 503 01da 30       		.byte	48
 504 01db 0A       		.byte	10
 505 01dc 31       		.byte	49
 506 01dd 82       		.byte	-126
 507 01de 32       		.byte	50
 508 01df 10       		.byte	16
 509 01e0 36       		.byte	54
 510 01e1 20       		.byte	32
 511 01e2 39       		.byte	57
 512 01e3 06       		.byte	6
 513 01e4 3A       		.byte	58
ARM GAS  C:\Users\PYBL\AppData\Local\Temp\ccoYiyT9.s 			page 10


 514 01e5 01       		.byte	1
 515 01e6 3B       		.byte	59
 516 01e7 90       		.byte	-112
 517 01e8 40       		.byte	64
 518 01e9 44       		.byte	68
 519 01ea 41       		.byte	65
 520 01eb 04       		.byte	4
 521 01ec 45       		.byte	69
 522 01ed 18       		.byte	24
 523 01ee 47       		.byte	71
 524 01ef 40       		.byte	64
 525 01f0 49       		.byte	73
 526 01f1 28       		.byte	40
 527 01f2 4A       		.byte	74
 528 01f3 01       		.byte	1
 529 01f4 4B       		.byte	75
 530 01f5 80       		.byte	-128
 531 01f6 4D       		.byte	77
 532 01f7 02       		.byte	2
 533 01f8 4F       		.byte	79
 534 01f9 04       		.byte	4
 535 01fa 53       		.byte	83
 536 01fb 01       		.byte	1
 537 01fc 55       		.byte	85
 538 01fd 10       		.byte	16
 539 01fe 56       		.byte	86
 540 01ff 10       		.byte	16
 541 0200 57       		.byte	87
 542 0201 20       		.byte	32
 543 0202 5F       		.byte	95
 544 0203 40       		.byte	64
 545 0204 64       		.byte	100
 546 0205 02       		.byte	2
 547 0206 66       		.byte	102
 548 0207 40       		.byte	64
 549 0208 83       		.byte	-125
 550 0209 20       		.byte	32
 551 020a 91       		.byte	-111
 552 020b 0A       		.byte	10
 553 020c 96       		.byte	-106
 554 020d 20       		.byte	32
 555 020e 97       		.byte	-105
 556 020f 12       		.byte	18
 557 0210 99       		.byte	-103
 558 0211 04       		.byte	4
 559 0212 9A       		.byte	-102
 560 0213 04       		.byte	4
 561 0214 9C       		.byte	-100
 562 0215 01       		.byte	1
 563 0216 9D       		.byte	-99
 564 0217 E9       		.byte	-23
 565 0218 9E       		.byte	-98
 566 0219 48       		.byte	72
 567 021a 9F       		.byte	-97
 568 021b 5C       		.byte	92
 569 021c A1       		.byte	-95
 570 021d 48       		.byte	72
ARM GAS  C:\Users\PYBL\AppData\Local\Temp\ccoYiyT9.s 			page 11


 571 021e A2       		.byte	-94
 572 021f 40       		.byte	64
 573 0220 A5       		.byte	-91
 574 0221 90       		.byte	-112
 575 0222 A6       		.byte	-90
 576 0223 0A       		.byte	10
 577 0224 A7       		.byte	-89
 578 0225 2A       		.byte	42
 579 0226 AA       		.byte	-86
 580 0227 12       		.byte	18
 581 0228 C0       		.byte	-64
 582 0229 0F       		.byte	15
 583 022a C2       		.byte	-62
 584 022b 0F       		.byte	15
 585 022c C4       		.byte	-60
 586 022d 0F       		.byte	15
 587 022e CA       		.byte	-54
 588 022f 0F       		.byte	15
 589 0230 CC       		.byte	-52
 590 0231 2F       		.byte	47
 591 0232 CE       		.byte	-50
 592 0233 0F       		.byte	15
 593 0234 D0       		.byte	-48
 594 0235 77       		.byte	119
 595 0236 D2       		.byte	-46
 596 0237 0C       		.byte	12
 597 0238 D6       		.byte	-42
 598 0239 10       		.byte	16
 599 023a D8       		.byte	-40
 600 023b 10       		.byte	16
 601 023c 02       		.byte	2
 602 023d 08       		.byte	8
 603 023e 04       		.byte	4
 604 023f D1       		.byte	-47
 605 0240 05       		.byte	5
 606 0241 0E       		.byte	14
 607 0242 06       		.byte	6
 608 0243 06       		.byte	6
 609 0244 08       		.byte	8
 610 0245 8C       		.byte	-116
 611 0246 09       		.byte	9
 612 0247 0E       		.byte	14
 613 0248 0A       		.byte	10
 614 0249 13       		.byte	19
 615 024a 0D       		.byte	13
 616 024b 08       		.byte	8
 617 024c 0E       		.byte	14
 618 024d 10       		.byte	16
 619 024e 0F       		.byte	15
 620 024f 02       		.byte	2
 621 0250 10       		.byte	16
 622 0251 D1       		.byte	-47
 623 0252 11       		.byte	17
 624 0253 02       		.byte	2
 625 0254 12       		.byte	18
 626 0255 0E       		.byte	14
 627 0256 13       		.byte	19
ARM GAS  C:\Users\PYBL\AppData\Local\Temp\ccoYiyT9.s 			page 12


 628 0257 0C       		.byte	12
 629 0258 17       		.byte	23
 630 0259 01       		.byte	1
 631 025a 19       		.byte	25
 632 025b 01       		.byte	1
 633 025c 1A       		.byte	26
 634 025d 53       		.byte	83
 635 025e 1E       		.byte	30
 636 025f 0C       		.byte	12
 637 0260 20       		.byte	32
 638 0261 20       		.byte	32
 639 0262 21       		.byte	33
 640 0263 04       		.byte	4
 641 0264 23       		.byte	35
 642 0265 02       		.byte	2
 643 0266 24       		.byte	36
 644 0267 20       		.byte	32
 645 0268 28       		.byte	40
 646 0269 20       		.byte	32
 647 026a 29       		.byte	41
 648 026b 01       		.byte	1
 649 026c 2F       		.byte	47
 650 026d 01       		.byte	1
 651 026e 30       		.byte	48
 652 026f 10       		.byte	16
 653 0270 31       		.byte	49
 654 0271 0E       		.byte	14
 655 0272 32       		.byte	50
 656 0273 20       		.byte	32
 657 0274 34       		.byte	52
 658 0275 0F       		.byte	15
 659 0276 35       		.byte	53
 660 0277 01       		.byte	1
 661 0278 36       		.byte	54
 662 0279 C0       		.byte	-64
 663 027a 38       		.byte	56
 664 027b 80       		.byte	-128
 665 027c 39       		.byte	57
 666 027d 20       		.byte	32
 667 027e 3A       		.byte	58
 668 027f 20       		.byte	32
 669 0280 3E       		.byte	62
 670 0281 41       		.byte	65
 671 0282 40       		.byte	64
 672 0283 01       		.byte	1
 673 0284 45       		.byte	69
 674 0285 40       		.byte	64
 675 0286 49       		.byte	73
 676 0287 FF       		.byte	-1
 677 0288 4A       		.byte	74
 678 0289 07       		.byte	7
 679 028a 4B       		.byte	75
 680 028b FF       		.byte	-1
 681 028c 4C       		.byte	76
 682 028d 40       		.byte	64
 683 028e 4D       		.byte	77
 684 028f 20       		.byte	32
ARM GAS  C:\Users\PYBL\AppData\Local\Temp\ccoYiyT9.s 			page 13


 685 0290 4E       		.byte	78
 686 0291 F0       		.byte	-16
 687 0292 4F       		.byte	79
 688 0293 05       		.byte	5
 689 0294 50       		.byte	80
 690 0295 08       		.byte	8
 691 0296 56       		.byte	86
 692 0297 02       		.byte	2
 693 0298 57       		.byte	87
 694 0299 12       		.byte	18
 695 029a 58       		.byte	88
 696 029b 04       		.byte	4
 697 029c 59       		.byte	89
 698 029d 04       		.byte	4
 699 029e 5A       		.byte	90
 700 029f 04       		.byte	4
 701 02a0 5B       		.byte	91
 702 02a1 04       		.byte	4
 703 02a2 5C       		.byte	92
 704 02a3 11       		.byte	17
 705 02a4 5D       		.byte	93
 706 02a5 11       		.byte	17
 707 02a6 5F       		.byte	95
 708 02a7 01       		.byte	1
 709 02a8 60       		.byte	96
 710 02a9 40       		.byte	64
 711 02aa 61       		.byte	97
 712 02ab A8       		.byte	-88
 713 02ac 62       		.byte	98
 714 02ad 40       		.byte	64
 715 02ae 63       		.byte	99
 716 02af 20       		.byte	32
 717 02b0 80       		.byte	-128
 718 02b1 01       		.byte	1
 719 02b2 82       		.byte	-126
 720 02b3 02       		.byte	2
 721 02b4 8C       		.byte	-116
 722 02b5 03       		.byte	3
 723 02b6 8D       		.byte	-115
 724 02b7 03       		.byte	3
 725 02b8 8F       		.byte	-113
 726 02b9 0C       		.byte	12
 727 02ba 90       		.byte	-112
 728 02bb 04       		.byte	4
 729 02bc 94       		.byte	-108
 730 02bd 01       		.byte	1
 731 02be 96       		.byte	-106
 732 02bf 02       		.byte	2
 733 02c0 99       		.byte	-103
 734 02c1 03       		.byte	3
 735 02c2 9B       		.byte	-101
 736 02c3 0C       		.byte	12
 737 02c4 9F       		.byte	-97
 738 02c5 0F       		.byte	15
 739 02c6 A0       		.byte	-96
 740 02c7 03       		.byte	3
 741 02c8 A1       		.byte	-95
ARM GAS  C:\Users\PYBL\AppData\Local\Temp\ccoYiyT9.s 			page 14


 742 02c9 05       		.byte	5
 743 02ca A3       		.byte	-93
 744 02cb 0A       		.byte	10
 745 02cc AD       		.byte	-83
 746 02cd 05       		.byte	5
 747 02ce AF       		.byte	-81
 748 02cf 0A       		.byte	10
 749 02d0 B3       		.byte	-77
 750 02d1 0F       		.byte	15
 751 02d2 B6       		.byte	-74
 752 02d3 07       		.byte	7
 753 02d4 BA       		.byte	-70
 754 02d5 C0       		.byte	-64
 755 02d6 D2       		.byte	-46
 756 02d7 83       		.byte	-125
 757 02d8 D8       		.byte	-40
 758 02d9 04       		.byte	4
 759 02da D9       		.byte	-39
 760 02db 04       		.byte	4
 761 02dc DB       		.byte	-37
 762 02dd 04       		.byte	4
 763 02de DF       		.byte	-33
 764 02df 01       		.byte	1
 765 02e0 00       		.byte	0
 766 02e1 08       		.byte	8
 767 02e2 01       		.byte	1
 768 02e3 20       		.byte	32
 769 02e4 02       		.byte	2
 770 02e5 82       		.byte	-126
 771 02e6 04       		.byte	4
 772 02e7 10       		.byte	16
 773 02e8 05       		.byte	5
 774 02e9 40       		.byte	64
 775 02ea 06       		.byte	6
 776 02eb 88       		.byte	-120
 777 02ec 08       		.byte	8
 778 02ed 20       		.byte	32
 779 02ee 0A       		.byte	10
 780 02ef 02       		.byte	2
 781 02f0 0B       		.byte	11
 782 02f1 88       		.byte	-120
 783 02f2 0E       		.byte	14
 784 02f3 A0       		.byte	-96
 785 02f4 11       		.byte	17
 786 02f5 14       		.byte	20
 787 02f6 13       		.byte	19
 788 02f7 02       		.byte	2
 789 02f8 17       		.byte	23
 790 02f9 01       		.byte	1
 791 02fa 18       		.byte	24
 792 02fb 10       		.byte	16
 793 02fc 19       		.byte	25
 794 02fd 20       		.byte	32
 795 02fe 1A       		.byte	26
 796 02ff 41       		.byte	65
 797 0300 1B       		.byte	27
 798 0301 10       		.byte	16
ARM GAS  C:\Users\PYBL\AppData\Local\Temp\ccoYiyT9.s 			page 15


 799 0302 1D       		.byte	29
 800 0303 40       		.byte	64
 801 0304 1F       		.byte	31
 802 0305 80       		.byte	-128
 803 0306 21       		.byte	33
 804 0307 02       		.byte	2
 805 0308 23       		.byte	35
 806 0309 08       		.byte	8
 807 030a 27       		.byte	39
 808 030b 20       		.byte	32
 809 030c 29       		.byte	41
 810 030d 90       		.byte	-112
 811 030e 2A       		.byte	42
 812 030f 01       		.byte	1
 813 0310 2F       		.byte	47
 814 0311 82       		.byte	-126
 815 0312 31       		.byte	49
 816 0313 02       		.byte	2
 817 0314 32       		.byte	50
 818 0315 18       		.byte	24
 819 0316 36       		.byte	54
 820 0317 50       		.byte	80
 821 0318 39       		.byte	57
 822 0319 14       		.byte	20
 823 031a 3A       		.byte	58
 824 031b 40       		.byte	64
 825 031c 3D       		.byte	61
 826 031d 80       		.byte	-128
 827 031e 3E       		.byte	62
 828 031f 80       		.byte	-128
 829 0320 42       		.byte	66
 830 0321 01       		.byte	1
 831 0322 4A       		.byte	74
 832 0323 80       		.byte	-128
 833 0324 4B       		.byte	75
 834 0325 08       		.byte	8
 835 0326 59       		.byte	89
 836 0327 04       		.byte	4
 837 0328 69       		.byte	105
 838 0329 14       		.byte	20
 839 032a 6B       		.byte	107
 840 032b 16       		.byte	22
 841 032c 6E       		.byte	110
 842 032d 20       		.byte	32
 843 032e 6F       		.byte	111
 844 032f 0B       		.byte	11
 845 0330 70       		.byte	112
 846 0331 34       		.byte	52
 847 0332 71       		.byte	113
 848 0333 80       		.byte	-128
 849 0334 73       		.byte	115
 850 0335 10       		.byte	16
 851 0336 77       		.byte	119
 852 0337 40       		.byte	64
 853 0338 80       		.byte	-128
 854 0339 10       		.byte	16
 855 033a 82       		.byte	-126
ARM GAS  C:\Users\PYBL\AppData\Local\Temp\ccoYiyT9.s 			page 16


 856 033b 01       		.byte	1
 857 033c 92       		.byte	-110
 858 033d 28       		.byte	40
 859 033e 93       		.byte	-109
 860 033f 04       		.byte	4
 861 0340 97       		.byte	-105
 862 0341 10       		.byte	16
 863 0342 99       		.byte	-103
 864 0343 96       		.byte	-106
 865 0344 9A       		.byte	-102
 866 0345 51       		.byte	81
 867 0346 9D       		.byte	-99
 868 0347 40       		.byte	64
 869 0348 9E       		.byte	-98
 870 0349 08       		.byte	8
 871 034a 9F       		.byte	-97
 872 034b 5C       		.byte	92
 873 034c A1       		.byte	-95
 874 034d 40       		.byte	64
 875 034e A2       		.byte	-94
 876 034f 40       		.byte	64
 877 0350 A4       		.byte	-92
 878 0351 28       		.byte	40
 879 0352 A5       		.byte	-91
 880 0353 82       		.byte	-126
 881 0354 A6       		.byte	-90
 882 0355 29       		.byte	41
 883 0356 A7       		.byte	-89
 884 0357 0A       		.byte	10
 885 0358 A8       		.byte	-88
 886 0359 20       		.byte	32
 887 035a AA       		.byte	-86
 888 035b 02       		.byte	2
 889 035c AC       		.byte	-84
 890 035d 01       		.byte	1
 891 035e AF       		.byte	-81
 892 035f 40       		.byte	64
 893 0360 C0       		.byte	-64
 894 0361 9F       		.byte	-97
 895 0362 C2       		.byte	-62
 896 0363 3B       		.byte	59
 897 0364 C4       		.byte	-60
 898 0365 1E       		.byte	30
 899 0366 CA       		.byte	-54
 900 0367 9D       		.byte	-99
 901 0368 CC       		.byte	-52
 902 0369 37       		.byte	55
 903 036a CE       		.byte	-50
 904 036b 1E       		.byte	30
 905 036c D0       		.byte	-48
 906 036d 08       		.byte	8
 907 036e D6       		.byte	-42
 908 036f 02       		.byte	2
 909 0370 EA       		.byte	-22
 910 0371 02       		.byte	2
 911 0372 02       		.byte	2
 912 0373 01       		.byte	1
ARM GAS  C:\Users\PYBL\AppData\Local\Temp\ccoYiyT9.s 			page 17


 913 0374 05       		.byte	5
 914 0375 10       		.byte	16
 915 0376 07       		.byte	7
 916 0377 0C       		.byte	12
 917 0378 09       		.byte	9
 918 0379 1C       		.byte	28
 919 037a 0B       		.byte	11
 920 037b 02       		.byte	2
 921 037c 0D       		.byte	13
 922 037d 09       		.byte	9
 923 037e 0E       		.byte	14
 924 037f 0C       		.byte	12
 925 0380 0F       		.byte	15
 926 0381 10       		.byte	16
 927 0382 11       		.byte	17
 928 0383 0C       		.byte	12
 929 0384 12       		.byte	18
 930 0385 04       		.byte	4
 931 0386 13       		.byte	19
 932 0387 11       		.byte	17
 933 0388 16       		.byte	22
 934 0389 52       		.byte	82
 935 038a 17       		.byte	23
 936 038b 03       		.byte	3
 937 038c 18       		.byte	24
 938 038d 30       		.byte	48
 939 038e 19       		.byte	25
 940 038f 14       		.byte	20
 941 0390 1A       		.byte	26
 942 0391 4A       		.byte	74
 943 0392 1C       		.byte	28
 944 0393 30       		.byte	48
 945 0394 1D       		.byte	29
 946 0395 10       		.byte	16
 947 0396 1E       		.byte	30
 948 0397 46       		.byte	70
 949 0398 20       		.byte	32
 950 0399 30       		.byte	48
 951 039a 22       		.byte	34
 952 039b 40       		.byte	64
 953 039c 26       		.byte	38
 954 039d 01       		.byte	1
 955 039e 28       		.byte	40
 956 039f 2C       		.byte	44
 957 03a0 2A       		.byte	42
 958 03a1 42       		.byte	66
 959 03a2 32       		.byte	50
 960 03a3 01       		.byte	1
 961 03a4 34       		.byte	52
 962 03a5 78       		.byte	120
 963 03a6 35       		.byte	53
 964 03a7 1F       		.byte	31
 965 03a8 36       		.byte	54
 966 03a9 0E       		.byte	14
 967 03aa 3A       		.byte	58
 968 03ab A0       		.byte	-96
 969 03ac 3E       		.byte	62
ARM GAS  C:\Users\PYBL\AppData\Local\Temp\ccoYiyT9.s 			page 18


 970 03ad 04       		.byte	4
 971 03ae 54       		.byte	84
 972 03af 03       		.byte	3
 973 03b0 56       		.byte	86
 974 03b1 04       		.byte	4
 975 03b2 58       		.byte	88
 976 03b3 04       		.byte	4
 977 03b4 59       		.byte	89
 978 03b5 04       		.byte	4
 979 03b6 5B       		.byte	91
 980 03b7 04       		.byte	4
 981 03b8 5C       		.byte	92
 982 03b9 11       		.byte	17
 983 03ba 5F       		.byte	95
 984 03bb 01       		.byte	1
 985 03bc 85       		.byte	-123
 986 03bd 06       		.byte	6
 987 03be 89       		.byte	-119
 988 03bf 02       		.byte	2
 989 03c0 90       		.byte	-112
 990 03c1 01       		.byte	1
 991 03c2 94       		.byte	-108
 992 03c3 01       		.byte	1
 993 03c4 95       		.byte	-107
 994 03c5 06       		.byte	6
 995 03c6 97       		.byte	-105
 996 03c7 01       		.byte	1
 997 03c8 98       		.byte	-104
 998 03c9 02       		.byte	2
 999 03ca 99       		.byte	-103
 1000 03cb 01       		.byte	1
 1001 03cc 9B       		.byte	-101
 1002 03cd 06       		.byte	6
 1003 03ce 9D       		.byte	-99
 1004 03cf 04       		.byte	4
 1005 03d0 A7       		.byte	-89
 1006 03d1 01       		.byte	1
 1007 03d2 A9       		.byte	-87
 1008 03d3 07       		.byte	7
 1009 03d4 AA       		.byte	-86
 1010 03d5 01       		.byte	1
 1011 03d6 AD       		.byte	-83
 1012 03d7 06       		.byte	6
 1013 03d8 AF       		.byte	-81
 1014 03d9 01       		.byte	1
 1015 03da B3       		.byte	-77
 1016 03db 07       		.byte	7
 1017 03dc B6       		.byte	-74
 1018 03dd 03       		.byte	3
 1019 03de B8       		.byte	-72
 1020 03df 80       		.byte	-128
 1021 03e0 BB       		.byte	-69
 1022 03e1 08       		.byte	8
 1023 03e2 C0       		.byte	-64
 1024 03e3 63       		.byte	99
 1025 03e4 C1       		.byte	-63
 1026 03e5 05       		.byte	5
ARM GAS  C:\Users\PYBL\AppData\Local\Temp\ccoYiyT9.s 			page 19


 1027 03e6 C5       		.byte	-59
 1028 03e7 0B       		.byte	11
 1029 03e8 C7       		.byte	-57
 1030 03e9 CE       		.byte	-50
 1031 03ea C8       		.byte	-56
 1032 03eb 31       		.byte	49
 1033 03ec C9       		.byte	-55
 1034 03ed FF       		.byte	-1
 1035 03ee CA       		.byte	-54
 1036 03ef FF       		.byte	-1
 1037 03f0 CB       		.byte	-53
 1038 03f1 FF       		.byte	-1
 1039 03f2 CE       		.byte	-50
 1040 03f3 F0       		.byte	-16
 1041 03f4 CF       		.byte	-49
 1042 03f5 44       		.byte	68
 1043 03f6 D0       		.byte	-48
 1044 03f7 0C       		.byte	12
 1045 03f8 D4       		.byte	-44
 1046 03f9 01       		.byte	1
 1047 03fa D8       		.byte	-40
 1048 03fb 04       		.byte	4
 1049 03fc D9       		.byte	-39
 1050 03fd 04       		.byte	4
 1051 03fe DA       		.byte	-38
 1052 03ff 04       		.byte	4
 1053 0400 DB       		.byte	-37
 1054 0401 04       		.byte	4
 1055 0402 DC       		.byte	-36
 1056 0403 11       		.byte	17
 1057 0404 DD       		.byte	-35
 1058 0405 11       		.byte	17
 1059 0406 DF       		.byte	-33
 1060 0407 01       		.byte	1
 1061 0408 E6       		.byte	-26
 1062 0409 C0       		.byte	-64
 1063 040a EA       		.byte	-22
 1064 040b 40       		.byte	64
 1065 040c EB       		.byte	-21
 1066 040d 02       		.byte	2
 1067 040e 05       		.byte	5
 1068 040f 40       		.byte	64
 1069 0410 07       		.byte	7
 1070 0411 40       		.byte	64
 1071 0412 08       		.byte	8
 1072 0413 20       		.byte	32
 1073 0414 0B       		.byte	11
 1074 0415 A0       		.byte	-96
 1075 0416 0D       		.byte	13
 1076 0417 04       		.byte	4
 1077 0418 0E       		.byte	14
 1078 0419 86       		.byte	-122
 1079 041a 11       		.byte	17
 1080 041b 10       		.byte	16
 1081 041c 15       		.byte	21
 1082 041d 12       		.byte	18
 1083 041e 16       		.byte	22
ARM GAS  C:\Users\PYBL\AppData\Local\Temp\ccoYiyT9.s 			page 20


 1084 041f 10       		.byte	16
 1085 0420 19       		.byte	25
 1086 0421 40       		.byte	64
 1087 0422 1A       		.byte	26
 1088 0423 02       		.byte	2
 1089 0424 1B       		.byte	27
 1090 0425 40       		.byte	64
 1091 0426 1C       		.byte	28
 1092 0427 08       		.byte	8
 1093 0428 1E       		.byte	30
 1094 0429 06       		.byte	6
 1095 042a 1F       		.byte	31
 1096 042b 58       		.byte	88
 1097 042c 22       		.byte	34
 1098 042d 08       		.byte	8
 1099 042e 26       		.byte	38
 1100 042f 20       		.byte	32
 1101 0430 27       		.byte	39
 1102 0431 04       		.byte	4
 1103 0432 29       		.byte	41
 1104 0433 90       		.byte	-112
 1105 0434 2A       		.byte	42
 1106 0435 08       		.byte	8
 1107 0436 31       		.byte	49
 1108 0437 80       		.byte	-128
 1109 0438 32       		.byte	50
 1110 0439 18       		.byte	24
 1111 043a 36       		.byte	54
 1112 043b D1       		.byte	-47
 1113 043c 37       		.byte	55
 1114 043d 04       		.byte	4
 1115 043e 38       		.byte	56
 1116 043f 28       		.byte	40
 1117 0440 3C       		.byte	60
 1118 0441 08       		.byte	8
 1119 0442 3D       		.byte	61
 1120 0443 10       		.byte	16
 1121 0444 3F       		.byte	63
 1122 0445 A0       		.byte	-96
 1123 0446 40       		.byte	64
 1124 0447 20       		.byte	32
 1125 0448 41       		.byte	65
 1126 0449 04       		.byte	4
 1127 044a 48       		.byte	72
 1128 044b 04       		.byte	4
 1129 044c 4A       		.byte	74
 1130 044d 10       		.byte	16
 1131 044e 4B       		.byte	75
 1132 044f 80       		.byte	-128
 1133 0450 50       		.byte	80
 1134 0451 08       		.byte	8
 1135 0452 51       		.byte	81
 1136 0453 01       		.byte	1
 1137 0454 52       		.byte	82
 1138 0455 02       		.byte	2
 1139 0456 59       		.byte	89
 1140 0457 20       		.byte	32
ARM GAS  C:\Users\PYBL\AppData\Local\Temp\ccoYiyT9.s 			page 21


 1141 0458 5A       		.byte	90
 1142 0459 48       		.byte	72
 1143 045a 5B       		.byte	91
 1144 045b 01       		.byte	1
 1145 045c 5D       		.byte	93
 1146 045d 02       		.byte	2
 1147 045e 5F       		.byte	95
 1148 045f 64       		.byte	100
 1149 0460 66       		.byte	102
 1150 0461 01       		.byte	1
 1151 0462 82       		.byte	-126
 1152 0463 01       		.byte	1
 1153 0464 90       		.byte	-112
 1154 0465 28       		.byte	40
 1155 0466 92       		.byte	-110
 1156 0467 68       		.byte	104
 1157 0468 93       		.byte	-109
 1158 0469 04       		.byte	4
 1159 046a 96       		.byte	-106
 1160 046b 02       		.byte	2
 1161 046c 97       		.byte	-105
 1162 046d 80       		.byte	-128
 1163 046e 98       		.byte	-104
 1164 046f 20       		.byte	32
 1165 0470 99       		.byte	-103
 1166 0471 92       		.byte	-110
 1167 0472 9A       		.byte	-102
 1168 0473 18       		.byte	24
 1169 0474 9B       		.byte	-101
 1170 0475 60       		.byte	96
 1171 0476 A1       		.byte	-95
 1172 0477 80       		.byte	-128
 1173 0478 A2       		.byte	-94
 1174 0479 80       		.byte	-128
 1175 047a A3       		.byte	-93
 1176 047b 10       		.byte	16
 1177 047c A4       		.byte	-92
 1178 047d 0C       		.byte	12
 1179 047e A6       		.byte	-90
 1180 047f 2A       		.byte	42
 1181 0480 C0       		.byte	-64
 1182 0481 90       		.byte	-112
 1183 0482 C2       		.byte	-62
 1184 0483 FE       		.byte	-2
 1185 0484 C4       		.byte	-60
 1186 0485 72       		.byte	114
 1187 0486 CA       		.byte	-54
 1188 0487 0E       		.byte	14
 1189 0488 CC       		.byte	-52
 1190 0489 FE       		.byte	-2
 1191 048a CE       		.byte	-50
 1192 048b 76       		.byte	118
 1193 048c D0       		.byte	-48
 1194 048d 02       		.byte	2
 1195 048e D2       		.byte	-46
 1196 048f 0C       		.byte	12
 1197 0490 D6       		.byte	-42
ARM GAS  C:\Users\PYBL\AppData\Local\Temp\ccoYiyT9.s 			page 22


 1198 0491 FF       		.byte	-1
 1199 0492 D8       		.byte	-40
 1200 0493 80       		.byte	-128
 1201 0494 EA       		.byte	-22
 1202 0495 02       		.byte	2
 1203 0496 AF       		.byte	-81
 1204 0497 48       		.byte	72
 1205 0498 B0       		.byte	-80
 1206 0499 08       		.byte	8
 1207 049a B1       		.byte	-79
 1208 049b 21       		.byte	33
 1209 049c B3       		.byte	-77
 1210 049d 01       		.byte	1
 1211 049e 33       		.byte	51
 1212 049f 10       		.byte	16
 1213 04a0 CC       		.byte	-52
 1214 04a1 10       		.byte	16
 1215 04a2 00       		.byte	0
 1216 04a3 08       		.byte	8
 1217 04a4 5F       		.byte	95
 1218 04a5 80       		.byte	-128
 1219 04a6 83       		.byte	-125
 1220 04a7 80       		.byte	-128
 1221 04a8 9F       		.byte	-97
 1222 04a9 10       		.byte	16
 1223 04aa C0       		.byte	-64
 1224 04ab 10       		.byte	16
 1225 04ac D6       		.byte	-42
 1226 04ad 20       		.byte	32
 1227 04ae E2       		.byte	-30
 1228 04af 80       		.byte	-128
 1229 04b0 9F       		.byte	-97
 1230 04b1 10       		.byte	16
 1231 04b2 AC       		.byte	-84
 1232 04b3 04       		.byte	4
 1233 04b4 EC       		.byte	-20
 1234 04b5 40       		.byte	64
 1235 04b6 83       		.byte	-125
 1236 04b7 10       		.byte	16
 1237 04b8 9F       		.byte	-97
 1238 04b9 10       		.byte	16
 1239 04ba E2       		.byte	-30
 1240 04bb 20       		.byte	32
 1241 04bc 97       		.byte	-105
 1242 04bd 04       		.byte	4
 1243 04be AF       		.byte	-81
 1244 04bf 04       		.byte	4
 1245 04c0 97       		.byte	-105
 1246 04c1 04       		.byte	4
 1247 04c2 0B       		.byte	11
 1248 04c3 04       		.byte	4
 1249 04c4 97       		.byte	-105
 1250 04c5 04       		.byte	4
 1251 04c6 C2       		.byte	-62
 1252 04c7 02       		.byte	2
 1253 04c8 00       		.byte	0
 1254 04c9 07       		.byte	7
ARM GAS  C:\Users\PYBL\AppData\Local\Temp\ccoYiyT9.s 			page 23


 1255 04ca 01       		.byte	1
 1256 04cb 01       		.byte	1
 1257 04cc 08       		.byte	8
 1258 04cd 07       		.byte	7
 1259 04ce 09       		.byte	9
 1260 04cf 01       		.byte	1
 1261 04d0 0A       		.byte	10
 1262 04d1 03       		.byte	3
 1263 04d2 00       		.byte	0
 1264 04d3 03       		.byte	3
 1265 04d4 70       		.byte	112
 1266 04d5 01       		.byte	1
 1267 04d6 0B       		.byte	11
 1268 04d7 40       		.byte	64
 1269 04d8 1F       		.byte	31
 1270 04d9 04       		.byte	4
 1271 04da 60       		.byte	96
 1272 04db 00       		.byte	0
 1273 04dc 00       		.byte	0
 1274 04dd 0C       		.byte	12
 1275 04de 10       		.byte	16
 1276 04df 00       		.byte	0
 1277 04e0 01       		.byte	1
 1278 04e1 00       		.byte	0
 1279 04e2 00       		.byte	0
 1280 04e3 03       		.byte	3
 1281 04e4 00       		.byte	0
 1282 04e5 03       		.byte	3
 1283 04e6 0F       		.byte	15
 1284 04e7 20       		.byte	32
 1285 04e8 60       		.byte	96
 1286 04e9 10       		.byte	16
 1287 04ea 00       		.byte	0
 1288 04eb 00       		.byte	0
 1289 04ec 7F       		.byte	127
 1290 04ed 03       		.byte	3
 1291 04ee 00       		.byte	0
 1292 04ef 0C       		.byte	12
 1293 04f0 40       		.byte	64
 1294 04f1 08       		.byte	8
 1295 04f2 00       		.byte	0
 1296 04f3 00       		.byte	0
 1297 04f4 12       		.byte	18
 1298 04f5 0C       		.byte	12
 1299 04f6 80       		.byte	-128
 1300 04f7 03       		.byte	3
 1301 04f8 20       		.byte	32
 1302 04f9 0F       		.byte	15
 1303 04fa 00       		.byte	0
 1304 04fb 00       		.byte	0
 1305 04fc 70       		.byte	112
 1306 04fd 0F       		.byte	15
 1307 04fe 07       		.byte	7
 1308 04ff 00       		.byte	0
 1309 0500 03       		.byte	3
 1310 0501 02       		.byte	2
 1311 0502 00       		.byte	0
ARM GAS  C:\Users\PYBL\AppData\Local\Temp\ccoYiyT9.s 			page 24


 1312 0503 40       		.byte	64
 1313 0504 03       		.byte	3
 1314 0505 60       		.byte	96
 1315 0506 80       		.byte	-128
 1316 0507 10       		.byte	16
 1317 0508 00       		.byte	0
 1318 0509 0F       		.byte	15
 1319 050a 7C       		.byte	124
 1320 050b 00       		.byte	0
 1321 050c 00       		.byte	0
 1322 050d 00       		.byte	0
 1323 050e A0       		.byte	-96
 1324 050f 20       		.byte	32
 1325 0510 00       		.byte	0
 1326 0511 00       		.byte	0
 1327 0512 00       		.byte	0
 1328 0513 05       		.byte	5
 1329 0514 25       		.byte	37
 1330 0515 06       		.byte	6
 1331 0516 03       		.byte	3
 1332 0517 00       		.byte	0
 1333 0518 04       		.byte	4
 1334 0519 0E       		.byte	14
 1335 051a 00       		.byte	0
 1336 051b C0       		.byte	-64
 1337 051c 21       		.byte	33
 1338 051d FF       		.byte	-1
 1339 051e FF       		.byte	-1
 1340 051f FF       		.byte	-1
 1341 0520 62       		.byte	98
 1342 0521 A0       		.byte	-96
 1343 0522 F0       		.byte	-16
 1344 0523 41       		.byte	65
 1345 0524 0C       		.byte	12
 1346 0525 00       		.byte	0
 1347 0526 00       		.byte	0
 1348 0527 00       		.byte	0
 1349 0528 00       		.byte	0
 1350 0529 00       		.byte	0
 1351 052a 00       		.byte	0
 1352 052b 00       		.byte	0
 1353 052c 04       		.byte	4
 1354 052d 04       		.byte	4
 1355 052e 04       		.byte	4
 1356 052f 00       		.byte	0
 1357 0530 11       		.byte	17
 1358 0531 01       		.byte	1
 1359 0532 00       		.byte	0
 1360 0533 01       		.byte	1
 1361 0534 00       		.byte	0
 1362 0535 00       		.byte	0
 1363 0536 00       		.byte	0
 1364 0537 00       		.byte	0
 1365 0538 00       		.byte	0
 1366 0539 00       		.byte	0
 1367 053a 40       		.byte	64
 1368 053b 02       		.byte	2
ARM GAS  C:\Users\PYBL\AppData\Local\Temp\ccoYiyT9.s 			page 25


 1369 053c 00       		.byte	0
 1370 053d 10       		.byte	16
 1371 053e 30       		.byte	48
 1372 053f 10       		.byte	16
 1373 0540 00       		.byte	0
 1374 0541 10       		.byte	16
 1375 0542 10       		.byte	16
 1376 0543 12       		.byte	18
 1377 0544 00       		.byte	0
 1378 0545 00       		.byte	0
 1379 0546 00       		.byte	0
 1380 0547 00       		.byte	0
 1381 0548 00       		.byte	0
 1382 0549 00       		.byte	0
 1383 054a 00       		.byte	0
 1384 054b 00       		.byte	0
 1385 054c 00       		.byte	0
 1386 054d 00       		.byte	0
 1387 054e 00       		.byte	0
 1388 054f 00       		.byte	0
 1389 0550 00       		.byte	0
 1390 0551 00       		.byte	0
 1391 0552 00       		.byte	0
 1392 0553 00       		.byte	0
 1393 0554 02       		.byte	2
 1394 0555 00       		.byte	0
 1395 0556 01       		.byte	1
 1396 0557 02       		.byte	2
 1397 0558 02       		.byte	2
 1398 0559 00       		.byte	0
 1399 055a 02       		.byte	2
 1400 055b 00       		.byte	0
 1401 055c 00       		.byte	0
 1402 055d 00       		.byte	0
 1403 055e 00       		.byte	0
 1404 055f 00       		.byte	0
 1405 0560 40       		.byte	64
 1406 0561 0B       		.byte	11
 1407 0562 0B       		.byte	11
 1408 0563 00       		.byte	0
 1409 0564 00       		.byte	0
 1410 0565 00       		.byte	0
 1411 0566 00       		.byte	0
 1412 0567 00       		.byte	0
 1413              		.section	.cywolatch,"a",%progbits
 1414              		.align	2
 1415              		.type	cy_meta_wonvl, %object
 1416              		.size	cy_meta_wonvl, 4
 1417              	cy_meta_wonvl:
 1418 0000 BC       		.byte	-68
 1419 0001 90       		.byte	-112
 1420 0002 AC       		.byte	-84
 1421 0003 AF       		.byte	-81
 1422              		.section	.cycustnvl,"a",%progbits
 1423              		.align	2
 1424              		.type	cy_meta_custnvl, %object
 1425              		.size	cy_meta_custnvl, 4
ARM GAS  C:\Users\PYBL\AppData\Local\Temp\ccoYiyT9.s 			page 26


 1426              	cy_meta_custnvl:
 1427 0000 00       		.byte	0
 1428 0001 00       		.byte	0
 1429 0002 40       		.byte	64
 1430 0003 05       		.byte	5
 1431              		.section	.cymeta,"a",%progbits
 1432              		.align	2
 1433              		.type	cy_metadata, %object
 1434              		.size	cy_metadata, 12
 1435              	cy_metadata:
 1436 0000 00       		.byte	0
 1437 0001 01       		.byte	1
 1438 0002 2E       		.byte	46
 1439 0003 12       		.byte	18
 1440 0004 70       		.byte	112
 1441 0005 69       		.byte	105
 1442 0006 00       		.byte	0
 1443 0007 01       		.byte	1
 1444 0008 00       		.byte	0
 1445 0009 00       		.byte	0
 1446 000a 00       		.byte	0
 1447 000b 00       		.byte	0
 1448              		.section	.cyflashprotect,"a",%progbits
 1449              		.align	2
 1450              		.type	cy_meta_flashprotect, %object
 1451              		.size	cy_meta_flashprotect, 256
 1452              	cy_meta_flashprotect:
 1453 0000 00000000 		.space	256
 1453      00000000 
 1453      00000000 
 1453      00000000 
 1453      00000000 
 1454              		.text
 1455              	.Letext0:
 1456              		.file 1 "c:\\program files (x86)\\cypress\\psoc creator\\4.4\\psoc creator\\import\\gnu\\arm\\5.4.
 1457              		.file 2 "c:\\program files (x86)\\cypress\\psoc creator\\4.4\\psoc creator\\import\\gnu\\arm\\5.4.
 1458              		.file 3 "Generated_Source\\PSoC5\\cymetadata.c"
 1459              		.section	.debug_info,"",%progbits
 1460              	.Ldebug_info0:
 1461 0000 32010000 		.4byte	0x132
 1462 0004 0400     		.2byte	0x4
 1463 0006 00000000 		.4byte	.Ldebug_abbrev0
 1464 000a 04       		.byte	0x4
 1465 000b 01       		.uleb128 0x1
 1466 000c 24000000 		.4byte	.LASF17
 1467 0010 0C       		.byte	0xc
 1468 0011 BF010000 		.4byte	.LASF18
 1469 0015 7E010000 		.4byte	.LASF19
 1470 0019 00000000 		.4byte	.Ldebug_line0
 1471 001d 02       		.uleb128 0x2
 1472 001e 01       		.byte	0x1
 1473 001f 06       		.byte	0x6
 1474 0020 72010000 		.4byte	.LASF0
 1475 0024 03       		.uleb128 0x3
 1476 0025 00000000 		.4byte	.LASF9
 1477 0029 01       		.byte	0x1
 1478 002a 1D       		.byte	0x1d
ARM GAS  C:\Users\PYBL\AppData\Local\Temp\ccoYiyT9.s 			page 27


 1479 002b 2F000000 		.4byte	0x2f
 1480 002f 02       		.uleb128 0x2
 1481 0030 01       		.byte	0x1
 1482 0031 08       		.byte	0x8
 1483 0032 16000000 		.4byte	.LASF1
 1484 0036 02       		.uleb128 0x2
 1485 0037 02       		.byte	0x2
 1486 0038 05       		.byte	0x5
 1487 0039 5F010000 		.4byte	.LASF2
 1488 003d 02       		.uleb128 0x2
 1489 003e 02       		.byte	0x2
 1490 003f 07       		.byte	0x7
 1491 0040 C4000000 		.4byte	.LASF3
 1492 0044 02       		.uleb128 0x2
 1493 0045 04       		.byte	0x4
 1494 0046 05       		.byte	0x5
 1495 0047 69010000 		.4byte	.LASF4
 1496 004b 02       		.uleb128 0x2
 1497 004c 04       		.byte	0x4
 1498 004d 07       		.byte	0x7
 1499 004e B2000000 		.4byte	.LASF5
 1500 0052 02       		.uleb128 0x2
 1501 0053 08       		.byte	0x8
 1502 0054 05       		.byte	0x5
 1503 0055 51010000 		.4byte	.LASF6
 1504 0059 02       		.uleb128 0x2
 1505 005a 08       		.byte	0x8
 1506 005b 07       		.byte	0x7
 1507 005c 06010000 		.4byte	.LASF7
 1508 0060 04       		.uleb128 0x4
 1509 0061 04       		.byte	0x4
 1510 0062 05       		.byte	0x5
 1511 0063 696E7400 		.ascii	"int\000"
 1512 0067 02       		.uleb128 0x2
 1513 0068 04       		.byte	0x4
 1514 0069 07       		.byte	0x7
 1515 006a F9000000 		.4byte	.LASF8
 1516 006e 03       		.uleb128 0x3
 1517 006f 1D010000 		.4byte	.LASF10
 1518 0073 02       		.byte	0x2
 1519 0074 18       		.byte	0x18
 1520 0075 24000000 		.4byte	0x24
 1521 0079 05       		.uleb128 0x5
 1522 007a 91000000 		.4byte	0x91
 1523 007e 8A000000 		.4byte	0x8a
 1524 0082 06       		.uleb128 0x6
 1525 0083 8A000000 		.4byte	0x8a
 1526 0087 6705     		.2byte	0x567
 1527 0089 00       		.byte	0
 1528 008a 02       		.uleb128 0x2
 1529 008b 04       		.byte	0x4
 1530 008c 07       		.byte	0x7
 1531 008d 48010000 		.4byte	.LASF11
 1532 0091 07       		.uleb128 0x7
 1533 0092 6E000000 		.4byte	0x6e
 1534 0096 08       		.uleb128 0x8
 1535 0097 E7000000 		.4byte	.LASF12
ARM GAS  C:\Users\PYBL\AppData\Local\Temp\ccoYiyT9.s 			page 28


 1536 009b 03       		.byte	0x3
 1537 009c 1F       		.byte	0x1f
 1538 009d A7000000 		.4byte	0xa7
 1539 00a1 05       		.uleb128 0x5
 1540 00a2 03       		.byte	0x3
 1541 00a3 00000000 		.4byte	cy_meta_configecc
 1542 00a7 07       		.uleb128 0x7
 1543 00a8 79000000 		.4byte	0x79
 1544 00ac 05       		.uleb128 0x5
 1545 00ad 91000000 		.4byte	0x91
 1546 00b1 BC000000 		.4byte	0xbc
 1547 00b5 09       		.uleb128 0x9
 1548 00b6 8A000000 		.4byte	0x8a
 1549 00ba 03       		.byte	0x3
 1550 00bb 00       		.byte	0
 1551 00bc 08       		.uleb128 0x8
 1552 00bd D7000000 		.4byte	.LASF13
 1553 00c1 03       		.byte	0x3
 1554 00c2 D9       		.byte	0xd9
 1555 00c3 CD000000 		.4byte	0xcd
 1556 00c7 05       		.uleb128 0x5
 1557 00c8 03       		.byte	0x3
 1558 00c9 00000000 		.4byte	cy_meta_custnvl
 1559 00cd 07       		.uleb128 0x7
 1560 00ce AC000000 		.4byte	0xac
 1561 00d2 08       		.uleb128 0x8
 1562 00d3 3A010000 		.4byte	.LASF14
 1563 00d7 03       		.byte	0x3
 1564 00d8 E7       		.byte	0xe7
 1565 00d9 E3000000 		.4byte	0xe3
 1566 00dd 05       		.uleb128 0x5
 1567 00de 03       		.byte	0x3
 1568 00df 00000000 		.4byte	cy_meta_wonvl
 1569 00e3 07       		.uleb128 0x7
 1570 00e4 AC000000 		.4byte	0xac
 1571 00e8 05       		.uleb128 0x5
 1572 00e9 91000000 		.4byte	0x91
 1573 00ed F8000000 		.4byte	0xf8
 1574 00f1 09       		.uleb128 0x9
 1575 00f2 8A000000 		.4byte	0x8a
 1576 00f6 FF       		.byte	0xff
 1577 00f7 00       		.byte	0
 1578 00f8 08       		.uleb128 0x8
 1579 00f9 25010000 		.4byte	.LASF15
 1580 00fd 03       		.byte	0x3
 1581 00fe F5       		.byte	0xf5
 1582 00ff 09010000 		.4byte	0x109
 1583 0103 05       		.uleb128 0x5
 1584 0104 03       		.byte	0x3
 1585 0105 00000000 		.4byte	cy_meta_flashprotect
 1586 0109 07       		.uleb128 0x7
 1587 010a E8000000 		.4byte	0xe8
 1588 010e 05       		.uleb128 0x5
 1589 010f 91000000 		.4byte	0x91
 1590 0113 1E010000 		.4byte	0x11e
 1591 0117 09       		.uleb128 0x9
 1592 0118 8A000000 		.4byte	0x8a
ARM GAS  C:\Users\PYBL\AppData\Local\Temp\ccoYiyT9.s 			page 29


 1593 011c 0B       		.byte	0xb
 1594 011d 00       		.byte	0
 1595 011e 0A       		.uleb128 0xa
 1596 011f 0A000000 		.4byte	.LASF16
 1597 0123 03       		.byte	0x3
 1598 0124 2201     		.2byte	0x122
 1599 0126 30010000 		.4byte	0x130
 1600 012a 05       		.uleb128 0x5
 1601 012b 03       		.byte	0x3
 1602 012c 00000000 		.4byte	cy_metadata
 1603 0130 07       		.uleb128 0x7
 1604 0131 0E010000 		.4byte	0x10e
 1605 0135 00       		.byte	0
 1606              		.section	.debug_abbrev,"",%progbits
 1607              	.Ldebug_abbrev0:
 1608 0000 01       		.uleb128 0x1
 1609 0001 11       		.uleb128 0x11
 1610 0002 01       		.byte	0x1
 1611 0003 25       		.uleb128 0x25
 1612 0004 0E       		.uleb128 0xe
 1613 0005 13       		.uleb128 0x13
 1614 0006 0B       		.uleb128 0xb
 1615 0007 03       		.uleb128 0x3
 1616 0008 0E       		.uleb128 0xe
 1617 0009 1B       		.uleb128 0x1b
 1618 000a 0E       		.uleb128 0xe
 1619 000b 10       		.uleb128 0x10
 1620 000c 17       		.uleb128 0x17
 1621 000d 00       		.byte	0
 1622 000e 00       		.byte	0
 1623 000f 02       		.uleb128 0x2
 1624 0010 24       		.uleb128 0x24
 1625 0011 00       		.byte	0
 1626 0012 0B       		.uleb128 0xb
 1627 0013 0B       		.uleb128 0xb
 1628 0014 3E       		.uleb128 0x3e
 1629 0015 0B       		.uleb128 0xb
 1630 0016 03       		.uleb128 0x3
 1631 0017 0E       		.uleb128 0xe
 1632 0018 00       		.byte	0
 1633 0019 00       		.byte	0
 1634 001a 03       		.uleb128 0x3
 1635 001b 16       		.uleb128 0x16
 1636 001c 00       		.byte	0
 1637 001d 03       		.uleb128 0x3
 1638 001e 0E       		.uleb128 0xe
 1639 001f 3A       		.uleb128 0x3a
 1640 0020 0B       		.uleb128 0xb
 1641 0021 3B       		.uleb128 0x3b
 1642 0022 0B       		.uleb128 0xb
 1643 0023 49       		.uleb128 0x49
 1644 0024 13       		.uleb128 0x13
 1645 0025 00       		.byte	0
 1646 0026 00       		.byte	0
 1647 0027 04       		.uleb128 0x4
 1648 0028 24       		.uleb128 0x24
 1649 0029 00       		.byte	0
ARM GAS  C:\Users\PYBL\AppData\Local\Temp\ccoYiyT9.s 			page 30


 1650 002a 0B       		.uleb128 0xb
 1651 002b 0B       		.uleb128 0xb
 1652 002c 3E       		.uleb128 0x3e
 1653 002d 0B       		.uleb128 0xb
 1654 002e 03       		.uleb128 0x3
 1655 002f 08       		.uleb128 0x8
 1656 0030 00       		.byte	0
 1657 0031 00       		.byte	0
 1658 0032 05       		.uleb128 0x5
 1659 0033 01       		.uleb128 0x1
 1660 0034 01       		.byte	0x1
 1661 0035 49       		.uleb128 0x49
 1662 0036 13       		.uleb128 0x13
 1663 0037 01       		.uleb128 0x1
 1664 0038 13       		.uleb128 0x13
 1665 0039 00       		.byte	0
 1666 003a 00       		.byte	0
 1667 003b 06       		.uleb128 0x6
 1668 003c 21       		.uleb128 0x21
 1669 003d 00       		.byte	0
 1670 003e 49       		.uleb128 0x49
 1671 003f 13       		.uleb128 0x13
 1672 0040 2F       		.uleb128 0x2f
 1673 0041 05       		.uleb128 0x5
 1674 0042 00       		.byte	0
 1675 0043 00       		.byte	0
 1676 0044 07       		.uleb128 0x7
 1677 0045 26       		.uleb128 0x26
 1678 0046 00       		.byte	0
 1679 0047 49       		.uleb128 0x49
 1680 0048 13       		.uleb128 0x13
 1681 0049 00       		.byte	0
 1682 004a 00       		.byte	0
 1683 004b 08       		.uleb128 0x8
 1684 004c 34       		.uleb128 0x34
 1685 004d 00       		.byte	0
 1686 004e 03       		.uleb128 0x3
 1687 004f 0E       		.uleb128 0xe
 1688 0050 3A       		.uleb128 0x3a
 1689 0051 0B       		.uleb128 0xb
 1690 0052 3B       		.uleb128 0x3b
 1691 0053 0B       		.uleb128 0xb
 1692 0054 49       		.uleb128 0x49
 1693 0055 13       		.uleb128 0x13
 1694 0056 3F       		.uleb128 0x3f
 1695 0057 19       		.uleb128 0x19
 1696 0058 02       		.uleb128 0x2
 1697 0059 18       		.uleb128 0x18
 1698 005a 00       		.byte	0
 1699 005b 00       		.byte	0
 1700 005c 09       		.uleb128 0x9
 1701 005d 21       		.uleb128 0x21
 1702 005e 00       		.byte	0
 1703 005f 49       		.uleb128 0x49
 1704 0060 13       		.uleb128 0x13
 1705 0061 2F       		.uleb128 0x2f
 1706 0062 0B       		.uleb128 0xb
ARM GAS  C:\Users\PYBL\AppData\Local\Temp\ccoYiyT9.s 			page 31


 1707 0063 00       		.byte	0
 1708 0064 00       		.byte	0
 1709 0065 0A       		.uleb128 0xa
 1710 0066 34       		.uleb128 0x34
 1711 0067 00       		.byte	0
 1712 0068 03       		.uleb128 0x3
 1713 0069 0E       		.uleb128 0xe
 1714 006a 3A       		.uleb128 0x3a
 1715 006b 0B       		.uleb128 0xb
 1716 006c 3B       		.uleb128 0x3b
 1717 006d 05       		.uleb128 0x5
 1718 006e 49       		.uleb128 0x49
 1719 006f 13       		.uleb128 0x13
 1720 0070 3F       		.uleb128 0x3f
 1721 0071 19       		.uleb128 0x19
 1722 0072 02       		.uleb128 0x2
 1723 0073 18       		.uleb128 0x18
 1724 0074 00       		.byte	0
 1725 0075 00       		.byte	0
 1726 0076 00       		.byte	0
 1727              		.section	.debug_aranges,"",%progbits
 1728 0000 14000000 		.4byte	0x14
 1729 0004 0200     		.2byte	0x2
 1730 0006 00000000 		.4byte	.Ldebug_info0
 1731 000a 04       		.byte	0x4
 1732 000b 00       		.byte	0
 1733 000c 0000     		.2byte	0
 1734 000e 0000     		.2byte	0
 1735 0010 00000000 		.4byte	0
 1736 0014 00000000 		.4byte	0
 1737              		.section	.debug_line,"",%progbits
 1738              	.Ldebug_line0:
 1739 0000 3D010000 		.section	.debug_str,"MS",%progbits,1
 1739      02003701 
 1739      00000201 
 1739      FB0E0D00 
 1739      01010101 
 1740              	.LASF9:
 1741 0000 5F5F7569 		.ascii	"__uint8_t\000"
 1741      6E74385F 
 1741      7400
 1742              	.LASF16:
 1743 000a 63795F6D 		.ascii	"cy_metadata\000"
 1743      65746164 
 1743      61746100 
 1744              	.LASF1:
 1745 0016 756E7369 		.ascii	"unsigned char\000"
 1745      676E6564 
 1745      20636861 
 1745      7200
 1746              	.LASF17:
 1747 0024 474E5520 		.ascii	"GNU C11 5.4.1 20160609 (release) [ARM/embedded-5-br"
 1747      43313120 
 1747      352E342E 
 1747      31203230 
 1747      31363036 
 1748 0057 616E6368 		.ascii	"anch revision 237715] -mcpu=cortex-m3 -mthumb -g -O"
ARM GAS  C:\Users\PYBL\AppData\Local\Temp\ccoYiyT9.s 			page 32


 1748      20726576 
 1748      6973696F 
 1748      6E203233 
 1748      37373135 
 1749 008a 67202D66 		.ascii	"g -ffunction-sections -ffat-lto-objects\000"
 1749      66756E63 
 1749      74696F6E 
 1749      2D736563 
 1749      74696F6E 
 1750              	.LASF5:
 1751 00b2 6C6F6E67 		.ascii	"long unsigned int\000"
 1751      20756E73 
 1751      69676E65 
 1751      6420696E 
 1751      7400
 1752              	.LASF3:
 1753 00c4 73686F72 		.ascii	"short unsigned int\000"
 1753      7420756E 
 1753      7369676E 
 1753      65642069 
 1753      6E7400
 1754              	.LASF13:
 1755 00d7 63795F6D 		.ascii	"cy_meta_custnvl\000"
 1755      6574615F 
 1755      63757374 
 1755      6E766C00 
 1756              	.LASF12:
 1757 00e7 63795F6D 		.ascii	"cy_meta_configecc\000"
 1757      6574615F 
 1757      636F6E66 
 1757      69676563 
 1757      6300
 1758              	.LASF8:
 1759 00f9 756E7369 		.ascii	"unsigned int\000"
 1759      676E6564 
 1759      20696E74 
 1759      00
 1760              	.LASF7:
 1761 0106 6C6F6E67 		.ascii	"long long unsigned int\000"
 1761      206C6F6E 
 1761      6720756E 
 1761      7369676E 
 1761      65642069 
 1762              	.LASF10:
 1763 011d 75696E74 		.ascii	"uint8_t\000"
 1763      385F7400 
 1764              	.LASF15:
 1765 0125 63795F6D 		.ascii	"cy_meta_flashprotect\000"
 1765      6574615F 
 1765      666C6173 
 1765      6870726F 
 1765      74656374 
 1766              	.LASF14:
 1767 013a 63795F6D 		.ascii	"cy_meta_wonvl\000"
 1767      6574615F 
 1767      776F6E76 
 1767      6C00
ARM GAS  C:\Users\PYBL\AppData\Local\Temp\ccoYiyT9.s 			page 33


 1768              	.LASF11:
 1769 0148 73697A65 		.ascii	"sizetype\000"
 1769      74797065 
 1769      00
 1770              	.LASF6:
 1771 0151 6C6F6E67 		.ascii	"long long int\000"
 1771      206C6F6E 
 1771      6720696E 
 1771      7400
 1772              	.LASF2:
 1773 015f 73686F72 		.ascii	"short int\000"
 1773      7420696E 
 1773      7400
 1774              	.LASF4:
 1775 0169 6C6F6E67 		.ascii	"long int\000"
 1775      20696E74 
 1775      00
 1776              	.LASF0:
 1777 0172 7369676E 		.ascii	"signed char\000"
 1777      65642063 
 1777      68617200 
 1778              	.LASF19:
 1779 017e 433A5C55 		.ascii	"C:\\Users\\PYBL\\Documents\\PSoC Creator\\Pruebas\\"
 1779      73657273 
 1779      5C505942 
 1779      4C5C446F 
 1779      63756D65 
 1780 01ab 494E5055 		.ascii	"INPUT_CAPTURE.cydsn\000"
 1780      545F4341 
 1780      50545552 
 1780      452E6379 
 1780      64736E00 
 1781              	.LASF18:
 1782 01bf 47656E65 		.ascii	"Generated_Source\\PSoC5\\cymetadata.c\000"
 1782      72617465 
 1782      645F536F 
 1782      75726365 
 1782      5C50536F 
 1783              		.ident	"GCC: (GNU Tools for ARM Embedded Processors) 5.4.1 20160609 (release) [ARM/embedded-5-bran
