ARM GAS  C:\Users\PYBL\AppData\Local\Temp\ccAyhAtO.s 			page 1


   1              		.syntax unified
   2              		.cpu cortex-m3
   3              		.fpu softvfp
   4              		.eabi_attribute 20, 1
   5              		.eabi_attribute 21, 1
   6              		.eabi_attribute 23, 3
   7              		.eabi_attribute 24, 1
   8              		.eabi_attribute 25, 1
   9              		.eabi_attribute 26, 1
  10              		.eabi_attribute 30, 1
  11              		.eabi_attribute 34, 1
  12              		.eabi_attribute 18, 4
  13              		.thumb
  14              		.syntax unified
  15              		.file	"cymetadata.c"
  16              		.text
  17              	.Ltext0:
  18              		.cfi_sections	.debug_frame
  19              		.global	cy_metadata
  20              		.global	cy_meta_flashprotect
  21              		.global	cy_meta_wonvl
  22              		.global	cy_meta_custnvl
  23              		.global	cy_meta_configecc
  24              		.section	.cyconfigecc,"a",%progbits
  25              		.align	2
  26              		.type	cy_meta_configecc, %object
  27              		.size	cy_meta_configecc, 564
  28              	cy_meta_configecc:
  29 0000 01       		.byte	1
  30 0001 4F       		.byte	79
  31 0002 00       		.byte	0
  32 0003 40       		.byte	64
  33 0004 01       		.byte	1
  34 0005 52       		.byte	82
  35 0006 00       		.byte	0
  36 0007 40       		.byte	64
  37 0008 01       		.byte	1
  38 0009 65       		.byte	101
  39 000a 00       		.byte	0
  40 000b 40       		.byte	64
  41 000c 2D       		.byte	45
  42 000d 02       		.byte	2
  43 000e 01       		.byte	1
  44 000f 40       		.byte	64
  45 0010 22       		.byte	34
  46 0011 03       		.byte	3
  47 0012 01       		.byte	1
  48 0013 40       		.byte	64
  49 0014 08       		.byte	8
  50 0015 05       		.byte	5
  51 0016 01       		.byte	1
  52 0017 40       		.byte	64
  53 0018 01       		.byte	1
  54 0019 07       		.byte	7
  55 001a 01       		.byte	1
  56 001b 40       		.byte	64
  57 001c 02       		.byte	2
ARM GAS  C:\Users\PYBL\AppData\Local\Temp\ccAyhAtO.s 			page 2


  58 001d 09       		.byte	9
  59 001e 01       		.byte	1
  60 001f 40       		.byte	64
  61 0020 3F       		.byte	63
  62 0021 18       		.byte	24
  63 0022 01       		.byte	1
  64 0023 40       		.byte	64
  65 0024 1D       		.byte	29
  66 0025 19       		.byte	25
  67 0026 01       		.byte	1
  68 0027 40       		.byte	64
  69 0028 01       		.byte	1
  70 0029 1B       		.byte	27
  71 002a 01       		.byte	1
  72 002b 40       		.byte	64
  73 002c 04       		.byte	4
  74 002d 40       		.byte	64
  75 002e 01       		.byte	1
  76 002f 40       		.byte	64
  77 0030 0F       		.byte	15
  78 0031 41       		.byte	65
  79 0032 01       		.byte	1
  80 0033 40       		.byte	64
  81 0034 0D       		.byte	13
  82 0035 42       		.byte	66
  83 0036 01       		.byte	1
  84 0037 40       		.byte	64
  85 0038 02       		.byte	2
  86 0039 43       		.byte	67
  87 003a 01       		.byte	1
  88 003b 40       		.byte	64
  89 003c 02       		.byte	2
  90 003d 4C       		.byte	76
  91 003e 01       		.byte	1
  92 003f 40       		.byte	64
  93 0040 02       		.byte	2
  94 0041 4D       		.byte	77
  95 0042 01       		.byte	1
  96 0043 40       		.byte	64
  97 0044 04       		.byte	4
  98 0045 50       		.byte	80
  99 0046 01       		.byte	1
 100 0047 40       		.byte	64
 101 0048 01       		.byte	1
 102 0049 51       		.byte	81
 103 004a 01       		.byte	1
 104 004b 40       		.byte	64
 105 004c 0A       		.byte	10
 106 004d 4B       		.byte	75
 107 004e 08       		.byte	8
 108 004f 04       		.byte	4
 109 0050 89       		.byte	-119
 110 0051 0D       		.byte	13
 111 0052 03       		.byte	3
 112 0053 10       		.byte	16
 113 0054 04       		.byte	4
 114 0055 02       		.byte	2
ARM GAS  C:\Users\PYBL\AppData\Local\Temp\ccAyhAtO.s 			page 3


 115 0056 05       		.byte	5
 116 0057 01       		.byte	1
 117 0058 06       		.byte	6
 118 0059 05       		.byte	5
 119 005a 07       		.byte	7
 120 005b 02       		.byte	2
 121 005c 0B       		.byte	11
 122 005d 08       		.byte	8
 123 005e 0C       		.byte	12
 124 005f 10       		.byte	16
 125 0060 0D       		.byte	13
 126 0061 02       		.byte	2
 127 0062 0E       		.byte	14
 128 0063 68       		.byte	104
 129 0064 0F       		.byte	15
 130 0065 01       		.byte	1
 131 0066 10       		.byte	16
 132 0067 04       		.byte	4
 133 0068 12       		.byte	18
 134 0069 03       		.byte	3
 135 006a 13       		.byte	19
 136 006b 03       		.byte	3
 137 006c 16       		.byte	22
 138 006d 07       		.byte	7
 139 006e 17       		.byte	23
 140 006f 03       		.byte	3
 141 0070 18       		.byte	24
 142 0071 08       		.byte	8
 143 0072 1A       		.byte	26
 144 0073 70       		.byte	112
 145 0074 20       		.byte	32
 146 0075 20       		.byte	32
 147 0076 22       		.byte	34
 148 0077 58       		.byte	88
 149 0078 24       		.byte	36
 150 0079 40       		.byte	64
 151 007a 26       		.byte	38
 152 007b 38       		.byte	56
 153 007c 2B       		.byte	43
 154 007d 04       		.byte	4
 155 007e 2C       		.byte	44
 156 007f 01       		.byte	1
 157 0080 2E       		.byte	46
 158 0081 06       		.byte	6
 159 0082 30       		.byte	48
 160 0083 28       		.byte	40
 161 0084 31       		.byte	49
 162 0085 10       		.byte	16
 163 0086 32       		.byte	50
 164 0087 78       		.byte	120
 165 0088 33       		.byte	51
 166 0089 03       		.byte	3
 167 008a 34       		.byte	52
 168 008b 03       		.byte	3
 169 008c 35       		.byte	53
 170 008d 04       		.byte	4
 171 008e 36       		.byte	54
ARM GAS  C:\Users\PYBL\AppData\Local\Temp\ccAyhAtO.s 			page 4


 172 008f 05       		.byte	5
 173 0090 37       		.byte	55
 174 0091 08       		.byte	8
 175 0092 3E       		.byte	62
 176 0093 55       		.byte	85
 177 0094 3F       		.byte	63
 178 0095 04       		.byte	4
 179 0096 58       		.byte	88
 180 0097 04       		.byte	4
 181 0098 59       		.byte	89
 182 0099 04       		.byte	4
 183 009a 5B       		.byte	91
 184 009b 04       		.byte	4
 185 009c 5C       		.byte	92
 186 009d 20       		.byte	32
 187 009e 5F       		.byte	95
 188 009f 01       		.byte	1
 189 00a0 9A       		.byte	-102
 190 00a1 01       		.byte	1
 191 00a2 B2       		.byte	-78
 192 00a3 01       		.byte	1
 193 00a4 BE       		.byte	-66
 194 00a5 10       		.byte	16
 195 00a6 D8       		.byte	-40
 196 00a7 04       		.byte	4
 197 00a8 DC       		.byte	-36
 198 00a9 02       		.byte	2
 199 00aa DF       		.byte	-33
 200 00ab 01       		.byte	1
 201 00ac 04       		.byte	4
 202 00ad 44       		.byte	68
 203 00ae 09       		.byte	9
 204 00af 20       		.byte	32
 205 00b0 0F       		.byte	15
 206 00b1 A8       		.byte	-88
 207 00b2 16       		.byte	22
 208 00b3 02       		.byte	2
 209 00b4 17       		.byte	23
 210 00b5 0A       		.byte	10
 211 00b6 18       		.byte	24
 212 00b7 08       		.byte	8
 213 00b8 1B       		.byte	27
 214 00b9 04       		.byte	4
 215 00ba 1D       		.byte	29
 216 00bb 04       		.byte	4
 217 00bc 1E       		.byte	30
 218 00bd 46       		.byte	70
 219 00be 24       		.byte	36
 220 00bf 50       		.byte	80
 221 00c0 27       		.byte	39
 222 00c1 0A       		.byte	10
 223 00c2 2E       		.byte	46
 224 00c3 20       		.byte	32
 225 00c4 37       		.byte	55
 226 00c5 0A       		.byte	10
 227 00c6 3C       		.byte	60
 228 00c7 40       		.byte	64
ARM GAS  C:\Users\PYBL\AppData\Local\Temp\ccAyhAtO.s 			page 5


 229 00c8 3E       		.byte	62
 230 00c9 10       		.byte	16
 231 00ca 3F       		.byte	63
 232 00cb 09       		.byte	9
 233 00cc 5C       		.byte	92
 234 00cd 10       		.byte	16
 235 00ce 5E       		.byte	94
 236 00cf 46       		.byte	70
 237 00d0 64       		.byte	100
 238 00d1 02       		.byte	2
 239 00d2 82       		.byte	-126
 240 00d3 20       		.byte	32
 241 00d4 89       		.byte	-119
 242 00d5 20       		.byte	32
 243 00d6 8C       		.byte	-116
 244 00d7 02       		.byte	2
 245 00d8 8D       		.byte	-115
 246 00d9 04       		.byte	4
 247 00da 8E       		.byte	-114
 248 00db 10       		.byte	16
 249 00dc C0       		.byte	-64
 250 00dd A0       		.byte	-96
 251 00de C2       		.byte	-62
 252 00df 72       		.byte	114
 253 00e0 C4       		.byte	-60
 254 00e1 B0       		.byte	-80
 255 00e2 CA       		.byte	-54
 256 00e3 20       		.byte	32
 257 00e4 CC       		.byte	-52
 258 00e5 C0       		.byte	-64
 259 00e6 CE       		.byte	-50
 260 00e7 F0       		.byte	-16
 261 00e8 D6       		.byte	-42
 262 00e9 F0       		.byte	-16
 263 00ea D8       		.byte	-40
 264 00eb 10       		.byte	16
 265 00ec E2       		.byte	-30
 266 00ed 10       		.byte	16
 267 00ee E4       		.byte	-28
 268 00ef 90       		.byte	-112
 269 00f0 8C       		.byte	-116
 270 00f1 04       		.byte	4
 271 00f2 90       		.byte	-112
 272 00f3 08       		.byte	8
 273 00f4 A8       		.byte	-88
 274 00f5 04       		.byte	4
 275 00f6 B2       		.byte	-78
 276 00f7 02       		.byte	2
 277 00f8 B7       		.byte	-73
 278 00f9 51       		.byte	81
 279 00fa E2       		.byte	-30
 280 00fb 10       		.byte	16
 281 00fc E8       		.byte	-24
 282 00fd 90       		.byte	-112
 283 00fe EC       		.byte	-20
 284 00ff 50       		.byte	80
 285 0100 E6       		.byte	-26
ARM GAS  C:\Users\PYBL\AppData\Local\Temp\ccAyhAtO.s 			page 6


 286 0101 80       		.byte	-128
 287 0102 89       		.byte	-119
 288 0103 80       		.byte	-128
 289 0104 E6       		.byte	-26
 290 0105 80       		.byte	-128
 291 0106 40       		.byte	64
 292 0107 60       		.byte	96
 293 0108 41       		.byte	65
 294 0109 05       		.byte	5
 295 010a 49       		.byte	73
 296 010b FF       		.byte	-1
 297 010c 4A       		.byte	74
 298 010d FF       		.byte	-1
 299 010e 4B       		.byte	75
 300 010f FF       		.byte	-1
 301 0110 4D       		.byte	77
 302 0111 A0       		.byte	-96
 303 0112 4F       		.byte	79
 304 0113 04       		.byte	4
 305 0114 50       		.byte	80
 306 0115 18       		.byte	24
 307 0116 5A       		.byte	90
 308 0117 04       		.byte	4
 309 0118 5D       		.byte	93
 310 0119 01       		.byte	1
 311 011a 5F       		.byte	95
 312 011b 01       		.byte	1
 313 011c 60       		.byte	96
 314 011d 40       		.byte	64
 315 011e 62       		.byte	98
 316 011f C0       		.byte	-64
 317 0120 64       		.byte	100
 318 0121 40       		.byte	64
 319 0122 65       		.byte	101
 320 0123 40       		.byte	64
 321 0124 66       		.byte	102
 322 0125 C0       		.byte	-64
 323 0126 68       		.byte	104
 324 0127 C0       		.byte	-64
 325 0128 6A       		.byte	106
 326 0129 C0       		.byte	-64
 327 012a 6C       		.byte	108
 328 012b C0       		.byte	-64
 329 012c 6E       		.byte	110
 330 012d C0       		.byte	-64
 331 012e 8E       		.byte	-114
 332 012f 02       		.byte	2
 333 0130 91       		.byte	-111
 334 0131 02       		.byte	2
 335 0132 92       		.byte	-110
 336 0133 01       		.byte	1
 337 0134 9A       		.byte	-102
 338 0135 06       		.byte	6
 339 0136 9B       		.byte	-101
 340 0137 03       		.byte	3
 341 0138 A6       		.byte	-90
 342 0139 04       		.byte	4
ARM GAS  C:\Users\PYBL\AppData\Local\Temp\ccAyhAtO.s 			page 7


 343 013a B0       		.byte	-80
 344 013b 04       		.byte	4
 345 013c B1       		.byte	-79
 346 013d 01       		.byte	1
 347 013e B2       		.byte	-78
 348 013f 02       		.byte	2
 349 0140 B4       		.byte	-76
 350 0141 01       		.byte	1
 351 0142 B6       		.byte	-74
 352 0143 02       		.byte	2
 353 0144 B7       		.byte	-73
 354 0145 02       		.byte	2
 355 0146 BE       		.byte	-66
 356 0147 04       		.byte	4
 357 0148 C0       		.byte	-64
 358 0149 20       		.byte	32
 359 014a C1       		.byte	-63
 360 014b 05       		.byte	5
 361 014c C5       		.byte	-59
 362 014d D1       		.byte	-47
 363 014e C7       		.byte	-57
 364 014f 20       		.byte	32
 365 0150 C8       		.byte	-56
 366 0151 23       		.byte	35
 367 0152 C9       		.byte	-55
 368 0153 FF       		.byte	-1
 369 0154 CA       		.byte	-54
 370 0155 FF       		.byte	-1
 371 0156 CB       		.byte	-53
 372 0157 FF       		.byte	-1
 373 0158 CD       		.byte	-51
 374 0159 AF       		.byte	-81
 375 015a CE       		.byte	-50
 376 015b 0F       		.byte	15
 377 015c CF       		.byte	-49
 378 015d 04       		.byte	4
 379 015e D0       		.byte	-48
 380 015f 18       		.byte	24
 381 0160 D2       		.byte	-46
 382 0161 80       		.byte	-128
 383 0162 D4       		.byte	-44
 384 0163 05       		.byte	5
 385 0164 D8       		.byte	-40
 386 0165 04       		.byte	4
 387 0166 D9       		.byte	-39
 388 0167 04       		.byte	4
 389 0168 DA       		.byte	-38
 390 0169 04       		.byte	4
 391 016a DB       		.byte	-37
 392 016b 04       		.byte	4
 393 016c DC       		.byte	-36
 394 016d 11       		.byte	17
 395 016e DD       		.byte	-35
 396 016f 11       		.byte	17
 397 0170 DF       		.byte	-33
 398 0171 01       		.byte	1
 399 0172 E0       		.byte	-32
ARM GAS  C:\Users\PYBL\AppData\Local\Temp\ccAyhAtO.s 			page 8


 400 0173 40       		.byte	64
 401 0174 E2       		.byte	-30
 402 0175 C0       		.byte	-64
 403 0176 E4       		.byte	-28
 404 0177 40       		.byte	64
 405 0178 E5       		.byte	-27
 406 0179 40       		.byte	64
 407 017a E6       		.byte	-26
 408 017b C0       		.byte	-64
 409 017c E8       		.byte	-24
 410 017d C0       		.byte	-64
 411 017e EA       		.byte	-22
 412 017f C0       		.byte	-64
 413 0180 EC       		.byte	-20
 414 0181 C0       		.byte	-64
 415 0182 EE       		.byte	-18
 416 0183 C0       		.byte	-64
 417 0184 02       		.byte	2
 418 0185 02       		.byte	2
 419 0186 0A       		.byte	10
 420 0187 44       		.byte	68
 421 0188 10       		.byte	16
 422 0189 20       		.byte	32
 423 018a 18       		.byte	24
 424 018b 80       		.byte	-128
 425 018c 19       		.byte	25
 426 018d 84       		.byte	-124
 427 018e 1A       		.byte	26
 428 018f 04       		.byte	4
 429 0190 1B       		.byte	27
 430 0191 10       		.byte	16
 431 0192 21       		.byte	33
 432 0193 02       		.byte	2
 433 0194 22       		.byte	34
 434 0195 40       		.byte	64
 435 0196 30       		.byte	48
 436 0197 20       		.byte	32
 437 0198 31       		.byte	49
 438 0199 02       		.byte	2
 439 019a 42       		.byte	66
 440 019b 04       		.byte	4
 441 019c 48       		.byte	72
 442 019d 20       		.byte	32
 443 019e 49       		.byte	73
 444 019f 01       		.byte	1
 445 01a0 4A       		.byte	74
 446 01a1 02       		.byte	2
 447 01a2 4E       		.byte	78
 448 01a3 02       		.byte	2
 449 01a4 4F       		.byte	79
 450 01a5 20       		.byte	32
 451 01a6 52       		.byte	82
 452 01a7 02       		.byte	2
 453 01a8 59       		.byte	89
 454 01a9 05       		.byte	5
 455 01aa 5A       		.byte	90
 456 01ab 80       		.byte	-128
ARM GAS  C:\Users\PYBL\AppData\Local\Temp\ccAyhAtO.s 			page 9


 457 01ac 72       		.byte	114
 458 01ad 40       		.byte	64
 459 01ae 9D       		.byte	-99
 460 01af 80       		.byte	-128
 461 01b0 C0       		.byte	-64
 462 01b1 01       		.byte	1
 463 01b2 C2       		.byte	-62
 464 01b3 0A       		.byte	10
 465 01b4 C4       		.byte	-60
 466 01b5 04       		.byte	4
 467 01b6 CC       		.byte	-52
 468 01b7 05       		.byte	5
 469 01b8 D0       		.byte	-48
 470 01b9 04       		.byte	4
 471 01ba D2       		.byte	-46
 472 01bb 38       		.byte	56
 473 01bc D6       		.byte	-42
 474 01bd 0B       		.byte	11
 475 01be B4       		.byte	-76
 476 01bf 40       		.byte	64
 477 01c0 30       		.byte	48
 478 01c1 02       		.byte	2
 479 01c2 32       		.byte	50
 480 01c3 80       		.byte	-128
 481 01c4 35       		.byte	53
 482 01c5 20       		.byte	32
 483 01c6 CC       		.byte	-52
 484 01c7 70       		.byte	112
 485 01c8 03       		.byte	3
 486 01c9 14       		.byte	20
 487 01ca 07       		.byte	7
 488 01cb 28       		.byte	40
 489 01cc 08       		.byte	8
 490 01cd 02       		.byte	2
 491 01ce 09       		.byte	9
 492 01cf 20       		.byte	32
 493 01d0 0F       		.byte	15
 494 01d1 82       		.byte	-126
 495 01d2 83       		.byte	-125
 496 01d3 10       		.byte	16
 497 01d4 8B       		.byte	-117
 498 01d5 08       		.byte	8
 499 01d6 8D       		.byte	-115
 500 01d7 20       		.byte	32
 501 01d8 8F       		.byte	-113
 502 01d9 20       		.byte	32
 503 01da 9D       		.byte	-99
 504 01db 20       		.byte	32
 505 01dc A4       		.byte	-92
 506 01dd 02       		.byte	2
 507 01de A6       		.byte	-90
 508 01df 80       		.byte	-128
 509 01e0 C0       		.byte	-64
 510 01e1 F0       		.byte	-16
 511 01e2 C2       		.byte	-62
 512 01e3 F0       		.byte	-16
 513 01e4 E0       		.byte	-32
ARM GAS  C:\Users\PYBL\AppData\Local\Temp\ccAyhAtO.s 			page 10


 514 01e5 20       		.byte	32
 515 01e6 12       		.byte	18
 516 01e7 80       		.byte	-128
 517 01e8 59       		.byte	89
 518 01e9 04       		.byte	4
 519 01ea 8D       		.byte	-115
 520 01eb 04       		.byte	4
 521 01ec A4       		.byte	-92
 522 01ed 02       		.byte	2
 523 01ee A6       		.byte	-90
 524 01ef 80       		.byte	-128
 525 01f0 AB       		.byte	-85
 526 01f1 40       		.byte	64
 527 01f2 B3       		.byte	-77
 528 01f3 01       		.byte	1
 529 01f4 B4       		.byte	-76
 530 01f5 02       		.byte	2
 531 01f6 B5       		.byte	-75
 532 01f7 20       		.byte	32
 533 01f8 B7       		.byte	-73
 534 01f9 04       		.byte	4
 535 01fa C4       		.byte	-60
 536 01fb 10       		.byte	16
 537 01fc D6       		.byte	-42
 538 01fd 40       		.byte	64
 539 01fe E8       		.byte	-24
 540 01ff 20       		.byte	32
 541 0200 88       		.byte	-120
 542 0201 02       		.byte	2
 543 0202 A4       		.byte	-92
 544 0203 02       		.byte	2
 545 0204 54       		.byte	84
 546 0205 20       		.byte	32
 547 0206 D4       		.byte	-44
 548 0207 02       		.byte	2
 549 0208 B4       		.byte	-76
 550 0209 20       		.byte	32
 551 020a EC       		.byte	-20
 552 020b 08       		.byte	8
 553 020c 00       		.byte	0
 554 020d 04       		.byte	4
 555 020e 08       		.byte	8
 556 020f 04       		.byte	4
 557 0210 10       		.byte	16
 558 0211 02       		.byte	2
 559 0212 1C       		.byte	28
 560 0213 02       		.byte	2
 561 0214 00       		.byte	0
 562 0215 3E       		.byte	62
 563 0216 00       		.byte	0
 564 0217 00       		.byte	0
 565 0218 0F       		.byte	15
 566 0219 00       		.byte	0
 567 021a 00       		.byte	0
 568 021b FF       		.byte	-1
 569 021c 00       		.byte	0
 570 021d 00       		.byte	0
ARM GAS  C:\Users\PYBL\AppData\Local\Temp\ccAyhAtO.s 			page 11


 571 021e 00       		.byte	0
 572 021f 00       		.byte	0
 573 0220 00       		.byte	0
 574 0221 00       		.byte	0
 575 0222 00       		.byte	0
 576 0223 00       		.byte	0
 577 0224 00       		.byte	0
 578 0225 0F       		.byte	15
 579 0226 0F       		.byte	15
 580 0227 00       		.byte	0
 581 0228 04       		.byte	4
 582 0229 00       		.byte	0
 583 022a 00       		.byte	0
 584 022b 00       		.byte	0
 585 022c 00       		.byte	0
 586 022d 7F       		.byte	127
 587 022e 7F       		.byte	127
 588 022f 00       		.byte	0
 589 0230 00       		.byte	0
 590 0231 00       		.byte	0
 591 0232 00       		.byte	0
 592 0233 00       		.byte	0
 593              		.section	.cywolatch,"a",%progbits
 594              		.align	2
 595              		.type	cy_meta_wonvl, %object
 596              		.size	cy_meta_wonvl, 4
 597              	cy_meta_wonvl:
 598 0000 BC       		.byte	-68
 599 0001 90       		.byte	-112
 600 0002 AC       		.byte	-84
 601 0003 AF       		.byte	-81
 602              		.section	.cycustnvl,"a",%progbits
 603              		.align	2
 604              		.type	cy_meta_custnvl, %object
 605              		.size	cy_meta_custnvl, 4
 606              	cy_meta_custnvl:
 607 0000 00       		.byte	0
 608 0001 00       		.byte	0
 609 0002 40       		.byte	64
 610 0003 05       		.byte	5
 611              		.section	.cymeta,"a",%progbits
 612              		.align	2
 613              		.type	cy_metadata, %object
 614              		.size	cy_metadata, 12
 615              	cy_metadata:
 616 0000 00       		.byte	0
 617 0001 01       		.byte	1
 618 0002 2E       		.byte	46
 619 0003 12       		.byte	18
 620 0004 70       		.byte	112
 621 0005 69       		.byte	105
 622 0006 00       		.byte	0
 623 0007 01       		.byte	1
 624 0008 00       		.byte	0
 625 0009 00       		.byte	0
 626 000a 00       		.byte	0
 627 000b 00       		.byte	0
ARM GAS  C:\Users\PYBL\AppData\Local\Temp\ccAyhAtO.s 			page 12


 628              		.section	.cyflashprotect,"a",%progbits
 629              		.align	2
 630              		.type	cy_meta_flashprotect, %object
 631              		.size	cy_meta_flashprotect, 256
 632              	cy_meta_flashprotect:
 633 0000 00000000 		.space	256
 633      00000000 
 633      00000000 
 633      00000000 
 633      00000000 
 634              		.text
 635              	.Letext0:
 636              		.file 1 "c:\\program files (x86)\\cypress\\psoc creator\\4.4\\psoc creator\\import\\gnu\\arm\\5.4.
 637              		.file 2 "c:\\program files (x86)\\cypress\\psoc creator\\4.4\\psoc creator\\import\\gnu\\arm\\5.4.
 638              		.file 3 "Generated_Source\\PSoC5\\cymetadata.c"
 639              		.section	.debug_info,"",%progbits
 640              	.Ldebug_info0:
 641 0000 31010000 		.4byte	0x131
 642 0004 0400     		.2byte	0x4
 643 0006 00000000 		.4byte	.Ldebug_abbrev0
 644 000a 04       		.byte	0x4
 645 000b 01       		.uleb128 0x1
 646 000c 5E000000 		.4byte	.LASF17
 647 0010 0C       		.byte	0xc
 648 0011 B8010000 		.4byte	.LASF18
 649 0015 0A000000 		.4byte	.LASF19
 650 0019 00000000 		.4byte	.Ldebug_line0
 651 001d 02       		.uleb128 0x2
 652 001e 01       		.byte	0x1
 653 001f 06       		.byte	0x6
 654 0020 AC010000 		.4byte	.LASF0
 655 0024 03       		.uleb128 0x3
 656 0025 00000000 		.4byte	.LASF9
 657 0029 01       		.byte	0x1
 658 002a 1D       		.byte	0x1d
 659 002b 2F000000 		.4byte	0x2f
 660 002f 02       		.uleb128 0x2
 661 0030 01       		.byte	0x1
 662 0031 08       		.byte	0x8
 663 0032 50000000 		.4byte	.LASF1
 664 0036 02       		.uleb128 0x2
 665 0037 02       		.byte	0x2
 666 0038 05       		.byte	0x5
 667 0039 99010000 		.4byte	.LASF2
 668 003d 02       		.uleb128 0x2
 669 003e 02       		.byte	0x2
 670 003f 07       		.byte	0x7
 671 0040 FE000000 		.4byte	.LASF3
 672 0044 02       		.uleb128 0x2
 673 0045 04       		.byte	0x4
 674 0046 05       		.byte	0x5
 675 0047 A3010000 		.4byte	.LASF4
 676 004b 02       		.uleb128 0x2
 677 004c 04       		.byte	0x4
 678 004d 07       		.byte	0x7
 679 004e EC000000 		.4byte	.LASF5
 680 0052 02       		.uleb128 0x2
ARM GAS  C:\Users\PYBL\AppData\Local\Temp\ccAyhAtO.s 			page 13


 681 0053 08       		.byte	0x8
 682 0054 05       		.byte	0x5
 683 0055 8B010000 		.4byte	.LASF6
 684 0059 02       		.uleb128 0x2
 685 005a 08       		.byte	0x8
 686 005b 07       		.byte	0x7
 687 005c 40010000 		.4byte	.LASF7
 688 0060 04       		.uleb128 0x4
 689 0061 04       		.byte	0x4
 690 0062 05       		.byte	0x5
 691 0063 696E7400 		.ascii	"int\000"
 692 0067 02       		.uleb128 0x2
 693 0068 04       		.byte	0x4
 694 0069 07       		.byte	0x7
 695 006a 33010000 		.4byte	.LASF8
 696 006e 03       		.uleb128 0x3
 697 006f 57010000 		.4byte	.LASF10
 698 0073 02       		.byte	0x2
 699 0074 18       		.byte	0x18
 700 0075 24000000 		.4byte	0x24
 701 0079 05       		.uleb128 0x5
 702 007a 91000000 		.4byte	0x91
 703 007e 8A000000 		.4byte	0x8a
 704 0082 06       		.uleb128 0x6
 705 0083 8A000000 		.4byte	0x8a
 706 0087 3302     		.2byte	0x233
 707 0089 00       		.byte	0
 708 008a 02       		.uleb128 0x2
 709 008b 04       		.byte	0x4
 710 008c 07       		.byte	0x7
 711 008d 82010000 		.4byte	.LASF11
 712 0091 07       		.uleb128 0x7
 713 0092 6E000000 		.4byte	0x6e
 714 0096 08       		.uleb128 0x8
 715 0097 21010000 		.4byte	.LASF12
 716 009b 03       		.byte	0x3
 717 009c 1F       		.byte	0x1f
 718 009d A7000000 		.4byte	0xa7
 719 00a1 05       		.uleb128 0x5
 720 00a2 03       		.byte	0x3
 721 00a3 00000000 		.4byte	cy_meta_configecc
 722 00a7 07       		.uleb128 0x7
 723 00a8 79000000 		.4byte	0x79
 724 00ac 05       		.uleb128 0x5
 725 00ad 91000000 		.4byte	0x91
 726 00b1 BC000000 		.4byte	0xbc
 727 00b5 09       		.uleb128 0x9
 728 00b6 8A000000 		.4byte	0x8a
 729 00ba 03       		.byte	0x3
 730 00bb 00       		.byte	0
 731 00bc 08       		.uleb128 0x8
 732 00bd 11010000 		.4byte	.LASF13
 733 00c1 03       		.byte	0x3
 734 00c2 73       		.byte	0x73
 735 00c3 CD000000 		.4byte	0xcd
 736 00c7 05       		.uleb128 0x5
 737 00c8 03       		.byte	0x3
ARM GAS  C:\Users\PYBL\AppData\Local\Temp\ccAyhAtO.s 			page 14


 738 00c9 00000000 		.4byte	cy_meta_custnvl
 739 00cd 07       		.uleb128 0x7
 740 00ce AC000000 		.4byte	0xac
 741 00d2 08       		.uleb128 0x8
 742 00d3 74010000 		.4byte	.LASF14
 743 00d7 03       		.byte	0x3
 744 00d8 81       		.byte	0x81
 745 00d9 E3000000 		.4byte	0xe3
 746 00dd 05       		.uleb128 0x5
 747 00de 03       		.byte	0x3
 748 00df 00000000 		.4byte	cy_meta_wonvl
 749 00e3 07       		.uleb128 0x7
 750 00e4 AC000000 		.4byte	0xac
 751 00e8 05       		.uleb128 0x5
 752 00e9 91000000 		.4byte	0x91
 753 00ed F8000000 		.4byte	0xf8
 754 00f1 09       		.uleb128 0x9
 755 00f2 8A000000 		.4byte	0x8a
 756 00f6 FF       		.byte	0xff
 757 00f7 00       		.byte	0
 758 00f8 08       		.uleb128 0x8
 759 00f9 5F010000 		.4byte	.LASF15
 760 00fd 03       		.byte	0x3
 761 00fe 8F       		.byte	0x8f
 762 00ff 09010000 		.4byte	0x109
 763 0103 05       		.uleb128 0x5
 764 0104 03       		.byte	0x3
 765 0105 00000000 		.4byte	cy_meta_flashprotect
 766 0109 07       		.uleb128 0x7
 767 010a E8000000 		.4byte	0xe8
 768 010e 05       		.uleb128 0x5
 769 010f 91000000 		.4byte	0x91
 770 0113 1E010000 		.4byte	0x11e
 771 0117 09       		.uleb128 0x9
 772 0118 8A000000 		.4byte	0x8a
 773 011c 0B       		.byte	0xb
 774 011d 00       		.byte	0
 775 011e 08       		.uleb128 0x8
 776 011f 44000000 		.4byte	.LASF16
 777 0123 03       		.byte	0x3
 778 0124 BC       		.byte	0xbc
 779 0125 2F010000 		.4byte	0x12f
 780 0129 05       		.uleb128 0x5
 781 012a 03       		.byte	0x3
 782 012b 00000000 		.4byte	cy_metadata
 783 012f 07       		.uleb128 0x7
 784 0130 0E010000 		.4byte	0x10e
 785 0134 00       		.byte	0
 786              		.section	.debug_abbrev,"",%progbits
 787              	.Ldebug_abbrev0:
 788 0000 01       		.uleb128 0x1
 789 0001 11       		.uleb128 0x11
 790 0002 01       		.byte	0x1
 791 0003 25       		.uleb128 0x25
 792 0004 0E       		.uleb128 0xe
 793 0005 13       		.uleb128 0x13
 794 0006 0B       		.uleb128 0xb
ARM GAS  C:\Users\PYBL\AppData\Local\Temp\ccAyhAtO.s 			page 15


 795 0007 03       		.uleb128 0x3
 796 0008 0E       		.uleb128 0xe
 797 0009 1B       		.uleb128 0x1b
 798 000a 0E       		.uleb128 0xe
 799 000b 10       		.uleb128 0x10
 800 000c 17       		.uleb128 0x17
 801 000d 00       		.byte	0
 802 000e 00       		.byte	0
 803 000f 02       		.uleb128 0x2
 804 0010 24       		.uleb128 0x24
 805 0011 00       		.byte	0
 806 0012 0B       		.uleb128 0xb
 807 0013 0B       		.uleb128 0xb
 808 0014 3E       		.uleb128 0x3e
 809 0015 0B       		.uleb128 0xb
 810 0016 03       		.uleb128 0x3
 811 0017 0E       		.uleb128 0xe
 812 0018 00       		.byte	0
 813 0019 00       		.byte	0
 814 001a 03       		.uleb128 0x3
 815 001b 16       		.uleb128 0x16
 816 001c 00       		.byte	0
 817 001d 03       		.uleb128 0x3
 818 001e 0E       		.uleb128 0xe
 819 001f 3A       		.uleb128 0x3a
 820 0020 0B       		.uleb128 0xb
 821 0021 3B       		.uleb128 0x3b
 822 0022 0B       		.uleb128 0xb
 823 0023 49       		.uleb128 0x49
 824 0024 13       		.uleb128 0x13
 825 0025 00       		.byte	0
 826 0026 00       		.byte	0
 827 0027 04       		.uleb128 0x4
 828 0028 24       		.uleb128 0x24
 829 0029 00       		.byte	0
 830 002a 0B       		.uleb128 0xb
 831 002b 0B       		.uleb128 0xb
 832 002c 3E       		.uleb128 0x3e
 833 002d 0B       		.uleb128 0xb
 834 002e 03       		.uleb128 0x3
 835 002f 08       		.uleb128 0x8
 836 0030 00       		.byte	0
 837 0031 00       		.byte	0
 838 0032 05       		.uleb128 0x5
 839 0033 01       		.uleb128 0x1
 840 0034 01       		.byte	0x1
 841 0035 49       		.uleb128 0x49
 842 0036 13       		.uleb128 0x13
 843 0037 01       		.uleb128 0x1
 844 0038 13       		.uleb128 0x13
 845 0039 00       		.byte	0
 846 003a 00       		.byte	0
 847 003b 06       		.uleb128 0x6
 848 003c 21       		.uleb128 0x21
 849 003d 00       		.byte	0
 850 003e 49       		.uleb128 0x49
 851 003f 13       		.uleb128 0x13
ARM GAS  C:\Users\PYBL\AppData\Local\Temp\ccAyhAtO.s 			page 16


 852 0040 2F       		.uleb128 0x2f
 853 0041 05       		.uleb128 0x5
 854 0042 00       		.byte	0
 855 0043 00       		.byte	0
 856 0044 07       		.uleb128 0x7
 857 0045 26       		.uleb128 0x26
 858 0046 00       		.byte	0
 859 0047 49       		.uleb128 0x49
 860 0048 13       		.uleb128 0x13
 861 0049 00       		.byte	0
 862 004a 00       		.byte	0
 863 004b 08       		.uleb128 0x8
 864 004c 34       		.uleb128 0x34
 865 004d 00       		.byte	0
 866 004e 03       		.uleb128 0x3
 867 004f 0E       		.uleb128 0xe
 868 0050 3A       		.uleb128 0x3a
 869 0051 0B       		.uleb128 0xb
 870 0052 3B       		.uleb128 0x3b
 871 0053 0B       		.uleb128 0xb
 872 0054 49       		.uleb128 0x49
 873 0055 13       		.uleb128 0x13
 874 0056 3F       		.uleb128 0x3f
 875 0057 19       		.uleb128 0x19
 876 0058 02       		.uleb128 0x2
 877 0059 18       		.uleb128 0x18
 878 005a 00       		.byte	0
 879 005b 00       		.byte	0
 880 005c 09       		.uleb128 0x9
 881 005d 21       		.uleb128 0x21
 882 005e 00       		.byte	0
 883 005f 49       		.uleb128 0x49
 884 0060 13       		.uleb128 0x13
 885 0061 2F       		.uleb128 0x2f
 886 0062 0B       		.uleb128 0xb
 887 0063 00       		.byte	0
 888 0064 00       		.byte	0
 889 0065 00       		.byte	0
 890              		.section	.debug_aranges,"",%progbits
 891 0000 14000000 		.4byte	0x14
 892 0004 0200     		.2byte	0x2
 893 0006 00000000 		.4byte	.Ldebug_info0
 894 000a 04       		.byte	0x4
 895 000b 00       		.byte	0
 896 000c 0000     		.2byte	0
 897 000e 0000     		.2byte	0
 898 0010 00000000 		.4byte	0
 899 0014 00000000 		.4byte	0
 900              		.section	.debug_line,"",%progbits
 901              	.Ldebug_line0:
 902 0000 3D010000 		.section	.debug_str,"MS",%progbits,1
 902      02003701 
 902      00000201 
 902      FB0E0D00 
 902      01010101 
 903              	.LASF9:
 904 0000 5F5F7569 		.ascii	"__uint8_t\000"
ARM GAS  C:\Users\PYBL\AppData\Local\Temp\ccAyhAtO.s 			page 17


 904      6E74385F 
 904      7400
 905              	.LASF19:
 906 000a 433A5C55 		.ascii	"C:\\Users\\PYBL\\Documents\\PSoC Creator\\Pruebas\\"
 906      73657273 
 906      5C505942 
 906      4C5C446F 
 906      63756D65 
 907 0037 4B657970 		.ascii	"Keypad.cydsn\000"
 907      61642E63 
 907      7964736E 
 907      00
 908              	.LASF16:
 909 0044 63795F6D 		.ascii	"cy_metadata\000"
 909      65746164 
 909      61746100 
 910              	.LASF1:
 911 0050 756E7369 		.ascii	"unsigned char\000"
 911      676E6564 
 911      20636861 
 911      7200
 912              	.LASF17:
 913 005e 474E5520 		.ascii	"GNU C11 5.4.1 20160609 (release) [ARM/embedded-5-br"
 913      43313120 
 913      352E342E 
 913      31203230 
 913      31363036 
 914 0091 616E6368 		.ascii	"anch revision 237715] -mcpu=cortex-m3 -mthumb -g -O"
 914      20726576 
 914      6973696F 
 914      6E203233 
 914      37373135 
 915 00c4 67202D66 		.ascii	"g -ffunction-sections -ffat-lto-objects\000"
 915      66756E63 
 915      74696F6E 
 915      2D736563 
 915      74696F6E 
 916              	.LASF5:
 917 00ec 6C6F6E67 		.ascii	"long unsigned int\000"
 917      20756E73 
 917      69676E65 
 917      6420696E 
 917      7400
 918              	.LASF3:
 919 00fe 73686F72 		.ascii	"short unsigned int\000"
 919      7420756E 
 919      7369676E 
 919      65642069 
 919      6E7400
 920              	.LASF13:
 921 0111 63795F6D 		.ascii	"cy_meta_custnvl\000"
 921      6574615F 
 921      63757374 
 921      6E766C00 
 922              	.LASF12:
 923 0121 63795F6D 		.ascii	"cy_meta_configecc\000"
 923      6574615F 
ARM GAS  C:\Users\PYBL\AppData\Local\Temp\ccAyhAtO.s 			page 18


 923      636F6E66 
 923      69676563 
 923      6300
 924              	.LASF8:
 925 0133 756E7369 		.ascii	"unsigned int\000"
 925      676E6564 
 925      20696E74 
 925      00
 926              	.LASF7:
 927 0140 6C6F6E67 		.ascii	"long long unsigned int\000"
 927      206C6F6E 
 927      6720756E 
 927      7369676E 
 927      65642069 
 928              	.LASF10:
 929 0157 75696E74 		.ascii	"uint8_t\000"
 929      385F7400 
 930              	.LASF15:
 931 015f 63795F6D 		.ascii	"cy_meta_flashprotect\000"
 931      6574615F 
 931      666C6173 
 931      6870726F 
 931      74656374 
 932              	.LASF14:
 933 0174 63795F6D 		.ascii	"cy_meta_wonvl\000"
 933      6574615F 
 933      776F6E76 
 933      6C00
 934              	.LASF11:
 935 0182 73697A65 		.ascii	"sizetype\000"
 935      74797065 
 935      00
 936              	.LASF6:
 937 018b 6C6F6E67 		.ascii	"long long int\000"
 937      206C6F6E 
 937      6720696E 
 937      7400
 938              	.LASF2:
 939 0199 73686F72 		.ascii	"short int\000"
 939      7420696E 
 939      7400
 940              	.LASF4:
 941 01a3 6C6F6E67 		.ascii	"long int\000"
 941      20696E74 
 941      00
 942              	.LASF0:
 943 01ac 7369676E 		.ascii	"signed char\000"
 943      65642063 
 943      68617200 
 944              	.LASF18:
 945 01b8 47656E65 		.ascii	"Generated_Source\\PSoC5\\cymetadata.c\000"
 945      72617465 
 945      645F536F 
 945      75726365 
 945      5C50536F 
 946              		.ident	"GCC: (GNU Tools for ARM Embedded Processors) 5.4.1 20160609 (release) [ARM/embedded-5-bran
