ARM GAS  C:\Users\PYBL\AppData\Local\Temp\ccJ1nofP.s 			page 1


   1              		.syntax unified
   2              		.cpu cortex-m3
   3              		.fpu softvfp
   4              		.eabi_attribute 20, 1
   5              		.eabi_attribute 21, 1
   6              		.eabi_attribute 23, 3
   7              		.eabi_attribute 24, 1
   8              		.eabi_attribute 25, 1
   9              		.eabi_attribute 26, 1
  10              		.eabi_attribute 30, 1
  11              		.eabi_attribute 34, 1
  12              		.eabi_attribute 18, 4
  13              		.thumb
  14              		.syntax unified
  15              		.file	"main.c"
  16              		.text
  17              	.Ltext0:
  18              		.cfi_sections	.debug_frame
  19              		.section	.text.fisr_Teclado,"ax",%progbits
  20              		.align	2
  21              		.global	fisr_Teclado
  22              		.thumb
  23              		.thumb_func
  24              		.type	fisr_Teclado, %function
  25              	fisr_Teclado:
  26              	.LFB64:
  27              		.file 1 "main.c"
   1:main.c        **** 
   2:main.c        **** #include "project.h"
   3:main.c        **** 
   4:main.c        **** 
   5:main.c        **** uint8 bandTec=0;
   6:main.c        **** uint8 bandCont=0;
   7:main.c        **** CY_ISR_PROTO(fisr_Teclado);
   8:main.c        **** CY_ISR_PROTO(fisr_CONT);
   9:main.c        **** uint8 tinsta=0;
  10:main.c        **** uint8 pulsaciones=0;
  11:main.c        **** uint8 lugar=0;
  12:main.c        **** uint32 mili=0;
  13:main.c        **** uint32 seg=0;
  14:main.c        **** 
  15:main.c        **** 
  16:main.c        **** uint8 KEY[9][3] = {
  17:main.c        **** 		{'A','B','C'}, //0
  18:main.c        **** 		{'D','E','F'},
  19:main.c        **** 		{'G','H','I'},
  20:main.c        **** 		{'J','K','L'},//3
  21:main.c        ****         {'M','N','O'},
  22:main.c        ****         {'P','Q','R'},//5
  23:main.c        ****         {'S','T','U'},//6
  24:main.c        ****         {'V','W','X'},
  25:main.c        ****         {'Y','Z',' '},
  26:main.c        ****   	};
  27:main.c        **** int main(void)
  28:main.c        **** {
  29:main.c        ****     Teclado_Start();
  30:main.c        ****     LCD_Start();
ARM GAS  C:\Users\PYBL\AppData\Local\Temp\ccJ1nofP.s 			page 2


  31:main.c        ****     Counter_Start();
  32:main.c        ****     isrTEC_StartEx(fisr_Teclado);
  33:main.c        ****     isrCONT_StartEx(fisr_CONT);
  34:main.c        ****     CyGlobalIntEnable;
  35:main.c        ****   
  36:main.c        ****     for(;;)
  37:main.c        ****     {
  38:main.c        ****         if(bandCont){
  39:main.c        ****             bandCont=0;
  40:main.c        ****             mili++;
  41:main.c        ****             if(mili%1000==0){
  42:main.c        ****                 seg++;
  43:main.c        ****                 LCD_Position(3,0);
  44:main.c        ****                 LCD_PrintNumber(seg);
  45:main.c        ****             }
  46:main.c        ****             
  47:main.c        ****             if(mili==5000){
  48:main.c        ****                 lugar++;
  49:main.c        ****                 mili=0;
  50:main.c        ****                 seg=0;
  51:main.c        ****             }
  52:main.c        ****         }
  53:main.c        ****             
  54:main.c        ****         if(bandTec){
  55:main.c        ****             bandTec=0;
  56:main.c        ****             tinsta=Teclado_AsignarTecla();
  57:main.c        ****             pulsaciones++;
  58:main.c        ****             
  59:main.c        ****             mili=0;
  60:main.c        ****             if(tinsta=='7'){
  61:main.c        ****                 LCD_Position(0,lugar);
  62:main.c        ****                 LCD_PutChar(KEY[6][pulsaciones-1]);
  63:main.c        ****                 if(pulsaciones==3){
  64:main.c        ****                     pulsaciones=0;
  65:main.c        ****                 }
  66:main.c        ****             }
  67:main.c        ****             if(tinsta=='4'){
  68:main.c        ****                 LCD_Position(0,lugar);
  69:main.c        ****                 LCD_PutChar(KEY[3][pulsaciones-1]);
  70:main.c        ****                 if(pulsaciones==3){
  71:main.c        ****                     pulsaciones=0;
  72:main.c        ****                 }
  73:main.c        ****             }
  74:main.c        ****             if(tinsta=='1'){
  75:main.c        ****                 LCD_Position(0,lugar);
  76:main.c        ****                 LCD_PutChar(KEY[0][pulsaciones-1]);
  77:main.c        ****                 if(pulsaciones==3){
  78:main.c        ****                     pulsaciones=0;
  79:main.c        ****                 }
  80:main.c        ****             }
  81:main.c        ****             if(tinsta=='*'){
  82:main.c        ****                 LCD_Position(0,lugar);
  83:main.c        ****                 LCD_PutChar(KEY[5][pulsaciones-1]);
  84:main.c        ****                 if(pulsaciones==3){
  85:main.c        ****                     pulsaciones=0;
  86:main.c        ****                 }
  87:main.c        ****             }
ARM GAS  C:\Users\PYBL\AppData\Local\Temp\ccJ1nofP.s 			page 3


  88:main.c        ****             
  89:main.c        **** 
  90:main.c        **** 
  91:main.c        **** 
  92:main.c        ****                 
  93:main.c        ****         }
  94:main.c        ****       
  95:main.c        ****     }
  96:main.c        **** }
  97:main.c        **** 
  98:main.c        **** CY_ISR_PROTO(fisr_Teclado){
  28              		.loc 1 98 0
  29              		.cfi_startproc
  30              		@ args = 0, pretend = 0, frame = 0
  31              		@ frame_needed = 0, uses_anonymous_args = 0
  32              		@ link register save eliminated.
  99:main.c        ****     bandTec=1;
  33              		.loc 1 99 0
  34 0000 0122     		movs	r2, #1
  35 0002 014B     		ldr	r3, .L2
  36 0004 1A70     		strb	r2, [r3]
  37 0006 7047     		bx	lr
  38              	.L3:
  39              		.align	2
  40              	.L2:
  41 0008 00000000 		.word	.LANCHOR0
  42              		.cfi_endproc
  43              	.LFE64:
  44              		.size	fisr_Teclado, .-fisr_Teclado
  45              		.section	.text.fisr_CONT,"ax",%progbits
  46              		.align	2
  47              		.global	fisr_CONT
  48              		.thumb
  49              		.thumb_func
  50              		.type	fisr_CONT, %function
  51              	fisr_CONT:
  52              	.LFB65:
 100:main.c        **** }
 101:main.c        **** CY_ISR_PROTO(fisr_CONT){
  53              		.loc 1 101 0
  54              		.cfi_startproc
  55              		@ args = 0, pretend = 0, frame = 0
  56              		@ frame_needed = 0, uses_anonymous_args = 0
  57              		@ link register save eliminated.
 102:main.c        ****     bandCont=1;
  58              		.loc 1 102 0
  59 0000 0122     		movs	r2, #1
  60 0002 014B     		ldr	r3, .L5
  61 0004 5A70     		strb	r2, [r3, #1]
  62 0006 7047     		bx	lr
  63              	.L6:
  64              		.align	2
  65              	.L5:
  66 0008 00000000 		.word	.LANCHOR0
  67              		.cfi_endproc
  68              	.LFE65:
  69              		.size	fisr_CONT, .-fisr_CONT
ARM GAS  C:\Users\PYBL\AppData\Local\Temp\ccJ1nofP.s 			page 4


  70              		.section	.text.main,"ax",%progbits
  71              		.align	2
  72              		.global	main
  73              		.thumb
  74              		.thumb_func
  75              		.type	main, %function
  76              	main:
  77              	.LFB63:
  28:main.c        ****     Teclado_Start();
  78              		.loc 1 28 0
  79              		.cfi_startproc
  80              		@ Volatile: function does not return.
  81              		@ args = 0, pretend = 0, frame = 0
  82              		@ frame_needed = 0, uses_anonymous_args = 0
  83 0000 08B5     		push	{r3, lr}
  84              		.cfi_def_cfa_offset 8
  85              		.cfi_offset 3, -8
  86              		.cfi_offset 14, -4
  29:main.c        ****     LCD_Start();
  87              		.loc 1 29 0
  88 0002 FFF7FEFF 		bl	Teclado_Start
  89              	.LVL0:
  30:main.c        ****     Counter_Start();
  90              		.loc 1 30 0
  91 0006 FFF7FEFF 		bl	LCD_Start
  92              	.LVL1:
  31:main.c        ****     isrTEC_StartEx(fisr_Teclado);
  93              		.loc 1 31 0
  94 000a FFF7FEFF 		bl	Counter_Start
  95              	.LVL2:
  32:main.c        ****     isrCONT_StartEx(fisr_CONT);
  96              		.loc 1 32 0
  97 000e 4848     		ldr	r0, .L18
  98 0010 FFF7FEFF 		bl	isrTEC_StartEx
  99              	.LVL3:
  33:main.c        ****     CyGlobalIntEnable;
 100              		.loc 1 33 0
 101 0014 4748     		ldr	r0, .L18+4
 102 0016 FFF7FEFF 		bl	isrCONT_StartEx
 103              	.LVL4:
  34:main.c        ****   
 104              		.loc 1 34 0
 105              		.syntax unified
 106              	@ 34 "main.c" 1
 107 001a 62B6     		CPSIE   i
 108              	@ 0 "" 2
 109              		.thumb
 110              		.syntax unified
 111              	.L10:
  38:main.c        ****             bandCont=0;
 112              		.loc 1 38 0
 113 001c 464B     		ldr	r3, .L18+8
 114 001e 5B78     		ldrb	r3, [r3, #1]	@ zero_extendqisi2
 115 0020 33B3     		cbz	r3, .L8
  39:main.c        ****             mili++;
 116              		.loc 1 39 0
 117 0022 454B     		ldr	r3, .L18+8
ARM GAS  C:\Users\PYBL\AppData\Local\Temp\ccJ1nofP.s 			page 5


 118 0024 0022     		movs	r2, #0
 119 0026 5A70     		strb	r2, [r3, #1]
  40:main.c        ****             if(mili%1000==0){
 120              		.loc 1 40 0
 121 0028 5A68     		ldr	r2, [r3, #4]
 122 002a 0132     		adds	r2, r2, #1
 123 002c 5A60     		str	r2, [r3, #4]
  41:main.c        ****                 seg++;
 124              		.loc 1 41 0
 125 002e 434B     		ldr	r3, .L18+12
 126 0030 A3FB0213 		umull	r1, r3, r3, r2
 127 0034 9B09     		lsrs	r3, r3, #6
 128 0036 4FF47A71 		mov	r1, #1000
 129 003a 01FB1323 		mls	r3, r1, r3, r2
 130 003e 53B9     		cbnz	r3, .L9
  42:main.c        ****                 LCD_Position(3,0);
 131              		.loc 1 42 0
 132 0040 3D4C     		ldr	r4, .L18+8
 133 0042 A368     		ldr	r3, [r4, #8]
 134 0044 0133     		adds	r3, r3, #1
 135 0046 A360     		str	r3, [r4, #8]
  43:main.c        ****                 LCD_PrintNumber(seg);
 136              		.loc 1 43 0
 137 0048 0021     		movs	r1, #0
 138 004a 0320     		movs	r0, #3
 139 004c FFF7FEFF 		bl	LCD_Position
 140              	.LVL5:
  44:main.c        ****             }
 141              		.loc 1 44 0
 142 0050 2089     		ldrh	r0, [r4, #8]
 143 0052 FFF7FEFF 		bl	LCD_PrintU32Number
 144              	.LVL6:
 145              	.L9:
  47:main.c        ****                 lugar++;
 146              		.loc 1 47 0
 147 0056 384B     		ldr	r3, .L18+8
 148 0058 5A68     		ldr	r2, [r3, #4]
 149 005a 41F28833 		movw	r3, #5000
 150 005e 9A42     		cmp	r2, r3
 151 0060 06D1     		bne	.L8
  48:main.c        ****                 mili=0;
 152              		.loc 1 48 0
 153 0062 354B     		ldr	r3, .L18+8
 154 0064 1A7B     		ldrb	r2, [r3, #12]	@ zero_extendqisi2
 155 0066 0132     		adds	r2, r2, #1
 156 0068 1A73     		strb	r2, [r3, #12]
  49:main.c        ****                 seg=0;
 157              		.loc 1 49 0
 158 006a 0022     		movs	r2, #0
 159 006c 5A60     		str	r2, [r3, #4]
  50:main.c        ****             }
 160              		.loc 1 50 0
 161 006e 9A60     		str	r2, [r3, #8]
 162              	.L8:
  54:main.c        ****             bandTec=0;
 163              		.loc 1 54 0
 164 0070 314B     		ldr	r3, .L18+8
ARM GAS  C:\Users\PYBL\AppData\Local\Temp\ccJ1nofP.s 			page 6


 165 0072 1B78     		ldrb	r3, [r3]	@ zero_extendqisi2
 166 0074 002B     		cmp	r3, #0
 167 0076 D1D0     		beq	.L10
  55:main.c        ****             tinsta=Teclado_AsignarTecla();
 168              		.loc 1 55 0
 169 0078 2F4C     		ldr	r4, .L18+8
 170 007a 0025     		movs	r5, #0
 171 007c 2570     		strb	r5, [r4]
  56:main.c        ****             pulsaciones++;
 172              		.loc 1 56 0
 173 007e FFF7FEFF 		bl	Teclado_AsignarTecla
 174              	.LVL7:
 175 0082 6073     		strb	r0, [r4, #13]
  57:main.c        ****             
 176              		.loc 1 57 0
 177 0084 A37B     		ldrb	r3, [r4, #14]	@ zero_extendqisi2
 178 0086 0133     		adds	r3, r3, #1
 179 0088 A373     		strb	r3, [r4, #14]
  59:main.c        ****             if(tinsta=='7'){
 180              		.loc 1 59 0
 181 008a 6560     		str	r5, [r4, #4]
  60:main.c        ****                 LCD_Position(0,lugar);
 182              		.loc 1 60 0
 183 008c 3728     		cmp	r0, #55
 184 008e 0FD1     		bne	.L11
  61:main.c        ****                 LCD_PutChar(KEY[6][pulsaciones-1]);
 185              		.loc 1 61 0
 186 0090 217B     		ldrb	r1, [r4, #12]	@ zero_extendqisi2
 187 0092 2846     		mov	r0, r5
 188 0094 FFF7FEFF 		bl	LCD_Position
 189              	.LVL8:
  62:main.c        ****                 if(pulsaciones==3){
 190              		.loc 1 62 0
 191 0098 A37B     		ldrb	r3, [r4, #14]	@ zero_extendqisi2
 192 009a 013B     		subs	r3, r3, #1
 193 009c 284A     		ldr	r2, .L18+16
 194 009e 1344     		add	r3, r3, r2
 195 00a0 987C     		ldrb	r0, [r3, #18]	@ zero_extendqisi2
 196 00a2 FFF7FEFF 		bl	LCD_PutChar
 197              	.LVL9:
  63:main.c        ****                     pulsaciones=0;
 198              		.loc 1 63 0
 199 00a6 A37B     		ldrb	r3, [r4, #14]	@ zero_extendqisi2
 200 00a8 032B     		cmp	r3, #3
 201 00aa 01D1     		bne	.L11
  64:main.c        ****                 }
 202              		.loc 1 64 0
 203 00ac 2346     		mov	r3, r4
 204 00ae 9D73     		strb	r5, [r3, #14]
 205              	.L11:
  67:main.c        ****                 LCD_Position(0,lugar);
 206              		.loc 1 67 0
 207 00b0 214B     		ldr	r3, .L18+8
 208 00b2 5B7B     		ldrb	r3, [r3, #13]	@ zero_extendqisi2
 209 00b4 342B     		cmp	r3, #52
 210 00b6 10D1     		bne	.L12
  68:main.c        ****                 LCD_PutChar(KEY[3][pulsaciones-1]);
ARM GAS  C:\Users\PYBL\AppData\Local\Temp\ccJ1nofP.s 			page 7


 211              		.loc 1 68 0
 212 00b8 1F4C     		ldr	r4, .L18+8
 213 00ba 217B     		ldrb	r1, [r4, #12]	@ zero_extendqisi2
 214 00bc 0020     		movs	r0, #0
 215 00be FFF7FEFF 		bl	LCD_Position
 216              	.LVL10:
  69:main.c        ****                 if(pulsaciones==3){
 217              		.loc 1 69 0
 218 00c2 A37B     		ldrb	r3, [r4, #14]	@ zero_extendqisi2
 219 00c4 013B     		subs	r3, r3, #1
 220 00c6 1E4A     		ldr	r2, .L18+16
 221 00c8 1344     		add	r3, r3, r2
 222 00ca 587A     		ldrb	r0, [r3, #9]	@ zero_extendqisi2
 223 00cc FFF7FEFF 		bl	LCD_PutChar
 224              	.LVL11:
  70:main.c        ****                     pulsaciones=0;
 225              		.loc 1 70 0
 226 00d0 A37B     		ldrb	r3, [r4, #14]	@ zero_extendqisi2
 227 00d2 032B     		cmp	r3, #3
 228 00d4 01D1     		bne	.L12
  71:main.c        ****                 }
 229              		.loc 1 71 0
 230 00d6 0022     		movs	r2, #0
 231 00d8 A273     		strb	r2, [r4, #14]
 232              	.L12:
  74:main.c        ****                 LCD_Position(0,lugar);
 233              		.loc 1 74 0
 234 00da 174B     		ldr	r3, .L18+8
 235 00dc 5B7B     		ldrb	r3, [r3, #13]	@ zero_extendqisi2
 236 00de 312B     		cmp	r3, #49
 237 00e0 0FD1     		bne	.L13
  75:main.c        ****                 LCD_PutChar(KEY[0][pulsaciones-1]);
 238              		.loc 1 75 0
 239 00e2 154C     		ldr	r4, .L18+8
 240 00e4 217B     		ldrb	r1, [r4, #12]	@ zero_extendqisi2
 241 00e6 0020     		movs	r0, #0
 242 00e8 FFF7FEFF 		bl	LCD_Position
 243              	.LVL12:
  76:main.c        ****                 if(pulsaciones==3){
 244              		.loc 1 76 0
 245 00ec A37B     		ldrb	r3, [r4, #14]	@ zero_extendqisi2
 246 00ee 013B     		subs	r3, r3, #1
 247 00f0 134A     		ldr	r2, .L18+16
 248 00f2 D05C     		ldrb	r0, [r2, r3]	@ zero_extendqisi2
 249 00f4 FFF7FEFF 		bl	LCD_PutChar
 250              	.LVL13:
  77:main.c        ****                     pulsaciones=0;
 251              		.loc 1 77 0
 252 00f8 A37B     		ldrb	r3, [r4, #14]	@ zero_extendqisi2
 253 00fa 032B     		cmp	r3, #3
 254 00fc 01D1     		bne	.L13
  78:main.c        ****                 }
 255              		.loc 1 78 0
 256 00fe 0022     		movs	r2, #0
 257 0100 A273     		strb	r2, [r4, #14]
 258              	.L13:
  81:main.c        ****                 LCD_Position(0,lugar);
ARM GAS  C:\Users\PYBL\AppData\Local\Temp\ccJ1nofP.s 			page 8


 259              		.loc 1 81 0
 260 0102 0D4B     		ldr	r3, .L18+8
 261 0104 5B7B     		ldrb	r3, [r3, #13]	@ zero_extendqisi2
 262 0106 2A2B     		cmp	r3, #42
 263 0108 88D1     		bne	.L10
  82:main.c        ****                 LCD_PutChar(KEY[5][pulsaciones-1]);
 264              		.loc 1 82 0
 265 010a 0B4C     		ldr	r4, .L18+8
 266 010c 217B     		ldrb	r1, [r4, #12]	@ zero_extendqisi2
 267 010e 0020     		movs	r0, #0
 268 0110 FFF7FEFF 		bl	LCD_Position
 269              	.LVL14:
  83:main.c        ****                 if(pulsaciones==3){
 270              		.loc 1 83 0
 271 0114 A37B     		ldrb	r3, [r4, #14]	@ zero_extendqisi2
 272 0116 013B     		subs	r3, r3, #1
 273 0118 094A     		ldr	r2, .L18+16
 274 011a 1344     		add	r3, r3, r2
 275 011c D87B     		ldrb	r0, [r3, #15]	@ zero_extendqisi2
 276 011e FFF7FEFF 		bl	LCD_PutChar
 277              	.LVL15:
  84:main.c        ****                     pulsaciones=0;
 278              		.loc 1 84 0
 279 0122 A37B     		ldrb	r3, [r4, #14]	@ zero_extendqisi2
 280 0124 032B     		cmp	r3, #3
 281 0126 7FF479AF 		bne	.L10
  85:main.c        ****                 }
 282              		.loc 1 85 0
 283 012a 0022     		movs	r2, #0
 284 012c A273     		strb	r2, [r4, #14]
 285 012e 75E7     		b	.L10
 286              	.L19:
 287              		.align	2
 288              	.L18:
 289 0130 00000000 		.word	fisr_Teclado
 290 0134 00000000 		.word	fisr_CONT
 291 0138 00000000 		.word	.LANCHOR0
 292 013c D34D6210 		.word	274877907
 293 0140 00000000 		.word	.LANCHOR1
 294              		.cfi_endproc
 295              	.LFE63:
 296              		.size	main, .-main
 297              		.global	KEY
 298              		.global	seg
 299              		.global	mili
 300              		.global	lugar
 301              		.global	pulsaciones
 302              		.global	tinsta
 303              		.global	bandCont
 304              		.global	bandTec
 305              		.data
 306              		.align	2
 307              		.set	.LANCHOR1,. + 0
 308              		.type	KEY, %object
 309              		.size	KEY, 27
 310              	KEY:
 311 0000 41       		.byte	65
ARM GAS  C:\Users\PYBL\AppData\Local\Temp\ccJ1nofP.s 			page 9


 312 0001 42       		.byte	66
 313 0002 43       		.byte	67
 314 0003 44       		.byte	68
 315 0004 45       		.byte	69
 316 0005 46       		.byte	70
 317 0006 47       		.byte	71
 318 0007 48       		.byte	72
 319 0008 49       		.byte	73
 320 0009 4A       		.byte	74
 321 000a 4B       		.byte	75
 322 000b 4C       		.byte	76
 323 000c 4D       		.byte	77
 324 000d 4E       		.byte	78
 325 000e 4F       		.byte	79
 326 000f 50       		.byte	80
 327 0010 51       		.byte	81
 328 0011 52       		.byte	82
 329 0012 53       		.byte	83
 330 0013 54       		.byte	84
 331 0014 55       		.byte	85
 332 0015 56       		.byte	86
 333 0016 57       		.byte	87
 334 0017 58       		.byte	88
 335 0018 59       		.byte	89
 336 0019 5A       		.byte	90
 337 001a 20       		.byte	32
 338              		.bss
 339              		.align	2
 340              		.set	.LANCHOR0,. + 0
 341              		.type	bandTec, %object
 342              		.size	bandTec, 1
 343              	bandTec:
 344 0000 00       		.space	1
 345              		.type	bandCont, %object
 346              		.size	bandCont, 1
 347              	bandCont:
 348 0001 00       		.space	1
 349 0002 0000     		.space	2
 350              		.type	mili, %object
 351              		.size	mili, 4
 352              	mili:
 353 0004 00000000 		.space	4
 354              		.type	seg, %object
 355              		.size	seg, 4
 356              	seg:
 357 0008 00000000 		.space	4
 358              		.type	lugar, %object
 359              		.size	lugar, 1
 360              	lugar:
 361 000c 00       		.space	1
 362              		.type	tinsta, %object
 363              		.size	tinsta, 1
 364              	tinsta:
 365 000d 00       		.space	1
 366              		.type	pulsaciones, %object
 367              		.size	pulsaciones, 1
 368              	pulsaciones:
ARM GAS  C:\Users\PYBL\AppData\Local\Temp\ccJ1nofP.s 			page 10


 369 000e 00       		.space	1
 370              		.text
 371              	.Letext0:
 372              		.file 2 "c:\\program files (x86)\\cypress\\psoc creator\\4.4\\psoc creator\\import\\gnu\\arm\\5.4.
 373              		.file 3 "c:\\program files (x86)\\cypress\\psoc creator\\4.4\\psoc creator\\import\\gnu\\arm\\5.4.
 374              		.file 4 "Generated_Source\\PSoC5/cytypes.h"
 375              		.file 5 "Generated_Source\\PSoC5/core_cm3.h"
 376              		.file 6 "Generated_Source\\PSoC5/Teclado_Teclado.h"
 377              		.file 7 "Generated_Source\\PSoC5/LCD.h"
 378              		.file 8 "Generated_Source\\PSoC5/Counter.h"
 379              		.file 9 "Generated_Source\\PSoC5/isrTEC.h"
 380              		.file 10 "Generated_Source\\PSoC5/isrCONT.h"
 381              		.section	.debug_info,"",%progbits
 382              	.Ldebug_info0:
 383 0000 FA020000 		.4byte	0x2fa
 384 0004 0400     		.2byte	0x4
 385 0006 00000000 		.4byte	.Ldebug_abbrev0
 386 000a 04       		.byte	0x4
 387 000b 01       		.uleb128 0x1
 388 000c 96000000 		.4byte	.LASF37
 389 0010 0C       		.byte	0xc
 390 0011 17020000 		.4byte	.LASF38
 391 0015 36000000 		.4byte	.LASF39
 392 0019 00000000 		.4byte	.Ldebug_ranges0+0
 393 001d 00000000 		.4byte	0
 394 0021 00000000 		.4byte	.Ldebug_line0
 395 0025 02       		.uleb128 0x2
 396 0026 01       		.byte	0x1
 397 0027 06       		.byte	0x6
 398 0028 66020000 		.4byte	.LASF0
 399 002c 02       		.uleb128 0x2
 400 002d 01       		.byte	0x1
 401 002e 08       		.byte	0x8
 402 002f 88000000 		.4byte	.LASF1
 403 0033 02       		.uleb128 0x2
 404 0034 02       		.byte	0x2
 405 0035 05       		.byte	0x5
 406 0036 8B010000 		.4byte	.LASF2
 407 003a 02       		.uleb128 0x2
 408 003b 02       		.byte	0x2
 409 003c 07       		.byte	0x7
 410 003d 3F010000 		.4byte	.LASF3
 411 0041 03       		.uleb128 0x3
 412 0042 22000000 		.4byte	.LASF9
 413 0046 02       		.byte	0x2
 414 0047 3F       		.byte	0x3f
 415 0048 4C000000 		.4byte	0x4c
 416 004c 02       		.uleb128 0x2
 417 004d 04       		.byte	0x4
 418 004e 05       		.byte	0x5
 419 004f 51020000 		.4byte	.LASF4
 420 0053 02       		.uleb128 0x2
 421 0054 04       		.byte	0x4
 422 0055 07       		.byte	0x7
 423 0056 2D010000 		.4byte	.LASF5
 424 005a 02       		.uleb128 0x2
 425 005b 08       		.byte	0x8
ARM GAS  C:\Users\PYBL\AppData\Local\Temp\ccJ1nofP.s 			page 11


 426 005c 05       		.byte	0x5
 427 005d 09020000 		.4byte	.LASF6
 428 0061 02       		.uleb128 0x2
 429 0062 08       		.byte	0x8
 430 0063 07       		.byte	0x7
 431 0064 B5010000 		.4byte	.LASF7
 432 0068 04       		.uleb128 0x4
 433 0069 04       		.byte	0x4
 434 006a 05       		.byte	0x5
 435 006b 696E7400 		.ascii	"int\000"
 436 006f 02       		.uleb128 0x2
 437 0070 04       		.byte	0x4
 438 0071 07       		.byte	0x7
 439 0072 A8010000 		.4byte	.LASF8
 440 0076 03       		.uleb128 0x3
 441 0077 70000000 		.4byte	.LASF10
 442 007b 03       		.byte	0x3
 443 007c 2C       		.byte	0x2c
 444 007d 41000000 		.4byte	0x41
 445 0081 05       		.uleb128 0x5
 446 0082 37020000 		.4byte	.LASF11
 447 0086 04       		.byte	0x4
 448 0087 E801     		.2byte	0x1e8
 449 0089 2C000000 		.4byte	0x2c
 450 008d 05       		.uleb128 0x5
 451 008e 95010000 		.4byte	.LASF12
 452 0092 04       		.byte	0x4
 453 0093 E901     		.2byte	0x1e9
 454 0095 3A000000 		.4byte	0x3a
 455 0099 05       		.uleb128 0x5
 456 009a 9C010000 		.4byte	.LASF13
 457 009e 04       		.byte	0x4
 458 009f EA01     		.2byte	0x1ea
 459 00a1 53000000 		.4byte	0x53
 460 00a5 02       		.uleb128 0x2
 461 00a6 04       		.byte	0x4
 462 00a7 04       		.byte	0x4
 463 00a8 78000000 		.4byte	.LASF14
 464 00ac 02       		.uleb128 0x2
 465 00ad 08       		.byte	0x8
 466 00ae 04       		.byte	0x4
 467 00af 84010000 		.4byte	.LASF15
 468 00b3 02       		.uleb128 0x2
 469 00b4 01       		.byte	0x1
 470 00b5 08       		.byte	0x8
 471 00b6 1E020000 		.4byte	.LASF16
 472 00ba 02       		.uleb128 0x2
 473 00bb 08       		.byte	0x8
 474 00bc 04       		.byte	0x4
 475 00bd 5A020000 		.4byte	.LASF17
 476 00c1 02       		.uleb128 0x2
 477 00c2 04       		.byte	0x4
 478 00c3 07       		.byte	0x7
 479 00c4 00020000 		.4byte	.LASF18
 480 00c8 06       		.uleb128 0x6
 481 00c9 00000000 		.4byte	.LASF19
 482 00cd 01       		.byte	0x1
ARM GAS  C:\Users\PYBL\AppData\Local\Temp\ccJ1nofP.s 			page 12


 483 00ce 62       		.byte	0x62
 484 00cf 00000000 		.4byte	.LFB64
 485 00d3 0C000000 		.4byte	.LFE64-.LFB64
 486 00d7 01       		.uleb128 0x1
 487 00d8 9C       		.byte	0x9c
 488 00d9 06       		.uleb128 0x6
 489 00da 2C000000 		.4byte	.LASF20
 490 00de 01       		.byte	0x1
 491 00df 65       		.byte	0x65
 492 00e0 00000000 		.4byte	.LFB65
 493 00e4 0C000000 		.4byte	.LFE65-.LFB65
 494 00e8 01       		.uleb128 0x1
 495 00e9 9C       		.byte	0x9c
 496 00ea 07       		.uleb128 0x7
 497 00eb A3010000 		.4byte	.LASF40
 498 00ef 01       		.byte	0x1
 499 00f0 1B       		.byte	0x1b
 500 00f1 68000000 		.4byte	0x68
 501 00f5 00000000 		.4byte	.LFB63
 502 00f9 44010000 		.4byte	.LFE63-.LFB63
 503 00fd 01       		.uleb128 0x1
 504 00fe 9C       		.byte	0x9c
 505 00ff EB010000 		.4byte	0x1eb
 506 0103 08       		.uleb128 0x8
 507 0104 06000000 		.4byte	.LVL0
 508 0108 9A020000 		.4byte	0x29a
 509 010c 08       		.uleb128 0x8
 510 010d 0A000000 		.4byte	.LVL1
 511 0111 A5020000 		.4byte	0x2a5
 512 0115 08       		.uleb128 0x8
 513 0116 0E000000 		.4byte	.LVL2
 514 011a B0020000 		.4byte	0x2b0
 515 011e 09       		.uleb128 0x9
 516 011f 14000000 		.4byte	.LVL3
 517 0123 BB020000 		.4byte	0x2bb
 518 0127 35010000 		.4byte	0x135
 519 012b 0A       		.uleb128 0xa
 520 012c 01       		.uleb128 0x1
 521 012d 50       		.byte	0x50
 522 012e 05       		.uleb128 0x5
 523 012f 03       		.byte	0x3
 524 0130 00000000 		.4byte	fisr_Teclado
 525 0134 00       		.byte	0
 526 0135 09       		.uleb128 0x9
 527 0136 1A000000 		.4byte	.LVL4
 528 013a C6020000 		.4byte	0x2c6
 529 013e 4C010000 		.4byte	0x14c
 530 0142 0A       		.uleb128 0xa
 531 0143 01       		.uleb128 0x1
 532 0144 50       		.byte	0x50
 533 0145 05       		.uleb128 0x5
 534 0146 03       		.byte	0x3
 535 0147 00000000 		.4byte	fisr_CONT
 536 014b 00       		.byte	0
 537 014c 09       		.uleb128 0x9
 538 014d 50000000 		.4byte	.LVL5
 539 0151 D1020000 		.4byte	0x2d1
ARM GAS  C:\Users\PYBL\AppData\Local\Temp\ccJ1nofP.s 			page 13


 540 0155 64010000 		.4byte	0x164
 541 0159 0A       		.uleb128 0xa
 542 015a 01       		.uleb128 0x1
 543 015b 50       		.byte	0x50
 544 015c 01       		.uleb128 0x1
 545 015d 33       		.byte	0x33
 546 015e 0A       		.uleb128 0xa
 547 015f 01       		.uleb128 0x1
 548 0160 51       		.byte	0x51
 549 0161 01       		.uleb128 0x1
 550 0162 30       		.byte	0x30
 551 0163 00       		.byte	0
 552 0164 08       		.uleb128 0x8
 553 0165 56000000 		.4byte	.LVL6
 554 0169 DC020000 		.4byte	0x2dc
 555 016d 08       		.uleb128 0x8
 556 016e 82000000 		.4byte	.LVL7
 557 0172 E7020000 		.4byte	0x2e7
 558 0176 09       		.uleb128 0x9
 559 0177 98000000 		.4byte	.LVL8
 560 017b D1020000 		.4byte	0x2d1
 561 017f 8A010000 		.4byte	0x18a
 562 0183 0A       		.uleb128 0xa
 563 0184 01       		.uleb128 0x1
 564 0185 50       		.byte	0x50
 565 0186 02       		.uleb128 0x2
 566 0187 75       		.byte	0x75
 567 0188 00       		.sleb128 0
 568 0189 00       		.byte	0
 569 018a 08       		.uleb128 0x8
 570 018b A6000000 		.4byte	.LVL9
 571 018f F2020000 		.4byte	0x2f2
 572 0193 09       		.uleb128 0x9
 573 0194 C2000000 		.4byte	.LVL10
 574 0198 D1020000 		.4byte	0x2d1
 575 019c A7010000 		.4byte	0x1a7
 576 01a0 0A       		.uleb128 0xa
 577 01a1 01       		.uleb128 0x1
 578 01a2 50       		.byte	0x50
 579 01a3 02       		.uleb128 0x2
 580 01a4 75       		.byte	0x75
 581 01a5 00       		.sleb128 0
 582 01a6 00       		.byte	0
 583 01a7 08       		.uleb128 0x8
 584 01a8 D0000000 		.4byte	.LVL11
 585 01ac F2020000 		.4byte	0x2f2
 586 01b0 09       		.uleb128 0x9
 587 01b1 EC000000 		.4byte	.LVL12
 588 01b5 D1020000 		.4byte	0x2d1
 589 01b9 C4010000 		.4byte	0x1c4
 590 01bd 0A       		.uleb128 0xa
 591 01be 01       		.uleb128 0x1
 592 01bf 50       		.byte	0x50
 593 01c0 02       		.uleb128 0x2
 594 01c1 75       		.byte	0x75
 595 01c2 00       		.sleb128 0
 596 01c3 00       		.byte	0
ARM GAS  C:\Users\PYBL\AppData\Local\Temp\ccJ1nofP.s 			page 14


 597 01c4 08       		.uleb128 0x8
 598 01c5 F8000000 		.4byte	.LVL13
 599 01c9 F2020000 		.4byte	0x2f2
 600 01cd 09       		.uleb128 0x9
 601 01ce 14010000 		.4byte	.LVL14
 602 01d2 D1020000 		.4byte	0x2d1
 603 01d6 E1010000 		.4byte	0x1e1
 604 01da 0A       		.uleb128 0xa
 605 01db 01       		.uleb128 0x1
 606 01dc 50       		.byte	0x50
 607 01dd 02       		.uleb128 0x2
 608 01de 75       		.byte	0x75
 609 01df 00       		.sleb128 0
 610 01e0 00       		.byte	0
 611 01e1 08       		.uleb128 0x8
 612 01e2 22010000 		.4byte	.LVL15
 613 01e6 F2020000 		.4byte	0x2f2
 614 01ea 00       		.byte	0
 615 01eb 0B       		.uleb128 0xb
 616 01ec 52010000 		.4byte	.LASF21
 617 01f0 05       		.byte	0x5
 618 01f1 1207     		.2byte	0x712
 619 01f3 F7010000 		.4byte	0x1f7
 620 01f7 0C       		.uleb128 0xc
 621 01f8 76000000 		.4byte	0x76
 622 01fc 0D       		.uleb128 0xd
 623 01fd F8010000 		.4byte	.LASF22
 624 0201 01       		.byte	0x1
 625 0202 05       		.byte	0x5
 626 0203 81000000 		.4byte	0x81
 627 0207 05       		.uleb128 0x5
 628 0208 03       		.byte	0x3
 629 0209 00000000 		.4byte	bandTec
 630 020d 0D       		.uleb128 0xd
 631 020e 24010000 		.4byte	.LASF23
 632 0212 01       		.byte	0x1
 633 0213 06       		.byte	0x6
 634 0214 81000000 		.4byte	0x81
 635 0218 05       		.uleb128 0x5
 636 0219 03       		.byte	0x3
 637 021a 00000000 		.4byte	bandCont
 638 021e 0D       		.uleb128 0xd
 639 021f 6F010000 		.4byte	.LASF24
 640 0223 01       		.byte	0x1
 641 0224 09       		.byte	0x9
 642 0225 81000000 		.4byte	0x81
 643 0229 05       		.uleb128 0x5
 644 022a 03       		.byte	0x3
 645 022b 00000000 		.4byte	tinsta
 646 022f 0D       		.uleb128 0xd
 647 0230 72020000 		.4byte	.LASF25
 648 0234 01       		.byte	0x1
 649 0235 0A       		.byte	0xa
 650 0236 81000000 		.4byte	0x81
 651 023a 05       		.uleb128 0x5
 652 023b 03       		.byte	0x3
 653 023c 00000000 		.4byte	pulsaciones
ARM GAS  C:\Users\PYBL\AppData\Local\Temp\ccJ1nofP.s 			page 15


 654 0240 0D       		.uleb128 0xd
 655 0241 4B020000 		.4byte	.LASF26
 656 0245 01       		.byte	0x1
 657 0246 0B       		.byte	0xb
 658 0247 81000000 		.4byte	0x81
 659 024b 05       		.uleb128 0x5
 660 024c 03       		.byte	0x3
 661 024d 00000000 		.4byte	lugar
 662 0251 0D       		.uleb128 0xd
 663 0252 32020000 		.4byte	.LASF27
 664 0256 01       		.byte	0x1
 665 0257 0C       		.byte	0xc
 666 0258 99000000 		.4byte	0x99
 667 025c 05       		.uleb128 0x5
 668 025d 03       		.byte	0x3
 669 025e 00000000 		.4byte	mili
 670 0262 0E       		.uleb128 0xe
 671 0263 73656700 		.ascii	"seg\000"
 672 0267 01       		.byte	0x1
 673 0268 0D       		.byte	0xd
 674 0269 99000000 		.4byte	0x99
 675 026d 05       		.uleb128 0x5
 676 026e 03       		.byte	0x3
 677 026f 00000000 		.4byte	seg
 678 0273 0F       		.uleb128 0xf
 679 0274 81000000 		.4byte	0x81
 680 0278 89020000 		.4byte	0x289
 681 027c 10       		.uleb128 0x10
 682 027d C1000000 		.4byte	0xc1
 683 0281 08       		.byte	0x8
 684 0282 10       		.uleb128 0x10
 685 0283 C1000000 		.4byte	0xc1
 686 0287 02       		.byte	0x2
 687 0288 00       		.byte	0
 688 0289 0E       		.uleb128 0xe
 689 028a 4B455900 		.ascii	"KEY\000"
 690 028e 01       		.byte	0x1
 691 028f 10       		.byte	0x10
 692 0290 73020000 		.4byte	0x273
 693 0294 05       		.uleb128 0x5
 694 0295 03       		.byte	0x3
 695 0296 00000000 		.4byte	KEY
 696 029a 11       		.uleb128 0x11
 697 029b 3D020000 		.4byte	.LASF28
 698 029f 3D020000 		.4byte	.LASF28
 699 02a3 06       		.byte	0x6
 700 02a4 0D       		.byte	0xd
 701 02a5 11       		.uleb128 0x11
 702 02a6 7E000000 		.4byte	.LASF29
 703 02aa 7E000000 		.4byte	.LASF29
 704 02ae 07       		.byte	0x7
 705 02af 38       		.byte	0x38
 706 02b0 11       		.uleb128 0x11
 707 02b1 76010000 		.4byte	.LASF30
 708 02b5 76010000 		.4byte	.LASF30
 709 02b9 08       		.byte	0x8
 710 02ba 4F       		.byte	0x4f
ARM GAS  C:\Users\PYBL\AppData\Local\Temp\ccJ1nofP.s 			page 16


 711 02bb 11       		.uleb128 0x11
 712 02bc 23020000 		.4byte	.LASF31
 713 02c0 23020000 		.4byte	.LASF31
 714 02c4 09       		.byte	0x9
 715 02c5 18       		.byte	0x18
 716 02c6 11       		.uleb128 0x11
 717 02c7 5F010000 		.4byte	.LASF32
 718 02cb 5F010000 		.4byte	.LASF32
 719 02cf 0A       		.byte	0xa
 720 02d0 18       		.byte	0x18
 721 02d1 11       		.uleb128 0x11
 722 02d2 CC010000 		.4byte	.LASF33
 723 02d6 CC010000 		.4byte	.LASF33
 724 02da 07       		.byte	0x7
 725 02db 3D       		.byte	0x3d
 726 02dc 11       		.uleb128 0x11
 727 02dd D9010000 		.4byte	.LASF34
 728 02e1 D9010000 		.4byte	.LASF34
 729 02e5 07       		.byte	0x7
 730 02e6 61       		.byte	0x61
 731 02e7 11       		.uleb128 0x11
 732 02e8 0D000000 		.4byte	.LASF35
 733 02ec 0D000000 		.4byte	.LASF35
 734 02f0 06       		.byte	0x6
 735 02f1 0F       		.byte	0xf
 736 02f2 11       		.uleb128 0x11
 737 02f3 EC010000 		.4byte	.LASF36
 738 02f7 EC010000 		.4byte	.LASF36
 739 02fb 07       		.byte	0x7
 740 02fc 3E       		.byte	0x3e
 741 02fd 00       		.byte	0
 742              		.section	.debug_abbrev,"",%progbits
 743              	.Ldebug_abbrev0:
 744 0000 01       		.uleb128 0x1
 745 0001 11       		.uleb128 0x11
 746 0002 01       		.byte	0x1
 747 0003 25       		.uleb128 0x25
 748 0004 0E       		.uleb128 0xe
 749 0005 13       		.uleb128 0x13
 750 0006 0B       		.uleb128 0xb
 751 0007 03       		.uleb128 0x3
 752 0008 0E       		.uleb128 0xe
 753 0009 1B       		.uleb128 0x1b
 754 000a 0E       		.uleb128 0xe
 755 000b 55       		.uleb128 0x55
 756 000c 17       		.uleb128 0x17
 757 000d 11       		.uleb128 0x11
 758 000e 01       		.uleb128 0x1
 759 000f 10       		.uleb128 0x10
 760 0010 17       		.uleb128 0x17
 761 0011 00       		.byte	0
 762 0012 00       		.byte	0
 763 0013 02       		.uleb128 0x2
 764 0014 24       		.uleb128 0x24
 765 0015 00       		.byte	0
 766 0016 0B       		.uleb128 0xb
 767 0017 0B       		.uleb128 0xb
ARM GAS  C:\Users\PYBL\AppData\Local\Temp\ccJ1nofP.s 			page 17


 768 0018 3E       		.uleb128 0x3e
 769 0019 0B       		.uleb128 0xb
 770 001a 03       		.uleb128 0x3
 771 001b 0E       		.uleb128 0xe
 772 001c 00       		.byte	0
 773 001d 00       		.byte	0
 774 001e 03       		.uleb128 0x3
 775 001f 16       		.uleb128 0x16
 776 0020 00       		.byte	0
 777 0021 03       		.uleb128 0x3
 778 0022 0E       		.uleb128 0xe
 779 0023 3A       		.uleb128 0x3a
 780 0024 0B       		.uleb128 0xb
 781 0025 3B       		.uleb128 0x3b
 782 0026 0B       		.uleb128 0xb
 783 0027 49       		.uleb128 0x49
 784 0028 13       		.uleb128 0x13
 785 0029 00       		.byte	0
 786 002a 00       		.byte	0
 787 002b 04       		.uleb128 0x4
 788 002c 24       		.uleb128 0x24
 789 002d 00       		.byte	0
 790 002e 0B       		.uleb128 0xb
 791 002f 0B       		.uleb128 0xb
 792 0030 3E       		.uleb128 0x3e
 793 0031 0B       		.uleb128 0xb
 794 0032 03       		.uleb128 0x3
 795 0033 08       		.uleb128 0x8
 796 0034 00       		.byte	0
 797 0035 00       		.byte	0
 798 0036 05       		.uleb128 0x5
 799 0037 16       		.uleb128 0x16
 800 0038 00       		.byte	0
 801 0039 03       		.uleb128 0x3
 802 003a 0E       		.uleb128 0xe
 803 003b 3A       		.uleb128 0x3a
 804 003c 0B       		.uleb128 0xb
 805 003d 3B       		.uleb128 0x3b
 806 003e 05       		.uleb128 0x5
 807 003f 49       		.uleb128 0x49
 808 0040 13       		.uleb128 0x13
 809 0041 00       		.byte	0
 810 0042 00       		.byte	0
 811 0043 06       		.uleb128 0x6
 812 0044 2E       		.uleb128 0x2e
 813 0045 00       		.byte	0
 814 0046 3F       		.uleb128 0x3f
 815 0047 19       		.uleb128 0x19
 816 0048 03       		.uleb128 0x3
 817 0049 0E       		.uleb128 0xe
 818 004a 3A       		.uleb128 0x3a
 819 004b 0B       		.uleb128 0xb
 820 004c 3B       		.uleb128 0x3b
 821 004d 0B       		.uleb128 0xb
 822 004e 27       		.uleb128 0x27
 823 004f 19       		.uleb128 0x19
 824 0050 11       		.uleb128 0x11
ARM GAS  C:\Users\PYBL\AppData\Local\Temp\ccJ1nofP.s 			page 18


 825 0051 01       		.uleb128 0x1
 826 0052 12       		.uleb128 0x12
 827 0053 06       		.uleb128 0x6
 828 0054 40       		.uleb128 0x40
 829 0055 18       		.uleb128 0x18
 830 0056 9742     		.uleb128 0x2117
 831 0058 19       		.uleb128 0x19
 832 0059 00       		.byte	0
 833 005a 00       		.byte	0
 834 005b 07       		.uleb128 0x7
 835 005c 2E       		.uleb128 0x2e
 836 005d 01       		.byte	0x1
 837 005e 3F       		.uleb128 0x3f
 838 005f 19       		.uleb128 0x19
 839 0060 03       		.uleb128 0x3
 840 0061 0E       		.uleb128 0xe
 841 0062 3A       		.uleb128 0x3a
 842 0063 0B       		.uleb128 0xb
 843 0064 3B       		.uleb128 0x3b
 844 0065 0B       		.uleb128 0xb
 845 0066 27       		.uleb128 0x27
 846 0067 19       		.uleb128 0x19
 847 0068 49       		.uleb128 0x49
 848 0069 13       		.uleb128 0x13
 849 006a 8701     		.uleb128 0x87
 850 006c 19       		.uleb128 0x19
 851 006d 11       		.uleb128 0x11
 852 006e 01       		.uleb128 0x1
 853 006f 12       		.uleb128 0x12
 854 0070 06       		.uleb128 0x6
 855 0071 40       		.uleb128 0x40
 856 0072 18       		.uleb128 0x18
 857 0073 9742     		.uleb128 0x2117
 858 0075 19       		.uleb128 0x19
 859 0076 01       		.uleb128 0x1
 860 0077 13       		.uleb128 0x13
 861 0078 00       		.byte	0
 862 0079 00       		.byte	0
 863 007a 08       		.uleb128 0x8
 864 007b 898201   		.uleb128 0x4109
 865 007e 00       		.byte	0
 866 007f 11       		.uleb128 0x11
 867 0080 01       		.uleb128 0x1
 868 0081 31       		.uleb128 0x31
 869 0082 13       		.uleb128 0x13
 870 0083 00       		.byte	0
 871 0084 00       		.byte	0
 872 0085 09       		.uleb128 0x9
 873 0086 898201   		.uleb128 0x4109
 874 0089 01       		.byte	0x1
 875 008a 11       		.uleb128 0x11
 876 008b 01       		.uleb128 0x1
 877 008c 31       		.uleb128 0x31
 878 008d 13       		.uleb128 0x13
 879 008e 01       		.uleb128 0x1
 880 008f 13       		.uleb128 0x13
 881 0090 00       		.byte	0
ARM GAS  C:\Users\PYBL\AppData\Local\Temp\ccJ1nofP.s 			page 19


 882 0091 00       		.byte	0
 883 0092 0A       		.uleb128 0xa
 884 0093 8A8201   		.uleb128 0x410a
 885 0096 00       		.byte	0
 886 0097 02       		.uleb128 0x2
 887 0098 18       		.uleb128 0x18
 888 0099 9142     		.uleb128 0x2111
 889 009b 18       		.uleb128 0x18
 890 009c 00       		.byte	0
 891 009d 00       		.byte	0
 892 009e 0B       		.uleb128 0xb
 893 009f 34       		.uleb128 0x34
 894 00a0 00       		.byte	0
 895 00a1 03       		.uleb128 0x3
 896 00a2 0E       		.uleb128 0xe
 897 00a3 3A       		.uleb128 0x3a
 898 00a4 0B       		.uleb128 0xb
 899 00a5 3B       		.uleb128 0x3b
 900 00a6 05       		.uleb128 0x5
 901 00a7 49       		.uleb128 0x49
 902 00a8 13       		.uleb128 0x13
 903 00a9 3F       		.uleb128 0x3f
 904 00aa 19       		.uleb128 0x19
 905 00ab 3C       		.uleb128 0x3c
 906 00ac 19       		.uleb128 0x19
 907 00ad 00       		.byte	0
 908 00ae 00       		.byte	0
 909 00af 0C       		.uleb128 0xc
 910 00b0 35       		.uleb128 0x35
 911 00b1 00       		.byte	0
 912 00b2 49       		.uleb128 0x49
 913 00b3 13       		.uleb128 0x13
 914 00b4 00       		.byte	0
 915 00b5 00       		.byte	0
 916 00b6 0D       		.uleb128 0xd
 917 00b7 34       		.uleb128 0x34
 918 00b8 00       		.byte	0
 919 00b9 03       		.uleb128 0x3
 920 00ba 0E       		.uleb128 0xe
 921 00bb 3A       		.uleb128 0x3a
 922 00bc 0B       		.uleb128 0xb
 923 00bd 3B       		.uleb128 0x3b
 924 00be 0B       		.uleb128 0xb
 925 00bf 49       		.uleb128 0x49
 926 00c0 13       		.uleb128 0x13
 927 00c1 3F       		.uleb128 0x3f
 928 00c2 19       		.uleb128 0x19
 929 00c3 02       		.uleb128 0x2
 930 00c4 18       		.uleb128 0x18
 931 00c5 00       		.byte	0
 932 00c6 00       		.byte	0
 933 00c7 0E       		.uleb128 0xe
 934 00c8 34       		.uleb128 0x34
 935 00c9 00       		.byte	0
 936 00ca 03       		.uleb128 0x3
 937 00cb 08       		.uleb128 0x8
 938 00cc 3A       		.uleb128 0x3a
ARM GAS  C:\Users\PYBL\AppData\Local\Temp\ccJ1nofP.s 			page 20


 939 00cd 0B       		.uleb128 0xb
 940 00ce 3B       		.uleb128 0x3b
 941 00cf 0B       		.uleb128 0xb
 942 00d0 49       		.uleb128 0x49
 943 00d1 13       		.uleb128 0x13
 944 00d2 3F       		.uleb128 0x3f
 945 00d3 19       		.uleb128 0x19
 946 00d4 02       		.uleb128 0x2
 947 00d5 18       		.uleb128 0x18
 948 00d6 00       		.byte	0
 949 00d7 00       		.byte	0
 950 00d8 0F       		.uleb128 0xf
 951 00d9 01       		.uleb128 0x1
 952 00da 01       		.byte	0x1
 953 00db 49       		.uleb128 0x49
 954 00dc 13       		.uleb128 0x13
 955 00dd 01       		.uleb128 0x1
 956 00de 13       		.uleb128 0x13
 957 00df 00       		.byte	0
 958 00e0 00       		.byte	0
 959 00e1 10       		.uleb128 0x10
 960 00e2 21       		.uleb128 0x21
 961 00e3 00       		.byte	0
 962 00e4 49       		.uleb128 0x49
 963 00e5 13       		.uleb128 0x13
 964 00e6 2F       		.uleb128 0x2f
 965 00e7 0B       		.uleb128 0xb
 966 00e8 00       		.byte	0
 967 00e9 00       		.byte	0
 968 00ea 11       		.uleb128 0x11
 969 00eb 2E       		.uleb128 0x2e
 970 00ec 00       		.byte	0
 971 00ed 3F       		.uleb128 0x3f
 972 00ee 19       		.uleb128 0x19
 973 00ef 3C       		.uleb128 0x3c
 974 00f0 19       		.uleb128 0x19
 975 00f1 6E       		.uleb128 0x6e
 976 00f2 0E       		.uleb128 0xe
 977 00f3 03       		.uleb128 0x3
 978 00f4 0E       		.uleb128 0xe
 979 00f5 3A       		.uleb128 0x3a
 980 00f6 0B       		.uleb128 0xb
 981 00f7 3B       		.uleb128 0x3b
 982 00f8 0B       		.uleb128 0xb
 983 00f9 00       		.byte	0
 984 00fa 00       		.byte	0
 985 00fb 00       		.byte	0
 986              		.section	.debug_aranges,"",%progbits
 987 0000 2C000000 		.4byte	0x2c
 988 0004 0200     		.2byte	0x2
 989 0006 00000000 		.4byte	.Ldebug_info0
 990 000a 04       		.byte	0x4
 991 000b 00       		.byte	0
 992 000c 0000     		.2byte	0
 993 000e 0000     		.2byte	0
 994 0010 00000000 		.4byte	.LFB64
 995 0014 0C000000 		.4byte	.LFE64-.LFB64
ARM GAS  C:\Users\PYBL\AppData\Local\Temp\ccJ1nofP.s 			page 21


 996 0018 00000000 		.4byte	.LFB65
 997 001c 0C000000 		.4byte	.LFE65-.LFB65
 998 0020 00000000 		.4byte	.LFB63
 999 0024 44010000 		.4byte	.LFE63-.LFB63
 1000 0028 00000000 		.4byte	0
 1001 002c 00000000 		.4byte	0
 1002              		.section	.debug_ranges,"",%progbits
 1003              	.Ldebug_ranges0:
 1004 0000 00000000 		.4byte	.LFB64
 1005 0004 0C000000 		.4byte	.LFE64
 1006 0008 00000000 		.4byte	.LFB65
 1007 000c 0C000000 		.4byte	.LFE65
 1008 0010 00000000 		.4byte	.LFB63
 1009 0014 44010000 		.4byte	.LFE63
 1010 0018 00000000 		.4byte	0
 1011 001c 00000000 		.4byte	0
 1012              		.section	.debug_line,"",%progbits
 1013              	.Ldebug_line0:
 1014 0000 F1010000 		.section	.debug_str,"MS",%progbits,1
 1014      02009001 
 1014      00000201 
 1014      FB0E0D00 
 1014      01010101 
 1015              	.LASF19:
 1016 0000 66697372 		.ascii	"fisr_Teclado\000"
 1016      5F546563 
 1016      6C61646F 
 1016      00
 1017              	.LASF35:
 1018 000d 5465636C 		.ascii	"Teclado_AsignarTecla\000"
 1018      61646F5F 
 1018      41736967 
 1018      6E617254 
 1018      65636C61 
 1019              	.LASF9:
 1020 0022 5F5F696E 		.ascii	"__int32_t\000"
 1020      7433325F 
 1020      7400
 1021              	.LASF20:
 1022 002c 66697372 		.ascii	"fisr_CONT\000"
 1022      5F434F4E 
 1022      5400
 1023              	.LASF39:
 1024 0036 433A5C55 		.ascii	"C:\\Users\\PYBL\\Documents\\PSoC Creator\\Pruebas\\"
 1024      73657273 
 1024      5C505942 
 1024      4C5C446F 
 1024      63756D65 
 1025 0063 4B657970 		.ascii	"Keypad.cydsn\000"
 1025      61642E63 
 1025      7964736E 
 1025      00
 1026              	.LASF10:
 1027 0070 696E7433 		.ascii	"int32_t\000"
 1027      325F7400 
 1028              	.LASF14:
 1029 0078 666C6F61 		.ascii	"float\000"
ARM GAS  C:\Users\PYBL\AppData\Local\Temp\ccJ1nofP.s 			page 22


 1029      7400
 1030              	.LASF29:
 1031 007e 4C43445F 		.ascii	"LCD_Start\000"
 1031      53746172 
 1031      7400
 1032              	.LASF1:
 1033 0088 756E7369 		.ascii	"unsigned char\000"
 1033      676E6564 
 1033      20636861 
 1033      7200
 1034              	.LASF37:
 1035 0096 474E5520 		.ascii	"GNU C11 5.4.1 20160609 (release) [ARM/embedded-5-br"
 1035      43313120 
 1035      352E342E 
 1035      31203230 
 1035      31363036 
 1036 00c9 616E6368 		.ascii	"anch revision 237715] -mcpu=cortex-m3 -mthumb -g -O"
 1036      20726576 
 1036      6973696F 
 1036      6E203233 
 1036      37373135 
 1037 00fc 67202D66 		.ascii	"g -ffunction-sections -ffat-lto-objects\000"
 1037      66756E63 
 1037      74696F6E 
 1037      2D736563 
 1037      74696F6E 
 1038              	.LASF23:
 1039 0124 62616E64 		.ascii	"bandCont\000"
 1039      436F6E74 
 1039      00
 1040              	.LASF5:
 1041 012d 6C6F6E67 		.ascii	"long unsigned int\000"
 1041      20756E73 
 1041      69676E65 
 1041      6420696E 
 1041      7400
 1042              	.LASF3:
 1043 013f 73686F72 		.ascii	"short unsigned int\000"
 1043      7420756E 
 1043      7369676E 
 1043      65642069 
 1043      6E7400
 1044              	.LASF21:
 1045 0152 49544D5F 		.ascii	"ITM_RxBuffer\000"
 1045      52784275 
 1045      66666572 
 1045      00
 1046              	.LASF32:
 1047 015f 69737243 		.ascii	"isrCONT_StartEx\000"
 1047      4F4E545F 
 1047      53746172 
 1047      74457800 
 1048              	.LASF24:
 1049 016f 74696E73 		.ascii	"tinsta\000"
 1049      746100
 1050              	.LASF30:
 1051 0176 436F756E 		.ascii	"Counter_Start\000"
ARM GAS  C:\Users\PYBL\AppData\Local\Temp\ccJ1nofP.s 			page 23


 1051      7465725F 
 1051      53746172 
 1051      7400
 1052              	.LASF15:
 1053 0184 646F7562 		.ascii	"double\000"
 1053      6C6500
 1054              	.LASF2:
 1055 018b 73686F72 		.ascii	"short int\000"
 1055      7420696E 
 1055      7400
 1056              	.LASF12:
 1057 0195 75696E74 		.ascii	"uint16\000"
 1057      313600
 1058              	.LASF13:
 1059 019c 75696E74 		.ascii	"uint32\000"
 1059      333200
 1060              	.LASF40:
 1061 01a3 6D61696E 		.ascii	"main\000"
 1061      00
 1062              	.LASF8:
 1063 01a8 756E7369 		.ascii	"unsigned int\000"
 1063      676E6564 
 1063      20696E74 
 1063      00
 1064              	.LASF7:
 1065 01b5 6C6F6E67 		.ascii	"long long unsigned int\000"
 1065      206C6F6E 
 1065      6720756E 
 1065      7369676E 
 1065      65642069 
 1066              	.LASF33:
 1067 01cc 4C43445F 		.ascii	"LCD_Position\000"
 1067      506F7369 
 1067      74696F6E 
 1067      00
 1068              	.LASF34:
 1069 01d9 4C43445F 		.ascii	"LCD_PrintU32Number\000"
 1069      5072696E 
 1069      74553332 
 1069      4E756D62 
 1069      657200
 1070              	.LASF36:
 1071 01ec 4C43445F 		.ascii	"LCD_PutChar\000"
 1071      50757443 
 1071      68617200 
 1072              	.LASF22:
 1073 01f8 62616E64 		.ascii	"bandTec\000"
 1073      54656300 
 1074              	.LASF18:
 1075 0200 73697A65 		.ascii	"sizetype\000"
 1075      74797065 
 1075      00
 1076              	.LASF6:
 1077 0209 6C6F6E67 		.ascii	"long long int\000"
 1077      206C6F6E 
 1077      6720696E 
 1077      7400
ARM GAS  C:\Users\PYBL\AppData\Local\Temp\ccJ1nofP.s 			page 24


 1078              	.LASF38:
 1079 0217 6D61696E 		.ascii	"main.c\000"
 1079      2E6300
 1080              	.LASF16:
 1081 021e 63686172 		.ascii	"char\000"
 1081      00
 1082              	.LASF31:
 1083 0223 69737254 		.ascii	"isrTEC_StartEx\000"
 1083      45435F53 
 1083      74617274 
 1083      457800
 1084              	.LASF27:
 1085 0232 6D696C69 		.ascii	"mili\000"
 1085      00
 1086              	.LASF11:
 1087 0237 75696E74 		.ascii	"uint8\000"
 1087      3800
 1088              	.LASF28:
 1089 023d 5465636C 		.ascii	"Teclado_Start\000"
 1089      61646F5F 
 1089      53746172 
 1089      7400
 1090              	.LASF26:
 1091 024b 6C756761 		.ascii	"lugar\000"
 1091      7200
 1092              	.LASF4:
 1093 0251 6C6F6E67 		.ascii	"long int\000"
 1093      20696E74 
 1093      00
 1094              	.LASF17:
 1095 025a 6C6F6E67 		.ascii	"long double\000"
 1095      20646F75 
 1095      626C6500 
 1096              	.LASF0:
 1097 0266 7369676E 		.ascii	"signed char\000"
 1097      65642063 
 1097      68617200 
 1098              	.LASF25:
 1099 0272 70756C73 		.ascii	"pulsaciones\000"
 1099      6163696F 
 1099      6E657300 
 1100              		.ident	"GCC: (GNU Tools for ARM Embedded Processors) 5.4.1 20160609 (release) [ARM/embedded-5-bran
