ARM GAS  C:\Users\PYBL\AppData\Local\Temp\cc4r6UPT.s 			page 1


   1              		.syntax unified
   2              		.cpu cortex-m3
   3              		.fpu softvfp
   4              		.eabi_attribute 20, 1
   5              		.eabi_attribute 21, 1
   6              		.eabi_attribute 23, 3
   7              		.eabi_attribute 24, 1
   8              		.eabi_attribute 25, 1
   9              		.eabi_attribute 26, 1
  10              		.eabi_attribute 30, 1
  11              		.eabi_attribute 34, 1
  12              		.eabi_attribute 18, 4
  13              		.thumb
  14              		.syntax unified
  15              		.file	"Teclado_Teclado.c"
  16              		.text
  17              	.Ltext0:
  18              		.cfi_sections	.debug_frame
  19              		.section	.text.Teclado_AsignarTecla,"ax",%progbits
  20              		.align	2
  21              		.global	Teclado_AsignarTecla
  22              		.thumb
  23              		.thumb_func
  24              		.type	Teclado_AsignarTecla, %function
  25              	Teclado_AsignarTecla:
  26              	.LFB63:
  27              		.file 1 "Generated_Source\\PSoC5\\Teclado_Teclado.c"
   1:Generated_Source\PSoC5/Teclado_Teclado.c **** /* ========================================
   2:Generated_Source\PSoC5/Teclado_Teclado.c ****  *
   3:Generated_Source\PSoC5/Teclado_Teclado.c ****  * Copyright YOUR COMPANY, THE YEAR
   4:Generated_Source\PSoC5/Teclado_Teclado.c ****  * All Rights Reserved
   5:Generated_Source\PSoC5/Teclado_Teclado.c ****  * UNPUBLISHED, LICENSED SOFTWARE.
   6:Generated_Source\PSoC5/Teclado_Teclado.c ****  *
   7:Generated_Source\PSoC5/Teclado_Teclado.c ****  * CONFIDENTIAL AND PROPRIETARY INFORMATION
   8:Generated_Source\PSoC5/Teclado_Teclado.c ****  * WHICH IS THE PROPERTY OF your company.
   9:Generated_Source\PSoC5/Teclado_Teclado.c ****  *
  10:Generated_Source\PSoC5/Teclado_Teclado.c ****  * ========================================
  11:Generated_Source\PSoC5/Teclado_Teclado.c **** */
  12:Generated_Source\PSoC5/Teclado_Teclado.c **** 
  13:Generated_Source\PSoC5/Teclado_Teclado.c **** #include "project.h"
  14:Generated_Source\PSoC5/Teclado_Teclado.c **** 
  15:Generated_Source\PSoC5/Teclado_Teclado.c **** uint8 Teclado_AsignarTecla(void)
  16:Generated_Source\PSoC5/Teclado_Teclado.c **** {
  28              		.loc 1 16 0
  29              		.cfi_startproc
  30              		@ args = 0, pretend = 0, frame = 16
  31              		@ frame_needed = 0, uses_anonymous_args = 0
  32 0000 30B5     		push	{r4, r5, lr}
  33              		.cfi_def_cfa_offset 12
  34              		.cfi_offset 4, -12
  35              		.cfi_offset 5, -8
  36              		.cfi_offset 14, -4
  37 0002 85B0     		sub	sp, sp, #20
  38              		.cfi_def_cfa_offset 32
  17:Generated_Source\PSoC5/Teclado_Teclado.c ****     uint8 Teclado_Key[4][4] = {
  39              		.loc 1 17 0
  40 0004 144B     		ldr	r3, .L3
ARM GAS  C:\Users\PYBL\AppData\Local\Temp\cc4r6UPT.s 			page 2


  41 0006 6C46     		mov	r4, sp
  42 0008 1868     		ldr	r0, [r3]	@ unaligned
  43 000a 5968     		ldr	r1, [r3, #4]	@ unaligned
  44 000c 9A68     		ldr	r2, [r3, #8]	@ unaligned
  45 000e DB68     		ldr	r3, [r3, #12]	@ unaligned
  46 0010 0FC4     		stmia	r4!, {r0, r1, r2, r3}
  18:Generated_Source\PSoC5/Teclado_Teclado.c **** 		{'1','2','3','A'},//Row 1
  19:Generated_Source\PSoC5/Teclado_Teclado.c **** 		{'4','5','6','B'},//Row 2
  20:Generated_Source\PSoC5/Teclado_Teclado.c **** 		{'7','8','9','C'},//Row 3
  21:Generated_Source\PSoC5/Teclado_Teclado.c **** 		{'*','0','#','D'}//Row 4
  22:Generated_Source\PSoC5/Teclado_Teclado.c ****   	};
  23:Generated_Source\PSoC5/Teclado_Teclado.c ****     
  24:Generated_Source\PSoC5/Teclado_Teclado.c **** 	uint8 Button;
  25:Generated_Source\PSoC5/Teclado_Teclado.c **** 	uint8 fila,columna;
  26:Generated_Source\PSoC5/Teclado_Teclado.c **** 
  27:Generated_Source\PSoC5/Teclado_Teclado.c **** 	fila = (Teclado_Status_Reg_Read() & 0b11); //Row extract
  47              		.loc 1 27 0
  48 0012 FFF7FEFF 		bl	Teclado_Status_Reg_Read
  49              	.LVL0:
  50 0016 00F00304 		and	r4, r0, #3
  51              	.LVL1:
  28:Generated_Source\PSoC5/Teclado_Teclado.c ****     //Search for row
  29:Generated_Source\PSoC5/Teclado_Teclado.c ****     Teclado_Columns_Write(0b1111);
  52              		.loc 1 29 0
  53 001a 0F20     		movs	r0, #15
  54 001c FFF7FEFF 		bl	Teclado_Columns_Write
  55              	.LVL2:
  30:Generated_Source\PSoC5/Teclado_Teclado.c ****     Teclado_Rows_Write(0b0000);
  56              		.loc 1 30 0
  57 0020 0020     		movs	r0, #0
  58 0022 FFF7FEFF 		bl	Teclado_Rows_Write
  59              	.LVL3:
  31:Generated_Source\PSoC5/Teclado_Teclado.c ****      CyDelayUs(10);
  60              		.loc 1 31 0
  61 0026 0A20     		movs	r0, #10
  62 0028 FFF7FEFF 		bl	CyDelayUs
  63              	.LVL4:
  32:Generated_Source\PSoC5/Teclado_Teclado.c ****     
  33:Generated_Source\PSoC5/Teclado_Teclado.c ****     columna = ((Teclado_Status_Reg_Read() & 0b1100) >> 2);
  64              		.loc 1 33 0
  65 002c FFF7FEFF 		bl	Teclado_Status_Reg_Read
  66              	.LVL5:
  67 0030 C0F38105 		ubfx	r5, r0, #2, #2
  68              	.LVL6:
  34:Generated_Source\PSoC5/Teclado_Teclado.c ****     //Back to normal
  35:Generated_Source\PSoC5/Teclado_Teclado.c ****     Teclado_Rows_Write(0b1111);
  69              		.loc 1 35 0
  70 0034 0F20     		movs	r0, #15
  71 0036 FFF7FEFF 		bl	Teclado_Rows_Write
  72              	.LVL7:
  36:Generated_Source\PSoC5/Teclado_Teclado.c ****     Teclado_Columns_Write(0b0000);
  73              		.loc 1 36 0
  74 003a 0020     		movs	r0, #0
  75 003c FFF7FEFF 		bl	Teclado_Columns_Write
  76              	.LVL8:
  37:Generated_Source\PSoC5/Teclado_Teclado.c ****     CyDelayUs(10);
  77              		.loc 1 37 0
ARM GAS  C:\Users\PYBL\AppData\Local\Temp\cc4r6UPT.s 			page 3


  78 0040 0A20     		movs	r0, #10
  79 0042 FFF7FEFF 		bl	CyDelayUs
  80              	.LVL9:
  38:Generated_Source\PSoC5/Teclado_Teclado.c ****     
  39:Generated_Source\PSoC5/Teclado_Teclado.c **** 	Button=Teclado_Key[fila][columna];//Assign Character
  81              		.loc 1 39 0
  82 0046 04AB     		add	r3, sp, #16
  83 0048 03EB8404 		add	r4, r3, r4, lsl #2
  84              	.LVL10:
  85 004c 2C44     		add	r4, r4, r5
  86              	.LVL11:
  40:Generated_Source\PSoC5/Teclado_Teclado.c **** 	return Button;
  41:Generated_Source\PSoC5/Teclado_Teclado.c **** }
  87              		.loc 1 41 0
  88 004e 14F8100C 		ldrb	r0, [r4, #-16]	@ zero_extendqisi2
  89 0052 05B0     		add	sp, sp, #20
  90              		.cfi_def_cfa_offset 12
  91              		@ sp needed
  92 0054 30BD     		pop	{r4, r5, pc}
  93              	.LVL12:
  94              	.L4:
  95 0056 00BF     		.align	2
  96              	.L3:
  97 0058 00000000 		.word	.LANCHOR0
  98              		.cfi_endproc
  99              	.LFE63:
 100              		.size	Teclado_AsignarTecla, .-Teclado_AsignarTecla
 101              		.section	.text.Teclado_AsignarTeclaExtern,"ax",%progbits
 102              		.align	2
 103              		.global	Teclado_AsignarTeclaExtern
 104              		.thumb
 105              		.thumb_func
 106              		.type	Teclado_AsignarTeclaExtern, %function
 107              	Teclado_AsignarTeclaExtern:
 108              	.LFB64:
  42:Generated_Source\PSoC5/Teclado_Teclado.c **** 
  43:Generated_Source\PSoC5/Teclado_Teclado.c **** uint8 Teclado_AsignarTeclaExtern(const int matriz[4][4])
  44:Generated_Source\PSoC5/Teclado_Teclado.c **** {
 109              		.loc 1 44 0
 110              		.cfi_startproc
 111              		@ args = 0, pretend = 0, frame = 0
 112              		@ frame_needed = 0, uses_anonymous_args = 0
 113              	.LVL13:
 114 0000 70B5     		push	{r4, r5, r6, lr}
 115              		.cfi_def_cfa_offset 16
 116              		.cfi_offset 4, -16
 117              		.cfi_offset 5, -12
 118              		.cfi_offset 6, -8
 119              		.cfi_offset 14, -4
 120 0002 0446     		mov	r4, r0
  45:Generated_Source\PSoC5/Teclado_Teclado.c ****     uint8 Button;
  46:Generated_Source\PSoC5/Teclado_Teclado.c **** 	uint8 fila,columna;
  47:Generated_Source\PSoC5/Teclado_Teclado.c **** 
  48:Generated_Source\PSoC5/Teclado_Teclado.c **** 	fila = (Teclado_Status_Reg_Read() & 0b11); //Row extract
 121              		.loc 1 48 0
 122 0004 FFF7FEFF 		bl	Teclado_Status_Reg_Read
 123              	.LVL14:
ARM GAS  C:\Users\PYBL\AppData\Local\Temp\cc4r6UPT.s 			page 4


 124 0008 00F00306 		and	r6, r0, #3
 125              	.LVL15:
  49:Generated_Source\PSoC5/Teclado_Teclado.c ****     //Search for row
  50:Generated_Source\PSoC5/Teclado_Teclado.c ****     Teclado_Columns_Write(0b1111);
 126              		.loc 1 50 0
 127 000c 0F20     		movs	r0, #15
 128 000e FFF7FEFF 		bl	Teclado_Columns_Write
 129              	.LVL16:
  51:Generated_Source\PSoC5/Teclado_Teclado.c ****     Teclado_Rows_Write(0b0000);
 130              		.loc 1 51 0
 131 0012 0020     		movs	r0, #0
 132 0014 FFF7FEFF 		bl	Teclado_Rows_Write
 133              	.LVL17:
  52:Generated_Source\PSoC5/Teclado_Teclado.c ****      CyDelayUs(10);
 134              		.loc 1 52 0
 135 0018 0A20     		movs	r0, #10
 136 001a FFF7FEFF 		bl	CyDelayUs
 137              	.LVL18:
  53:Generated_Source\PSoC5/Teclado_Teclado.c ****     
  54:Generated_Source\PSoC5/Teclado_Teclado.c ****     columna = ((Teclado_Status_Reg_Read() & 0b1100) >> 2);
 138              		.loc 1 54 0
 139 001e FFF7FEFF 		bl	Teclado_Status_Reg_Read
 140              	.LVL19:
 141 0022 C0F38105 		ubfx	r5, r0, #2, #2
 142              	.LVL20:
  55:Generated_Source\PSoC5/Teclado_Teclado.c ****     //Back to normal
  56:Generated_Source\PSoC5/Teclado_Teclado.c ****     Teclado_Rows_Write(0b1111);
 143              		.loc 1 56 0
 144 0026 0F20     		movs	r0, #15
 145 0028 FFF7FEFF 		bl	Teclado_Rows_Write
 146              	.LVL21:
  57:Generated_Source\PSoC5/Teclado_Teclado.c ****     Teclado_Columns_Write(0b0000);
 147              		.loc 1 57 0
 148 002c 0020     		movs	r0, #0
 149 002e FFF7FEFF 		bl	Teclado_Columns_Write
 150              	.LVL22:
  58:Generated_Source\PSoC5/Teclado_Teclado.c ****     CyDelayUs(10);
 151              		.loc 1 58 0
 152 0032 0A20     		movs	r0, #10
 153 0034 FFF7FEFF 		bl	CyDelayUs
 154              	.LVL23:
  59:Generated_Source\PSoC5/Teclado_Teclado.c ****     
  60:Generated_Source\PSoC5/Teclado_Teclado.c **** 	Button=matriz[fila][columna];//Assign Character
 155              		.loc 1 60 0
 156 0038 04EB0614 		add	r4, r4, r6, lsl #4
 157              	.LVL24:
  61:Generated_Source\PSoC5/Teclado_Teclado.c **** 	return Button;
  62:Generated_Source\PSoC5/Teclado_Teclado.c **** }
 158              		.loc 1 62 0
 159 003c 14F82500 		ldrb	r0, [r4, r5, lsl #2]	@ zero_extendqisi2
 160 0040 70BD     		pop	{r4, r5, r6, pc}
 161              		.cfi_endproc
 162              	.LFE64:
 163              		.size	Teclado_AsignarTeclaExtern, .-Teclado_AsignarTeclaExtern
 164 0042 00BF     		.section	.text.Teclado_Start,"ax",%progbits
 165              		.align	2
 166              		.global	Teclado_Start
ARM GAS  C:\Users\PYBL\AppData\Local\Temp\cc4r6UPT.s 			page 5


 167              		.thumb
 168              		.thumb_func
 169              		.type	Teclado_Start, %function
 170              	Teclado_Start:
 171              	.LFB65:
  63:Generated_Source\PSoC5/Teclado_Teclado.c **** 
  64:Generated_Source\PSoC5/Teclado_Teclado.c **** 
  65:Generated_Source\PSoC5/Teclado_Teclado.c **** void Teclado_Start(void){
 172              		.loc 1 65 0
 173              		.cfi_startproc
 174              		@ args = 0, pretend = 0, frame = 0
 175              		@ frame_needed = 0, uses_anonymous_args = 0
 176 0000 08B5     		push	{r3, lr}
 177              		.cfi_def_cfa_offset 8
 178              		.cfi_offset 3, -8
 179              		.cfi_offset 14, -4
  66:Generated_Source\PSoC5/Teclado_Teclado.c ****     Teclado_Rows_Write(0b1111);
 180              		.loc 1 66 0
 181 0002 0F20     		movs	r0, #15
 182 0004 FFF7FEFF 		bl	Teclado_Rows_Write
 183              	.LVL25:
  67:Generated_Source\PSoC5/Teclado_Teclado.c ****     Teclado_Columns_Write(0b0000);
 184              		.loc 1 67 0
 185 0008 0020     		movs	r0, #0
 186 000a FFF7FEFF 		bl	Teclado_Columns_Write
 187              	.LVL26:
 188 000e 08BD     		pop	{r3, pc}
 189              		.cfi_endproc
 190              	.LFE65:
 191              		.size	Teclado_Start, .-Teclado_Start
 192              		.section	.rodata
 193              		.align	2
 194              		.set	.LANCHOR0,. + 0
 195              	.LC0:
 196 0000 31       		.byte	49
 197 0001 32       		.byte	50
 198 0002 33       		.byte	51
 199 0003 41       		.byte	65
 200 0004 34       		.byte	52
 201 0005 35       		.byte	53
 202 0006 36       		.byte	54
 203 0007 42       		.byte	66
 204 0008 37       		.byte	55
 205 0009 38       		.byte	56
 206 000a 39       		.byte	57
 207 000b 43       		.byte	67
 208 000c 2A       		.byte	42
 209 000d 30       		.byte	48
 210 000e 23       		.byte	35
 211 000f 44       		.byte	68
 212              		.text
 213              	.Letext0:
 214              		.file 2 "c:\\program files (x86)\\cypress\\psoc creator\\4.4\\psoc creator\\import\\gnu\\arm\\5.4.
 215              		.file 3 "c:\\program files (x86)\\cypress\\psoc creator\\4.4\\psoc creator\\import\\gnu\\arm\\5.4.
 216              		.file 4 "Generated_Source\\PSoC5\\cytypes.h"
 217              		.file 5 "Generated_Source\\PSoC5\\Teclado_Status_Reg.h"
 218              		.file 6 "Generated_Source\\PSoC5\\Teclado_Columns.h"
ARM GAS  C:\Users\PYBL\AppData\Local\Temp\cc4r6UPT.s 			page 6


 219              		.file 7 "Generated_Source\\PSoC5\\Teclado_Rows.h"
 220              		.file 8 "Generated_Source\\PSoC5\\CyLib.h"
 221              		.file 9 "Generated_Source\\PSoC5/core_cm3.h"
 222              		.section	.debug_info,"",%progbits
 223              	.Ldebug_info0:
 224 0000 FE020000 		.4byte	0x2fe
 225 0004 0400     		.2byte	0x4
 226 0006 00000000 		.4byte	.Ldebug_abbrev0
 227 000a 04       		.byte	0x4
 228 000b 01       		.uleb128 0x1
 229 000c 85000000 		.4byte	.LASF27
 230 0010 0C       		.byte	0xc
 231 0011 E0010000 		.4byte	.LASF28
 232 0015 32000000 		.4byte	.LASF29
 233 0019 00000000 		.4byte	.Ldebug_ranges0+0
 234 001d 00000000 		.4byte	0
 235 0021 00000000 		.4byte	.Ldebug_line0
 236 0025 02       		.uleb128 0x2
 237 0026 01       		.byte	0x1
 238 0027 06       		.byte	0x6
 239 0028 59020000 		.4byte	.LASF0
 240 002c 02       		.uleb128 0x2
 241 002d 01       		.byte	0x1
 242 002e 08       		.byte	0x8
 243 002f 77000000 		.4byte	.LASF1
 244 0033 02       		.uleb128 0x2
 245 0034 02       		.byte	0x2
 246 0035 05       		.byte	0x5
 247 0036 09020000 		.4byte	.LASF2
 248 003a 02       		.uleb128 0x2
 249 003b 02       		.byte	0x2
 250 003c 07       		.byte	0x7
 251 003d 25010000 		.4byte	.LASF3
 252 0041 03       		.uleb128 0x3
 253 0042 28000000 		.4byte	.LASF9
 254 0046 02       		.byte	0x2
 255 0047 3F       		.byte	0x3f
 256 0048 4C000000 		.4byte	0x4c
 257 004c 02       		.uleb128 0x2
 258 004d 04       		.byte	0x4
 259 004e 05       		.byte	0x5
 260 004f 44020000 		.4byte	.LASF4
 261 0053 02       		.uleb128 0x2
 262 0054 04       		.byte	0x4
 263 0055 07       		.byte	0x7
 264 0056 13010000 		.4byte	.LASF5
 265 005a 02       		.uleb128 0x2
 266 005b 08       		.byte	0x8
 267 005c 05       		.byte	0x5
 268 005d 92010000 		.4byte	.LASF6
 269 0061 02       		.uleb128 0x2
 270 0062 08       		.byte	0x8
 271 0063 07       		.byte	0x7
 272 0064 6A010000 		.4byte	.LASF7
 273 0068 04       		.uleb128 0x4
 274 0069 04       		.byte	0x4
 275 006a 05       		.byte	0x5
ARM GAS  C:\Users\PYBL\AppData\Local\Temp\cc4r6UPT.s 			page 7


 276 006b 696E7400 		.ascii	"int\000"
 277 006f 02       		.uleb128 0x2
 278 0070 04       		.byte	0x4
 279 0071 07       		.byte	0x7
 280 0072 56010000 		.4byte	.LASF8
 281 0076 03       		.uleb128 0x3
 282 0077 81010000 		.4byte	.LASF10
 283 007b 03       		.byte	0x3
 284 007c 2C       		.byte	0x2c
 285 007d 41000000 		.4byte	0x41
 286 0081 05       		.uleb128 0x5
 287 0082 1A020000 		.4byte	.LASF11
 288 0086 04       		.byte	0x4
 289 0087 E801     		.2byte	0x1e8
 290 0089 2C000000 		.4byte	0x2c
 291 008d 02       		.uleb128 0x2
 292 008e 04       		.byte	0x4
 293 008f 04       		.byte	0x4
 294 0090 71000000 		.4byte	.LASF12
 295 0094 02       		.uleb128 0x2
 296 0095 08       		.byte	0x8
 297 0096 04       		.byte	0x4
 298 0097 45010000 		.4byte	.LASF13
 299 009b 02       		.uleb128 0x2
 300 009c 01       		.byte	0x1
 301 009d 08       		.byte	0x8
 302 009e D3010000 		.4byte	.LASF14
 303 00a2 02       		.uleb128 0x2
 304 00a3 08       		.byte	0x8
 305 00a4 04       		.byte	0x4
 306 00a5 4D020000 		.4byte	.LASF15
 307 00a9 02       		.uleb128 0x2
 308 00aa 04       		.byte	0x4
 309 00ab 07       		.byte	0x7
 310 00ac 89010000 		.4byte	.LASF16
 311 00b0 06       		.uleb128 0x6
 312 00b1 13000000 		.4byte	.LASF21
 313 00b5 01       		.byte	0x1
 314 00b6 0F       		.byte	0xf
 315 00b7 81000000 		.4byte	0x81
 316 00bb 00000000 		.4byte	.LFB63
 317 00bf 5C000000 		.4byte	.LFE63-.LFB63
 318 00c3 01       		.uleb128 0x1
 319 00c4 9C       		.byte	0x9c
 320 00c5 85010000 		.4byte	0x185
 321 00c9 07       		.uleb128 0x7
 322 00ca 65020000 		.4byte	.LASF17
 323 00ce 01       		.byte	0x1
 324 00cf 11       		.byte	0x11
 325 00d0 85010000 		.4byte	0x185
 326 00d4 02       		.uleb128 0x2
 327 00d5 91       		.byte	0x91
 328 00d6 60       		.sleb128 -32
 329 00d7 08       		.uleb128 0x8
 330 00d8 13020000 		.4byte	.LASF18
 331 00dc 01       		.byte	0x1
 332 00dd 18       		.byte	0x18
ARM GAS  C:\Users\PYBL\AppData\Local\Temp\cc4r6UPT.s 			page 8


 333 00de 81000000 		.4byte	0x81
 334 00e2 00000000 		.4byte	.LLST0
 335 00e6 08       		.uleb128 0x8
 336 00e7 6C000000 		.4byte	.LASF19
 337 00eb 01       		.byte	0x1
 338 00ec 19       		.byte	0x19
 339 00ed 81000000 		.4byte	0x81
 340 00f1 1F000000 		.4byte	.LLST1
 341 00f5 08       		.uleb128 0x8
 342 00f6 D8010000 		.4byte	.LASF20
 343 00fa 01       		.byte	0x1
 344 00fb 19       		.byte	0x19
 345 00fc 81000000 		.4byte	0x81
 346 0100 32000000 		.4byte	.LLST2
 347 0104 09       		.uleb128 0x9
 348 0105 16000000 		.4byte	.LVL0
 349 0109 D5020000 		.4byte	0x2d5
 350 010d 0A       		.uleb128 0xa
 351 010e 20000000 		.4byte	.LVL2
 352 0112 E0020000 		.4byte	0x2e0
 353 0116 20010000 		.4byte	0x120
 354 011a 0B       		.uleb128 0xb
 355 011b 01       		.uleb128 0x1
 356 011c 50       		.byte	0x50
 357 011d 01       		.uleb128 0x1
 358 011e 3F       		.byte	0x3f
 359 011f 00       		.byte	0
 360 0120 0A       		.uleb128 0xa
 361 0121 26000000 		.4byte	.LVL3
 362 0125 EB020000 		.4byte	0x2eb
 363 0129 33010000 		.4byte	0x133
 364 012d 0B       		.uleb128 0xb
 365 012e 01       		.uleb128 0x1
 366 012f 50       		.byte	0x50
 367 0130 01       		.uleb128 0x1
 368 0131 30       		.byte	0x30
 369 0132 00       		.byte	0
 370 0133 0A       		.uleb128 0xa
 371 0134 2C000000 		.4byte	.LVL4
 372 0138 F6020000 		.4byte	0x2f6
 373 013c 46010000 		.4byte	0x146
 374 0140 0B       		.uleb128 0xb
 375 0141 01       		.uleb128 0x1
 376 0142 50       		.byte	0x50
 377 0143 01       		.uleb128 0x1
 378 0144 3A       		.byte	0x3a
 379 0145 00       		.byte	0
 380 0146 09       		.uleb128 0x9
 381 0147 30000000 		.4byte	.LVL5
 382 014b D5020000 		.4byte	0x2d5
 383 014f 0A       		.uleb128 0xa
 384 0150 3A000000 		.4byte	.LVL7
 385 0154 EB020000 		.4byte	0x2eb
 386 0158 62010000 		.4byte	0x162
 387 015c 0B       		.uleb128 0xb
 388 015d 01       		.uleb128 0x1
 389 015e 50       		.byte	0x50
ARM GAS  C:\Users\PYBL\AppData\Local\Temp\cc4r6UPT.s 			page 9


 390 015f 01       		.uleb128 0x1
 391 0160 3F       		.byte	0x3f
 392 0161 00       		.byte	0
 393 0162 0A       		.uleb128 0xa
 394 0163 40000000 		.4byte	.LVL8
 395 0167 E0020000 		.4byte	0x2e0
 396 016b 75010000 		.4byte	0x175
 397 016f 0B       		.uleb128 0xb
 398 0170 01       		.uleb128 0x1
 399 0171 50       		.byte	0x50
 400 0172 01       		.uleb128 0x1
 401 0173 30       		.byte	0x30
 402 0174 00       		.byte	0
 403 0175 0C       		.uleb128 0xc
 404 0176 46000000 		.4byte	.LVL9
 405 017a F6020000 		.4byte	0x2f6
 406 017e 0B       		.uleb128 0xb
 407 017f 01       		.uleb128 0x1
 408 0180 50       		.byte	0x50
 409 0181 01       		.uleb128 0x1
 410 0182 3A       		.byte	0x3a
 411 0183 00       		.byte	0
 412 0184 00       		.byte	0
 413 0185 0D       		.uleb128 0xd
 414 0186 81000000 		.4byte	0x81
 415 018a 9B010000 		.4byte	0x19b
 416 018e 0E       		.uleb128 0xe
 417 018f A9000000 		.4byte	0xa9
 418 0193 03       		.byte	0x3
 419 0194 0E       		.uleb128 0xe
 420 0195 A9000000 		.4byte	0xa9
 421 0199 03       		.byte	0x3
 422 019a 00       		.byte	0
 423 019b 06       		.uleb128 0x6
 424 019c A0010000 		.4byte	.LASF22
 425 01a0 01       		.byte	0x1
 426 01a1 2B       		.byte	0x2b
 427 01a2 81000000 		.4byte	0x81
 428 01a6 00000000 		.4byte	.LFB64
 429 01aa 42000000 		.4byte	.LFE64-.LFB64
 430 01ae 01       		.uleb128 0x1
 431 01af 9C       		.byte	0x9c
 432 01b0 71020000 		.4byte	0x271
 433 01b4 0F       		.uleb128 0xf
 434 01b5 63010000 		.4byte	.LASF30
 435 01b9 01       		.byte	0x1
 436 01ba 2B       		.byte	0x2b
 437 01bb 86020000 		.4byte	0x286
 438 01bf 45000000 		.4byte	.LLST3
 439 01c3 07       		.uleb128 0x7
 440 01c4 13020000 		.4byte	.LASF18
 441 01c8 01       		.byte	0x1
 442 01c9 2D       		.byte	0x2d
 443 01ca 81000000 		.4byte	0x81
 444 01ce 07       		.uleb128 0x7
 445 01cf 75       		.byte	0x75
 446 01d0 00       		.sleb128 0
ARM GAS  C:\Users\PYBL\AppData\Local\Temp\cc4r6UPT.s 			page 10


 447 01d1 32       		.byte	0x32
 448 01d2 24       		.byte	0x24
 449 01d3 74       		.byte	0x74
 450 01d4 00       		.sleb128 0
 451 01d5 22       		.byte	0x22
 452 01d6 07       		.uleb128 0x7
 453 01d7 6C000000 		.4byte	.LASF19
 454 01db 01       		.byte	0x1
 455 01dc 2E       		.byte	0x2e
 456 01dd 81000000 		.4byte	0x81
 457 01e1 01       		.uleb128 0x1
 458 01e2 56       		.byte	0x56
 459 01e3 07       		.uleb128 0x7
 460 01e4 D8010000 		.4byte	.LASF20
 461 01e8 01       		.byte	0x1
 462 01e9 2E       		.byte	0x2e
 463 01ea 81000000 		.4byte	0x81
 464 01ee 01       		.uleb128 0x1
 465 01ef 55       		.byte	0x55
 466 01f0 09       		.uleb128 0x9
 467 01f1 08000000 		.4byte	.LVL14
 468 01f5 D5020000 		.4byte	0x2d5
 469 01f9 0A       		.uleb128 0xa
 470 01fa 12000000 		.4byte	.LVL16
 471 01fe E0020000 		.4byte	0x2e0
 472 0202 0C020000 		.4byte	0x20c
 473 0206 0B       		.uleb128 0xb
 474 0207 01       		.uleb128 0x1
 475 0208 50       		.byte	0x50
 476 0209 01       		.uleb128 0x1
 477 020a 3F       		.byte	0x3f
 478 020b 00       		.byte	0
 479 020c 0A       		.uleb128 0xa
 480 020d 18000000 		.4byte	.LVL17
 481 0211 EB020000 		.4byte	0x2eb
 482 0215 1F020000 		.4byte	0x21f
 483 0219 0B       		.uleb128 0xb
 484 021a 01       		.uleb128 0x1
 485 021b 50       		.byte	0x50
 486 021c 01       		.uleb128 0x1
 487 021d 30       		.byte	0x30
 488 021e 00       		.byte	0
 489 021f 0A       		.uleb128 0xa
 490 0220 1E000000 		.4byte	.LVL18
 491 0224 F6020000 		.4byte	0x2f6
 492 0228 32020000 		.4byte	0x232
 493 022c 0B       		.uleb128 0xb
 494 022d 01       		.uleb128 0x1
 495 022e 50       		.byte	0x50
 496 022f 01       		.uleb128 0x1
 497 0230 3A       		.byte	0x3a
 498 0231 00       		.byte	0
 499 0232 09       		.uleb128 0x9
 500 0233 22000000 		.4byte	.LVL19
 501 0237 D5020000 		.4byte	0x2d5
 502 023b 0A       		.uleb128 0xa
 503 023c 2C000000 		.4byte	.LVL21
ARM GAS  C:\Users\PYBL\AppData\Local\Temp\cc4r6UPT.s 			page 11


 504 0240 EB020000 		.4byte	0x2eb
 505 0244 4E020000 		.4byte	0x24e
 506 0248 0B       		.uleb128 0xb
 507 0249 01       		.uleb128 0x1
 508 024a 50       		.byte	0x50
 509 024b 01       		.uleb128 0x1
 510 024c 3F       		.byte	0x3f
 511 024d 00       		.byte	0
 512 024e 0A       		.uleb128 0xa
 513 024f 32000000 		.4byte	.LVL22
 514 0253 E0020000 		.4byte	0x2e0
 515 0257 61020000 		.4byte	0x261
 516 025b 0B       		.uleb128 0xb
 517 025c 01       		.uleb128 0x1
 518 025d 50       		.byte	0x50
 519 025e 01       		.uleb128 0x1
 520 025f 30       		.byte	0x30
 521 0260 00       		.byte	0
 522 0261 0C       		.uleb128 0xc
 523 0262 38000000 		.4byte	.LVL23
 524 0266 F6020000 		.4byte	0x2f6
 525 026a 0B       		.uleb128 0xb
 526 026b 01       		.uleb128 0x1
 527 026c 50       		.byte	0x50
 528 026d 01       		.uleb128 0x1
 529 026e 3A       		.byte	0x3a
 530 026f 00       		.byte	0
 531 0270 00       		.byte	0
 532 0271 0D       		.uleb128 0xd
 533 0272 81020000 		.4byte	0x281
 534 0276 81020000 		.4byte	0x281
 535 027a 0E       		.uleb128 0xe
 536 027b A9000000 		.4byte	0xa9
 537 027f 03       		.byte	0x3
 538 0280 00       		.byte	0
 539 0281 10       		.uleb128 0x10
 540 0282 68000000 		.4byte	0x68
 541 0286 11       		.uleb128 0x11
 542 0287 04       		.byte	0x4
 543 0288 71020000 		.4byte	0x271
 544 028c 12       		.uleb128 0x12
 545 028d 20020000 		.4byte	.LASF31
 546 0291 01       		.byte	0x1
 547 0292 41       		.byte	0x41
 548 0293 00000000 		.4byte	.LFB65
 549 0297 10000000 		.4byte	.LFE65-.LFB65
 550 029b 01       		.uleb128 0x1
 551 029c 9C       		.byte	0x9c
 552 029d C4020000 		.4byte	0x2c4
 553 02a1 0A       		.uleb128 0xa
 554 02a2 08000000 		.4byte	.LVL25
 555 02a6 EB020000 		.4byte	0x2eb
 556 02aa B4020000 		.4byte	0x2b4
 557 02ae 0B       		.uleb128 0xb
 558 02af 01       		.uleb128 0x1
 559 02b0 50       		.byte	0x50
 560 02b1 01       		.uleb128 0x1
ARM GAS  C:\Users\PYBL\AppData\Local\Temp\cc4r6UPT.s 			page 12


 561 02b2 3F       		.byte	0x3f
 562 02b3 00       		.byte	0
 563 02b4 0C       		.uleb128 0xc
 564 02b5 0E000000 		.4byte	.LVL26
 565 02b9 E0020000 		.4byte	0x2e0
 566 02bd 0B       		.uleb128 0xb
 567 02be 01       		.uleb128 0x1
 568 02bf 50       		.byte	0x50
 569 02c0 01       		.uleb128 0x1
 570 02c1 30       		.byte	0x30
 571 02c2 00       		.byte	0
 572 02c3 00       		.byte	0
 573 02c4 13       		.uleb128 0x13
 574 02c5 38010000 		.4byte	.LASF32
 575 02c9 09       		.byte	0x9
 576 02ca 1207     		.2byte	0x712
 577 02cc D0020000 		.4byte	0x2d0
 578 02d0 14       		.uleb128 0x14
 579 02d1 76000000 		.4byte	0x76
 580 02d5 15       		.uleb128 0x15
 581 02d6 BB010000 		.4byte	.LASF23
 582 02da BB010000 		.4byte	.LASF23
 583 02de 05       		.byte	0x5
 584 02df 30       		.byte	0x30
 585 02e0 15       		.uleb128 0x15
 586 02e1 2E020000 		.4byte	.LASF24
 587 02e5 2E020000 		.4byte	.LASF24
 588 02e9 06       		.byte	0x6
 589 02ea 26       		.byte	0x26
 590 02eb 15       		.uleb128 0x15
 591 02ec 00000000 		.4byte	.LASF25
 592 02f0 00000000 		.4byte	.LASF25
 593 02f4 07       		.byte	0x7
 594 02f5 26       		.byte	0x26
 595 02f6 15       		.uleb128 0x15
 596 02f7 4C010000 		.4byte	.LASF26
 597 02fb 4C010000 		.4byte	.LASF26
 598 02ff 08       		.byte	0x8
 599 0300 77       		.byte	0x77
 600 0301 00       		.byte	0
 601              		.section	.debug_abbrev,"",%progbits
 602              	.Ldebug_abbrev0:
 603 0000 01       		.uleb128 0x1
 604 0001 11       		.uleb128 0x11
 605 0002 01       		.byte	0x1
 606 0003 25       		.uleb128 0x25
 607 0004 0E       		.uleb128 0xe
 608 0005 13       		.uleb128 0x13
 609 0006 0B       		.uleb128 0xb
 610 0007 03       		.uleb128 0x3
 611 0008 0E       		.uleb128 0xe
 612 0009 1B       		.uleb128 0x1b
 613 000a 0E       		.uleb128 0xe
 614 000b 55       		.uleb128 0x55
 615 000c 17       		.uleb128 0x17
 616 000d 11       		.uleb128 0x11
 617 000e 01       		.uleb128 0x1
ARM GAS  C:\Users\PYBL\AppData\Local\Temp\cc4r6UPT.s 			page 13


 618 000f 10       		.uleb128 0x10
 619 0010 17       		.uleb128 0x17
 620 0011 00       		.byte	0
 621 0012 00       		.byte	0
 622 0013 02       		.uleb128 0x2
 623 0014 24       		.uleb128 0x24
 624 0015 00       		.byte	0
 625 0016 0B       		.uleb128 0xb
 626 0017 0B       		.uleb128 0xb
 627 0018 3E       		.uleb128 0x3e
 628 0019 0B       		.uleb128 0xb
 629 001a 03       		.uleb128 0x3
 630 001b 0E       		.uleb128 0xe
 631 001c 00       		.byte	0
 632 001d 00       		.byte	0
 633 001e 03       		.uleb128 0x3
 634 001f 16       		.uleb128 0x16
 635 0020 00       		.byte	0
 636 0021 03       		.uleb128 0x3
 637 0022 0E       		.uleb128 0xe
 638 0023 3A       		.uleb128 0x3a
 639 0024 0B       		.uleb128 0xb
 640 0025 3B       		.uleb128 0x3b
 641 0026 0B       		.uleb128 0xb
 642 0027 49       		.uleb128 0x49
 643 0028 13       		.uleb128 0x13
 644 0029 00       		.byte	0
 645 002a 00       		.byte	0
 646 002b 04       		.uleb128 0x4
 647 002c 24       		.uleb128 0x24
 648 002d 00       		.byte	0
 649 002e 0B       		.uleb128 0xb
 650 002f 0B       		.uleb128 0xb
 651 0030 3E       		.uleb128 0x3e
 652 0031 0B       		.uleb128 0xb
 653 0032 03       		.uleb128 0x3
 654 0033 08       		.uleb128 0x8
 655 0034 00       		.byte	0
 656 0035 00       		.byte	0
 657 0036 05       		.uleb128 0x5
 658 0037 16       		.uleb128 0x16
 659 0038 00       		.byte	0
 660 0039 03       		.uleb128 0x3
 661 003a 0E       		.uleb128 0xe
 662 003b 3A       		.uleb128 0x3a
 663 003c 0B       		.uleb128 0xb
 664 003d 3B       		.uleb128 0x3b
 665 003e 05       		.uleb128 0x5
 666 003f 49       		.uleb128 0x49
 667 0040 13       		.uleb128 0x13
 668 0041 00       		.byte	0
 669 0042 00       		.byte	0
 670 0043 06       		.uleb128 0x6
 671 0044 2E       		.uleb128 0x2e
 672 0045 01       		.byte	0x1
 673 0046 3F       		.uleb128 0x3f
 674 0047 19       		.uleb128 0x19
ARM GAS  C:\Users\PYBL\AppData\Local\Temp\cc4r6UPT.s 			page 14


 675 0048 03       		.uleb128 0x3
 676 0049 0E       		.uleb128 0xe
 677 004a 3A       		.uleb128 0x3a
 678 004b 0B       		.uleb128 0xb
 679 004c 3B       		.uleb128 0x3b
 680 004d 0B       		.uleb128 0xb
 681 004e 27       		.uleb128 0x27
 682 004f 19       		.uleb128 0x19
 683 0050 49       		.uleb128 0x49
 684 0051 13       		.uleb128 0x13
 685 0052 11       		.uleb128 0x11
 686 0053 01       		.uleb128 0x1
 687 0054 12       		.uleb128 0x12
 688 0055 06       		.uleb128 0x6
 689 0056 40       		.uleb128 0x40
 690 0057 18       		.uleb128 0x18
 691 0058 9742     		.uleb128 0x2117
 692 005a 19       		.uleb128 0x19
 693 005b 01       		.uleb128 0x1
 694 005c 13       		.uleb128 0x13
 695 005d 00       		.byte	0
 696 005e 00       		.byte	0
 697 005f 07       		.uleb128 0x7
 698 0060 34       		.uleb128 0x34
 699 0061 00       		.byte	0
 700 0062 03       		.uleb128 0x3
 701 0063 0E       		.uleb128 0xe
 702 0064 3A       		.uleb128 0x3a
 703 0065 0B       		.uleb128 0xb
 704 0066 3B       		.uleb128 0x3b
 705 0067 0B       		.uleb128 0xb
 706 0068 49       		.uleb128 0x49
 707 0069 13       		.uleb128 0x13
 708 006a 02       		.uleb128 0x2
 709 006b 18       		.uleb128 0x18
 710 006c 00       		.byte	0
 711 006d 00       		.byte	0
 712 006e 08       		.uleb128 0x8
 713 006f 34       		.uleb128 0x34
 714 0070 00       		.byte	0
 715 0071 03       		.uleb128 0x3
 716 0072 0E       		.uleb128 0xe
 717 0073 3A       		.uleb128 0x3a
 718 0074 0B       		.uleb128 0xb
 719 0075 3B       		.uleb128 0x3b
 720 0076 0B       		.uleb128 0xb
 721 0077 49       		.uleb128 0x49
 722 0078 13       		.uleb128 0x13
 723 0079 02       		.uleb128 0x2
 724 007a 17       		.uleb128 0x17
 725 007b 00       		.byte	0
 726 007c 00       		.byte	0
 727 007d 09       		.uleb128 0x9
 728 007e 898201   		.uleb128 0x4109
 729 0081 00       		.byte	0
 730 0082 11       		.uleb128 0x11
 731 0083 01       		.uleb128 0x1
ARM GAS  C:\Users\PYBL\AppData\Local\Temp\cc4r6UPT.s 			page 15


 732 0084 31       		.uleb128 0x31
 733 0085 13       		.uleb128 0x13
 734 0086 00       		.byte	0
 735 0087 00       		.byte	0
 736 0088 0A       		.uleb128 0xa
 737 0089 898201   		.uleb128 0x4109
 738 008c 01       		.byte	0x1
 739 008d 11       		.uleb128 0x11
 740 008e 01       		.uleb128 0x1
 741 008f 31       		.uleb128 0x31
 742 0090 13       		.uleb128 0x13
 743 0091 01       		.uleb128 0x1
 744 0092 13       		.uleb128 0x13
 745 0093 00       		.byte	0
 746 0094 00       		.byte	0
 747 0095 0B       		.uleb128 0xb
 748 0096 8A8201   		.uleb128 0x410a
 749 0099 00       		.byte	0
 750 009a 02       		.uleb128 0x2
 751 009b 18       		.uleb128 0x18
 752 009c 9142     		.uleb128 0x2111
 753 009e 18       		.uleb128 0x18
 754 009f 00       		.byte	0
 755 00a0 00       		.byte	0
 756 00a1 0C       		.uleb128 0xc
 757 00a2 898201   		.uleb128 0x4109
 758 00a5 01       		.byte	0x1
 759 00a6 11       		.uleb128 0x11
 760 00a7 01       		.uleb128 0x1
 761 00a8 31       		.uleb128 0x31
 762 00a9 13       		.uleb128 0x13
 763 00aa 00       		.byte	0
 764 00ab 00       		.byte	0
 765 00ac 0D       		.uleb128 0xd
 766 00ad 01       		.uleb128 0x1
 767 00ae 01       		.byte	0x1
 768 00af 49       		.uleb128 0x49
 769 00b0 13       		.uleb128 0x13
 770 00b1 01       		.uleb128 0x1
 771 00b2 13       		.uleb128 0x13
 772 00b3 00       		.byte	0
 773 00b4 00       		.byte	0
 774 00b5 0E       		.uleb128 0xe
 775 00b6 21       		.uleb128 0x21
 776 00b7 00       		.byte	0
 777 00b8 49       		.uleb128 0x49
 778 00b9 13       		.uleb128 0x13
 779 00ba 2F       		.uleb128 0x2f
 780 00bb 0B       		.uleb128 0xb
 781 00bc 00       		.byte	0
 782 00bd 00       		.byte	0
 783 00be 0F       		.uleb128 0xf
 784 00bf 05       		.uleb128 0x5
 785 00c0 00       		.byte	0
 786 00c1 03       		.uleb128 0x3
 787 00c2 0E       		.uleb128 0xe
 788 00c3 3A       		.uleb128 0x3a
ARM GAS  C:\Users\PYBL\AppData\Local\Temp\cc4r6UPT.s 			page 16


 789 00c4 0B       		.uleb128 0xb
 790 00c5 3B       		.uleb128 0x3b
 791 00c6 0B       		.uleb128 0xb
 792 00c7 49       		.uleb128 0x49
 793 00c8 13       		.uleb128 0x13
 794 00c9 02       		.uleb128 0x2
 795 00ca 17       		.uleb128 0x17
 796 00cb 00       		.byte	0
 797 00cc 00       		.byte	0
 798 00cd 10       		.uleb128 0x10
 799 00ce 26       		.uleb128 0x26
 800 00cf 00       		.byte	0
 801 00d0 49       		.uleb128 0x49
 802 00d1 13       		.uleb128 0x13
 803 00d2 00       		.byte	0
 804 00d3 00       		.byte	0
 805 00d4 11       		.uleb128 0x11
 806 00d5 0F       		.uleb128 0xf
 807 00d6 00       		.byte	0
 808 00d7 0B       		.uleb128 0xb
 809 00d8 0B       		.uleb128 0xb
 810 00d9 49       		.uleb128 0x49
 811 00da 13       		.uleb128 0x13
 812 00db 00       		.byte	0
 813 00dc 00       		.byte	0
 814 00dd 12       		.uleb128 0x12
 815 00de 2E       		.uleb128 0x2e
 816 00df 01       		.byte	0x1
 817 00e0 3F       		.uleb128 0x3f
 818 00e1 19       		.uleb128 0x19
 819 00e2 03       		.uleb128 0x3
 820 00e3 0E       		.uleb128 0xe
 821 00e4 3A       		.uleb128 0x3a
 822 00e5 0B       		.uleb128 0xb
 823 00e6 3B       		.uleb128 0x3b
 824 00e7 0B       		.uleb128 0xb
 825 00e8 27       		.uleb128 0x27
 826 00e9 19       		.uleb128 0x19
 827 00ea 11       		.uleb128 0x11
 828 00eb 01       		.uleb128 0x1
 829 00ec 12       		.uleb128 0x12
 830 00ed 06       		.uleb128 0x6
 831 00ee 40       		.uleb128 0x40
 832 00ef 18       		.uleb128 0x18
 833 00f0 9742     		.uleb128 0x2117
 834 00f2 19       		.uleb128 0x19
 835 00f3 01       		.uleb128 0x1
 836 00f4 13       		.uleb128 0x13
 837 00f5 00       		.byte	0
 838 00f6 00       		.byte	0
 839 00f7 13       		.uleb128 0x13
 840 00f8 34       		.uleb128 0x34
 841 00f9 00       		.byte	0
 842 00fa 03       		.uleb128 0x3
 843 00fb 0E       		.uleb128 0xe
 844 00fc 3A       		.uleb128 0x3a
 845 00fd 0B       		.uleb128 0xb
ARM GAS  C:\Users\PYBL\AppData\Local\Temp\cc4r6UPT.s 			page 17


 846 00fe 3B       		.uleb128 0x3b
 847 00ff 05       		.uleb128 0x5
 848 0100 49       		.uleb128 0x49
 849 0101 13       		.uleb128 0x13
 850 0102 3F       		.uleb128 0x3f
 851 0103 19       		.uleb128 0x19
 852 0104 3C       		.uleb128 0x3c
 853 0105 19       		.uleb128 0x19
 854 0106 00       		.byte	0
 855 0107 00       		.byte	0
 856 0108 14       		.uleb128 0x14
 857 0109 35       		.uleb128 0x35
 858 010a 00       		.byte	0
 859 010b 49       		.uleb128 0x49
 860 010c 13       		.uleb128 0x13
 861 010d 00       		.byte	0
 862 010e 00       		.byte	0
 863 010f 15       		.uleb128 0x15
 864 0110 2E       		.uleb128 0x2e
 865 0111 00       		.byte	0
 866 0112 3F       		.uleb128 0x3f
 867 0113 19       		.uleb128 0x19
 868 0114 3C       		.uleb128 0x3c
 869 0115 19       		.uleb128 0x19
 870 0116 6E       		.uleb128 0x6e
 871 0117 0E       		.uleb128 0xe
 872 0118 03       		.uleb128 0x3
 873 0119 0E       		.uleb128 0xe
 874 011a 3A       		.uleb128 0x3a
 875 011b 0B       		.uleb128 0xb
 876 011c 3B       		.uleb128 0x3b
 877 011d 0B       		.uleb128 0xb
 878 011e 00       		.byte	0
 879 011f 00       		.byte	0
 880 0120 00       		.byte	0
 881              		.section	.debug_loc,"",%progbits
 882              	.Ldebug_loc0:
 883              	.LLST0:
 884 0000 4E000000 		.4byte	.LVL11
 885 0004 56000000 		.4byte	.LVL12
 886 0008 0200     		.2byte	0x2
 887 000a 74       		.byte	0x74
 888 000b 70       		.sleb128 -16
 889 000c 56000000 		.4byte	.LVL12
 890 0010 5C000000 		.4byte	.LFE63
 891 0014 0100     		.2byte	0x1
 892 0016 50       		.byte	0x50
 893 0017 00000000 		.4byte	0
 894 001b 00000000 		.4byte	0
 895              	.LLST1:
 896 001f 1A000000 		.4byte	.LVL1
 897 0023 4C000000 		.4byte	.LVL10
 898 0027 0100     		.2byte	0x1
 899 0029 54       		.byte	0x54
 900 002a 00000000 		.4byte	0
 901 002e 00000000 		.4byte	0
 902              	.LLST2:
ARM GAS  C:\Users\PYBL\AppData\Local\Temp\cc4r6UPT.s 			page 18


 903 0032 34000000 		.4byte	.LVL6
 904 0036 56000000 		.4byte	.LVL12
 905 003a 0100     		.2byte	0x1
 906 003c 55       		.byte	0x55
 907 003d 00000000 		.4byte	0
 908 0041 00000000 		.4byte	0
 909              	.LLST3:
 910 0045 00000000 		.4byte	.LVL13
 911 0049 07000000 		.4byte	.LVL14-1
 912 004d 0100     		.2byte	0x1
 913 004f 50       		.byte	0x50
 914 0050 07000000 		.4byte	.LVL14-1
 915 0054 3C000000 		.4byte	.LVL24
 916 0058 0100     		.2byte	0x1
 917 005a 54       		.byte	0x54
 918 005b 3C000000 		.4byte	.LVL24
 919 005f 42000000 		.4byte	.LFE64
 920 0063 0400     		.2byte	0x4
 921 0065 F3       		.byte	0xf3
 922 0066 01       		.uleb128 0x1
 923 0067 50       		.byte	0x50
 924 0068 9F       		.byte	0x9f
 925 0069 00000000 		.4byte	0
 926 006d 00000000 		.4byte	0
 927              		.section	.debug_aranges,"",%progbits
 928 0000 2C000000 		.4byte	0x2c
 929 0004 0200     		.2byte	0x2
 930 0006 00000000 		.4byte	.Ldebug_info0
 931 000a 04       		.byte	0x4
 932 000b 00       		.byte	0
 933 000c 0000     		.2byte	0
 934 000e 0000     		.2byte	0
 935 0010 00000000 		.4byte	.LFB63
 936 0014 5C000000 		.4byte	.LFE63-.LFB63
 937 0018 00000000 		.4byte	.LFB64
 938 001c 42000000 		.4byte	.LFE64-.LFB64
 939 0020 00000000 		.4byte	.LFB65
 940 0024 10000000 		.4byte	.LFE65-.LFB65
 941 0028 00000000 		.4byte	0
 942 002c 00000000 		.4byte	0
 943              		.section	.debug_ranges,"",%progbits
 944              	.Ldebug_ranges0:
 945 0000 00000000 		.4byte	.LFB63
 946 0004 5C000000 		.4byte	.LFE63
 947 0008 00000000 		.4byte	.LFB64
 948 000c 42000000 		.4byte	.LFE64
 949 0010 00000000 		.4byte	.LFB65
 950 0014 10000000 		.4byte	.LFE65
 951 0018 00000000 		.4byte	0
 952 001c 00000000 		.4byte	0
 953              		.section	.debug_line,"",%progbits
 954              	.Ldebug_line0:
 955 0000 EE010000 		.section	.debug_str,"MS",%progbits,1
 955      0200A101 
 955      00000201 
 955      FB0E0D00 
 955      01010101 
ARM GAS  C:\Users\PYBL\AppData\Local\Temp\cc4r6UPT.s 			page 19


 956              	.LASF25:
 957 0000 5465636C 		.ascii	"Teclado_Rows_Write\000"
 957      61646F5F 
 957      526F7773 
 957      5F577269 
 957      746500
 958              	.LASF21:
 959 0013 5465636C 		.ascii	"Teclado_AsignarTecla\000"
 959      61646F5F 
 959      41736967 
 959      6E617254 
 959      65636C61 
 960              	.LASF9:
 961 0028 5F5F696E 		.ascii	"__int32_t\000"
 961      7433325F 
 961      7400
 962              	.LASF29:
 963 0032 433A5C55 		.ascii	"C:\\Users\\PYBL\\Documents\\PSoC Creator\\Pruebas\\"
 963      73657273 
 963      5C505942 
 963      4C5C446F 
 963      63756D65 
 964 005f 4B657970 		.ascii	"Keypad.cydsn\000"
 964      61642E63 
 964      7964736E 
 964      00
 965              	.LASF19:
 966 006c 66696C61 		.ascii	"fila\000"
 966      00
 967              	.LASF12:
 968 0071 666C6F61 		.ascii	"float\000"
 968      7400
 969              	.LASF1:
 970 0077 756E7369 		.ascii	"unsigned char\000"
 970      676E6564 
 970      20636861 
 970      7200
 971              	.LASF27:
 972 0085 474E5520 		.ascii	"GNU C11 5.4.1 20160609 (release) [ARM/embedded-5-br"
 972      43313120 
 972      352E342E 
 972      31203230 
 972      31363036 
 973 00b8 616E6368 		.ascii	"anch revision 237715] -mcpu=cortex-m3 -mthumb -g -O"
 973      20726576 
 973      6973696F 
 973      6E203233 
 973      37373135 
 974 00eb 67202D66 		.ascii	"g -ffunction-sections -ffat-lto-objects\000"
 974      66756E63 
 974      74696F6E 
 974      2D736563 
 974      74696F6E 
 975              	.LASF5:
 976 0113 6C6F6E67 		.ascii	"long unsigned int\000"
 976      20756E73 
 976      69676E65 
ARM GAS  C:\Users\PYBL\AppData\Local\Temp\cc4r6UPT.s 			page 20


 976      6420696E 
 976      7400
 977              	.LASF3:
 978 0125 73686F72 		.ascii	"short unsigned int\000"
 978      7420756E 
 978      7369676E 
 978      65642069 
 978      6E7400
 979              	.LASF32:
 980 0138 49544D5F 		.ascii	"ITM_RxBuffer\000"
 980      52784275 
 980      66666572 
 980      00
 981              	.LASF13:
 982 0145 646F7562 		.ascii	"double\000"
 982      6C6500
 983              	.LASF26:
 984 014c 43794465 		.ascii	"CyDelayUs\000"
 984      6C617955 
 984      7300
 985              	.LASF8:
 986 0156 756E7369 		.ascii	"unsigned int\000"
 986      676E6564 
 986      20696E74 
 986      00
 987              	.LASF30:
 988 0163 6D617472 		.ascii	"matriz\000"
 988      697A00
 989              	.LASF7:
 990 016a 6C6F6E67 		.ascii	"long long unsigned int\000"
 990      206C6F6E 
 990      6720756E 
 990      7369676E 
 990      65642069 
 991              	.LASF10:
 992 0181 696E7433 		.ascii	"int32_t\000"
 992      325F7400 
 993              	.LASF16:
 994 0189 73697A65 		.ascii	"sizetype\000"
 994      74797065 
 994      00
 995              	.LASF6:
 996 0192 6C6F6E67 		.ascii	"long long int\000"
 996      206C6F6E 
 996      6720696E 
 996      7400
 997              	.LASF22:
 998 01a0 5465636C 		.ascii	"Teclado_AsignarTeclaExtern\000"
 998      61646F5F 
 998      41736967 
 998      6E617254 
 998      65636C61 
 999              	.LASF23:
 1000 01bb 5465636C 		.ascii	"Teclado_Status_Reg_Read\000"
 1000      61646F5F 
 1000      53746174 
 1000      75735F52 
ARM GAS  C:\Users\PYBL\AppData\Local\Temp\cc4r6UPT.s 			page 21


 1000      65675F52 
 1001              	.LASF14:
 1002 01d3 63686172 		.ascii	"char\000"
 1002      00
 1003              	.LASF20:
 1004 01d8 636F6C75 		.ascii	"columna\000"
 1004      6D6E6100 
 1005              	.LASF28:
 1006 01e0 47656E65 		.ascii	"Generated_Source\\PSoC5\\Teclado_Teclado.c\000"
 1006      72617465 
 1006      645F536F 
 1006      75726365 
 1006      5C50536F 
 1007              	.LASF2:
 1008 0209 73686F72 		.ascii	"short int\000"
 1008      7420696E 
 1008      7400
 1009              	.LASF18:
 1010 0213 42757474 		.ascii	"Button\000"
 1010      6F6E00
 1011              	.LASF11:
 1012 021a 75696E74 		.ascii	"uint8\000"
 1012      3800
 1013              	.LASF31:
 1014 0220 5465636C 		.ascii	"Teclado_Start\000"
 1014      61646F5F 
 1014      53746172 
 1014      7400
 1015              	.LASF24:
 1016 022e 5465636C 		.ascii	"Teclado_Columns_Write\000"
 1016      61646F5F 
 1016      436F6C75 
 1016      6D6E735F 
 1016      57726974 
 1017              	.LASF4:
 1018 0244 6C6F6E67 		.ascii	"long int\000"
 1018      20696E74 
 1018      00
 1019              	.LASF15:
 1020 024d 6C6F6E67 		.ascii	"long double\000"
 1020      20646F75 
 1020      626C6500 
 1021              	.LASF0:
 1022 0259 7369676E 		.ascii	"signed char\000"
 1022      65642063 
 1022      68617200 
 1023              	.LASF17:
 1024 0265 5465636C 		.ascii	"Teclado_Key\000"
 1024      61646F5F 
 1024      4B657900 
 1025              		.ident	"GCC: (GNU Tools for ARM Embedded Processors) 5.4.1 20160609 (release) [ARM/embedded-5-bran
