ARM GAS  C:\Users\PYBL\AppData\Local\Temp\cc087GXx.s 			page 1


   1              		.syntax unified
   2              		.cpu cortex-m3
   3              		.fpu softvfp
   4              		.eabi_attribute 20, 1
   5              		.eabi_attribute 21, 1
   6              		.eabi_attribute 23, 3
   7              		.eabi_attribute 24, 1
   8              		.eabi_attribute 25, 1
   9              		.eabi_attribute 26, 1
  10              		.eabi_attribute 30, 1
  11              		.eabi_attribute 34, 1
  12              		.eabi_attribute 18, 4
  13              		.thumb
  14              		.syntax unified
  15              		.file	"cymetadata.c"
  16              		.text
  17              	.Ltext0:
  18              		.cfi_sections	.debug_frame
  19              		.global	cy_metadata
  20              		.global	cy_meta_flashprotect
  21              		.global	cy_meta_wonvl
  22              		.global	cy_meta_custnvl
  23              		.global	cy_meta_configecc
  24              		.section	.cyconfigecc,"a",%progbits
  25              		.align	2
  26              		.type	cy_meta_configecc, %object
  27              		.size	cy_meta_configecc, 944
  28              	cy_meta_configecc:
  29 0000 02       		.byte	2
  30 0001 52       		.byte	82
  31 0002 00       		.byte	0
  32 0003 40       		.byte	64
  33 0004 03       		.byte	3
  34 0005 64       		.byte	100
  35 0006 00       		.byte	0
  36 0007 40       		.byte	64
  37 0008 41       		.byte	65
  38 0009 00       		.byte	0
  39 000a 01       		.byte	1
  40 000b 40       		.byte	64
  41 000c 32       		.byte	50
  42 000d 01       		.byte	1
  43 000e 01       		.byte	1
  44 000f 40       		.byte	64
  45 0010 10       		.byte	16
  46 0011 02       		.byte	2
  47 0012 01       		.byte	1
  48 0013 40       		.byte	64
  49 0014 3F       		.byte	63
  50 0015 03       		.byte	3
  51 0016 01       		.byte	1
  52 0017 40       		.byte	64
  53 0018 5C       		.byte	92
  54 0019 04       		.byte	4
  55 001a 01       		.byte	1
  56 001b 40       		.byte	64
  57 001c 41       		.byte	65
ARM GAS  C:\Users\PYBL\AppData\Local\Temp\cc087GXx.s 			page 2


  58 001d 05       		.byte	5
  59 001e 01       		.byte	1
  60 001f 40       		.byte	64
  61 0020 04       		.byte	4
  62 0021 07       		.byte	7
  63 0022 01       		.byte	1
  64 0023 40       		.byte	64
  65 0024 04       		.byte	4
  66 0025 41       		.byte	65
  67 0026 01       		.byte	1
  68 0027 40       		.byte	64
  69 0028 03       		.byte	3
  70 0029 42       		.byte	66
  71 002a 01       		.byte	1
  72 002b 40       		.byte	64
  73 002c 02       		.byte	2
  74 002d 43       		.byte	67
  75 002e 01       		.byte	1
  76 002f 40       		.byte	64
  77 0030 03       		.byte	3
  78 0031 50       		.byte	80
  79 0032 01       		.byte	1
  80 0033 40       		.byte	64
  81 0034 00       		.byte	0
  82 0035 02       		.byte	2
  83 0036 04       		.byte	4
  84 0037 01       		.byte	1
  85 0038 81       		.byte	-127
  86 0039 72       		.byte	114
  87 003a 82       		.byte	-126
  88 003b 38       		.byte	56
  89 003c 85       		.byte	-123
  90 003d 0F       		.byte	15
  91 003e 00       		.byte	0
  92 003f 01       		.byte	1
  93 0040 01       		.byte	1
  94 0041 06       		.byte	6
  95 0042 03       		.byte	3
  96 0043 01       		.byte	1
  97 0044 05       		.byte	5
  98 0045 02       		.byte	2
  99 0046 0B       		.byte	11
 100 0047 01       		.byte	1
 101 0048 0C       		.byte	12
 102 0049 01       		.byte	1
 103 004a 15       		.byte	21
 104 004b 06       		.byte	6
 105 004c 17       		.byte	23
 106 004d 01       		.byte	1
 107 004e 18       		.byte	24
 108 004f 01       		.byte	1
 109 0050 19       		.byte	25
 110 0051 01       		.byte	1
 111 0052 1B       		.byte	27
 112 0053 06       		.byte	6
 113 0054 21       		.byte	33
 114 0055 04       		.byte	4
ARM GAS  C:\Users\PYBL\AppData\Local\Temp\cc087GXx.s 			page 3


 115 0056 28       		.byte	40
 116 0057 01       		.byte	1
 117 0058 29       		.byte	41
 118 0059 06       		.byte	6
 119 005a 2D       		.byte	45
 120 005b 07       		.byte	7
 121 005c 32       		.byte	50
 122 005d 01       		.byte	1
 123 005e 37       		.byte	55
 124 005f 07       		.byte	7
 125 0060 3A       		.byte	58
 126 0061 02       		.byte	2
 127 0062 3B       		.byte	59
 128 0063 80       		.byte	-128
 129 0064 3E       		.byte	62
 130 0065 04       		.byte	4
 131 0066 58       		.byte	88
 132 0067 04       		.byte	4
 133 0068 59       		.byte	89
 134 0069 04       		.byte	4
 135 006a 5F       		.byte	95
 136 006b 01       		.byte	1
 137 006c 81       		.byte	-127
 138 006d 10       		.byte	16
 139 006e 84       		.byte	-124
 140 006f 03       		.byte	3
 141 0070 85       		.byte	-123
 142 0071 1C       		.byte	28
 143 0072 87       		.byte	-121
 144 0073 02       		.byte	2
 145 0074 88       		.byte	-120
 146 0075 1C       		.byte	28
 147 0076 8A       		.byte	-118
 148 0077 03       		.byte	3
 149 0078 8B       		.byte	-117
 150 0079 03       		.byte	3
 151 007a 8C       		.byte	-116
 152 007b 08       		.byte	8
 153 007c 8D       		.byte	-115
 154 007d 1F       		.byte	31
 155 007e 90       		.byte	-112
 156 007f 1F       		.byte	31
 157 0080 93       		.byte	-109
 158 0081 20       		.byte	32
 159 0082 95       		.byte	-107
 160 0083 08       		.byte	8
 161 0084 96       		.byte	-106
 162 0085 13       		.byte	19
 163 0086 98       		.byte	-104
 164 0087 02       		.byte	2
 165 0088 99       		.byte	-103
 166 0089 18       		.byte	24
 167 008a 9C       		.byte	-100
 168 008b 01       		.byte	1
 169 008c 9D       		.byte	-99
 170 008d 1C       		.byte	28
 171 008e 9F       		.byte	-97
ARM GAS  C:\Users\PYBL\AppData\Local\Temp\cc087GXx.s 			page 4


 172 008f 01       		.byte	1
 173 0090 A0       		.byte	-96
 174 0091 13       		.byte	19
 175 0092 A1       		.byte	-95
 176 0093 07       		.byte	7
 177 0094 A2       		.byte	-94
 178 0095 0C       		.byte	12
 179 0096 A3       		.byte	-93
 180 0097 18       		.byte	24
 181 0098 A4       		.byte	-92
 182 0099 04       		.byte	4
 183 009a A5       		.byte	-91
 184 009b 04       		.byte	4
 185 009c A8       		.byte	-88
 186 009d 0C       		.byte	12
 187 009e AB       		.byte	-85
 188 009f 20       		.byte	32
 189 00a0 AC       		.byte	-84
 190 00a1 0F       		.byte	15
 191 00a2 AE       		.byte	-82
 192 00a3 10       		.byte	16
 193 00a4 AF       		.byte	-81
 194 00a5 04       		.byte	4
 195 00a6 B0       		.byte	-80
 196 00a7 1C       		.byte	28
 197 00a8 B1       		.byte	-79
 198 00a9 20       		.byte	32
 199 00aa B4       		.byte	-76
 200 00ab 0F       		.byte	15
 201 00ac B5       		.byte	-75
 202 00ad 1F       		.byte	31
 203 00ae BA       		.byte	-70
 204 00af 20       		.byte	32
 205 00b0 BB       		.byte	-69
 206 00b1 20       		.byte	32
 207 00b2 BF       		.byte	-65
 208 00b3 01       		.byte	1
 209 00b4 D6       		.byte	-42
 210 00b5 02       		.byte	2
 211 00b6 D7       		.byte	-41
 212 00b7 12       		.byte	18
 213 00b8 D8       		.byte	-40
 214 00b9 04       		.byte	4
 215 00ba D9       		.byte	-39
 216 00bb 04       		.byte	4
 217 00bc DB       		.byte	-37
 218 00bd 04       		.byte	4
 219 00be DF       		.byte	-33
 220 00bf 01       		.byte	1
 221 00c0 00       		.byte	0
 222 00c1 41       		.byte	65
 223 00c2 02       		.byte	2
 224 00c3 42       		.byte	66
 225 00c4 03       		.byte	3
 226 00c5 40       		.byte	64
 227 00c6 04       		.byte	4
 228 00c7 08       		.byte	8
ARM GAS  C:\Users\PYBL\AppData\Local\Temp\cc087GXx.s 			page 5


 229 00c8 06       		.byte	6
 230 00c9 02       		.byte	2
 231 00ca 07       		.byte	7
 232 00cb 08       		.byte	8
 233 00cc 08       		.byte	8
 234 00cd 02       		.byte	2
 235 00ce 09       		.byte	9
 236 00cf 21       		.byte	33
 237 00d0 0C       		.byte	12
 238 00d1 40       		.byte	64
 239 00d2 0E       		.byte	14
 240 00d3 50       		.byte	80
 241 00d4 0F       		.byte	15
 242 00d5 04       		.byte	4
 243 00d6 10       		.byte	16
 244 00d7 08       		.byte	8
 245 00d8 11       		.byte	17
 246 00d9 20       		.byte	32
 247 00da 14       		.byte	20
 248 00db 80       		.byte	-128
 249 00dc 15       		.byte	21
 250 00dd 01       		.byte	1
 251 00de 17       		.byte	23
 252 00df 64       		.byte	100
 253 00e0 18       		.byte	24
 254 00e1 40       		.byte	64
 255 00e2 19       		.byte	25
 256 00e3 08       		.byte	8
 257 00e4 1A       		.byte	26
 258 00e5 40       		.byte	64
 259 00e6 1B       		.byte	27
 260 00e7 01       		.byte	1
 261 00e8 1D       		.byte	29
 262 00e9 21       		.byte	33
 263 00ea 20       		.byte	32
 264 00eb 01       		.byte	1
 265 00ec 24       		.byte	36
 266 00ed 04       		.byte	4
 267 00ee 25       		.byte	37
 268 00ef 11       		.byte	17
 269 00f0 27       		.byte	39
 270 00f1 08       		.byte	8
 271 00f2 2A       		.byte	42
 272 00f3 11       		.byte	17
 273 00f4 2B       		.byte	43
 274 00f5 01       		.byte	1
 275 00f6 2D       		.byte	45
 276 00f7 01       		.byte	1
 277 00f8 2F       		.byte	47
 278 00f9 2A       		.byte	42
 279 00fa 30       		.byte	48
 280 00fb 08       		.byte	8
 281 00fc 31       		.byte	49
 282 00fd 20       		.byte	32
 283 00fe 35       		.byte	53
 284 00ff 01       		.byte	1
 285 0100 37       		.byte	55
ARM GAS  C:\Users\PYBL\AppData\Local\Temp\cc087GXx.s 			page 6


 286 0101 65       		.byte	101
 287 0102 38       		.byte	56
 288 0103 11       		.byte	17
 289 0104 3A       		.byte	58
 290 0105 04       		.byte	4
 291 0106 3C       		.byte	60
 292 0107 54       		.byte	84
 293 0108 3E       		.byte	62
 294 0109 12       		.byte	18
 295 010a 5D       		.byte	93
 296 010b 08       		.byte	8
 297 010c 6D       		.byte	109
 298 010d 50       		.byte	80
 299 010e 6F       		.byte	111
 300 010f 10       		.byte	16
 301 0110 76       		.byte	118
 302 0111 17       		.byte	23
 303 0112 77       		.byte	119
 304 0113 24       		.byte	36
 305 0114 85       		.byte	-123
 306 0115 21       		.byte	33
 307 0116 C0       		.byte	-64
 308 0117 E9       		.byte	-23
 309 0118 C2       		.byte	-62
 310 0119 F2       		.byte	-14
 311 011a C4       		.byte	-60
 312 011b F2       		.byte	-14
 313 011c CA       		.byte	-54
 314 011d FD       		.byte	-3
 315 011e CC       		.byte	-52
 316 011f F6       		.byte	-10
 317 0120 CE       		.byte	-50
 318 0121 F7       		.byte	-9
 319 0122 D6       		.byte	-42
 320 0123 40       		.byte	64
 321 0124 86       		.byte	-122
 322 0125 08       		.byte	8
 323 0126 8A       		.byte	-118
 324 0127 0C       		.byte	12
 325 0128 8C       		.byte	-116
 326 0129 0C       		.byte	12
 327 012a 8E       		.byte	-114
 328 012b 13       		.byte	19
 329 012c A0       		.byte	-96
 330 012d 11       		.byte	17
 331 012e A2       		.byte	-94
 332 012f 06       		.byte	6
 333 0130 A4       		.byte	-92
 334 0131 11       		.byte	17
 335 0132 A6       		.byte	-90
 336 0133 0E       		.byte	14
 337 0134 A8       		.byte	-88
 338 0135 20       		.byte	32
 339 0136 AA       		.byte	-86
 340 0137 03       		.byte	3
 341 0138 B0       		.byte	-80
 342 0139 0F       		.byte	15
ARM GAS  C:\Users\PYBL\AppData\Local\Temp\cc087GXx.s 			page 7


 343 013a B4       		.byte	-76
 344 013b 30       		.byte	48
 345 013c B8       		.byte	-72
 346 013d 20       		.byte	32
 347 013e BA       		.byte	-70
 348 013f 02       		.byte	2
 349 0140 D8       		.byte	-40
 350 0141 04       		.byte	4
 351 0142 DF       		.byte	-33
 352 0143 01       		.byte	1
 353 0144 00       		.byte	0
 354 0145 40       		.byte	64
 355 0146 01       		.byte	1
 356 0147 28       		.byte	40
 357 0148 04       		.byte	4
 358 0149 40       		.byte	64
 359 014a 06       		.byte	6
 360 014b D0       		.byte	-48
 361 014c 07       		.byte	7
 362 014d 28       		.byte	40
 363 014e 0C       		.byte	12
 364 014f 16       		.byte	22
 365 0150 0F       		.byte	15
 366 0151 02       		.byte	2
 367 0152 10       		.byte	16
 368 0153 08       		.byte	8
 369 0154 11       		.byte	17
 370 0155 01       		.byte	1
 371 0156 12       		.byte	18
 372 0157 10       		.byte	16
 373 0158 15       		.byte	21
 374 0159 59       		.byte	89
 375 015a 18       		.byte	24
 376 015b 40       		.byte	64
 377 015c 19       		.byte	25
 378 015d 20       		.byte	32
 379 015e 1B       		.byte	27
 380 015f 10       		.byte	16
 381 0160 1C       		.byte	28
 382 0161 04       		.byte	4
 383 0162 1D       		.byte	29
 384 0163 0C       		.byte	12
 385 0164 1E       		.byte	30
 386 0165 50       		.byte	80
 387 0166 24       		.byte	36
 388 0167 28       		.byte	40
 389 0168 26       		.byte	38
 390 0169 10       		.byte	16
 391 016a 27       		.byte	39
 392 016b 42       		.byte	66
 393 016c 2E       		.byte	46
 394 016d 80       		.byte	-128
 395 016e 2F       		.byte	47
 396 016f 64       		.byte	100
 397 0170 34       		.byte	52
 398 0171 90       		.byte	-112
 399 0172 35       		.byte	53
ARM GAS  C:\Users\PYBL\AppData\Local\Temp\cc087GXx.s 			page 8


 400 0173 04       		.byte	4
 401 0174 36       		.byte	54
 402 0175 02       		.byte	2
 403 0176 37       		.byte	55
 404 0177 10       		.byte	16
 405 0178 3B       		.byte	59
 406 0179 0C       		.byte	12
 407 017a 3C       		.byte	60
 408 017b 84       		.byte	-124
 409 017c 3D       		.byte	61
 410 017d 10       		.byte	16
 411 017e 3E       		.byte	62
 412 017f 02       		.byte	2
 413 0180 44       		.byte	68
 414 0181 04       		.byte	4
 415 0182 45       		.byte	69
 416 0183 28       		.byte	40
 417 0184 47       		.byte	71
 418 0185 41       		.byte	65
 419 0186 4E       		.byte	78
 420 0187 02       		.byte	2
 421 0188 54       		.byte	84
 422 0189 40       		.byte	64
 423 018a 57       		.byte	87
 424 018b 08       		.byte	8
 425 018c 5F       		.byte	95
 426 018d 02       		.byte	2
 427 018e 64       		.byte	100
 428 018f 02       		.byte	2
 429 0190 66       		.byte	102
 430 0191 20       		.byte	32
 431 0192 86       		.byte	-122
 432 0193 12       		.byte	18
 433 0194 87       		.byte	-121
 434 0195 48       		.byte	72
 435 0196 91       		.byte	-111
 436 0197 50       		.byte	80
 437 0198 94       		.byte	-108
 438 0199 08       		.byte	8
 439 019a 96       		.byte	-106
 440 019b 10       		.byte	16
 441 019c 97       		.byte	-105
 442 019d 04       		.byte	4
 443 019e 98       		.byte	-104
 444 019f 82       		.byte	-126
 445 01a0 9A       		.byte	-102
 446 01a1 40       		.byte	64
 447 01a2 9B       		.byte	-101
 448 01a3 19       		.byte	25
 449 01a4 9C       		.byte	-100
 450 01a5 40       		.byte	64
 451 01a6 A1       		.byte	-95
 452 01a7 20       		.byte	32
 453 01a8 A2       		.byte	-94
 454 01a9 02       		.byte	2
 455 01aa A3       		.byte	-93
 456 01ab 01       		.byte	1
ARM GAS  C:\Users\PYBL\AppData\Local\Temp\cc087GXx.s 			page 9


 457 01ac A7       		.byte	-89
 458 01ad 2A       		.byte	42
 459 01ae C0       		.byte	-64
 460 01af F7       		.byte	-9
 461 01b0 C2       		.byte	-62
 462 01b1 F0       		.byte	-16
 463 01b2 C4       		.byte	-60
 464 01b3 FE       		.byte	-2
 465 01b4 CA       		.byte	-54
 466 01b5 F0       		.byte	-16
 467 01b6 CC       		.byte	-52
 468 01b7 F0       		.byte	-16
 469 01b8 CE       		.byte	-50
 470 01b9 F0       		.byte	-16
 471 01ba D0       		.byte	-48
 472 01bb F0       		.byte	-16
 473 01bc D2       		.byte	-46
 474 01bd 10       		.byte	16
 475 01be D6       		.byte	-42
 476 01bf 80       		.byte	-128
 477 01c0 D8       		.byte	-40
 478 01c1 30       		.byte	48
 479 01c2 07       		.byte	7
 480 01c3 01       		.byte	1
 481 01c4 0C       		.byte	12
 482 01c5 02       		.byte	2
 483 01c6 0D       		.byte	13
 484 01c7 06       		.byte	6
 485 01c8 0F       		.byte	15
 486 01c9 01       		.byte	1
 487 01ca 14       		.byte	20
 488 01cb 03       		.byte	3
 489 01cc 17       		.byte	23
 490 01cd 02       		.byte	2
 491 01ce 18       		.byte	24
 492 01cf 03       		.byte	3
 493 01d0 1B       		.byte	27
 494 01d1 05       		.byte	5
 495 01d2 27       		.byte	39
 496 01d3 06       		.byte	6
 497 01d4 2A       		.byte	42
 498 01d5 01       		.byte	1
 499 01d6 2F       		.byte	47
 500 01d7 03       		.byte	3
 501 01d8 33       		.byte	51
 502 01d9 07       		.byte	7
 503 01da 34       		.byte	52
 504 01db 03       		.byte	3
 505 01dc 38       		.byte	56
 506 01dd 20       		.byte	32
 507 01de 3B       		.byte	59
 508 01df 08       		.byte	8
 509 01e0 3E       		.byte	62
 510 01e1 10       		.byte	16
 511 01e2 40       		.byte	64
 512 01e3 02       		.byte	2
 513 01e4 45       		.byte	69
ARM GAS  C:\Users\PYBL\AppData\Local\Temp\cc087GXx.s 			page 10


 514 01e5 04       		.byte	4
 515 01e6 49       		.byte	73
 516 01e7 FF       		.byte	-1
 517 01e8 4A       		.byte	74
 518 01e9 07       		.byte	7
 519 01ea 4B       		.byte	75
 520 01eb FF       		.byte	-1
 521 01ec 4C       		.byte	76
 522 01ed 40       		.byte	64
 523 01ee 4D       		.byte	77
 524 01ef 20       		.byte	32
 525 01f0 4E       		.byte	78
 526 01f1 F0       		.byte	-16
 527 01f2 4F       		.byte	79
 528 01f3 05       		.byte	5
 529 01f4 50       		.byte	80
 530 01f5 08       		.byte	8
 531 01f6 58       		.byte	88
 532 01f7 04       		.byte	4
 533 01f8 59       		.byte	89
 534 01f9 04       		.byte	4
 535 01fa 5A       		.byte	90
 536 01fb 04       		.byte	4
 537 01fc 5F       		.byte	95
 538 01fd 01       		.byte	1
 539 01fe 60       		.byte	96
 540 01ff 40       		.byte	64
 541 0200 61       		.byte	97
 542 0201 A8       		.byte	-88
 543 0202 62       		.byte	98
 544 0203 40       		.byte	64
 545 0204 63       		.byte	99
 546 0205 20       		.byte	32
 547 0206 80       		.byte	-128
 548 0207 03       		.byte	3
 549 0208 82       		.byte	-126
 550 0209 04       		.byte	4
 551 020a 84       		.byte	-124
 552 020b 40       		.byte	64
 553 020c 85       		.byte	-123
 554 020d 28       		.byte	40
 555 020e 86       		.byte	-122
 556 020f 20       		.byte	32
 557 0210 88       		.byte	-120
 558 0211 03       		.byte	3
 559 0212 89       		.byte	-119
 560 0213 12       		.byte	18
 561 0214 8A       		.byte	-118
 562 0215 0C       		.byte	12
 563 0216 8B       		.byte	-117
 564 0217 20       		.byte	32
 565 0218 8C       		.byte	-116
 566 0219 0A       		.byte	10
 567 021a 8E       		.byte	-114
 568 021b 04       		.byte	4
 569 021c 90       		.byte	-112
 570 021d 03       		.byte	3
ARM GAS  C:\Users\PYBL\AppData\Local\Temp\cc087GXx.s 			page 11


 571 021e 92       		.byte	-110
 572 021f 04       		.byte	4
 573 0220 95       		.byte	-107
 574 0221 20       		.byte	32
 575 0222 96       		.byte	-106
 576 0223 08       		.byte	8
 577 0224 98       		.byte	-104
 578 0225 60       		.byte	96
 579 0226 99       		.byte	-103
 580 0227 18       		.byte	24
 581 0228 9B       		.byte	-101
 582 0229 22       		.byte	34
 583 022a 9D       		.byte	-99
 584 022b 40       		.byte	64
 585 022c 9F       		.byte	-97
 586 022d 06       		.byte	6
 587 022e A0       		.byte	-96
 588 022f 20       		.byte	32
 589 0230 A1       		.byte	-95
 590 0231 20       		.byte	32
 591 0232 A2       		.byte	-94
 592 0233 50       		.byte	80
 593 0234 A3       		.byte	-93
 594 0235 18       		.byte	24
 595 0236 A6       		.byte	-90
 596 0237 05       		.byte	5
 597 0238 A8       		.byte	-88
 598 0239 60       		.byte	96
 599 023a A9       		.byte	-87
 600 023b 01       		.byte	1
 601 023c AD       		.byte	-83
 602 023d 38       		.byte	56
 603 023e AF       		.byte	-81
 604 023f 04       		.byte	4
 605 0240 B0       		.byte	-80
 606 0241 10       		.byte	16
 607 0242 B1       		.byte	-79
 608 0243 3E       		.byte	62
 609 0244 B2       		.byte	-78
 610 0245 60       		.byte	96
 611 0246 B4       		.byte	-76
 612 0247 0F       		.byte	15
 613 0248 B5       		.byte	-75
 614 0249 01       		.byte	1
 615 024a B7       		.byte	-73
 616 024b 40       		.byte	64
 617 024c BA       		.byte	-70
 618 024d 20       		.byte	32
 619 024e BF       		.byte	-65
 620 024f 50       		.byte	80
 621 0250 C0       		.byte	-64
 622 0251 26       		.byte	38
 623 0252 C1       		.byte	-63
 624 0253 03       		.byte	3
 625 0254 C5       		.byte	-59
 626 0255 0B       		.byte	11
 627 0256 C6       		.byte	-58
ARM GAS  C:\Users\PYBL\AppData\Local\Temp\cc087GXx.s 			page 12


 628 0257 E0       		.byte	-32
 629 0258 C7       		.byte	-57
 630 0259 C0       		.byte	-64
 631 025a C8       		.byte	-56
 632 025b 29       		.byte	41
 633 025c C9       		.byte	-55
 634 025d FF       		.byte	-1
 635 025e CA       		.byte	-54
 636 025f FF       		.byte	-1
 637 0260 CB       		.byte	-53
 638 0261 FF       		.byte	-1
 639 0262 CE       		.byte	-50
 640 0263 F0       		.byte	-16
 641 0264 CF       		.byte	-49
 642 0265 44       		.byte	68
 643 0266 D0       		.byte	-48
 644 0267 0C       		.byte	12
 645 0268 D4       		.byte	-44
 646 0269 01       		.byte	1
 647 026a D8       		.byte	-40
 648 026b 04       		.byte	4
 649 026c D9       		.byte	-39
 650 026d 04       		.byte	4
 651 026e DA       		.byte	-38
 652 026f 04       		.byte	4
 653 0270 DB       		.byte	-37
 654 0271 04       		.byte	4
 655 0272 DF       		.byte	-33
 656 0273 01       		.byte	1
 657 0274 E6       		.byte	-26
 658 0275 C0       		.byte	-64
 659 0276 EA       		.byte	-22
 660 0277 40       		.byte	64
 661 0278 EB       		.byte	-21
 662 0279 02       		.byte	2
 663 027a 00       		.byte	0
 664 027b 40       		.byte	64
 665 027c 04       		.byte	4
 666 027d 40       		.byte	64
 667 027e 05       		.byte	5
 668 027f 94       		.byte	-108
 669 0280 06       		.byte	6
 670 0281 80       		.byte	-128
 671 0282 09       		.byte	9
 672 0283 28       		.byte	40
 673 0284 0C       		.byte	12
 674 0285 12       		.byte	18
 675 0286 0F       		.byte	15
 676 0287 20       		.byte	32
 677 0288 10       		.byte	16
 678 0289 08       		.byte	8
 679 028a 14       		.byte	20
 680 028b 40       		.byte	64
 681 028c 15       		.byte	21
 682 028d 18       		.byte	24
 683 028e 18       		.byte	24
 684 028f 04       		.byte	4
ARM GAS  C:\Users\PYBL\AppData\Local\Temp\cc087GXx.s 			page 13


 685 0290 1D       		.byte	29
 686 0291 34       		.byte	52
 687 0292 1F       		.byte	31
 688 0293 06       		.byte	6
 689 0294 21       		.byte	33
 690 0295 08       		.byte	8
 691 0296 23       		.byte	35
 692 0297 20       		.byte	32
 693 0298 27       		.byte	39
 694 0299 8A       		.byte	-118
 695 029a 2A       		.byte	42
 696 029b 80       		.byte	-128
 697 029c 2B       		.byte	43
 698 029d 10       		.byte	16
 699 029e 2D       		.byte	45
 700 029f 81       		.byte	-127
 701 02a0 2E       		.byte	46
 702 02a1 20       		.byte	32
 703 02a2 30       		.byte	48
 704 02a3 04       		.byte	4
 705 02a4 31       		.byte	49
 706 02a5 20       		.byte	32
 707 02a6 34       		.byte	52
 708 02a7 04       		.byte	4
 709 02a8 35       		.byte	53
 710 02a9 08       		.byte	8
 711 02aa 37       		.byte	55
 712 02ab A0       		.byte	-96
 713 02ac 38       		.byte	56
 714 02ad 40       		.byte	64
 715 02ae 39       		.byte	57
 716 02af 08       		.byte	8
 717 02b0 3F       		.byte	63
 718 02b1 28       		.byte	40
 719 02b2 40       		.byte	64
 720 02b3 04       		.byte	4
 721 02b4 45       		.byte	69
 722 02b5 28       		.byte	40
 723 02b6 49       		.byte	73
 724 02b7 08       		.byte	8
 725 02b8 4C       		.byte	76
 726 02b9 08       		.byte	8
 727 02ba 4F       		.byte	79
 728 02bb 08       		.byte	8
 729 02bc 50       		.byte	80
 730 02bd 08       		.byte	8
 731 02be 51       		.byte	81
 732 02bf 04       		.byte	4
 733 02c0 54       		.byte	84
 734 02c1 02       		.byte	2
 735 02c2 56       		.byte	86
 736 02c3 22       		.byte	34
 737 02c4 5C       		.byte	92
 738 02c5 20       		.byte	32
 739 02c6 5E       		.byte	94
 740 02c7 41       		.byte	65
 741 02c8 5F       		.byte	95
ARM GAS  C:\Users\PYBL\AppData\Local\Temp\cc087GXx.s 			page 14


 742 02c9 08       		.byte	8
 743 02ca 85       		.byte	-123
 744 02cb 21       		.byte	33
 745 02cc 90       		.byte	-112
 746 02cd 40       		.byte	64
 747 02ce 91       		.byte	-111
 748 02cf 10       		.byte	16
 749 02d0 92       		.byte	-110
 750 02d1 40       		.byte	64
 751 02d2 95       		.byte	-107
 752 02d3 09       		.byte	9
 753 02d4 97       		.byte	-105
 754 02d5 08       		.byte	8
 755 02d6 98       		.byte	-104
 756 02d7 50       		.byte	80
 757 02d8 9D       		.byte	-99
 758 02d9 08       		.byte	8
 759 02da 9F       		.byte	-97
 760 02db 20       		.byte	32
 761 02dc A3       		.byte	-93
 762 02dd 10       		.byte	16
 763 02de A4       		.byte	-92
 764 02df 0A       		.byte	10
 765 02e0 A7       		.byte	-89
 766 02e1 02       		.byte	2
 767 02e2 AC       		.byte	-84
 768 02e3 40       		.byte	64
 769 02e4 AF       		.byte	-81
 770 02e5 20       		.byte	32
 771 02e6 B4       		.byte	-76
 772 02e7 10       		.byte	16
 773 02e8 B6       		.byte	-74
 774 02e9 20       		.byte	32
 775 02ea C0       		.byte	-64
 776 02eb F1       		.byte	-15
 777 02ec C2       		.byte	-62
 778 02ed 76       		.byte	118
 779 02ee C4       		.byte	-60
 780 02ef 72       		.byte	114
 781 02f0 CA       		.byte	-54
 782 02f1 BA       		.byte	-70
 783 02f2 CC       		.byte	-52
 784 02f3 76       		.byte	118
 785 02f4 CE       		.byte	-50
 786 02f5 6A       		.byte	106
 787 02f6 D0       		.byte	-48
 788 02f7 64       		.byte	100
 789 02f8 D2       		.byte	-46
 790 02f9 20       		.byte	32
 791 02fa D6       		.byte	-42
 792 02fb F0       		.byte	-16
 793 02fc A8       		.byte	-88
 794 02fd 20       		.byte	32
 795 02fe AA       		.byte	-86
 796 02ff 02       		.byte	2
 797 0300 AE       		.byte	-82
 798 0301 A1       		.byte	-95
ARM GAS  C:\Users\PYBL\AppData\Local\Temp\cc087GXx.s 			page 15


 799 0302 AF       		.byte	-81
 800 0303 22       		.byte	34
 801 0304 03       		.byte	3
 802 0305 80       		.byte	-128
 803 0306 57       		.byte	87
 804 0307 08       		.byte	8
 805 0308 C0       		.byte	-64
 806 0309 10       		.byte	16
 807 030a D4       		.byte	-44
 808 030b 40       		.byte	64
 809 030c A7       		.byte	-89
 810 030d 08       		.byte	8
 811 030e AF       		.byte	-81
 812 030f 80       		.byte	-128
 813 0310 EC       		.byte	-20
 814 0311 10       		.byte	16
 815 0312 AF       		.byte	-81
 816 0313 08       		.byte	8
 817 0314 EE       		.byte	-18
 818 0315 40       		.byte	64
 819 0316 00       		.byte	0
 820 0317 01       		.byte	1
 821 0318 08       		.byte	8
 822 0319 01       		.byte	1
 823 031a 0A       		.byte	10
 824 031b 01       		.byte	1
 825 031c 00       		.byte	0
 826 031d 13       		.byte	19
 827 031e 04       		.byte	4
 828 031f 64       		.byte	100
 829 0320 01       		.byte	1
 830 0321 00       		.byte	0
 831 0322 00       		.byte	0
 832 0323 80       		.byte	-128
 833 0324 00       		.byte	0
 834 0325 70       		.byte	112
 835 0326 04       		.byte	4
 836 0327 00       		.byte	0
 837 0328 00       		.byte	0
 838 0329 00       		.byte	0
 839 032a 01       		.byte	1
 840 032b 80       		.byte	-128
 841 032c 00       		.byte	0
 842 032d 03       		.byte	3
 843 032e 01       		.byte	1
 844 032f 00       		.byte	0
 845 0330 04       		.byte	4
 846 0331 00       		.byte	0
 847 0332 00       		.byte	0
 848 0333 03       		.byte	3
 849 0334 02       		.byte	2
 850 0335 70       		.byte	112
 851 0336 00       		.byte	0
 852 0337 00       		.byte	0
 853 0338 04       		.byte	4
 854 0339 03       		.byte	3
 855 033a 00       		.byte	0
ARM GAS  C:\Users\PYBL\AppData\Local\Temp\cc087GXx.s 			page 16


 856 033b 00       		.byte	0
 857 033c 01       		.byte	1
 858 033d 00       		.byte	0
 859 033e 00       		.byte	0
 860 033f 03       		.byte	3
 861 0340 00       		.byte	0
 862 0341 21       		.byte	33
 863 0342 01       		.byte	1
 864 0343 18       		.byte	24
 865 0344 02       		.byte	2
 866 0345 42       		.byte	66
 867 0346 00       		.byte	0
 868 0347 18       		.byte	24
 869 0348 02       		.byte	2
 870 0349 00       		.byte	0
 871 034a 00       		.byte	0
 872 034b 03       		.byte	3
 873 034c 01       		.byte	1
 874 034d 0C       		.byte	12
 875 034e 02       		.byte	2
 876 034f 80       		.byte	-128
 877 0350 04       		.byte	4
 878 0351 70       		.byte	112
 879 0352 00       		.byte	0
 880 0353 03       		.byte	3
 881 0354 20       		.byte	32
 882 0355 00       		.byte	0
 883 0356 00       		.byte	0
 884 0357 00       		.byte	0
 885 0358 00       		.byte	0
 886 0359 00       		.byte	0
 887 035a 01       		.byte	1
 888 035b 05       		.byte	5
 889 035c 23       		.byte	35
 890 035d 05       		.byte	5
 891 035e 04       		.byte	4
 892 035f 00       		.byte	0
 893 0360 01       		.byte	1
 894 0361 00       		.byte	0
 895 0362 0E       		.byte	14
 896 0363 0C       		.byte	12
 897 0364 14       		.byte	20
 898 0365 FF       		.byte	-1
 899 0366 FF       		.byte	-1
 900 0367 FF       		.byte	-1
 901 0368 62       		.byte	98
 902 0369 A0       		.byte	-96
 903 036a F0       		.byte	-16
 904 036b 41       		.byte	65
 905 036c 0C       		.byte	12
 906 036d 00       		.byte	0
 907 036e 00       		.byte	0
 908 036f 00       		.byte	0
 909 0370 18       		.byte	24
 910 0371 00       		.byte	0
 911 0372 00       		.byte	0
 912 0373 00       		.byte	0
ARM GAS  C:\Users\PYBL\AppData\Local\Temp\cc087GXx.s 			page 17


 913 0374 04       		.byte	4
 914 0375 04       		.byte	4
 915 0376 04       		.byte	4
 916 0377 04       		.byte	4
 917 0378 00       		.byte	0
 918 0379 00       		.byte	0
 919 037a 00       		.byte	0
 920 037b 01       		.byte	1
 921 037c 00       		.byte	0
 922 037d 00       		.byte	0
 923 037e 00       		.byte	0
 924 037f 00       		.byte	0
 925 0380 00       		.byte	0
 926 0381 00       		.byte	0
 927 0382 40       		.byte	64
 928 0383 02       		.byte	2
 929 0384 00       		.byte	0
 930 0385 10       		.byte	16
 931 0386 30       		.byte	48
 932 0387 10       		.byte	16
 933 0388 00       		.byte	0
 934 0389 10       		.byte	16
 935 038a 10       		.byte	16
 936 038b 12       		.byte	18
 937 038c 00       		.byte	0
 938 038d 00       		.byte	0
 939 038e 00       		.byte	0
 940 038f 00       		.byte	0
 941 0390 00       		.byte	0
 942 0391 00       		.byte	0
 943 0392 00       		.byte	0
 944 0393 00       		.byte	0
 945 0394 00       		.byte	0
 946 0395 00       		.byte	0
 947 0396 00       		.byte	0
 948 0397 00       		.byte	0
 949 0398 00       		.byte	0
 950 0399 00       		.byte	0
 951 039a 00       		.byte	0
 952 039b 00       		.byte	0
 953 039c 02       		.byte	2
 954 039d 00       		.byte	0
 955 039e 01       		.byte	1
 956 039f 02       		.byte	2
 957 03a0 02       		.byte	2
 958 03a1 00       		.byte	0
 959 03a2 02       		.byte	2
 960 03a3 00       		.byte	0
 961 03a4 00       		.byte	0
 962 03a5 00       		.byte	0
 963 03a6 00       		.byte	0
 964 03a7 00       		.byte	0
 965 03a8 00       		.byte	0
 966 03a9 0B       		.byte	11
 967 03aa 0B       		.byte	11
 968 03ab 00       		.byte	0
 969 03ac 00       		.byte	0
ARM GAS  C:\Users\PYBL\AppData\Local\Temp\cc087GXx.s 			page 18


 970 03ad 00       		.byte	0
 971 03ae 00       		.byte	0
 972 03af 00       		.byte	0
 973              		.section	.cywolatch,"a",%progbits
 974              		.align	2
 975              		.type	cy_meta_wonvl, %object
 976              		.size	cy_meta_wonvl, 4
 977              	cy_meta_wonvl:
 978 0000 BC       		.byte	-68
 979 0001 90       		.byte	-112
 980 0002 AC       		.byte	-84
 981 0003 AF       		.byte	-81
 982              		.section	.cycustnvl,"a",%progbits
 983              		.align	2
 984              		.type	cy_meta_custnvl, %object
 985              		.size	cy_meta_custnvl, 4
 986              	cy_meta_custnvl:
 987 0000 00       		.byte	0
 988 0001 00       		.byte	0
 989 0002 40       		.byte	64
 990 0003 05       		.byte	5
 991              		.section	.cymeta,"a",%progbits
 992              		.align	2
 993              		.type	cy_metadata, %object
 994              		.size	cy_metadata, 12
 995              	cy_metadata:
 996 0000 00       		.byte	0
 997 0001 01       		.byte	1
 998 0002 2E       		.byte	46
 999 0003 12       		.byte	18
 1000 0004 70       		.byte	112
 1001 0005 69       		.byte	105
 1002 0006 00       		.byte	0
 1003 0007 01       		.byte	1
 1004 0008 00       		.byte	0
 1005 0009 00       		.byte	0
 1006 000a 00       		.byte	0
 1007 000b 00       		.byte	0
 1008              		.section	.cyflashprotect,"a",%progbits
 1009              		.align	2
 1010              		.type	cy_meta_flashprotect, %object
 1011              		.size	cy_meta_flashprotect, 256
 1012              	cy_meta_flashprotect:
 1013 0000 00000000 		.space	256
 1013      00000000 
 1013      00000000 
 1013      00000000 
 1013      00000000 
 1014              		.text
 1015              	.Letext0:
 1016              		.file 1 "c:\\program files (x86)\\cypress\\psoc creator\\4.4\\psoc creator\\import\\gnu\\arm\\5.4.
 1017              		.file 2 "c:\\program files (x86)\\cypress\\psoc creator\\4.4\\psoc creator\\import\\gnu\\arm\\5.4.
 1018              		.file 3 "Generated_Source\\PSoC5\\cymetadata.c"
 1019              		.section	.debug_info,"",%progbits
 1020              	.Ldebug_info0:
 1021 0000 31010000 		.4byte	0x131
 1022 0004 0400     		.2byte	0x4
ARM GAS  C:\Users\PYBL\AppData\Local\Temp\cc087GXx.s 			page 19


 1023 0006 00000000 		.4byte	.Ldebug_abbrev0
 1024 000a 04       		.byte	0x4
 1025 000b 01       		.uleb128 0x1
 1026 000c 24000000 		.4byte	.LASF17
 1027 0010 0C       		.byte	0xc
 1028 0011 B6010000 		.4byte	.LASF18
 1029 0015 3A010000 		.4byte	.LASF19
 1030 0019 00000000 		.4byte	.Ldebug_line0
 1031 001d 02       		.uleb128 0x2
 1032 001e 01       		.byte	0x1
 1033 001f 06       		.byte	0x6
 1034 0020 AA010000 		.4byte	.LASF0
 1035 0024 03       		.uleb128 0x3
 1036 0025 00000000 		.4byte	.LASF9
 1037 0029 01       		.byte	0x1
 1038 002a 1D       		.byte	0x1d
 1039 002b 2F000000 		.4byte	0x2f
 1040 002f 02       		.uleb128 0x2
 1041 0030 01       		.byte	0x1
 1042 0031 08       		.byte	0x8
 1043 0032 16000000 		.4byte	.LASF1
 1044 0036 02       		.uleb128 0x2
 1045 0037 02       		.byte	0x2
 1046 0038 05       		.byte	0x5
 1047 0039 97010000 		.4byte	.LASF2
 1048 003d 02       		.uleb128 0x2
 1049 003e 02       		.byte	0x2
 1050 003f 07       		.byte	0x7
 1051 0040 C4000000 		.4byte	.LASF3
 1052 0044 02       		.uleb128 0x2
 1053 0045 04       		.byte	0x4
 1054 0046 05       		.byte	0x5
 1055 0047 A1010000 		.4byte	.LASF4
 1056 004b 02       		.uleb128 0x2
 1057 004c 04       		.byte	0x4
 1058 004d 07       		.byte	0x7
 1059 004e B2000000 		.4byte	.LASF5
 1060 0052 02       		.uleb128 0x2
 1061 0053 08       		.byte	0x8
 1062 0054 05       		.byte	0x5
 1063 0055 89010000 		.4byte	.LASF6
 1064 0059 02       		.uleb128 0x2
 1065 005a 08       		.byte	0x8
 1066 005b 07       		.byte	0x7
 1067 005c 06010000 		.4byte	.LASF7
 1068 0060 04       		.uleb128 0x4
 1069 0061 04       		.byte	0x4
 1070 0062 05       		.byte	0x5
 1071 0063 696E7400 		.ascii	"int\000"
 1072 0067 02       		.uleb128 0x2
 1073 0068 04       		.byte	0x4
 1074 0069 07       		.byte	0x7
 1075 006a F9000000 		.4byte	.LASF8
 1076 006e 03       		.uleb128 0x3
 1077 006f 1D010000 		.4byte	.LASF10
 1078 0073 02       		.byte	0x2
 1079 0074 18       		.byte	0x18
ARM GAS  C:\Users\PYBL\AppData\Local\Temp\cc087GXx.s 			page 20


 1080 0075 24000000 		.4byte	0x24
 1081 0079 05       		.uleb128 0x5
 1082 007a 91000000 		.4byte	0x91
 1083 007e 8A000000 		.4byte	0x8a
 1084 0082 06       		.uleb128 0x6
 1085 0083 8A000000 		.4byte	0x8a
 1086 0087 AF03     		.2byte	0x3af
 1087 0089 00       		.byte	0
 1088 008a 02       		.uleb128 0x2
 1089 008b 04       		.byte	0x4
 1090 008c 07       		.byte	0x7
 1091 008d 80010000 		.4byte	.LASF11
 1092 0091 07       		.uleb128 0x7
 1093 0092 6E000000 		.4byte	0x6e
 1094 0096 08       		.uleb128 0x8
 1095 0097 E7000000 		.4byte	.LASF12
 1096 009b 03       		.byte	0x3
 1097 009c 1F       		.byte	0x1f
 1098 009d A7000000 		.4byte	0xa7
 1099 00a1 05       		.uleb128 0x5
 1100 00a2 03       		.byte	0x3
 1101 00a3 00000000 		.4byte	cy_meta_configecc
 1102 00a7 07       		.uleb128 0x7
 1103 00a8 79000000 		.4byte	0x79
 1104 00ac 05       		.uleb128 0x5
 1105 00ad 91000000 		.4byte	0x91
 1106 00b1 BC000000 		.4byte	0xbc
 1107 00b5 09       		.uleb128 0x9
 1108 00b6 8A000000 		.4byte	0x8a
 1109 00ba 03       		.byte	0x3
 1110 00bb 00       		.byte	0
 1111 00bc 08       		.uleb128 0x8
 1112 00bd D7000000 		.4byte	.LASF13
 1113 00c1 03       		.byte	0x3
 1114 00c2 A2       		.byte	0xa2
 1115 00c3 CD000000 		.4byte	0xcd
 1116 00c7 05       		.uleb128 0x5
 1117 00c8 03       		.byte	0x3
 1118 00c9 00000000 		.4byte	cy_meta_custnvl
 1119 00cd 07       		.uleb128 0x7
 1120 00ce AC000000 		.4byte	0xac
 1121 00d2 08       		.uleb128 0x8
 1122 00d3 72010000 		.4byte	.LASF14
 1123 00d7 03       		.byte	0x3
 1124 00d8 B0       		.byte	0xb0
 1125 00d9 E3000000 		.4byte	0xe3
 1126 00dd 05       		.uleb128 0x5
 1127 00de 03       		.byte	0x3
 1128 00df 00000000 		.4byte	cy_meta_wonvl
 1129 00e3 07       		.uleb128 0x7
 1130 00e4 AC000000 		.4byte	0xac
 1131 00e8 05       		.uleb128 0x5
 1132 00e9 91000000 		.4byte	0x91
 1133 00ed F8000000 		.4byte	0xf8
 1134 00f1 09       		.uleb128 0x9
 1135 00f2 8A000000 		.4byte	0x8a
 1136 00f6 FF       		.byte	0xff
ARM GAS  C:\Users\PYBL\AppData\Local\Temp\cc087GXx.s 			page 21


 1137 00f7 00       		.byte	0
 1138 00f8 08       		.uleb128 0x8
 1139 00f9 25010000 		.4byte	.LASF15
 1140 00fd 03       		.byte	0x3
 1141 00fe BE       		.byte	0xbe
 1142 00ff 09010000 		.4byte	0x109
 1143 0103 05       		.uleb128 0x5
 1144 0104 03       		.byte	0x3
 1145 0105 00000000 		.4byte	cy_meta_flashprotect
 1146 0109 07       		.uleb128 0x7
 1147 010a E8000000 		.4byte	0xe8
 1148 010e 05       		.uleb128 0x5
 1149 010f 91000000 		.4byte	0x91
 1150 0113 1E010000 		.4byte	0x11e
 1151 0117 09       		.uleb128 0x9
 1152 0118 8A000000 		.4byte	0x8a
 1153 011c 0B       		.byte	0xb
 1154 011d 00       		.byte	0
 1155 011e 08       		.uleb128 0x8
 1156 011f 0A000000 		.4byte	.LASF16
 1157 0123 03       		.byte	0x3
 1158 0124 EB       		.byte	0xeb
 1159 0125 2F010000 		.4byte	0x12f
 1160 0129 05       		.uleb128 0x5
 1161 012a 03       		.byte	0x3
 1162 012b 00000000 		.4byte	cy_metadata
 1163 012f 07       		.uleb128 0x7
 1164 0130 0E010000 		.4byte	0x10e
 1165 0134 00       		.byte	0
 1166              		.section	.debug_abbrev,"",%progbits
 1167              	.Ldebug_abbrev0:
 1168 0000 01       		.uleb128 0x1
 1169 0001 11       		.uleb128 0x11
 1170 0002 01       		.byte	0x1
 1171 0003 25       		.uleb128 0x25
 1172 0004 0E       		.uleb128 0xe
 1173 0005 13       		.uleb128 0x13
 1174 0006 0B       		.uleb128 0xb
 1175 0007 03       		.uleb128 0x3
 1176 0008 0E       		.uleb128 0xe
 1177 0009 1B       		.uleb128 0x1b
 1178 000a 0E       		.uleb128 0xe
 1179 000b 10       		.uleb128 0x10
 1180 000c 17       		.uleb128 0x17
 1181 000d 00       		.byte	0
 1182 000e 00       		.byte	0
 1183 000f 02       		.uleb128 0x2
 1184 0010 24       		.uleb128 0x24
 1185 0011 00       		.byte	0
 1186 0012 0B       		.uleb128 0xb
 1187 0013 0B       		.uleb128 0xb
 1188 0014 3E       		.uleb128 0x3e
 1189 0015 0B       		.uleb128 0xb
 1190 0016 03       		.uleb128 0x3
 1191 0017 0E       		.uleb128 0xe
 1192 0018 00       		.byte	0
 1193 0019 00       		.byte	0
ARM GAS  C:\Users\PYBL\AppData\Local\Temp\cc087GXx.s 			page 22


 1194 001a 03       		.uleb128 0x3
 1195 001b 16       		.uleb128 0x16
 1196 001c 00       		.byte	0
 1197 001d 03       		.uleb128 0x3
 1198 001e 0E       		.uleb128 0xe
 1199 001f 3A       		.uleb128 0x3a
 1200 0020 0B       		.uleb128 0xb
 1201 0021 3B       		.uleb128 0x3b
 1202 0022 0B       		.uleb128 0xb
 1203 0023 49       		.uleb128 0x49
 1204 0024 13       		.uleb128 0x13
 1205 0025 00       		.byte	0
 1206 0026 00       		.byte	0
 1207 0027 04       		.uleb128 0x4
 1208 0028 24       		.uleb128 0x24
 1209 0029 00       		.byte	0
 1210 002a 0B       		.uleb128 0xb
 1211 002b 0B       		.uleb128 0xb
 1212 002c 3E       		.uleb128 0x3e
 1213 002d 0B       		.uleb128 0xb
 1214 002e 03       		.uleb128 0x3
 1215 002f 08       		.uleb128 0x8
 1216 0030 00       		.byte	0
 1217 0031 00       		.byte	0
 1218 0032 05       		.uleb128 0x5
 1219 0033 01       		.uleb128 0x1
 1220 0034 01       		.byte	0x1
 1221 0035 49       		.uleb128 0x49
 1222 0036 13       		.uleb128 0x13
 1223 0037 01       		.uleb128 0x1
 1224 0038 13       		.uleb128 0x13
 1225 0039 00       		.byte	0
 1226 003a 00       		.byte	0
 1227 003b 06       		.uleb128 0x6
 1228 003c 21       		.uleb128 0x21
 1229 003d 00       		.byte	0
 1230 003e 49       		.uleb128 0x49
 1231 003f 13       		.uleb128 0x13
 1232 0040 2F       		.uleb128 0x2f
 1233 0041 05       		.uleb128 0x5
 1234 0042 00       		.byte	0
 1235 0043 00       		.byte	0
 1236 0044 07       		.uleb128 0x7
 1237 0045 26       		.uleb128 0x26
 1238 0046 00       		.byte	0
 1239 0047 49       		.uleb128 0x49
 1240 0048 13       		.uleb128 0x13
 1241 0049 00       		.byte	0
 1242 004a 00       		.byte	0
 1243 004b 08       		.uleb128 0x8
 1244 004c 34       		.uleb128 0x34
 1245 004d 00       		.byte	0
 1246 004e 03       		.uleb128 0x3
 1247 004f 0E       		.uleb128 0xe
 1248 0050 3A       		.uleb128 0x3a
 1249 0051 0B       		.uleb128 0xb
 1250 0052 3B       		.uleb128 0x3b
ARM GAS  C:\Users\PYBL\AppData\Local\Temp\cc087GXx.s 			page 23


 1251 0053 0B       		.uleb128 0xb
 1252 0054 49       		.uleb128 0x49
 1253 0055 13       		.uleb128 0x13
 1254 0056 3F       		.uleb128 0x3f
 1255 0057 19       		.uleb128 0x19
 1256 0058 02       		.uleb128 0x2
 1257 0059 18       		.uleb128 0x18
 1258 005a 00       		.byte	0
 1259 005b 00       		.byte	0
 1260 005c 09       		.uleb128 0x9
 1261 005d 21       		.uleb128 0x21
 1262 005e 00       		.byte	0
 1263 005f 49       		.uleb128 0x49
 1264 0060 13       		.uleb128 0x13
 1265 0061 2F       		.uleb128 0x2f
 1266 0062 0B       		.uleb128 0xb
 1267 0063 00       		.byte	0
 1268 0064 00       		.byte	0
 1269 0065 00       		.byte	0
 1270              		.section	.debug_aranges,"",%progbits
 1271 0000 14000000 		.4byte	0x14
 1272 0004 0200     		.2byte	0x2
 1273 0006 00000000 		.4byte	.Ldebug_info0
 1274 000a 04       		.byte	0x4
 1275 000b 00       		.byte	0
 1276 000c 0000     		.2byte	0
 1277 000e 0000     		.2byte	0
 1278 0010 00000000 		.4byte	0
 1279 0014 00000000 		.4byte	0
 1280              		.section	.debug_line,"",%progbits
 1281              	.Ldebug_line0:
 1282 0000 3D010000 		.section	.debug_str,"MS",%progbits,1
 1282      02003701 
 1282      00000201 
 1282      FB0E0D00 
 1282      01010101 
 1283              	.LASF9:
 1284 0000 5F5F7569 		.ascii	"__uint8_t\000"
 1284      6E74385F 
 1284      7400
 1285              	.LASF16:
 1286 000a 63795F6D 		.ascii	"cy_metadata\000"
 1286      65746164 
 1286      61746100 
 1287              	.LASF1:
 1288 0016 756E7369 		.ascii	"unsigned char\000"
 1288      676E6564 
 1288      20636861 
 1288      7200
 1289              	.LASF17:
 1290 0024 474E5520 		.ascii	"GNU C11 5.4.1 20160609 (release) [ARM/embedded-5-br"
 1290      43313120 
 1290      352E342E 
 1290      31203230 
 1290      31363036 
 1291 0057 616E6368 		.ascii	"anch revision 237715] -mcpu=cortex-m3 -mthumb -g -O"
 1291      20726576 
ARM GAS  C:\Users\PYBL\AppData\Local\Temp\cc087GXx.s 			page 24


 1291      6973696F 
 1291      6E203233 
 1291      37373135 
 1292 008a 67202D66 		.ascii	"g -ffunction-sections -ffat-lto-objects\000"
 1292      66756E63 
 1292      74696F6E 
 1292      2D736563 
 1292      74696F6E 
 1293              	.LASF5:
 1294 00b2 6C6F6E67 		.ascii	"long unsigned int\000"
 1294      20756E73 
 1294      69676E65 
 1294      6420696E 
 1294      7400
 1295              	.LASF3:
 1296 00c4 73686F72 		.ascii	"short unsigned int\000"
 1296      7420756E 
 1296      7369676E 
 1296      65642069 
 1296      6E7400
 1297              	.LASF13:
 1298 00d7 63795F6D 		.ascii	"cy_meta_custnvl\000"
 1298      6574615F 
 1298      63757374 
 1298      6E766C00 
 1299              	.LASF12:
 1300 00e7 63795F6D 		.ascii	"cy_meta_configecc\000"
 1300      6574615F 
 1300      636F6E66 
 1300      69676563 
 1300      6300
 1301              	.LASF8:
 1302 00f9 756E7369 		.ascii	"unsigned int\000"
 1302      676E6564 
 1302      20696E74 
 1302      00
 1303              	.LASF7:
 1304 0106 6C6F6E67 		.ascii	"long long unsigned int\000"
 1304      206C6F6E 
 1304      6720756E 
 1304      7369676E 
 1304      65642069 
 1305              	.LASF10:
 1306 011d 75696E74 		.ascii	"uint8_t\000"
 1306      385F7400 
 1307              	.LASF15:
 1308 0125 63795F6D 		.ascii	"cy_meta_flashprotect\000"
 1308      6574615F 
 1308      666C6173 
 1308      6870726F 
 1308      74656374 
 1309              	.LASF19:
 1310 013a 433A5C55 		.ascii	"C:\\Users\\PYBL\\Documents\\PSoC Creator\\Pruebas\\"
 1310      73657273 
 1310      5C505942 
 1310      4C5C446F 
 1310      63756D65 
ARM GAS  C:\Users\PYBL\AppData\Local\Temp\cc087GXx.s 			page 25


 1311 0167 55415254 		.ascii	"UART.cydsn\000"
 1311      2E637964 
 1311      736E00
 1312              	.LASF14:
 1313 0172 63795F6D 		.ascii	"cy_meta_wonvl\000"
 1313      6574615F 
 1313      776F6E76 
 1313      6C00
 1314              	.LASF11:
 1315 0180 73697A65 		.ascii	"sizetype\000"
 1315      74797065 
 1315      00
 1316              	.LASF6:
 1317 0189 6C6F6E67 		.ascii	"long long int\000"
 1317      206C6F6E 
 1317      6720696E 
 1317      7400
 1318              	.LASF2:
 1319 0197 73686F72 		.ascii	"short int\000"
 1319      7420696E 
 1319      7400
 1320              	.LASF4:
 1321 01a1 6C6F6E67 		.ascii	"long int\000"
 1321      20696E74 
 1321      00
 1322              	.LASF0:
 1323 01aa 7369676E 		.ascii	"signed char\000"
 1323      65642063 
 1323      68617200 
 1324              	.LASF18:
 1325 01b6 47656E65 		.ascii	"Generated_Source\\PSoC5\\cymetadata.c\000"
 1325      72617465 
 1325      645F536F 
 1325      75726365 
 1325      5C50536F 
 1326              		.ident	"GCC: (GNU Tools for ARM Embedded Processors) 5.4.1 20160609 (release) [ARM/embedded-5-bran
